[6.593s] Invoking command in '/home/sudhindra/aruco_ws/src/server': AMENT_PREFIX_PATH=/home/sudhindra/aruco_ws/install/custom_interfaces:${AMENT_PREFIX_PATH} CMAKE_PREFIX_PATH=/home/sudhindra/aruco_ws/install/custom_interfaces:${CMAKE_PREFIX_PATH} LD_LIBRARY_PATH=/home/sudhindra/aruco_ws/install/custom_interfaces/lib:${LD_LIBRARY_PATH} PYTHONPATH=/home/sudhindra/aruco_ws/build/server/prefix_override:/home/sudhindra/aruco_ws/install/server/lib/python3.10/site-packages:/home/sudhindra/aruco_ws/install/custom_interfaces/local/lib/python3.10/dist-packages:${PYTHONPATH} /usr/bin/python3 setup.py egg_info --egg-base ../../build/server build --build-base /home/sudhindra/aruco_ws/build/server/build install --record /home/sudhindra/aruco_ws/build/server/install.log --single-version-externally-managed
[7.740s] running egg_info
[7.742s] writing ../../build/server/server.egg-info/PKG-INFO
[7.770s] writing dependency_links to ../../build/server/server.egg-info/dependency_links.txt
[7.771s] writing entry points to ../../build/server/server.egg-info/entry_points.txt
[7.771s] writing requirements to ../../build/server/server.egg-info/requires.txt
[7.772s] writing top-level names to ../../build/server/server.egg-info/top_level.txt
[7.780s] reading manifest file '../../build/server/server.egg-info/SOURCES.txt'
[7.810s] writing manifest file '../../build/server/server.egg-info/SOURCES.txt'
[7.811s] running build
[7.811s] running build_py
[7.859s] running install
[7.860s] running install_lib
[7.895s] running install_data
[7.907s] running install_egg_info
[7.914s] removing '/home/sudhindra/aruco_ws/install/server/lib/python3.10/site-packages/server-0.0.0-py3.10.egg-info' (and everything under it)
[7.914s] Copying ../../build/server/server.egg-info to /home/sudhindra/aruco_ws/install/server/lib/python3.10/site-packages/server-0.0.0-py3.10.egg-info
[7.938s] running install_scripts
[8.011s] Installing server_executable script to /home/sudhindra/aruco_ws/install/server/lib/server
[8.015s] writing list of installed files to '/home/sudhindra/aruco_ws/build/server/install.log'
[8.100s] Invoked command in '/home/sudhindra/aruco_ws/src/server' returned '0': AMENT_PREFIX_PATH=/home/sudhindra/aruco_ws/install/custom_interfaces:${AMENT_PREFIX_PATH} CMAKE_PREFIX_PATH=/home/sudhindra/aruco_ws/install/custom_interfaces:${CMAKE_PREFIX_PATH} LD_LIBRARY_PATH=/home/sudhindra/aruco_ws/install/custom_interfaces/lib:${LD_LIBRARY_PATH} PYTHONPATH=/home/sudhindra/aruco_ws/build/server/prefix_override:/home/sudhindra/aruco_ws/install/server/lib/python3.10/site-packages:/home/sudhindra/aruco_ws/install/custom_interfaces/local/lib/python3.10/dist-packages:${PYTHONPATH} /usr/bin/python3 setup.py egg_info --egg-base ../../build/server build --build-base /home/sudhindra/aruco_ws/build/server/build install --record /home/sudhindra/aruco_ws/build/server/install.log --single-version-externally-managed
