running egg_info
creating ../../build/server/server.egg-info
writing ../../build/server/server.egg-info/PKG-INFO
writing dependency_links to ../../build/server/server.egg-info/dependency_links.txt
writing entry points to ../../build/server/server.egg-info/entry_points.txt
writing requirements to ../../build/server/server.egg-info/requires.txt
writing top-level names to ../../build/server/server.egg-info/top_level.txt
writing manifest file '../../build/server/server.egg-info/SOURCES.txt'
reading manifest file '../../build/server/server.egg-info/SOURCES.txt'
writing manifest file '../../build/server/server.egg-info/SOURCES.txt'
running build
running build_py
creating /home/sudhindra/aruco_ws/build/server/build
creating /home/sudhindra/aruco_ws/build/server/build/lib
creating /home/sudhindra/aruco_ws/build/server/build/lib/server
copying server/server_member_function.py -> /home/sudhindra/aruco_ws/build/server/build/lib/server
copying server/__init__.py -> /home/sudhindra/aruco_ws/build/server/build/lib/server
running install
running install_lib
creating /home/sudhindra/aruco_ws/install/server/lib/python3.10/site-packages/server
copying /home/sudhindra/aruco_ws/build/server/build/lib/server/server_member_function.py -> /home/sudhindra/aruco_ws/install/server/lib/python3.10/site-packages/server
copying /home/sudhindra/aruco_ws/build/server/build/lib/server/__init__.py -> /home/sudhindra/aruco_ws/install/server/lib/python3.10/site-packages/server
byte-compiling /home/sudhindra/aruco_ws/install/server/lib/python3.10/site-packages/server/server_member_function.py to server_member_function.cpython-310.pyc
byte-compiling /home/sudhindra/aruco_ws/install/server/lib/python3.10/site-packages/server/__init__.py to __init__.cpython-310.pyc
running install_data
creating /home/sudhindra/aruco_ws/install/server/share/ament_index
creating /home/sudhindra/aruco_ws/install/server/share/ament_index/resource_index
creating /home/sudhindra/aruco_ws/install/server/share/ament_index/resource_index/packages
copying resource/server -> /home/sudhindra/aruco_ws/install/server/share/ament_index/resource_index/packages
copying package.xml -> /home/sudhindra/aruco_ws/install/server/share/server
running install_egg_info
Copying ../../build/server/server.egg-info to /home/sudhindra/aruco_ws/install/server/lib/python3.10/site-packages/server-0.0.0-py3.10.egg-info
running install_scripts
Installing server_executable script to /home/sudhindra/aruco_ws/install/server/lib/server
writing list of installed files to '/home/sudhindra/aruco_ws/build/server/install.log'
