[3.536s] Invoking command in '/home/sudhindra/aruco_ws/src/server': PYTHONPATH=/home/sudhindra/aruco_ws/build/server/prefix_override:/home/sudhindra/aruco_ws/install/server/lib/python3.10/site-packages:${PYTHONPATH} /usr/bin/python3 setup.py egg_info --egg-base ../../build/server build --build-base /home/sudhindra/aruco_ws/build/server/build install --record /home/sudhindra/aruco_ws/build/server/install.log --single-version-externally-managed
[4.418s] running egg_info
[4.420s] writing ../../build/server/server.egg-info/PKG-INFO
[4.421s] writing dependency_links to ../../build/server/server.egg-info/dependency_links.txt
[4.421s] writing entry points to ../../build/server/server.egg-info/entry_points.txt
[4.421s] writing requirements to ../../build/server/server.egg-info/requires.txt
[4.422s] writing top-level names to ../../build/server/server.egg-info/top_level.txt
[4.426s] reading manifest file '../../build/server/server.egg-info/SOURCES.txt'
[4.427s] writing manifest file '../../build/server/server.egg-info/SOURCES.txt'
[4.428s] running build
[4.428s] running build_py
[4.429s] copying server/server_member_function.py -> /home/sudhindra/aruco_ws/build/server/build/lib/server
[4.430s] running install
[4.431s] running install_lib
[4.432s] copying /home/sudhindra/aruco_ws/build/server/build/lib/server/server_member_function.py -> /home/sudhindra/aruco_ws/install/server/lib/python3.10/site-packages/server
[4.433s] byte-compiling /home/sudhindra/aruco_ws/install/server/lib/python3.10/site-packages/server/server_member_function.py to server_member_function.cpython-310.pyc
[4.436s] running install_data
[4.437s] running install_egg_info
[4.446s] removing '/home/sudhindra/aruco_ws/install/server/lib/python3.10/site-packages/server-0.0.0-py3.10.egg-info' (and everything under it)
[4.447s] Copying ../../build/server/server.egg-info to /home/sudhindra/aruco_ws/install/server/lib/python3.10/site-packages/server-0.0.0-py3.10.egg-info
[4.447s] running install_scripts
[4.487s] Installing server_executable script to /home/sudhindra/aruco_ws/install/server/lib/server
[4.492s] writing list of installed files to '/home/sudhindra/aruco_ws/build/server/install.log'
[4.557s] Invoked command in '/home/sudhindra/aruco_ws/src/server' returned '0': PYTHONPATH=/home/sudhindra/aruco_ws/build/server/prefix_override:/home/sudhindra/aruco_ws/install/server/lib/python3.10/site-packages:${PYTHONPATH} /usr/bin/python3 setup.py egg_info --egg-base ../../build/server build --build-base /home/sudhindra/aruco_ws/build/server/build install --record /home/sudhindra/aruco_ws/build/server/install.log --single-version-externally-managed
