[3.500s] Invoking command in '/home/sudhindra/aruco_ws/src/server': PYTHONPATH=/home/sudhindra/aruco_ws/build/server/prefix_override:/home/sudhindra/aruco_ws/install/server/lib/python3.10/site-packages:${PYTHONPATH} /usr/bin/python3 setup.py egg_info --egg-base ../../build/server build --build-base /home/sudhindra/aruco_ws/build/server/build install --record /home/sudhindra/aruco_ws/build/server/install.log --single-version-externally-managed
[4.290s] running egg_info
[4.291s] writing ../../build/server/server.egg-info/PKG-INFO
[4.292s] writing dependency_links to ../../build/server/server.egg-info/dependency_links.txt
[4.293s] writing entry points to ../../build/server/server.egg-info/entry_points.txt
[4.293s] writing requirements to ../../build/server/server.egg-info/requires.txt
[4.293s] writing top-level names to ../../build/server/server.egg-info/top_level.txt
[4.298s] reading manifest file '../../build/server/server.egg-info/SOURCES.txt'
[4.301s] writing manifest file '../../build/server/server.egg-info/SOURCES.txt'
[4.301s] running build
[4.302s] running build_py
[4.302s] copying server/server_member_function.py -> /home/sudhindra/aruco_ws/build/server/build/lib/server
[4.302s] running install
[4.303s] running install_lib
[4.312s] copying /home/sudhindra/aruco_ws/build/server/build/lib/server/server_member_function.py -> /home/sudhindra/aruco_ws/install/server/lib/python3.10/site-packages/server
[4.312s] byte-compiling /home/sudhindra/aruco_ws/install/server/lib/python3.10/site-packages/server/server_member_function.py to server_member_function.cpython-310.pyc
[4.313s] running install_data
[4.313s] running install_egg_info
[4.318s] removing '/home/sudhindra/aruco_ws/install/server/lib/python3.10/site-packages/server-0.0.0-py3.10.egg-info' (and everything under it)
[4.319s] Copying ../../build/server/server.egg-info to /home/sudhindra/aruco_ws/install/server/lib/python3.10/site-packages/server-0.0.0-py3.10.egg-info
[4.321s] running install_scripts
[4.385s] Installing server_executable script to /home/sudhindra/aruco_ws/install/server/lib/server
[4.386s] writing list of installed files to '/home/sudhindra/aruco_ws/build/server/install.log'
[4.458s] Invoked command in '/home/sudhindra/aruco_ws/src/server' returned '0': PYTHONPATH=/home/sudhindra/aruco_ws/build/server/prefix_override:/home/sudhindra/aruco_ws/install/server/lib/python3.10/site-packages:${PYTHONPATH} /usr/bin/python3 setup.py egg_info --egg-base ../../build/server build --build-base /home/sudhindra/aruco_ws/build/server/build install --record /home/sudhindra/aruco_ws/build/server/install.log --single-version-externally-managed
