[3.037s] Invoking command in '/home/sudhindra/aruco_ws/src/server': PYTHONPATH=/home/sudhindra/aruco_ws/build/server/prefix_override:/home/sudhindra/aruco_ws/install/server/lib/python3.10/site-packages:${PYTHONPATH} /usr/bin/python3 setup.py egg_info --egg-base ../../build/server build --build-base /home/sudhindra/aruco_ws/build/server/build install --record /home/sudhindra/aruco_ws/build/server/install.log --single-version-externally-managed
[3.753s] running egg_info
[3.753s] writing ../../build/server/server.egg-info/PKG-INFO
[3.754s] writing dependency_links to ../../build/server/server.egg-info/dependency_links.txt
[3.755s] writing entry points to ../../build/server/server.egg-info/entry_points.txt
[3.756s] writing requirements to ../../build/server/server.egg-info/requires.txt
[3.756s] writing top-level names to ../../build/server/server.egg-info/top_level.txt
[3.759s] reading manifest file '../../build/server/server.egg-info/SOURCES.txt'
[3.761s] writing manifest file '../../build/server/server.egg-info/SOURCES.txt'
[3.761s] running build
[3.762s] running build_py
[3.762s] running install
[3.763s] running install_lib
[3.765s] running install_data
[3.766s] running install_egg_info
[3.770s] removing '/home/sudhindra/aruco_ws/install/server/lib/python3.10/site-packages/server-0.0.0-py3.10.egg-info' (and everything under it)
[3.770s] Copying ../../build/server/server.egg-info to /home/sudhindra/aruco_ws/install/server/lib/python3.10/site-packages/server-0.0.0-py3.10.egg-info
[3.774s] running install_scripts
[3.811s] Installing server_executable script to /home/sudhindra/aruco_ws/install/server/lib/server
[3.812s] writing list of installed files to '/home/sudhindra/aruco_ws/build/server/install.log'
[3.861s] Invoked command in '/home/sudhindra/aruco_ws/src/server' returned '0': PYTHONPATH=/home/sudhindra/aruco_ws/build/server/prefix_override:/home/sudhindra/aruco_ws/install/server/lib/python3.10/site-packages:${PYTHONPATH} /usr/bin/python3 setup.py egg_info --egg-base ../../build/server build --build-base /home/sudhindra/aruco_ws/build/server/build install --record /home/sudhindra/aruco_ws/build/server/install.log --single-version-externally-managed
