[2.919s] Invoking command in '/home/sudhindra/aruco_ws/src/client': PYTHONPATH=/home/sudhindra/aruco_ws/build/client/prefix_override:/home/sudhindra/aruco_ws/install/client/lib/python3.10/site-packages:${PYTHONPATH} /usr/bin/python3 setup.py egg_info --egg-base ../../build/client build --build-base /home/sudhindra/aruco_ws/build/client/build install --record /home/sudhindra/aruco_ws/build/client/install.log --single-version-externally-managed
[3.466s] running egg_info
[3.467s] writing ../../build/client/client.egg-info/PKG-INFO
[3.468s] writing dependency_links to ../../build/client/client.egg-info/dependency_links.txt
[3.468s] writing entry points to ../../build/client/client.egg-info/entry_points.txt
[3.468s] writing requirements to ../../build/client/client.egg-info/requires.txt
[3.469s] writing top-level names to ../../build/client/client.egg-info/top_level.txt
[3.472s] reading manifest file '../../build/client/client.egg-info/SOURCES.txt'
[3.475s] writing manifest file '../../build/client/client.egg-info/SOURCES.txt'
[3.475s] running build
[3.476s] running build_py
[3.476s] running install
[3.476s] running install_lib
[3.480s] running install_data
[3.481s] running install_egg_info
[3.484s] removing '/home/sudhindra/aruco_ws/install/client/lib/python3.10/site-packages/client-0.0.0-py3.10.egg-info' (and everything under it)
[3.487s] Copying ../../build/client/client.egg-info to /home/sudhindra/aruco_ws/install/client/lib/python3.10/site-packages/client-0.0.0-py3.10.egg-info
[3.495s] running install_scripts
[3.533s] Installing client_execuatble script to /home/sudhindra/aruco_ws/install/client/lib/client
[3.534s] writing list of installed files to '/home/sudhindra/aruco_ws/build/client/install.log'
[3.709s] Invoked command in '/home/sudhindra/aruco_ws/src/client' returned '0': PYTHONPATH=/home/sudhindra/aruco_ws/build/client/prefix_override:/home/sudhindra/aruco_ws/install/client/lib/python3.10/site-packages:${PYTHONPATH} /usr/bin/python3 setup.py egg_info --egg-base ../../build/client build --build-base /home/sudhindra/aruco_ws/build/client/build install --record /home/sudhindra/aruco_ws/build/client/install.log --single-version-externally-managed
