[5.090s] DEBUG:colcon:Command line arguments: ['/usr/bin/colcon', 'list', '-p', '--base-paths', '/home/sudhindra/aruco_ws']
[5.090s] DEBUG:colcon:Parsed command line arguments: Namespace(log_base=None, log_level=None, verb_name='list', build_base='build', ignore_user_meta=False, metas=['./colcon.meta'], base_paths=['/home/sudhindra/aruco_ws'], packages_ignore=None, packages_ignore_regex=None, paths=None, packages_up_to=None, packages_up_to_regex=None, packages_above=None, packages_above_and_dependencies=None, packages_above_depth=None, packages_select_by_dep=None, packages_skip_by_dep=None, packages_skip_up_to=None, packages_select_build_failed=False, packages_skip_build_finished=False, packages_select_test_failures=False, packages_skip_test_passed=False, packages_select=None, packages_skip=None, packages_select_regex=None, packages_skip_regex=None, packages_start=None, packages_end=None, allow_overriding=[], topological_order=False, names_only=False, paths_only=True, topological_graph=False, topological_graph_dot=False, topological_graph_density=False, topological_graph_legend=False, topological_graph_dot_cluster=False, topological_graph_dot_include_skipped=False, verb_parser=<colcon_defaults.argument_parser.defaults.DefaultArgumentsDecorator object at 0x7465a07c6dd0>, verb_extension=<colcon_package_information.verb.list.ListVerb object at 0x7465a079e620>, main=<bound method ListVerb.main of <colcon_package_information.verb.list.ListVerb object at 0x7465a079e620>>)
[5.218s] Level 1:colcon.colcon_core.package_discovery:discover_packages(colcon_meta) check parameters
[5.219s] Level 1:colcon.colcon_core.package_discovery:discover_packages(recursive) check parameters
[5.219s] Level 1:colcon.colcon_core.package_discovery:discover_packages(ignore) check parameters
[5.219s] Level 1:colcon.colcon_core.package_discovery:discover_packages(path) check parameters
[5.219s] Level 1:colcon.colcon_core.package_discovery:discover_packages(recursive) discover
[5.219s] INFO:colcon.colcon_core.package_discovery:Crawling recursively for packages in '/home/sudhindra/aruco_ws'
[5.219s] Level 1:colcon.colcon_core.package_identification:_identify(/home/sudhindra/aruco_ws) by extensions ['ignore', 'ignore_ament_install']
[5.220s] Level 1:colcon.colcon_core.package_identification:_identify(/home/sudhindra/aruco_ws) by extension 'ignore'
[5.220s] Level 1:colcon.colcon_core.package_identification:_identify(/home/sudhindra/aruco_ws) by extension 'ignore_ament_install'
[5.220s] Level 1:colcon.colcon_core.package_identification:_identify(/home/sudhindra/aruco_ws) by extensions ['colcon_pkg']
[5.220s] Level 1:colcon.colcon_core.package_identification:_identify(/home/sudhindra/aruco_ws) by extension 'colcon_pkg'
[5.220s] Level 1:colcon.colcon_core.package_identification:_identify(/home/sudhindra/aruco_ws) by extensions ['colcon_meta']
[5.220s] Level 1:colcon.colcon_core.package_identification:_identify(/home/sudhindra/aruco_ws) by extension 'colcon_meta'
[5.220s] Level 1:colcon.colcon_core.package_identification:_identify(/home/sudhindra/aruco_ws) by extensions ['ros']
[5.221s] Level 1:colcon.colcon_core.package_identification:_identify(/home/sudhindra/aruco_ws) by extension 'ros'
[5.243s] Level 1:colcon.colcon_core.package_identification:_identify(/home/sudhindra/aruco_ws) by extensions ['cmake', 'python']
[5.243s] Level 1:colcon.colcon_core.package_identification:_identify(/home/sudhindra/aruco_ws) by extension 'cmake'
[5.243s] Level 1:colcon.colcon_core.package_identification:_identify(/home/sudhindra/aruco_ws) by extension 'python'
[5.243s] Level 1:colcon.colcon_core.package_identification:_identify(/home/sudhindra/aruco_ws) by extensions ['python_setup_py']
[5.243s] Level 1:colcon.colcon_core.package_identification:_identify(/home/sudhindra/aruco_ws) by extension 'python_setup_py'
[5.244s] Level 1:colcon.colcon_core.package_identification:_identify(/home/sudhindra/aruco_ws/log) by extensions ['ignore', 'ignore_ament_install']
[5.244s] Level 1:colcon.colcon_core.package_identification:_identify(/home/sudhindra/aruco_ws/log) by extension 'ignore'
[5.244s] Level 1:colcon.colcon_core.package_identification:_identify(/home/sudhindra/aruco_ws/log) ignored
[5.244s] Level 1:colcon.colcon_core.package_identification:_identify(/home/sudhindra/aruco_ws/src) by extensions ['ignore', 'ignore_ament_install']
[5.244s] Level 1:colcon.colcon_core.package_identification:_identify(/home/sudhindra/aruco_ws/src) by extension 'ignore'
[5.245s] Level 1:colcon.colcon_core.package_identification:_identify(/home/sudhindra/aruco_ws/src) by extension 'ignore_ament_install'
[5.245s] Level 1:colcon.colcon_core.package_identification:_identify(/home/sudhindra/aruco_ws/src) by extensions ['colcon_pkg']
[5.245s] Level 1:colcon.colcon_core.package_identification:_identify(/home/sudhindra/aruco_ws/src) by extension 'colcon_pkg'
[5.245s] Level 1:colcon.colcon_core.package_identification:_identify(/home/sudhindra/aruco_ws/src) by extensions ['colcon_meta']
[5.245s] Level 1:colcon.colcon_core.package_identification:_identify(/home/sudhindra/aruco_ws/src) by extension 'colcon_meta'
[5.245s] Level 1:colcon.colcon_core.package_identification:_identify(/home/sudhindra/aruco_ws/src) by extensions ['ros']
[5.245s] Level 1:colcon.colcon_core.package_identification:_identify(/home/sudhindra/aruco_ws/src) by extension 'ros'
[5.245s] Level 1:colcon.colcon_core.package_identification:_identify(/home/sudhindra/aruco_ws/src) by extensions ['cmake', 'python']
[5.245s] Level 1:colcon.colcon_core.package_identification:_identify(/home/sudhindra/aruco_ws/src) by extension 'cmake'
[5.245s] Level 1:colcon.colcon_core.package_identification:_identify(/home/sudhindra/aruco_ws/src) by extension 'python'
[5.246s] Level 1:colcon.colcon_core.package_identification:_identify(/home/sudhindra/aruco_ws/src) by extensions ['python_setup_py']
[5.246s] Level 1:colcon.colcon_core.package_identification:_identify(/home/sudhindra/aruco_ws/src) by extension 'python_setup_py'
[5.246s] Level 1:colcon.colcon_core.package_identification:_identify(/home/sudhindra/aruco_ws/src/client) by extensions ['ignore', 'ignore_ament_install']
[5.246s] Level 1:colcon.colcon_core.package_identification:_identify(/home/sudhindra/aruco_ws/src/client) by extension 'ignore'
[5.246s] Level 1:colcon.colcon_core.package_identification:_identify(/home/sudhindra/aruco_ws/src/client) by extension 'ignore_ament_install'
[5.246s] Level 1:colcon.colcon_core.package_identification:_identify(/home/sudhindra/aruco_ws/src/client) by extensions ['colcon_pkg']
[5.246s] Level 1:colcon.colcon_core.package_identification:_identify(/home/sudhindra/aruco_ws/src/client) by extension 'colcon_pkg'
[5.246s] Level 1:colcon.colcon_core.package_identification:_identify(/home/sudhindra/aruco_ws/src/client) by extensions ['colcon_meta']
[5.246s] Level 1:colcon.colcon_core.package_identification:_identify(/home/sudhindra/aruco_ws/src/client) by extension 'colcon_meta'
[5.247s] Level 1:colcon.colcon_core.package_identification:_identify(/home/sudhindra/aruco_ws/src/client) by extensions ['ros']
[5.247s] Level 1:colcon.colcon_core.package_identification:_identify(/home/sudhindra/aruco_ws/src/client) by extension 'ros'
[5.251s] DEBUG:colcon.colcon_core.package_identification:Package '/home/sudhindra/aruco_ws/src/client' with type 'ros.ament_python' and name 'client'
[5.252s] Level 1:colcon.colcon_core.package_identification:_identify(/home/sudhindra/aruco_ws/src/custom_interfaces) by extensions ['ignore', 'ignore_ament_install']
[5.252s] Level 1:colcon.colcon_core.package_identification:_identify(/home/sudhindra/aruco_ws/src/custom_interfaces) by extension 'ignore'
[5.252s] Level 1:colcon.colcon_core.package_identification:_identify(/home/sudhindra/aruco_ws/src/custom_interfaces) by extension 'ignore_ament_install'
[5.252s] Level 1:colcon.colcon_core.package_identification:_identify(/home/sudhindra/aruco_ws/src/custom_interfaces) by extensions ['colcon_pkg']
[5.252s] Level 1:colcon.colcon_core.package_identification:_identify(/home/sudhindra/aruco_ws/src/custom_interfaces) by extension 'colcon_pkg'
[5.252s] Level 1:colcon.colcon_core.package_identification:_identify(/home/sudhindra/aruco_ws/src/custom_interfaces) by extensions ['colcon_meta']
[5.252s] Level 1:colcon.colcon_core.package_identification:_identify(/home/sudhindra/aruco_ws/src/custom_interfaces) by extension 'colcon_meta'
[5.253s] Level 1:colcon.colcon_core.package_identification:_identify(/home/sudhindra/aruco_ws/src/custom_interfaces) by extensions ['ros']
[5.253s] Level 1:colcon.colcon_core.package_identification:_identify(/home/sudhindra/aruco_ws/src/custom_interfaces) by extension 'ros'
[5.254s] DEBUG:colcon.colcon_core.package_identification:Package '/home/sudhindra/aruco_ws/src/custom_interfaces' with type 'ros.ament_cmake' and name 'custom_interfaces'
[5.254s] Level 1:colcon.colcon_core.package_identification:_identify(/home/sudhindra/aruco_ws/src/server) by extensions ['ignore', 'ignore_ament_install']
[5.254s] Level 1:colcon.colcon_core.package_identification:_identify(/home/sudhindra/aruco_ws/src/server) by extension 'ignore'
[5.254s] Level 1:colcon.colcon_core.package_identification:_identify(/home/sudhindra/aruco_ws/src/server) by extension 'ignore_ament_install'
[5.254s] Level 1:colcon.colcon_core.package_identification:_identify(/home/sudhindra/aruco_ws/src/server) by extensions ['colcon_pkg']
[5.254s] Level 1:colcon.colcon_core.package_identification:_identify(/home/sudhindra/aruco_ws/src/server) by extension 'colcon_pkg'
[5.254s] Level 1:colcon.colcon_core.package_identification:_identify(/home/sudhindra/aruco_ws/src/server) by extensions ['colcon_meta']
[5.254s] Level 1:colcon.colcon_core.package_identification:_identify(/home/sudhindra/aruco_ws/src/server) by extension 'colcon_meta'
[5.255s] Level 1:colcon.colcon_core.package_identification:_identify(/home/sudhindra/aruco_ws/src/server) by extensions ['ros']
[5.255s] Level 1:colcon.colcon_core.package_identification:_identify(/home/sudhindra/aruco_ws/src/server) by extension 'ros'
[5.255s] DEBUG:colcon.colcon_core.package_identification:Package '/home/sudhindra/aruco_ws/src/server' with type 'ros.ament_python' and name 'server'
[5.256s] Level 1:colcon.colcon_core.package_discovery:discover_packages(recursive) using defaults
