[6.923s] Invoking command in '/home/sudhindra/aruco_ws/src/client': AMENT_PREFIX_PATH=/home/sudhindra/aruco_ws/install/custom_interfaces:${AMENT_PREFIX_PATH} CMAKE_PREFIX_PATH=/home/sudhindra/aruco_ws/install/custom_interfaces:${CMAKE_PREFIX_PATH} LD_LIBRARY_PATH=/home/sudhindra/aruco_ws/install/custom_interfaces/lib:${LD_LIBRARY_PATH} PYTHONPATH=/home/sudhindra/aruco_ws/build/client/prefix_override:/home/sudhindra/aruco_ws/install/client/lib/python3.10/site-packages:/home/sudhindra/aruco_ws/install/custom_interfaces/local/lib/python3.10/dist-packages:${PYTHONPATH} /usr/bin/python3 setup.py egg_info --egg-base ../../build/client build --build-base /home/sudhindra/aruco_ws/build/client/build install --record /home/sudhindra/aruco_ws/build/client/install.log --single-version-externally-managed
[8.258s] running egg_info
[8.258s] writing ../../build/client/client.egg-info/PKG-INFO
[8.266s] writing dependency_links to ../../build/client/client.egg-info/dependency_links.txt
[8.266s] writing entry points to ../../build/client/client.egg-info/entry_points.txt
[8.266s] writing requirements to ../../build/client/client.egg-info/requires.txt
[8.267s] writing top-level names to ../../build/client/client.egg-info/top_level.txt
[8.267s] reading manifest file '../../build/client/client.egg-info/SOURCES.txt'
[8.322s] writing manifest file '../../build/client/client.egg-info/SOURCES.txt'
[8.322s] running build
[8.323s] running build_py
[8.331s] running install
[8.331s] running install_lib
[8.374s] running install_data
[8.382s] running install_egg_info
[8.382s] removing '/home/sudhindra/aruco_ws/install/client/lib/python3.10/site-packages/client-0.0.0-py3.10.egg-info' (and everything under it)
[8.383s] Copying ../../build/client/client.egg-info to /home/sudhindra/aruco_ws/install/client/lib/python3.10/site-packages/client-0.0.0-py3.10.egg-info
[8.442s] running install_scripts
[8.509s] Installing client_execuatble script to /home/sudhindra/aruco_ws/install/client/lib/client
[8.547s] writing list of installed files to '/home/sudhindra/aruco_ws/build/client/install.log'
[8.696s] Invoked command in '/home/sudhindra/aruco_ws/src/client' returned '0': AMENT_PREFIX_PATH=/home/sudhindra/aruco_ws/install/custom_interfaces:${AMENT_PREFIX_PATH} CMAKE_PREFIX_PATH=/home/sudhindra/aruco_ws/install/custom_interfaces:${CMAKE_PREFIX_PATH} LD_LIBRARY_PATH=/home/sudhindra/aruco_ws/install/custom_interfaces/lib:${LD_LIBRARY_PATH} PYTHONPATH=/home/sudhindra/aruco_ws/build/client/prefix_override:/home/sudhindra/aruco_ws/install/client/lib/python3.10/site-packages:/home/sudhindra/aruco_ws/install/custom_interfaces/local/lib/python3.10/dist-packages:${PYTHONPATH} /usr/bin/python3 setup.py egg_info --egg-base ../../build/client build --build-base /home/sudhindra/aruco_ws/build/client/build install --record /home/sudhindra/aruco_ws/build/client/install.log --single-version-externally-managed
