[3.793s] Invoking command in '/home/sudhindra/aruco_ws/src/server': AMENT_PREFIX_PATH=/home/sudhindra/aruco_ws/install/custom_interfaces:${AMENT_PREFIX_PATH} CMAKE_PREFIX_PATH=/home/sudhindra/aruco_ws/install/custom_interfaces:${CMAKE_PREFIX_PATH} LD_LIBRARY_PATH=/home/sudhindra/aruco_ws/install/custom_interfaces/lib:${LD_LIBRARY_PATH} PYTHONPATH=/home/sudhindra/aruco_ws/build/server/prefix_override:/home/sudhindra/aruco_ws/install/server/lib/python3.10/site-packages:/home/sudhindra/aruco_ws/install/custom_interfaces/local/lib/python3.10/dist-packages:${PYTHONPATH} /usr/bin/python3 setup.py egg_info --egg-base ../../build/server build --build-base /home/sudhindra/aruco_ws/build/server/build install --record /home/sudhindra/aruco_ws/build/server/install.log --single-version-externally-managed
[4.420s] running egg_info
[4.422s] writing ../../build/server/server.egg-info/PKG-INFO
[4.435s] writing dependency_links to ../../build/server/server.egg-info/dependency_links.txt
[4.436s] writing entry points to ../../build/server/server.egg-info/entry_points.txt
[4.436s] writing requirements to ../../build/server/server.egg-info/requires.txt
[4.437s] writing top-level names to ../../build/server/server.egg-info/top_level.txt
[4.440s] reading manifest file '../../build/server/server.egg-info/SOURCES.txt'
[4.453s] writing manifest file '../../build/server/server.egg-info/SOURCES.txt'
[4.453s] running build
[4.453s] running build_py
[4.454s] running install
[4.455s] running install_lib
[4.458s] running install_data
[4.460s] running install_egg_info
[4.464s] removing '/home/sudhindra/aruco_ws/install/server/lib/python3.10/site-packages/server-0.0.0-py3.10.egg-info' (and everything under it)
[4.464s] Copying ../../build/server/server.egg-info to /home/sudhindra/aruco_ws/install/server/lib/python3.10/site-packages/server-0.0.0-py3.10.egg-info
[4.481s] running install_scripts
[4.523s] Installing server_executable script to /home/sudhindra/aruco_ws/install/server/lib/server
[4.524s] writing list of installed files to '/home/sudhindra/aruco_ws/build/server/install.log'
[4.593s] Invoked command in '/home/sudhindra/aruco_ws/src/server' returned '0': AMENT_PREFIX_PATH=/home/sudhindra/aruco_ws/install/custom_interfaces:${AMENT_PREFIX_PATH} CMAKE_PREFIX_PATH=/home/sudhindra/aruco_ws/install/custom_interfaces:${CMAKE_PREFIX_PATH} LD_LIBRARY_PATH=/home/sudhindra/aruco_ws/install/custom_interfaces/lib:${LD_LIBRARY_PATH} PYTHONPATH=/home/sudhindra/aruco_ws/build/server/prefix_override:/home/sudhindra/aruco_ws/install/server/lib/python3.10/site-packages:/home/sudhindra/aruco_ws/install/custom_interfaces/local/lib/python3.10/dist-packages:${PYTHONPATH} /usr/bin/python3 setup.py egg_info --egg-base ../../build/server build --build-base /home/sudhindra/aruco_ws/build/server/build install --record /home/sudhindra/aruco_ws/build/server/install.log --single-version-externally-managed
