[2.534s] Invoking command in '/home/sudhindra/aruco_ws/src/server': AMENT_PREFIX_PATH=/home/sudhindra/aruco_ws/install/custom_interfaces:${AMENT_PREFIX_PATH} CMAKE_PREFIX_PATH=/home/sudhindra/aruco_ws/install/custom_interfaces:${CMAKE_PREFIX_PATH} LD_LIBRARY_PATH=/home/sudhindra/aruco_ws/install/custom_interfaces/lib:${LD_LIBRARY_PATH} PYTHONPATH=/home/sudhindra/aruco_ws/build/server/prefix_override:/home/sudhindra/aruco_ws/install/server/lib/python3.10/site-packages:/home/sudhindra/aruco_ws/install/custom_interfaces/local/lib/python3.10/dist-packages:${PYTHONPATH} /usr/bin/python3 setup.py egg_info --egg-base ../../build/server build --build-base /home/sudhindra/aruco_ws/build/server/build install --record /home/sudhindra/aruco_ws/build/server/install.log --single-version-externally-managed
[3.085s] running egg_info
[3.087s] writing ../../build/server/server.egg-info/PKG-INFO
[3.088s] writing dependency_links to ../../build/server/server.egg-info/dependency_links.txt
[3.088s] writing entry points to ../../build/server/server.egg-info/entry_points.txt
[3.088s] writing requirements to ../../build/server/server.egg-info/requires.txt
[3.088s] writing top-level names to ../../build/server/server.egg-info/top_level.txt
[3.091s] reading manifest file '../../build/server/server.egg-info/SOURCES.txt'
[3.093s] writing manifest file '../../build/server/server.egg-info/SOURCES.txt'
[3.094s] running build
[3.094s] running build_py
[3.094s] running install
[3.096s] running install_lib
[3.100s] running install_data
[3.100s] running install_egg_info
[3.105s] removing '/home/sudhindra/aruco_ws/install/server/lib/python3.10/site-packages/server-0.0.0-py3.10.egg-info' (and everything under it)
[3.106s] Copying ../../build/server/server.egg-info to /home/sudhindra/aruco_ws/install/server/lib/python3.10/site-packages/server-0.0.0-py3.10.egg-info
[3.107s] running install_scripts
[3.148s] Installing server_executable script to /home/sudhindra/aruco_ws/install/server/lib/server
[3.149s] writing list of installed files to '/home/sudhindra/aruco_ws/build/server/install.log'
[3.215s] Invoked command in '/home/sudhindra/aruco_ws/src/server' returned '0': AMENT_PREFIX_PATH=/home/sudhindra/aruco_ws/install/custom_interfaces:${AMENT_PREFIX_PATH} CMAKE_PREFIX_PATH=/home/sudhindra/aruco_ws/install/custom_interfaces:${CMAKE_PREFIX_PATH} LD_LIBRARY_PATH=/home/sudhindra/aruco_ws/install/custom_interfaces/lib:${LD_LIBRARY_PATH} PYTHONPATH=/home/sudhindra/aruco_ws/build/server/prefix_override:/home/sudhindra/aruco_ws/install/server/lib/python3.10/site-packages:/home/sudhindra/aruco_ws/install/custom_interfaces/local/lib/python3.10/dist-packages:${PYTHONPATH} /usr/bin/python3 setup.py egg_info --egg-base ../../build/server build --build-base /home/sudhindra/aruco_ws/build/server/build install --record /home/sudhindra/aruco_ws/build/server/install.log --single-version-externally-managed
