[2.773s] Invoking command in '/home/sudhindra/aruco_ws/src/server': PYTHONPATH=/home/sudhindra/aruco_ws/build/server/prefix_override:/home/sudhindra/aruco_ws/install/server/lib/python3.10/site-packages:${PYTHONPATH} /usr/bin/python3 setup.py egg_info --egg-base ../../build/server build --build-base /home/sudhindra/aruco_ws/build/server/build install --record /home/sudhindra/aruco_ws/build/server/install.log --single-version-externally-managed
[3.356s] running egg_info
[3.357s] writing ../../build/server/server.egg-info/PKG-INFO
[3.358s] writing dependency_links to ../../build/server/server.egg-info/dependency_links.txt
[3.359s] writing entry points to ../../build/server/server.egg-info/entry_points.txt
[3.359s] writing requirements to ../../build/server/server.egg-info/requires.txt
[3.359s] writing top-level names to ../../build/server/server.egg-info/top_level.txt
[3.362s] reading manifest file '../../build/server/server.egg-info/SOURCES.txt'
[3.364s] writing manifest file '../../build/server/server.egg-info/SOURCES.txt'
[3.364s] running build
[3.364s] running build_py
[3.365s] running install
[3.365s] running install_lib
[3.368s] running install_data
[3.369s] running install_egg_info
[3.372s] removing '/home/sudhindra/aruco_ws/install/server/lib/python3.10/site-packages/server-0.0.0-py3.10.egg-info' (and everything under it)
[3.372s] Copying ../../build/server/server.egg-info to /home/sudhindra/aruco_ws/install/server/lib/python3.10/site-packages/server-0.0.0-py3.10.egg-info
[3.374s] running install_scripts
[3.415s] Installing server_executable script to /home/sudhindra/aruco_ws/install/server/lib/server
[3.416s] writing list of installed files to '/home/sudhindra/aruco_ws/build/server/install.log'
[3.575s] Invoked command in '/home/sudhindra/aruco_ws/src/server' returned '0': PYTHONPATH=/home/sudhindra/aruco_ws/build/server/prefix_override:/home/sudhindra/aruco_ws/install/server/lib/python3.10/site-packages:${PYTHONPATH} /usr/bin/python3 setup.py egg_info --egg-base ../../build/server build --build-base /home/sudhindra/aruco_ws/build/server/build install --record /home/sudhindra/aruco_ws/build/server/install.log --single-version-externally-managed
