[2.372s] DEBUG:colcon:Command line arguments: ['/usr/bin/colcon', 'build']
[2.372s] DEBUG:colcon:Parsed command line arguments: Namespace(log_base=None, log_level=None, verb_name='build', build_base='build', install_base='install', merge_install=False, symlink_install=False, test_result_base=None, continue_on_error=False, executor='parallel', parallel_workers=4, event_handlers=None, ignore_user_meta=False, metas=['./colcon.meta'], base_paths=['.'], packages_ignore=None, packages_ignore_regex=None, paths=None, packages_up_to=None, packages_up_to_regex=None, packages_above=None, packages_above_and_dependencies=None, packages_above_depth=None, packages_select_by_dep=None, packages_skip_by_dep=None, packages_skip_up_to=None, packages_select_build_failed=False, packages_skip_build_finished=False, packages_select_test_failures=False, packages_skip_test_passed=False, packages_select=None, packages_skip=None, packages_select_regex=None, packages_skip_regex=None, packages_start=None, packages_end=None, allow_overriding=[], cmake_args=None, cmake_target=None, cmake_target_skip_unavailable=False, cmake_clean_cache=False, cmake_clean_first=False, cmake_force_configure=False, ament_cmake_args=None, catkin_cmake_args=None, catkin_skip_building_tests=False, verb_parser=<colcon_defaults.argument_parser.defaults.DefaultArgumentsDecorator object at 0x771f99cc16c0>, verb_extension=<colcon_core.verb.build.BuildVerb object at 0x771f99c690f0>, main=<bound method BuildVerb.main of <colcon_core.verb.build.BuildVerb object at 0x771f99c690f0>>)
[2.473s] Level 1:colcon.colcon_core.package_discovery:discover_packages(colcon_meta) check parameters
[2.473s] Level 1:colcon.colcon_core.package_discovery:discover_packages(recursive) check parameters
[2.473s] Level 1:colcon.colcon_core.package_discovery:discover_packages(ignore) check parameters
[2.473s] Level 1:colcon.colcon_core.package_discovery:discover_packages(path) check parameters
[2.473s] Level 1:colcon.colcon_core.package_discovery:discover_packages(colcon_meta) discover
[2.473s] Level 1:colcon.colcon_core.package_discovery:discover_packages(recursive) discover
[2.473s] INFO:colcon.colcon_core.package_discovery:Crawling recursively for packages in '/home/sudhindra/aruco_ws'
[2.473s] Level 1:colcon.colcon_core.package_identification:_identify(.) by extensions ['ignore', 'ignore_ament_install']
[2.474s] Level 1:colcon.colcon_core.package_identification:_identify(.) by extension 'ignore'
[2.474s] Level 1:colcon.colcon_core.package_identification:_identify(.) by extension 'ignore_ament_install'
[2.474s] Level 1:colcon.colcon_core.package_identification:_identify(.) by extensions ['colcon_pkg']
[2.474s] Level 1:colcon.colcon_core.package_identification:_identify(.) by extension 'colcon_pkg'
[2.474s] Level 1:colcon.colcon_core.package_identification:_identify(.) by extensions ['colcon_meta']
[2.474s] Level 1:colcon.colcon_core.package_identification:_identify(.) by extension 'colcon_meta'
[2.474s] Level 1:colcon.colcon_core.package_identification:_identify(.) by extensions ['ros']
[2.474s] Level 1:colcon.colcon_core.package_identification:_identify(.) by extension 'ros'
[2.494s] Level 1:colcon.colcon_core.package_identification:_identify(.) by extensions ['cmake', 'python']
[2.494s] Level 1:colcon.colcon_core.package_identification:_identify(.) by extension 'cmake'
[2.494s] Level 1:colcon.colcon_core.package_identification:_identify(.) by extension 'python'
[2.495s] Level 1:colcon.colcon_core.package_identification:_identify(.) by extensions ['python_setup_py']
[2.495s] Level 1:colcon.colcon_core.package_identification:_identify(.) by extension 'python_setup_py'
[2.495s] Level 1:colcon.colcon_core.package_identification:_identify(build) by extensions ['ignore', 'ignore_ament_install']
[2.495s] Level 1:colcon.colcon_core.package_identification:_identify(build) by extension 'ignore'
[2.495s] Level 1:colcon.colcon_core.package_identification:_identify(build) ignored
[2.495s] Level 1:colcon.colcon_core.package_identification:_identify(install) by extensions ['ignore', 'ignore_ament_install']
[2.496s] Level 1:colcon.colcon_core.package_identification:_identify(install) by extension 'ignore'
[2.496s] Level 1:colcon.colcon_core.package_identification:_identify(install) ignored
[2.496s] Level 1:colcon.colcon_core.package_identification:_identify(log) by extensions ['ignore', 'ignore_ament_install']
[2.496s] Level 1:colcon.colcon_core.package_identification:_identify(log) by extension 'ignore'
[2.496s] Level 1:colcon.colcon_core.package_identification:_identify(log) ignored
[2.496s] Level 1:colcon.colcon_core.package_identification:_identify(src) by extensions ['ignore', 'ignore_ament_install']
[2.496s] Level 1:colcon.colcon_core.package_identification:_identify(src) by extension 'ignore'
[2.497s] Level 1:colcon.colcon_core.package_identification:_identify(src) by extension 'ignore_ament_install'
[2.497s] Level 1:colcon.colcon_core.package_identification:_identify(src) by extensions ['colcon_pkg']
[2.497s] Level 1:colcon.colcon_core.package_identification:_identify(src) by extension 'colcon_pkg'
[2.497s] Level 1:colcon.colcon_core.package_identification:_identify(src) by extensions ['colcon_meta']
[2.497s] Level 1:colcon.colcon_core.package_identification:_identify(src) by extension 'colcon_meta'
[2.497s] Level 1:colcon.colcon_core.package_identification:_identify(src) by extensions ['ros']
[2.497s] Level 1:colcon.colcon_core.package_identification:_identify(src) by extension 'ros'
[2.497s] Level 1:colcon.colcon_core.package_identification:_identify(src) by extensions ['cmake', 'python']
[2.497s] Level 1:colcon.colcon_core.package_identification:_identify(src) by extension 'cmake'
[2.497s] Level 1:colcon.colcon_core.package_identification:_identify(src) by extension 'python'
[2.497s] Level 1:colcon.colcon_core.package_identification:_identify(src) by extensions ['python_setup_py']
[2.497s] Level 1:colcon.colcon_core.package_identification:_identify(src) by extension 'python_setup_py'
[2.498s] Level 1:colcon.colcon_core.package_identification:_identify(src/client) by extensions ['ignore', 'ignore_ament_install']
[2.498s] Level 1:colcon.colcon_core.package_identification:_identify(src/client) by extension 'ignore'
[2.498s] Level 1:colcon.colcon_core.package_identification:_identify(src/client) by extension 'ignore_ament_install'
[2.498s] Level 1:colcon.colcon_core.package_identification:_identify(src/client) by extensions ['colcon_pkg']
[2.498s] Level 1:colcon.colcon_core.package_identification:_identify(src/client) by extension 'colcon_pkg'
[2.498s] Level 1:colcon.colcon_core.package_identification:_identify(src/client) by extensions ['colcon_meta']
[2.498s] Level 1:colcon.colcon_core.package_identification:_identify(src/client) by extension 'colcon_meta'
[2.498s] Level 1:colcon.colcon_core.package_identification:_identify(src/client) by extensions ['ros']
[2.498s] Level 1:colcon.colcon_core.package_identification:_identify(src/client) by extension 'ros'
[2.504s] DEBUG:colcon.colcon_core.package_identification:Package 'src/client' with type 'ros.ament_python' and name 'client'
[2.504s] Level 1:colcon.colcon_core.package_identification:_identify(src/custom_interfaces) by extensions ['ignore', 'ignore_ament_install']
[2.504s] Level 1:colcon.colcon_core.package_identification:_identify(src/custom_interfaces) by extension 'ignore'
[2.505s] Level 1:colcon.colcon_core.package_identification:_identify(src/custom_interfaces) by extension 'ignore_ament_install'
[2.505s] Level 1:colcon.colcon_core.package_identification:_identify(src/custom_interfaces) by extensions ['colcon_pkg']
[2.505s] Level 1:colcon.colcon_core.package_identification:_identify(src/custom_interfaces) by extension 'colcon_pkg'
[2.505s] Level 1:colcon.colcon_core.package_identification:_identify(src/custom_interfaces) by extensions ['colcon_meta']
[2.505s] Level 1:colcon.colcon_core.package_identification:_identify(src/custom_interfaces) by extension 'colcon_meta'
[2.505s] Level 1:colcon.colcon_core.package_identification:_identify(src/custom_interfaces) by extensions ['ros']
[2.505s] Level 1:colcon.colcon_core.package_identification:_identify(src/custom_interfaces) by extension 'ros'
[2.506s] DEBUG:colcon.colcon_core.package_identification:Package 'src/custom_interfaces' with type 'ros.ament_cmake' and name 'custom_interfaces'
[2.507s] Level 1:colcon.colcon_core.package_identification:_identify(src/server) by extensions ['ignore', 'ignore_ament_install']
[2.507s] Level 1:colcon.colcon_core.package_identification:_identify(src/server) by extension 'ignore'
[2.507s] Level 1:colcon.colcon_core.package_identification:_identify(src/server) by extension 'ignore_ament_install'
[2.507s] Level 1:colcon.colcon_core.package_identification:_identify(src/server) by extensions ['colcon_pkg']
[2.507s] Level 1:colcon.colcon_core.package_identification:_identify(src/server) by extension 'colcon_pkg'
[2.507s] Level 1:colcon.colcon_core.package_identification:_identify(src/server) by extensions ['colcon_meta']
[2.507s] Level 1:colcon.colcon_core.package_identification:_identify(src/server) by extension 'colcon_meta'
[2.507s] Level 1:colcon.colcon_core.package_identification:_identify(src/server) by extensions ['ros']
[2.507s] Level 1:colcon.colcon_core.package_identification:_identify(src/server) by extension 'ros'
[2.508s] DEBUG:colcon.colcon_core.package_identification:Package 'src/server' with type 'ros.ament_python' and name 'server'
[2.508s] Level 1:colcon.colcon_core.package_discovery:discover_packages(recursive) using defaults
[2.509s] Level 1:colcon.colcon_core.package_discovery:discover_packages(ignore) discover
[2.509s] Level 1:colcon.colcon_core.package_discovery:discover_packages(ignore) using defaults
[2.509s] Level 1:colcon.colcon_core.package_discovery:discover_packages(path) discover
[2.509s] Level 1:colcon.colcon_core.package_discovery:discover_packages(path) using defaults
[2.713s] Level 1:colcon.colcon_core.package_discovery:discover_packages(prefix_path) check parameters
[2.713s] Level 1:colcon.colcon_core.package_discovery:discover_packages(prefix_path) discover
[2.785s] DEBUG:colcon.colcon_installed_package_information.package_discovery:Found 3 installed packages in /home/sudhindra/aruco_ws/install
[2.818s] DEBUG:colcon.colcon_installed_package_information.package_discovery:Found 8 installed packages in /home/sudhindra/erc_ws/install
[2.885s] DEBUG:colcon.colcon_installed_package_information.package_discovery:Found 2 installed packages in /home/sudhindra/ros2_ws/install
[2.944s] DEBUG:colcon.colcon_installed_package_information.package_discovery:Found 1 installed packages in /home/sudhindra/practice_ws/install
[2.982s] DEBUG:colcon.colcon_installed_package_information.package_discovery:Found 284 installed packages in /opt/ros/humble
[2.984s] Level 1:colcon.colcon_core.package_discovery:discover_packages(prefix_path) using defaults
[3.181s] Level 5:colcon.colcon_core.verb:set package 'custom_interfaces' build argument 'cmake_args' from command line to 'None'
[3.181s] Level 5:colcon.colcon_core.verb:set package 'custom_interfaces' build argument 'cmake_target' from command line to 'None'
[3.181s] Level 5:colcon.colcon_core.verb:set package 'custom_interfaces' build argument 'cmake_target_skip_unavailable' from command line to 'False'
[3.181s] Level 5:colcon.colcon_core.verb:set package 'custom_interfaces' build argument 'cmake_clean_cache' from command line to 'False'
[3.181s] Level 5:colcon.colcon_core.verb:set package 'custom_interfaces' build argument 'cmake_clean_first' from command line to 'False'
[3.182s] Level 5:colcon.colcon_core.verb:set package 'custom_interfaces' build argument 'cmake_force_configure' from command line to 'False'
[3.182s] Level 5:colcon.colcon_core.verb:set package 'custom_interfaces' build argument 'ament_cmake_args' from command line to 'None'
[3.182s] Level 5:colcon.colcon_core.verb:set package 'custom_interfaces' build argument 'catkin_cmake_args' from command line to 'None'
[3.182s] Level 5:colcon.colcon_core.verb:set package 'custom_interfaces' build argument 'catkin_skip_building_tests' from command line to 'False'
[3.182s] DEBUG:colcon.colcon_core.verb:Building package 'custom_interfaces' with the following arguments: {'ament_cmake_args': None, 'build_base': '/home/sudhindra/aruco_ws/build/custom_interfaces', 'catkin_cmake_args': None, 'catkin_skip_building_tests': False, 'cmake_args': None, 'cmake_clean_cache': False, 'cmake_clean_first': False, 'cmake_force_configure': False, 'cmake_target': None, 'cmake_target_skip_unavailable': False, 'install_base': '/home/sudhindra/aruco_ws/install/custom_interfaces', 'merge_install': False, 'path': '/home/sudhindra/aruco_ws/src/custom_interfaces', 'symlink_install': False, 'test_result_base': None}
[3.215s] Level 5:colcon.colcon_core.verb:set package 'client' build argument 'cmake_args' from command line to 'None'
[3.215s] Level 5:colcon.colcon_core.verb:set package 'client' build argument 'cmake_target' from command line to 'None'
[3.215s] Level 5:colcon.colcon_core.verb:set package 'client' build argument 'cmake_target_skip_unavailable' from command line to 'False'
[3.215s] Level 5:colcon.colcon_core.verb:set package 'client' build argument 'cmake_clean_cache' from command line to 'False'
[3.215s] Level 5:colcon.colcon_core.verb:set package 'client' build argument 'cmake_clean_first' from command line to 'False'
[3.215s] Level 5:colcon.colcon_core.verb:set package 'client' build argument 'cmake_force_configure' from command line to 'False'
[3.216s] Level 5:colcon.colcon_core.verb:set package 'client' build argument 'ament_cmake_args' from command line to 'None'
[3.216s] Level 5:colcon.colcon_core.verb:set package 'client' build argument 'catkin_cmake_args' from command line to 'None'
[3.216s] Level 5:colcon.colcon_core.verb:set package 'client' build argument 'catkin_skip_building_tests' from command line to 'False'
[3.216s] DEBUG:colcon.colcon_core.verb:Building package 'client' with the following arguments: {'ament_cmake_args': None, 'build_base': '/home/sudhindra/aruco_ws/build/client', 'catkin_cmake_args': None, 'catkin_skip_building_tests': False, 'cmake_args': None, 'cmake_clean_cache': False, 'cmake_clean_first': False, 'cmake_force_configure': False, 'cmake_target': None, 'cmake_target_skip_unavailable': False, 'install_base': '/home/sudhindra/aruco_ws/install/client', 'merge_install': False, 'path': '/home/sudhindra/aruco_ws/src/client', 'symlink_install': False, 'test_result_base': None}
[3.249s] Level 5:colcon.colcon_core.verb:set package 'server' build argument 'cmake_args' from command line to 'None'
[3.249s] Level 5:colcon.colcon_core.verb:set package 'server' build argument 'cmake_target' from command line to 'None'
[3.249s] Level 5:colcon.colcon_core.verb:set package 'server' build argument 'cmake_target_skip_unavailable' from command line to 'False'
[3.249s] Level 5:colcon.colcon_core.verb:set package 'server' build argument 'cmake_clean_cache' from command line to 'False'
[3.249s] Level 5:colcon.colcon_core.verb:set package 'server' build argument 'cmake_clean_first' from command line to 'False'
[3.249s] Level 5:colcon.colcon_core.verb:set package 'server' build argument 'cmake_force_configure' from command line to 'False'
[3.249s] Level 5:colcon.colcon_core.verb:set package 'server' build argument 'ament_cmake_args' from command line to 'None'
[3.249s] Level 5:colcon.colcon_core.verb:set package 'server' build argument 'catkin_cmake_args' from command line to 'None'
[3.249s] Level 5:colcon.colcon_core.verb:set package 'server' build argument 'catkin_skip_building_tests' from command line to 'False'
[3.249s] DEBUG:colcon.colcon_core.verb:Building package 'server' with the following arguments: {'ament_cmake_args': None, 'build_base': '/home/sudhindra/aruco_ws/build/server', 'catkin_cmake_args': None, 'catkin_skip_building_tests': False, 'cmake_args': None, 'cmake_clean_cache': False, 'cmake_clean_first': False, 'cmake_force_configure': False, 'cmake_target': None, 'cmake_target_skip_unavailable': False, 'install_base': '/home/sudhindra/aruco_ws/install/server', 'merge_install': False, 'path': '/home/sudhindra/aruco_ws/src/server', 'symlink_install': False, 'test_result_base': None}
[3.282s] INFO:colcon.colcon_core.executor:Executing jobs using 'parallel' executor
[3.316s] DEBUG:colcon.colcon_parallel_executor.executor.parallel:run_until_complete
[3.316s] INFO:colcon.colcon_ros.task.ament_cmake.build:Building ROS package in '/home/sudhindra/aruco_ws/src/custom_interfaces' with build type 'ament_cmake'
[3.316s] INFO:colcon.colcon_cmake.task.cmake.build:Building CMake package in '/home/sudhindra/aruco_ws/src/custom_interfaces'
[3.357s] INFO:colcon.colcon_core.plugin_system:Skipping extension 'colcon_core.shell.bat': Not used on non-Windows systems
[3.358s] INFO:colcon.colcon_core.shell:Skip shell extension 'powershell' for command environment: Not usable outside of PowerShell
[3.358s] DEBUG:colcon.colcon_core.shell:Skip shell extension 'dsv' for command environment
[3.575s] DEBUG:colcon.colcon_core.event_handler.log_command:Invoking command in '/home/sudhindra/aruco_ws/build/custom_interfaces': CMAKE_PREFIX_PATH=${CMAKE_PREFIX_PATH}:/home/sudhindra/aruco_ws/install/server:/home/sudhindra/aruco_ws/install/client:/home/sudhindra/practice_ws/install/test_1:/home/sudhindra/ros2_ws/install/my_robot_controller:/home/sudhindra/erc_ws/install/week1_tutorials:/home/sudhindra/erc_ws/install/week0_tutorials:/home/sudhindra/erc_ws/install/task_1:/home/sudhindra/erc_ws/install/sherlock:/home/sudhindra/erc_ws/install/mrs_hudson:/home/sudhindra/erc_ws/install/ep3:/home/sudhindra/erc_ws/install/conversation:/opt/ros/humble /usr/bin/cmake --build /home/sudhindra/aruco_ws/build/custom_interfaces -- -j4 -l4
[4.403s] DEBUG:colcon.colcon_core.event_handler.log_command:Invoked command in '/home/sudhindra/aruco_ws/build/custom_interfaces' returned '0': CMAKE_PREFIX_PATH=${CMAKE_PREFIX_PATH}:/home/sudhindra/aruco_ws/install/server:/home/sudhindra/aruco_ws/install/client:/home/sudhindra/practice_ws/install/test_1:/home/sudhindra/ros2_ws/install/my_robot_controller:/home/sudhindra/erc_ws/install/week1_tutorials:/home/sudhindra/erc_ws/install/week0_tutorials:/home/sudhindra/erc_ws/install/task_1:/home/sudhindra/erc_ws/install/sherlock:/home/sudhindra/erc_ws/install/mrs_hudson:/home/sudhindra/erc_ws/install/ep3:/home/sudhindra/erc_ws/install/conversation:/opt/ros/humble /usr/bin/cmake --build /home/sudhindra/aruco_ws/build/custom_interfaces -- -j4 -l4
[4.519s] DEBUG:colcon.colcon_core.event_handler.log_command:Invoking command in '/home/sudhindra/aruco_ws/build/custom_interfaces': CMAKE_PREFIX_PATH=${CMAKE_PREFIX_PATH}:/home/sudhindra/aruco_ws/install/server:/home/sudhindra/aruco_ws/install/client:/home/sudhindra/practice_ws/install/test_1:/home/sudhindra/ros2_ws/install/my_robot_controller:/home/sudhindra/erc_ws/install/week1_tutorials:/home/sudhindra/erc_ws/install/week0_tutorials:/home/sudhindra/erc_ws/install/task_1:/home/sudhindra/erc_ws/install/sherlock:/home/sudhindra/erc_ws/install/mrs_hudson:/home/sudhindra/erc_ws/install/ep3:/home/sudhindra/erc_ws/install/conversation:/opt/ros/humble /usr/bin/cmake --install /home/sudhindra/aruco_ws/build/custom_interfaces
[4.632s] Level 1:colcon.colcon_core.environment:create_environment_scripts_only(custom_interfaces)
[4.633s] DEBUG:colcon.colcon_core.event_handler.log_command:Invoked command in '/home/sudhindra/aruco_ws/build/custom_interfaces' returned '0': CMAKE_PREFIX_PATH=${CMAKE_PREFIX_PATH}:/home/sudhindra/aruco_ws/install/server:/home/sudhindra/aruco_ws/install/client:/home/sudhindra/practice_ws/install/test_1:/home/sudhindra/ros2_ws/install/my_robot_controller:/home/sudhindra/erc_ws/install/week1_tutorials:/home/sudhindra/erc_ws/install/week0_tutorials:/home/sudhindra/erc_ws/install/task_1:/home/sudhindra/erc_ws/install/sherlock:/home/sudhindra/erc_ws/install/mrs_hudson:/home/sudhindra/erc_ws/install/ep3:/home/sudhindra/erc_ws/install/conversation:/opt/ros/humble /usr/bin/cmake --install /home/sudhindra/aruco_ws/build/custom_interfaces
[4.671s] Level 1:colcon.colcon_core.environment:checking '/home/sudhindra/aruco_ws/install/custom_interfaces' for CMake module files
[4.672s] Level 1:colcon.colcon_core.environment:checking '/home/sudhindra/aruco_ws/install/custom_interfaces' for CMake config files
[4.672s] Level 1:colcon.colcon_core.shell:create_environment_hook('custom_interfaces', 'cmake_prefix_path')
[4.705s] INFO:colcon.colcon_core.shell:Creating environment hook '/home/sudhindra/aruco_ws/install/custom_interfaces/share/custom_interfaces/hook/cmake_prefix_path.ps1'
[4.706s] INFO:colcon.colcon_core.shell:Creating environment descriptor '/home/sudhindra/aruco_ws/install/custom_interfaces/share/custom_interfaces/hook/cmake_prefix_path.dsv'
[4.707s] INFO:colcon.colcon_core.shell:Creating environment hook '/home/sudhindra/aruco_ws/install/custom_interfaces/share/custom_interfaces/hook/cmake_prefix_path.sh'
[4.708s] Level 1:colcon.colcon_core.environment:checking '/home/sudhindra/aruco_ws/install/custom_interfaces/lib'
[4.709s] Level 1:colcon.colcon_core.shell:create_environment_hook('custom_interfaces', 'ld_library_path_lib')
[4.742s] INFO:colcon.colcon_core.shell:Creating environment hook '/home/sudhindra/aruco_ws/install/custom_interfaces/share/custom_interfaces/hook/ld_library_path_lib.ps1'
[4.743s] INFO:colcon.colcon_core.shell:Creating environment descriptor '/home/sudhindra/aruco_ws/install/custom_interfaces/share/custom_interfaces/hook/ld_library_path_lib.dsv'
[4.743s] INFO:colcon.colcon_core.shell:Creating environment hook '/home/sudhindra/aruco_ws/install/custom_interfaces/share/custom_interfaces/hook/ld_library_path_lib.sh'
[4.744s] Level 1:colcon.colcon_core.environment:checking '/home/sudhindra/aruco_ws/install/custom_interfaces/bin'
[4.744s] Level 1:colcon.colcon_core.environment:checking '/home/sudhindra/aruco_ws/install/custom_interfaces/lib/pkgconfig/custom_interfaces.pc'
[4.745s] Level 1:colcon.colcon_core.environment:checking '/home/sudhindra/aruco_ws/install/custom_interfaces/lib/python3.10/site-packages'
[4.745s] Level 1:colcon.colcon_core.environment:checking '/home/sudhindra/aruco_ws/install/custom_interfaces/bin'
[4.782s] INFO:colcon.colcon_core.shell:Creating package script '/home/sudhindra/aruco_ws/install/custom_interfaces/share/custom_interfaces/package.ps1'
[4.784s] INFO:colcon.colcon_core.shell:Creating package descriptor '/home/sudhindra/aruco_ws/install/custom_interfaces/share/custom_interfaces/package.dsv'
[4.785s] INFO:colcon.colcon_core.shell:Creating package script '/home/sudhindra/aruco_ws/install/custom_interfaces/share/custom_interfaces/package.sh'
[4.786s] INFO:colcon.colcon_core.shell:Creating package script '/home/sudhindra/aruco_ws/install/custom_interfaces/share/custom_interfaces/package.bash'
[4.787s] INFO:colcon.colcon_core.shell:Creating package script '/home/sudhindra/aruco_ws/install/custom_interfaces/share/custom_interfaces/package.zsh'
[4.789s] Level 1:colcon.colcon_core.environment:create_file_with_runtime_dependencies(/home/sudhindra/aruco_ws/install/custom_interfaces/share/colcon-core/packages/custom_interfaces)
[4.980s] Level 1:colcon.colcon_core.environment:create_environment_scripts_only(custom_interfaces)
[5.030s] Level 1:colcon.colcon_core.environment:checking '/home/sudhindra/aruco_ws/install/custom_interfaces' for CMake module files
[5.032s] Level 1:colcon.colcon_core.environment:checking '/home/sudhindra/aruco_ws/install/custom_interfaces' for CMake config files
[5.033s] Level 1:colcon.colcon_core.shell:create_environment_hook('custom_interfaces', 'cmake_prefix_path')
[5.067s] INFO:colcon.colcon_core.shell:Creating environment hook '/home/sudhindra/aruco_ws/install/custom_interfaces/share/custom_interfaces/hook/cmake_prefix_path.ps1'
[5.068s] INFO:colcon.colcon_core.shell:Creating environment descriptor '/home/sudhindra/aruco_ws/install/custom_interfaces/share/custom_interfaces/hook/cmake_prefix_path.dsv'
[5.069s] INFO:colcon.colcon_core.shell:Creating environment hook '/home/sudhindra/aruco_ws/install/custom_interfaces/share/custom_interfaces/hook/cmake_prefix_path.sh'
[5.069s] Level 1:colcon.colcon_core.environment:checking '/home/sudhindra/aruco_ws/install/custom_interfaces/lib'
[5.070s] Level 1:colcon.colcon_core.shell:create_environment_hook('custom_interfaces', 'ld_library_path_lib')
[5.103s] INFO:colcon.colcon_core.shell:Creating environment hook '/home/sudhindra/aruco_ws/install/custom_interfaces/share/custom_interfaces/hook/ld_library_path_lib.ps1'
[5.104s] INFO:colcon.colcon_core.shell:Creating environment descriptor '/home/sudhindra/aruco_ws/install/custom_interfaces/share/custom_interfaces/hook/ld_library_path_lib.dsv'
[5.105s] INFO:colcon.colcon_core.shell:Creating environment hook '/home/sudhindra/aruco_ws/install/custom_interfaces/share/custom_interfaces/hook/ld_library_path_lib.sh'
[5.105s] Level 1:colcon.colcon_core.environment:checking '/home/sudhindra/aruco_ws/install/custom_interfaces/bin'
[5.106s] Level 1:colcon.colcon_core.environment:checking '/home/sudhindra/aruco_ws/install/custom_interfaces/lib/pkgconfig/custom_interfaces.pc'
[5.106s] Level 1:colcon.colcon_core.environment:checking '/home/sudhindra/aruco_ws/install/custom_interfaces/lib/python3.10/site-packages'
[5.106s] Level 1:colcon.colcon_core.environment:checking '/home/sudhindra/aruco_ws/install/custom_interfaces/bin'
[5.140s] INFO:colcon.colcon_core.shell:Creating package script '/home/sudhindra/aruco_ws/install/custom_interfaces/share/custom_interfaces/package.ps1'
[5.141s] INFO:colcon.colcon_core.shell:Creating package descriptor '/home/sudhindra/aruco_ws/install/custom_interfaces/share/custom_interfaces/package.dsv'
[5.142s] INFO:colcon.colcon_core.shell:Creating package script '/home/sudhindra/aruco_ws/install/custom_interfaces/share/custom_interfaces/package.sh'
[5.143s] INFO:colcon.colcon_core.shell:Creating package script '/home/sudhindra/aruco_ws/install/custom_interfaces/share/custom_interfaces/package.bash'
[5.144s] INFO:colcon.colcon_core.shell:Creating package script '/home/sudhindra/aruco_ws/install/custom_interfaces/share/custom_interfaces/package.zsh'
[5.144s] Level 1:colcon.colcon_core.environment:create_file_with_runtime_dependencies(/home/sudhindra/aruco_ws/install/custom_interfaces/share/colcon-core/packages/custom_interfaces)
[5.145s] INFO:colcon.colcon_ros.task.ament_python.build:Building ROS package in '/home/sudhindra/aruco_ws/src/client' with build type 'ament_python'
[5.145s] Level 1:colcon.colcon_core.shell:create_environment_hook('client', 'ament_prefix_path')
[5.184s] INFO:colcon.colcon_core.shell:Creating environment hook '/home/sudhindra/aruco_ws/install/client/share/client/hook/ament_prefix_path.ps1'
[5.184s] INFO:colcon.colcon_core.shell:Creating environment descriptor '/home/sudhindra/aruco_ws/install/client/share/client/hook/ament_prefix_path.dsv'
[5.185s] INFO:colcon.colcon_core.shell:Creating environment hook '/home/sudhindra/aruco_ws/install/client/share/client/hook/ament_prefix_path.sh'
[5.219s] INFO:colcon.colcon_core.shell:Skip shell extension 'powershell' for command environment: Not usable outside of PowerShell
[5.219s] DEBUG:colcon.colcon_core.shell:Skip shell extension 'dsv' for command environment
[5.435s] INFO:colcon.colcon_ros.task.ament_python.build:Building ROS package in '/home/sudhindra/aruco_ws/src/server' with build type 'ament_python'
[5.436s] Level 1:colcon.colcon_core.shell:create_environment_hook('server', 'ament_prefix_path')
[5.476s] INFO:colcon.colcon_core.shell:Creating environment hook '/home/sudhindra/aruco_ws/install/server/share/server/hook/ament_prefix_path.ps1'
[5.477s] INFO:colcon.colcon_core.shell:Creating environment descriptor '/home/sudhindra/aruco_ws/install/server/share/server/hook/ament_prefix_path.dsv'
[5.477s] INFO:colcon.colcon_core.shell:Creating environment hook '/home/sudhindra/aruco_ws/install/server/share/server/hook/ament_prefix_path.sh'
[5.513s] INFO:colcon.colcon_core.shell:Skip shell extension 'powershell' for command environment: Not usable outside of PowerShell
[5.513s] DEBUG:colcon.colcon_core.shell:Skip shell extension 'dsv' for command environment
[6.429s] INFO:colcon.colcon_core.task.python.build:Building Python package in '/home/sudhindra/aruco_ws/src/client'
[6.486s] INFO:colcon.colcon_core.shell:Skip shell extension 'powershell' for command environment: Not usable outside of PowerShell
[6.486s] DEBUG:colcon.colcon_core.shell:Skip shell extension 'dsv' for command environment
[7.440s] INFO:colcon.colcon_core.task.python.build:Building Python package in '/home/sudhindra/aruco_ws/src/server'
[7.483s] INFO:colcon.colcon_core.shell:Skip shell extension 'powershell' for command environment: Not usable outside of PowerShell
[7.483s] DEBUG:colcon.colcon_core.shell:Skip shell extension 'dsv' for command environment
[8.757s] DEBUG:colcon.colcon_core.event_handler.log_command:Invoking command in '/home/sudhindra/aruco_ws/src/server': PYTHONPATH=/home/sudhindra/aruco_ws/build/server/prefix_override:/home/sudhindra/aruco_ws/install/server/lib/python3.10/site-packages:${PYTHONPATH} /usr/bin/python3 setup.py egg_info --egg-base ../../build/server build --build-base /home/sudhindra/aruco_ws/build/server/build install --record /home/sudhindra/aruco_ws/build/server/install.log --single-version-externally-managed
[9.025s] DEBUG:colcon.colcon_core.event_handler.log_command:Invoking command in '/home/sudhindra/aruco_ws/src/client': PYTHONPATH=/home/sudhindra/aruco_ws/build/client/prefix_override:/home/sudhindra/aruco_ws/install/client/lib/python3.10/site-packages:${PYTHONPATH} /usr/bin/python3 setup.py egg_info --egg-base ../../build/client build --build-base /home/sudhindra/aruco_ws/build/client/build install --record /home/sudhindra/aruco_ws/build/client/install.log --single-version-externally-managed
[9.538s] DEBUG:colcon.colcon_core.event_handler.log_command:Invoked command in '/home/sudhindra/aruco_ws/src/server' returned '0': PYTHONPATH=/home/sudhindra/aruco_ws/build/server/prefix_override:/home/sudhindra/aruco_ws/install/server/lib/python3.10/site-packages:${PYTHONPATH} /usr/bin/python3 setup.py egg_info --egg-base ../../build/server build --build-base /home/sudhindra/aruco_ws/build/server/build install --record /home/sudhindra/aruco_ws/build/server/install.log --single-version-externally-managed
[9.609s] Level 1:colcon.colcon_core.environment:checking '/home/sudhindra/aruco_ws/install/server' for CMake module files
[9.611s] Level 1:colcon.colcon_core.environment:checking '/home/sudhindra/aruco_ws/install/server' for CMake config files
[9.613s] Level 1:colcon.colcon_core.environment:checking '/home/sudhindra/aruco_ws/install/server/lib'
[9.613s] Level 1:colcon.colcon_core.environment:checking '/home/sudhindra/aruco_ws/install/server/bin'
[9.613s] Level 1:colcon.colcon_core.environment:checking '/home/sudhindra/aruco_ws/install/server/lib/pkgconfig/server.pc'
[9.614s] Level 1:colcon.colcon_core.environment:checking '/home/sudhindra/aruco_ws/install/server/lib/python3.10/site-packages'
[9.614s] Level 1:colcon.colcon_core.shell:create_environment_hook('server', 'pythonpath')
[9.684s] INFO:colcon.colcon_core.shell:Creating environment hook '/home/sudhindra/aruco_ws/install/server/share/server/hook/pythonpath.ps1'
[9.685s] INFO:colcon.colcon_core.shell:Creating environment descriptor '/home/sudhindra/aruco_ws/install/server/share/server/hook/pythonpath.dsv'
[9.687s] INFO:colcon.colcon_core.shell:Creating environment hook '/home/sudhindra/aruco_ws/install/server/share/server/hook/pythonpath.sh'
[9.689s] Level 1:colcon.colcon_core.environment:checking '/home/sudhindra/aruco_ws/install/server/bin'
[9.689s] Level 1:colcon.colcon_core.environment:create_environment_scripts_only(server)
[9.760s] INFO:colcon.colcon_core.shell:Creating package script '/home/sudhindra/aruco_ws/install/server/share/server/package.ps1'
[9.762s] INFO:colcon.colcon_core.shell:Creating package descriptor '/home/sudhindra/aruco_ws/install/server/share/server/package.dsv'
[9.763s] INFO:colcon.colcon_core.shell:Creating package script '/home/sudhindra/aruco_ws/install/server/share/server/package.sh'
[9.765s] INFO:colcon.colcon_core.shell:Creating package script '/home/sudhindra/aruco_ws/install/server/share/server/package.bash'
[9.766s] INFO:colcon.colcon_core.shell:Creating package script '/home/sudhindra/aruco_ws/install/server/share/server/package.zsh'
[9.767s] Level 1:colcon.colcon_core.environment:create_file_with_runtime_dependencies(/home/sudhindra/aruco_ws/install/server/share/colcon-core/packages/server)
[9.975s] DEBUG:colcon.colcon_core.event_handler.log_command:Invoked command in '/home/sudhindra/aruco_ws/src/client' returned '0': PYTHONPATH=/home/sudhindra/aruco_ws/build/client/prefix_override:/home/sudhindra/aruco_ws/install/client/lib/python3.10/site-packages:${PYTHONPATH} /usr/bin/python3 setup.py egg_info --egg-base ../../build/client build --build-base /home/sudhindra/aruco_ws/build/client/build install --record /home/sudhindra/aruco_ws/build/client/install.log --single-version-externally-managed
[10.012s] Level 1:colcon.colcon_core.environment:checking '/home/sudhindra/aruco_ws/install/client' for CMake module files
[10.013s] Level 1:colcon.colcon_core.environment:checking '/home/sudhindra/aruco_ws/install/client' for CMake config files
[10.014s] Level 1:colcon.colcon_core.environment:checking '/home/sudhindra/aruco_ws/install/client/lib'
[10.014s] Level 1:colcon.colcon_core.environment:checking '/home/sudhindra/aruco_ws/install/client/bin'
[10.014s] Level 1:colcon.colcon_core.environment:checking '/home/sudhindra/aruco_ws/install/client/lib/pkgconfig/client.pc'
[10.015s] Level 1:colcon.colcon_core.environment:checking '/home/sudhindra/aruco_ws/install/client/lib/python3.10/site-packages'
[10.015s] Level 1:colcon.colcon_core.shell:create_environment_hook('client', 'pythonpath')
[10.050s] INFO:colcon.colcon_core.shell:Creating environment hook '/home/sudhindra/aruco_ws/install/client/share/client/hook/pythonpath.ps1'
[10.051s] INFO:colcon.colcon_core.shell:Creating environment descriptor '/home/sudhindra/aruco_ws/install/client/share/client/hook/pythonpath.dsv'
[10.052s] INFO:colcon.colcon_core.shell:Creating environment hook '/home/sudhindra/aruco_ws/install/client/share/client/hook/pythonpath.sh'
[10.053s] Level 1:colcon.colcon_core.environment:checking '/home/sudhindra/aruco_ws/install/client/bin'
[10.053s] Level 1:colcon.colcon_core.environment:create_environment_scripts_only(client)
[10.094s] INFO:colcon.colcon_core.shell:Creating package script '/home/sudhindra/aruco_ws/install/client/share/client/package.ps1'
[10.095s] INFO:colcon.colcon_core.shell:Creating package descriptor '/home/sudhindra/aruco_ws/install/client/share/client/package.dsv'
[10.095s] INFO:colcon.colcon_core.shell:Creating package script '/home/sudhindra/aruco_ws/install/client/share/client/package.sh'
[10.096s] INFO:colcon.colcon_core.shell:Creating package script '/home/sudhindra/aruco_ws/install/client/share/client/package.bash'
[10.097s] INFO:colcon.colcon_core.shell:Creating package script '/home/sudhindra/aruco_ws/install/client/share/client/package.zsh'
[10.098s] Level 1:colcon.colcon_core.environment:create_file_with_runtime_dependencies(/home/sudhindra/aruco_ws/install/client/share/colcon-core/packages/client)
[10.099s] DEBUG:colcon.colcon_parallel_executor.executor.parallel:closing loop
[10.100s] DEBUG:colcon.colcon_parallel_executor.executor.parallel:loop closed
[10.100s] DEBUG:colcon.colcon_parallel_executor.executor.parallel:run_until_complete finished with '0'
[10.100s] DEBUG:colcon.colcon_core.event_reactor:joining thread
[10.167s] INFO:colcon.colcon_core.plugin_system:Skipping extension 'colcon_notification.desktop_notification.terminal_notifier': Not used on non-Darwin systems
[10.167s] INFO:colcon.colcon_core.plugin_system:Skipping extension 'colcon_notification.desktop_notification.win32': Not used on non-Windows systems
[10.168s] INFO:colcon.colcon_notification.desktop_notification:Sending desktop notification using 'notify2'
[10.206s] DEBUG:colcon.colcon_core.event_reactor:joined thread
[10.287s] INFO:colcon.colcon_core.shell:Creating prefix script '/home/sudhindra/aruco_ws/install/local_setup.ps1'
[10.290s] INFO:colcon.colcon_core.shell:Creating prefix util module '/home/sudhindra/aruco_ws/install/_local_setup_util_ps1.py'
[10.294s] INFO:colcon.colcon_core.shell:Creating prefix chain script '/home/sudhindra/aruco_ws/install/setup.ps1'
[10.362s] INFO:colcon.colcon_core.shell:Creating prefix script '/home/sudhindra/aruco_ws/install/local_setup.sh'
[10.364s] INFO:colcon.colcon_core.shell:Creating prefix util module '/home/sudhindra/aruco_ws/install/_local_setup_util_sh.py'
[10.366s] INFO:colcon.colcon_core.shell:Creating prefix chain script '/home/sudhindra/aruco_ws/install/setup.sh'
[10.423s] INFO:colcon.colcon_core.shell:Creating prefix script '/home/sudhindra/aruco_ws/install/local_setup.bash'
[10.425s] INFO:colcon.colcon_core.shell:Creating prefix chain script '/home/sudhindra/aruco_ws/install/setup.bash'
[10.468s] INFO:colcon.colcon_core.shell:Creating prefix script '/home/sudhindra/aruco_ws/install/local_setup.zsh'
[10.469s] INFO:colcon.colcon_core.shell:Creating prefix chain script '/home/sudhindra/aruco_ws/install/setup.zsh'
