[4.413s] Invoking command in '/home/sudhindra/aruco_ws/src/client': PYTHONPATH=/home/sudhindra/aruco_ws/build/client/prefix_override:/home/sudhindra/aruco_ws/install/client/lib/python3.10/site-packages:${PYTHONPATH} /usr/bin/python3 setup.py egg_info --egg-base ../../build/client build --build-base /home/sudhindra/aruco_ws/build/client/build install --record /home/sudhindra/aruco_ws/build/client/install.log --single-version-externally-managed
[5.396s] running egg_info
[5.398s] writing ../../build/client/client.egg-info/PKG-INFO
[5.399s] writing dependency_links to ../../build/client/client.egg-info/dependency_links.txt
[5.399s] writing entry points to ../../build/client/client.egg-info/entry_points.txt
[5.399s] writing requirements to ../../build/client/client.egg-info/requires.txt
[5.400s] writing top-level names to ../../build/client/client.egg-info/top_level.txt
[5.402s] reading manifest file '../../build/client/client.egg-info/SOURCES.txt'
[5.404s] writing manifest file '../../build/client/client.egg-info/SOURCES.txt'
[5.404s] running build
[5.405s] running build_py
[5.405s] running install
[5.405s] running install_lib
[5.408s] running install_data
[5.409s] running install_egg_info
[5.412s] removing '/home/sudhindra/aruco_ws/install/client/lib/python3.10/site-packages/client-0.0.0-py3.10.egg-info' (and everything under it)
[5.412s] Copying ../../build/client/client.egg-info to /home/sudhindra/aruco_ws/install/client/lib/python3.10/site-packages/client-0.0.0-py3.10.egg-info
[5.414s] running install_scripts
[5.452s] Installing client_execuatble script to /home/sudhindra/aruco_ws/install/client/lib/client
[5.452s] writing list of installed files to '/home/sudhindra/aruco_ws/build/client/install.log'
[5.507s] Invoked command in '/home/sudhindra/aruco_ws/src/client' returned '0': PYTHONPATH=/home/sudhindra/aruco_ws/build/client/prefix_override:/home/sudhindra/aruco_ws/install/client/lib/python3.10/site-packages:${PYTHONPATH} /usr/bin/python3 setup.py egg_info --egg-base ../../build/client build --build-base /home/sudhindra/aruco_ws/build/client/build install --record /home/sudhindra/aruco_ws/build/client/install.log --single-version-externally-managed
