[3.782s] Invoking command in '/home/sudhindra/aruco_ws/src/client': PYTHONPATH=/home/sudhindra/aruco_ws/build/client/prefix_override:/home/sudhindra/aruco_ws/install/client/lib/python3.10/site-packages:${PYTHONPATH} /usr/bin/python3 setup.py egg_info --egg-base ../../build/client build --build-base /home/sudhindra/aruco_ws/build/client/build install --record /home/sudhindra/aruco_ws/build/client/install.log --single-version-externally-managed
[4.533s] running egg_info
[4.533s] writing ../../build/client/client.egg-info/PKG-INFO
[4.534s] writing dependency_links to ../../build/client/client.egg-info/dependency_links.txt
[4.534s] writing entry points to ../../build/client/client.egg-info/entry_points.txt
[4.534s] writing requirements to ../../build/client/client.egg-info/requires.txt
[4.534s] writing top-level names to ../../build/client/client.egg-info/top_level.txt
[4.539s] reading manifest file '../../build/client/client.egg-info/SOURCES.txt'
[4.541s] writing manifest file '../../build/client/client.egg-info/SOURCES.txt'
[4.542s] running build
[4.542s] running build_py
[4.542s] running install
[4.543s] running install_lib
[4.548s] running install_data
[4.549s] running install_egg_info
[4.554s] removing '/home/sudhindra/aruco_ws/install/client/lib/python3.10/site-packages/client-0.0.0-py3.10.egg-info' (and everything under it)
[4.555s] Copying ../../build/client/client.egg-info to /home/sudhindra/aruco_ws/install/client/lib/python3.10/site-packages/client-0.0.0-py3.10.egg-info
[4.558s] running install_scripts
[4.622s] Installing client_execuatble script to /home/sudhindra/aruco_ws/install/client/lib/client
[4.623s] writing list of installed files to '/home/sudhindra/aruco_ws/build/client/install.log'
[4.695s] Invoked command in '/home/sudhindra/aruco_ws/src/client' returned '0': PYTHONPATH=/home/sudhindra/aruco_ws/build/client/prefix_override:/home/sudhindra/aruco_ws/install/client/lib/python3.10/site-packages:${PYTHONPATH} /usr/bin/python3 setup.py egg_info --egg-base ../../build/client build --build-base /home/sudhindra/aruco_ws/build/client/build install --record /home/sudhindra/aruco_ws/build/client/install.log --single-version-externally-managed
