[3.410s] Invoking command in '/home/sudhindra/aruco_ws/src/server': PYTHONPATH=/home/sudhindra/aruco_ws/build/server/prefix_override:/home/sudhindra/aruco_ws/install/server/lib/python3.10/site-packages:${PYTHONPATH} /usr/bin/python3 setup.py egg_info --egg-base ../../build/server build --build-base /home/sudhindra/aruco_ws/build/server/build install --record /home/sudhindra/aruco_ws/build/server/install.log --single-version-externally-managed
[4.342s] running egg_info
[4.344s] writing ../../build/server/server.egg-info/PKG-INFO
[4.344s] writing dependency_links to ../../build/server/server.egg-info/dependency_links.txt
[4.345s] writing entry points to ../../build/server/server.egg-info/entry_points.txt
[4.345s] writing requirements to ../../build/server/server.egg-info/requires.txt
[4.345s] writing top-level names to ../../build/server/server.egg-info/top_level.txt
[4.350s] reading manifest file '../../build/server/server.egg-info/SOURCES.txt'
[4.352s] writing manifest file '../../build/server/server.egg-info/SOURCES.txt'
[4.352s] running build
[4.352s] running build_py
[4.353s] running install
[4.353s] running install_lib
[4.357s] running install_data
[4.358s] running install_egg_info
[4.361s] removing '/home/sudhindra/aruco_ws/install/server/lib/python3.10/site-packages/server-0.0.0-py3.10.egg-info' (and everything under it)
[4.363s] Copying ../../build/server/server.egg-info to /home/sudhindra/aruco_ws/install/server/lib/python3.10/site-packages/server-0.0.0-py3.10.egg-info
[4.364s] running install_scripts
[4.403s] Installing server_executable script to /home/sudhindra/aruco_ws/install/server/lib/server
[4.404s] writing list of installed files to '/home/sudhindra/aruco_ws/build/server/install.log'
[4.455s] Invoked command in '/home/sudhindra/aruco_ws/src/server' returned '0': PYTHONPATH=/home/sudhindra/aruco_ws/build/server/prefix_override:/home/sudhindra/aruco_ws/install/server/lib/python3.10/site-packages:${PYTHONPATH} /usr/bin/python3 setup.py egg_info --egg-base ../../build/server build --build-base /home/sudhindra/aruco_ws/build/server/build install --record /home/sudhindra/aruco_ws/build/server/install.log --single-version-externally-managed
