[4.068s] Invoking command in '/home/sudhindra/aruco_ws/src/server': PYTHONPATH=/home/sudhindra/aruco_ws/build/server/prefix_override:/home/sudhindra/aruco_ws/install/server/lib/python3.10/site-packages:${PYTHONPATH} /usr/bin/python3 setup.py egg_info --egg-base ../../build/server build --build-base /home/sudhindra/aruco_ws/build/server/build install --record /home/sudhindra/aruco_ws/build/server/install.log --single-version-externally-managed
[4.628s] running egg_info
[4.629s] writing ../../build/server/server.egg-info/PKG-INFO
[4.630s] writing dependency_links to ../../build/server/server.egg-info/dependency_links.txt
[4.630s] writing entry points to ../../build/server/server.egg-info/entry_points.txt
[4.630s] writing requirements to ../../build/server/server.egg-info/requires.txt
[4.631s] writing top-level names to ../../build/server/server.egg-info/top_level.txt
[4.634s] reading manifest file '../../build/server/server.egg-info/SOURCES.txt'
[4.636s] writing manifest file '../../build/server/server.egg-info/SOURCES.txt'
[4.636s] running build
[4.637s] running build_py
[4.637s] running install
[4.638s] running install_lib
[4.641s] running install_data
[4.642s] running install_egg_info
[4.651s] removing '/home/sudhindra/aruco_ws/install/server/lib/python3.10/site-packages/server-0.0.0-py3.10.egg-info' (and everything under it)
[4.652s] Copying ../../build/server/server.egg-info to /home/sudhindra/aruco_ws/install/server/lib/python3.10/site-packages/server-0.0.0-py3.10.egg-info
[4.652s] running install_scripts
[4.694s] Installing server_executable script to /home/sudhindra/aruco_ws/install/server/lib/server
[4.694s] writing list of installed files to '/home/sudhindra/aruco_ws/build/server/install.log'
[4.762s] Invoked command in '/home/sudhindra/aruco_ws/src/server' returned '0': PYTHONPATH=/home/sudhindra/aruco_ws/build/server/prefix_override:/home/sudhindra/aruco_ws/install/server/lib/python3.10/site-packages:${PYTHONPATH} /usr/bin/python3 setup.py egg_info --egg-base ../../build/server build --build-base /home/sudhindra/aruco_ws/build/server/build install --record /home/sudhindra/aruco_ws/build/server/install.log --single-version-externally-managed
