[3.552s] Invoking command in '/home/sudhindra/aruco_ws/src/client': AMENT_PREFIX_PATH=/home/sudhindra/aruco_ws/install/custom_interfaces:${AMENT_PREFIX_PATH} CMAKE_PREFIX_PATH=/home/sudhindra/aruco_ws/install/custom_interfaces:${CMAKE_PREFIX_PATH} LD_LIBRARY_PATH=/home/sudhindra/aruco_ws/install/custom_interfaces/lib:${LD_LIBRARY_PATH} PYTHONPATH=/home/sudhindra/aruco_ws/build/client/prefix_override:/home/sudhindra/aruco_ws/install/client/lib/python3.10/site-packages:/home/sudhindra/aruco_ws/install/custom_interfaces/local/lib/python3.10/dist-packages:${PYTHONPATH} /usr/bin/python3 setup.py egg_info --egg-base ../../build/client build --build-base /home/sudhindra/aruco_ws/build/client/build install --record /home/sudhindra/aruco_ws/build/client/install.log --single-version-externally-managed
[4.108s] running egg_info
[4.109s] writing ../../build/client/client.egg-info/PKG-INFO
[4.171s] writing dependency_links to ../../build/client/client.egg-info/dependency_links.txt
[4.171s] writing entry points to ../../build/client/client.egg-info/entry_points.txt
[4.171s] writing requirements to ../../build/client/client.egg-info/requires.txt
[4.172s] writing top-level names to ../../build/client/client.egg-info/top_level.txt
[4.174s] reading manifest file '../../build/client/client.egg-info/SOURCES.txt'
[4.193s] writing manifest file '../../build/client/client.egg-info/SOURCES.txt'
[4.193s] running build
[4.193s] running build_py
[4.193s] copying client/client_member_function.py -> /home/sudhindra/aruco_ws/build/client/build/lib/client
[4.216s] running install
[4.217s] running install_lib
[4.218s] copying /home/sudhindra/aruco_ws/build/client/build/lib/client/client_member_function.py -> /home/sudhindra/aruco_ws/install/client/lib/python3.10/site-packages/client
[4.220s] byte-compiling /home/sudhindra/aruco_ws/install/client/lib/python3.10/site-packages/client/client_member_function.py to client_member_function.cpython-310.pyc
[4.221s] running install_data
[4.223s] running install_egg_info
[4.226s] removing '/home/sudhindra/aruco_ws/install/client/lib/python3.10/site-packages/client-0.0.0-py3.10.egg-info' (and everything under it)
[4.227s] Copying ../../build/client/client.egg-info to /home/sudhindra/aruco_ws/install/client/lib/python3.10/site-packages/client-0.0.0-py3.10.egg-info
[4.229s] running install_scripts
[4.266s] Installing client_execuatble script to /home/sudhindra/aruco_ws/install/client/lib/client
[4.284s] writing list of installed files to '/home/sudhindra/aruco_ws/build/client/install.log'
[4.524s] Invoked command in '/home/sudhindra/aruco_ws/src/client' returned '0': AMENT_PREFIX_PATH=/home/sudhindra/aruco_ws/install/custom_interfaces:${AMENT_PREFIX_PATH} CMAKE_PREFIX_PATH=/home/sudhindra/aruco_ws/install/custom_interfaces:${CMAKE_PREFIX_PATH} LD_LIBRARY_PATH=/home/sudhindra/aruco_ws/install/custom_interfaces/lib:${LD_LIBRARY_PATH} PYTHONPATH=/home/sudhindra/aruco_ws/build/client/prefix_override:/home/sudhindra/aruco_ws/install/client/lib/python3.10/site-packages:/home/sudhindra/aruco_ws/install/custom_interfaces/local/lib/python3.10/dist-packages:${PYTHONPATH} /usr/bin/python3 setup.py egg_info --egg-base ../../build/client build --build-base /home/sudhindra/aruco_ws/build/client/build install --record /home/sudhindra/aruco_ws/build/client/install.log --single-version-externally-managed
