[0.443s] Invoking command in '/home/sudhindra/aruco_ws/build/custom_interfaces': CMAKE_PREFIX_PATH=${CMAKE_PREFIX_PATH}:/home/sudhindra/aruco_ws/install/server:/home/sudhindra/aruco_ws/install/client:/home/sudhindra/practice_ws/install/test_1:/home/sudhindra/ros2_ws/install/my_robot_controller:/home/sudhindra/erc_ws/install/week1_tutorials:/home/sudhindra/erc_ws/install/week0_tutorials:/home/sudhindra/erc_ws/install/task_1:/home/sudhindra/erc_ws/install/sherlock:/home/sudhindra/erc_ws/install/mrs_hudson:/home/sudhindra/erc_ws/install/ep3:/home/sudhindra/erc_ws/install/conversation:/opt/ros/humble /usr/bin/cmake --build /home/sudhindra/aruco_ws/build/custom_interfaces -- -j4 -l4
[0.622s] [  9%] Built target custom_interfaces__rosidl_generator_c
[0.658s] [ 12%] Built target custom_interfaces__cpp
[0.686s] [ 12%] Built target ament_cmake_python_copy_custom_interfaces
[0.728s] [ 22%] Built target custom_interfaces__rosidl_typesupport_introspection_c
[0.730s] [ 32%] Built target custom_interfaces__rosidl_typesupport_fastrtps_c
[0.741s] [ 41%] Built target custom_interfaces__rosidl_typesupport_c
[0.813s] [ 51%] Built target custom_interfaces__rosidl_typesupport_cpp
[0.818s] [ 61%] Built target custom_interfaces__rosidl_typesupport_introspection_cpp
[0.818s] [ 70%] Built target custom_interfaces__rosidl_typesupport_fastrtps_cpp
[0.868s] [ 70%] Built target custom_interfaces
[0.916s] [ 74%] Built target custom_interfaces__py
[0.965s] [ 80%] Built target custom_interfaces__rosidl_generator_py
[1.023s] [ 87%] Built target custom_interfaces__rosidl_typesupport_introspection_c__pyext
[1.036s] [ 93%] Built target custom_interfaces__rosidl_typesupport_fastrtps_c__pyext
[1.039s] [100%] Built target custom_interfaces__rosidl_typesupport_c__pyext
[1.490s] running egg_info
[1.491s] writing custom_interfaces.egg-info/PKG-INFO
[1.491s] writing dependency_links to custom_interfaces.egg-info/dependency_links.txt
[1.492s] writing top-level names to custom_interfaces.egg-info/top_level.txt
[1.496s] reading manifest file 'custom_interfaces.egg-info/SOURCES.txt'
[1.497s] writing manifest file 'custom_interfaces.egg-info/SOURCES.txt'
[1.554s] [100%] Built target ament_cmake_python_build_custom_interfaces_egg
[1.575s] Invoked command in '/home/sudhindra/aruco_ws/build/custom_interfaces' returned '0': CMAKE_PREFIX_PATH=${CMAKE_PREFIX_PATH}:/home/sudhindra/aruco_ws/install/server:/home/sudhindra/aruco_ws/install/client:/home/sudhindra/practice_ws/install/test_1:/home/sudhindra/ros2_ws/install/my_robot_controller:/home/sudhindra/erc_ws/install/week1_tutorials:/home/sudhindra/erc_ws/install/week0_tutorials:/home/sudhindra/erc_ws/install/task_1:/home/sudhindra/erc_ws/install/sherlock:/home/sudhindra/erc_ws/install/mrs_hudson:/home/sudhindra/erc_ws/install/ep3:/home/sudhindra/erc_ws/install/conversation:/opt/ros/humble /usr/bin/cmake --build /home/sudhindra/aruco_ws/build/custom_interfaces -- -j4 -l4
[1.694s] Invoking command in '/home/sudhindra/aruco_ws/build/custom_interfaces': CMAKE_PREFIX_PATH=${CMAKE_PREFIX_PATH}:/home/sudhindra/aruco_ws/install/server:/home/sudhindra/aruco_ws/install/client:/home/sudhindra/practice_ws/install/test_1:/home/sudhindra/ros2_ws/install/my_robot_controller:/home/sudhindra/erc_ws/install/week1_tutorials:/home/sudhindra/erc_ws/install/week0_tutorials:/home/sudhindra/erc_ws/install/task_1:/home/sudhindra/erc_ws/install/sherlock:/home/sudhindra/erc_ws/install/mrs_hudson:/home/sudhindra/erc_ws/install/ep3:/home/sudhindra/erc_ws/install/conversation:/opt/ros/humble /usr/bin/cmake --install /home/sudhindra/aruco_ws/build/custom_interfaces
[1.711s] -- Install configuration: ""
[1.711s] -- Up-to-date: /home/sudhindra/aruco_ws/install/custom_interfaces/share/ament_index/resource_index/rosidl_interfaces/custom_interfaces
[1.711s] -- Up-to-date: /home/sudhindra/aruco_ws/install/custom_interfaces/include/custom_interfaces/custom_interfaces
[1.712s] -- Up-to-date: /home/sudhindra/aruco_ws/install/custom_interfaces/include/custom_interfaces/custom_interfaces/msg
[1.712s] -- Up-to-date: /home/sudhindra/aruco_ws/install/custom_interfaces/include/custom_interfaces/custom_interfaces/msg/rosidl_generator_c__visibility_control.h
[1.712s] -- Up-to-date: /home/sudhindra/aruco_ws/install/custom_interfaces/include/custom_interfaces/custom_interfaces/srv
[1.712s] -- Up-to-date: /home/sudhindra/aruco_ws/install/custom_interfaces/include/custom_interfaces/custom_interfaces/srv/video_frame.h
[1.713s] -- Up-to-date: /home/sudhindra/aruco_ws/install/custom_interfaces/include/custom_interfaces/custom_interfaces/srv/detail
[1.713s] -- Up-to-date: /home/sudhindra/aruco_ws/install/custom_interfaces/include/custom_interfaces/custom_interfaces/srv/detail/video_frame__struct.h
[1.713s] -- Up-to-date: /home/sudhindra/aruco_ws/install/custom_interfaces/include/custom_interfaces/custom_interfaces/srv/detail/video_frame__type_support.h
[1.714s] -- Up-to-date: /home/sudhindra/aruco_ws/install/custom_interfaces/include/custom_interfaces/custom_interfaces/srv/detail/video_frame__functions.c
[1.714s] -- Up-to-date: /home/sudhindra/aruco_ws/install/custom_interfaces/include/custom_interfaces/custom_interfaces/srv/detail/video_frame__functions.h
[1.714s] -- Up-to-date: /home/sudhindra/aruco_ws/install/custom_interfaces/share/custom_interfaces/environment/library_path.sh
[1.715s] -- Up-to-date: /home/sudhindra/aruco_ws/install/custom_interfaces/share/custom_interfaces/environment/library_path.dsv
[1.715s] -- Up-to-date: /home/sudhindra/aruco_ws/install/custom_interfaces/lib/libcustom_interfaces__rosidl_generator_c.so
[1.716s] -- Up-to-date: /home/sudhindra/aruco_ws/install/custom_interfaces/include/custom_interfaces/custom_interfaces
[1.716s] -- Up-to-date: /home/sudhindra/aruco_ws/install/custom_interfaces/include/custom_interfaces/custom_interfaces/msg
[1.716s] -- Up-to-date: /home/sudhindra/aruco_ws/install/custom_interfaces/include/custom_interfaces/custom_interfaces/msg/rosidl_typesupport_fastrtps_c__visibility_control.h
[1.716s] -- Up-to-date: /home/sudhindra/aruco_ws/install/custom_interfaces/include/custom_interfaces/custom_interfaces/srv
[1.717s] -- Up-to-date: /home/sudhindra/aruco_ws/install/custom_interfaces/include/custom_interfaces/custom_interfaces/srv/detail
[1.717s] -- Up-to-date: /home/sudhindra/aruco_ws/install/custom_interfaces/include/custom_interfaces/custom_interfaces/srv/detail/video_frame__rosidl_typesupport_fastrtps_c.h
[1.717s] -- Up-to-date: /home/sudhindra/aruco_ws/install/custom_interfaces/lib/libcustom_interfaces__rosidl_typesupport_fastrtps_c.so
[1.718s] -- Up-to-date: /home/sudhindra/aruco_ws/install/custom_interfaces/include/custom_interfaces/custom_interfaces
[1.718s] -- Up-to-date: /home/sudhindra/aruco_ws/install/custom_interfaces/include/custom_interfaces/custom_interfaces/srv
[1.718s] -- Up-to-date: /home/sudhindra/aruco_ws/install/custom_interfaces/include/custom_interfaces/custom_interfaces/srv/video_frame.hpp
[1.719s] -- Up-to-date: /home/sudhindra/aruco_ws/install/custom_interfaces/include/custom_interfaces/custom_interfaces/srv/detail
[1.719s] -- Up-to-date: /home/sudhindra/aruco_ws/install/custom_interfaces/include/custom_interfaces/custom_interfaces/srv/detail/video_frame__traits.hpp
[1.719s] -- Up-to-date: /home/sudhindra/aruco_ws/install/custom_interfaces/include/custom_interfaces/custom_interfaces/srv/detail/video_frame__builder.hpp
[1.719s] -- Up-to-date: /home/sudhindra/aruco_ws/install/custom_interfaces/include/custom_interfaces/custom_interfaces/srv/detail/video_frame__struct.hpp
[1.720s] -- Up-to-date: /home/sudhindra/aruco_ws/install/custom_interfaces/include/custom_interfaces/custom_interfaces
[1.720s] -- Up-to-date: /home/sudhindra/aruco_ws/install/custom_interfaces/include/custom_interfaces/custom_interfaces/msg
[1.720s] -- Up-to-date: /home/sudhindra/aruco_ws/install/custom_interfaces/include/custom_interfaces/custom_interfaces/msg/rosidl_typesupport_fastrtps_cpp__visibility_control.h
[1.721s] -- Up-to-date: /home/sudhindra/aruco_ws/install/custom_interfaces/include/custom_interfaces/custom_interfaces/srv
[1.721s] -- Up-to-date: /home/sudhindra/aruco_ws/install/custom_interfaces/include/custom_interfaces/custom_interfaces/srv/detail
[1.721s] -- Up-to-date: /home/sudhindra/aruco_ws/install/custom_interfaces/include/custom_interfaces/custom_interfaces/srv/detail/video_frame__rosidl_typesupport_fastrtps_cpp.hpp
[1.721s] -- Up-to-date: /home/sudhindra/aruco_ws/install/custom_interfaces/include/custom_interfaces/custom_interfaces/srv/detail/dds_fastrtps
[1.722s] -- Up-to-date: /home/sudhindra/aruco_ws/install/custom_interfaces/lib/libcustom_interfaces__rosidl_typesupport_fastrtps_cpp.so
[1.722s] -- Up-to-date: /home/sudhindra/aruco_ws/install/custom_interfaces/include/custom_interfaces/custom_interfaces
[1.722s] -- Up-to-date: /home/sudhindra/aruco_ws/install/custom_interfaces/include/custom_interfaces/custom_interfaces/msg
[1.723s] -- Up-to-date: /home/sudhindra/aruco_ws/install/custom_interfaces/include/custom_interfaces/custom_interfaces/msg/rosidl_typesupport_introspection_c__visibility_control.h
[1.723s] -- Up-to-date: /home/sudhindra/aruco_ws/install/custom_interfaces/include/custom_interfaces/custom_interfaces/srv
[1.723s] -- Up-to-date: /home/sudhindra/aruco_ws/install/custom_interfaces/include/custom_interfaces/custom_interfaces/srv/detail
[1.723s] -- Up-to-date: /home/sudhindra/aruco_ws/install/custom_interfaces/include/custom_interfaces/custom_interfaces/srv/detail/video_frame__rosidl_typesupport_introspection_c.h
[1.724s] -- Up-to-date: /home/sudhindra/aruco_ws/install/custom_interfaces/include/custom_interfaces/custom_interfaces/srv/detail/video_frame__type_support.c
[1.724s] -- Up-to-date: /home/sudhindra/aruco_ws/install/custom_interfaces/lib/libcustom_interfaces__rosidl_typesupport_introspection_c.so
[1.724s] -- Up-to-date: /home/sudhindra/aruco_ws/install/custom_interfaces/lib/libcustom_interfaces__rosidl_typesupport_c.so
[1.724s] -- Up-to-date: /home/sudhindra/aruco_ws/install/custom_interfaces/include/custom_interfaces/custom_interfaces
[1.724s] -- Up-to-date: /home/sudhindra/aruco_ws/install/custom_interfaces/include/custom_interfaces/custom_interfaces/srv
[1.725s] -- Up-to-date: /home/sudhindra/aruco_ws/install/custom_interfaces/include/custom_interfaces/custom_interfaces/srv/detail
[1.725s] -- Up-to-date: /home/sudhindra/aruco_ws/install/custom_interfaces/include/custom_interfaces/custom_interfaces/srv/detail/video_frame__rosidl_typesupport_introspection_cpp.hpp
[1.725s] -- Up-to-date: /home/sudhindra/aruco_ws/install/custom_interfaces/include/custom_interfaces/custom_interfaces/srv/detail/video_frame__type_support.cpp
[1.725s] -- Up-to-date: /home/sudhindra/aruco_ws/install/custom_interfaces/lib/libcustom_interfaces__rosidl_typesupport_introspection_cpp.so
[1.725s] -- Up-to-date: /home/sudhindra/aruco_ws/install/custom_interfaces/lib/libcustom_interfaces__rosidl_typesupport_cpp.so
[1.726s] -- Up-to-date: /home/sudhindra/aruco_ws/install/custom_interfaces/share/custom_interfaces/environment/pythonpath.sh
[1.726s] -- Up-to-date: /home/sudhindra/aruco_ws/install/custom_interfaces/share/custom_interfaces/environment/pythonpath.dsv
[1.726s] -- Up-to-date: /home/sudhindra/aruco_ws/install/custom_interfaces/local/lib/python3.10/dist-packages/custom_interfaces-0.0.0-py3.10.egg-info
[1.726s] -- Installing: /home/sudhindra/aruco_ws/install/custom_interfaces/local/lib/python3.10/dist-packages/custom_interfaces-0.0.0-py3.10.egg-info/top_level.txt
[1.726s] -- Installing: /home/sudhindra/aruco_ws/install/custom_interfaces/local/lib/python3.10/dist-packages/custom_interfaces-0.0.0-py3.10.egg-info/SOURCES.txt
[1.727s] -- Installing: /home/sudhindra/aruco_ws/install/custom_interfaces/local/lib/python3.10/dist-packages/custom_interfaces-0.0.0-py3.10.egg-info/PKG-INFO
[1.727s] -- Installing: /home/sudhindra/aruco_ws/install/custom_interfaces/local/lib/python3.10/dist-packages/custom_interfaces-0.0.0-py3.10.egg-info/dependency_links.txt
[1.727s] -- Up-to-date: /home/sudhindra/aruco_ws/install/custom_interfaces/local/lib/python3.10/dist-packages/custom_interfaces
[1.727s] -- Up-to-date: /home/sudhindra/aruco_ws/install/custom_interfaces/local/lib/python3.10/dist-packages/custom_interfaces/_custom_interfaces_s.ep.rosidl_typesupport_introspection_c.c
[1.727s] -- Up-to-date: /home/sudhindra/aruco_ws/install/custom_interfaces/local/lib/python3.10/dist-packages/custom_interfaces/srv
[1.728s] -- Up-to-date: /home/sudhindra/aruco_ws/install/custom_interfaces/local/lib/python3.10/dist-packages/custom_interfaces/srv/_video_frame.py
[1.728s] -- Up-to-date: /home/sudhindra/aruco_ws/install/custom_interfaces/local/lib/python3.10/dist-packages/custom_interfaces/srv/_video_frame_s.c
[1.728s] -- Up-to-date: /home/sudhindra/aruco_ws/install/custom_interfaces/local/lib/python3.10/dist-packages/custom_interfaces/srv/__init__.py
[1.728s] -- Up-to-date: /home/sudhindra/aruco_ws/install/custom_interfaces/local/lib/python3.10/dist-packages/custom_interfaces/custom_interfaces_s__rosidl_typesupport_fastrtps_c.cpython-310-x86_64-linux-gnu.so
[1.728s] -- Up-to-date: /home/sudhindra/aruco_ws/install/custom_interfaces/local/lib/python3.10/dist-packages/custom_interfaces/_custom_interfaces_s.ep.rosidl_typesupport_fastrtps_c.c
[1.729s] -- Up-to-date: /home/sudhindra/aruco_ws/install/custom_interfaces/local/lib/python3.10/dist-packages/custom_interfaces/libcustom_interfaces__rosidl_generator_py.so
[1.729s] -- Up-to-date: /home/sudhindra/aruco_ws/install/custom_interfaces/local/lib/python3.10/dist-packages/custom_interfaces/custom_interfaces_s__rosidl_typesupport_c.cpython-310-x86_64-linux-gnu.so
[1.729s] -- Up-to-date: /home/sudhindra/aruco_ws/install/custom_interfaces/local/lib/python3.10/dist-packages/custom_interfaces/_custom_interfaces_s.ep.rosidl_typesupport_c.c
[1.729s] -- Up-to-date: /home/sudhindra/aruco_ws/install/custom_interfaces/local/lib/python3.10/dist-packages/custom_interfaces/__init__.py
[1.729s] -- Up-to-date: /home/sudhindra/aruco_ws/install/custom_interfaces/local/lib/python3.10/dist-packages/custom_interfaces/custom_interfaces_s__rosidl_typesupport_introspection_c.cpython-310-x86_64-linux-gnu.so
[1.798s] Listing '/home/sudhindra/aruco_ws/install/custom_interfaces/local/lib/python3.10/dist-packages/custom_interfaces'...
[1.798s] Listing '/home/sudhindra/aruco_ws/install/custom_interfaces/local/lib/python3.10/dist-packages/custom_interfaces/srv'...
[1.806s] -- Up-to-date: /home/sudhindra/aruco_ws/install/custom_interfaces/local/lib/python3.10/dist-packages/custom_interfaces/custom_interfaces_s__rosidl_typesupport_fastrtps_c.cpython-310-x86_64-linux-gnu.so
[1.809s] -- Up-to-date: /home/sudhindra/aruco_ws/install/custom_interfaces/local/lib/python3.10/dist-packages/custom_interfaces/custom_interfaces_s__rosidl_typesupport_introspection_c.cpython-310-x86_64-linux-gnu.so
[1.812s] -- Up-to-date: /home/sudhindra/aruco_ws/install/custom_interfaces/local/lib/python3.10/dist-packages/custom_interfaces/custom_interfaces_s__rosidl_typesupport_c.cpython-310-x86_64-linux-gnu.so
[1.812s] -- Up-to-date: /home/sudhindra/aruco_ws/install/custom_interfaces/lib/libcustom_interfaces__rosidl_generator_py.so
[1.813s] -- Up-to-date: /home/sudhindra/aruco_ws/install/custom_interfaces/share/custom_interfaces/srv/VideoFrame.idl
[1.813s] -- Up-to-date: /home/sudhindra/aruco_ws/install/custom_interfaces/share/custom_interfaces/srv/VideoFrame.srv
[1.814s] -- Up-to-date: /home/sudhindra/aruco_ws/install/custom_interfaces/share/custom_interfaces/srv/VideoFrame_Request.msg
[1.814s] -- Up-to-date: /home/sudhindra/aruco_ws/install/custom_interfaces/share/custom_interfaces/srv/VideoFrame_Response.msg
[1.814s] -- Up-to-date: /home/sudhindra/aruco_ws/install/custom_interfaces/share/ament_index/resource_index/package_run_dependencies/custom_interfaces
[1.814s] -- Up-to-date: /home/sudhindra/aruco_ws/install/custom_interfaces/share/ament_index/resource_index/parent_prefix_path/custom_interfaces
[1.815s] -- Up-to-date: /home/sudhindra/aruco_ws/install/custom_interfaces/share/custom_interfaces/environment/ament_prefix_path.sh
[1.815s] -- Up-to-date: /home/sudhindra/aruco_ws/install/custom_interfaces/share/custom_interfaces/environment/ament_prefix_path.dsv
[1.815s] -- Up-to-date: /home/sudhindra/aruco_ws/install/custom_interfaces/share/custom_interfaces/environment/path.sh
[1.815s] -- Up-to-date: /home/sudhindra/aruco_ws/install/custom_interfaces/share/custom_interfaces/environment/path.dsv
[1.816s] -- Up-to-date: /home/sudhindra/aruco_ws/install/custom_interfaces/share/custom_interfaces/local_setup.bash
[1.816s] -- Up-to-date: /home/sudhindra/aruco_ws/install/custom_interfaces/share/custom_interfaces/local_setup.sh
[1.816s] -- Up-to-date: /home/sudhindra/aruco_ws/install/custom_interfaces/share/custom_interfaces/local_setup.zsh
[1.817s] -- Up-to-date: /home/sudhindra/aruco_ws/install/custom_interfaces/share/custom_interfaces/local_setup.dsv
[1.817s] -- Installing: /home/sudhindra/aruco_ws/install/custom_interfaces/share/custom_interfaces/package.dsv
[1.817s] -- Up-to-date: /home/sudhindra/aruco_ws/install/custom_interfaces/share/ament_index/resource_index/packages/custom_interfaces
[1.818s] -- Up-to-date: /home/sudhindra/aruco_ws/install/custom_interfaces/share/custom_interfaces/cmake/export_custom_interfaces__rosidl_generator_cExport.cmake
[1.818s] -- Up-to-date: /home/sudhindra/aruco_ws/install/custom_interfaces/share/custom_interfaces/cmake/export_custom_interfaces__rosidl_generator_cExport-noconfig.cmake
[1.818s] -- Up-to-date: /home/sudhindra/aruco_ws/install/custom_interfaces/share/custom_interfaces/cmake/export_custom_interfaces__rosidl_typesupport_fastrtps_cExport.cmake
[1.818s] -- Up-to-date: /home/sudhindra/aruco_ws/install/custom_interfaces/share/custom_interfaces/cmake/export_custom_interfaces__rosidl_typesupport_fastrtps_cExport-noconfig.cmake
[1.818s] -- Up-to-date: /home/sudhindra/aruco_ws/install/custom_interfaces/share/custom_interfaces/cmake/export_custom_interfaces__rosidl_generator_cppExport.cmake
[1.819s] -- Up-to-date: /home/sudhindra/aruco_ws/install/custom_interfaces/share/custom_interfaces/cmake/export_custom_interfaces__rosidl_typesupport_fastrtps_cppExport.cmake
[1.819s] -- Up-to-date: /home/sudhindra/aruco_ws/install/custom_interfaces/share/custom_interfaces/cmake/export_custom_interfaces__rosidl_typesupport_fastrtps_cppExport-noconfig.cmake
[1.819s] -- Up-to-date: /home/sudhindra/aruco_ws/install/custom_interfaces/share/custom_interfaces/cmake/custom_interfaces__rosidl_typesupport_introspection_cExport.cmake
[1.819s] -- Up-to-date: /home/sudhindra/aruco_ws/install/custom_interfaces/share/custom_interfaces/cmake/custom_interfaces__rosidl_typesupport_introspection_cExport-noconfig.cmake
[1.819s] -- Up-to-date: /home/sudhindra/aruco_ws/install/custom_interfaces/share/custom_interfaces/cmake/custom_interfaces__rosidl_typesupport_cExport.cmake
[1.820s] -- Up-to-date: /home/sudhindra/aruco_ws/install/custom_interfaces/share/custom_interfaces/cmake/custom_interfaces__rosidl_typesupport_cExport-noconfig.cmake
[1.820s] -- Up-to-date: /home/sudhindra/aruco_ws/install/custom_interfaces/share/custom_interfaces/cmake/custom_interfaces__rosidl_typesupport_introspection_cppExport.cmake
[1.820s] -- Up-to-date: /home/sudhindra/aruco_ws/install/custom_interfaces/share/custom_interfaces/cmake/custom_interfaces__rosidl_typesupport_introspection_cppExport-noconfig.cmake
[1.820s] -- Up-to-date: /home/sudhindra/aruco_ws/install/custom_interfaces/share/custom_interfaces/cmake/custom_interfaces__rosidl_typesupport_cppExport.cmake
[1.820s] -- Up-to-date: /home/sudhindra/aruco_ws/install/custom_interfaces/share/custom_interfaces/cmake/custom_interfaces__rosidl_typesupport_cppExport-noconfig.cmake
[1.821s] -- Up-to-date: /home/sudhindra/aruco_ws/install/custom_interfaces/share/custom_interfaces/cmake/export_custom_interfaces__rosidl_generator_pyExport.cmake
[1.821s] -- Up-to-date: /home/sudhindra/aruco_ws/install/custom_interfaces/share/custom_interfaces/cmake/export_custom_interfaces__rosidl_generator_pyExport-noconfig.cmake
[1.821s] -- Up-to-date: /home/sudhindra/aruco_ws/install/custom_interfaces/share/custom_interfaces/cmake/rosidl_cmake-extras.cmake
[1.821s] -- Up-to-date: /home/sudhindra/aruco_ws/install/custom_interfaces/share/custom_interfaces/cmake/ament_cmake_export_dependencies-extras.cmake
[1.821s] -- Up-to-date: /home/sudhindra/aruco_ws/install/custom_interfaces/share/custom_interfaces/cmake/ament_cmake_export_include_directories-extras.cmake
[1.822s] -- Up-to-date: /home/sudhindra/aruco_ws/install/custom_interfaces/share/custom_interfaces/cmake/ament_cmake_export_libraries-extras.cmake
[1.822s] -- Up-to-date: /home/sudhindra/aruco_ws/install/custom_interfaces/share/custom_interfaces/cmake/ament_cmake_export_targets-extras.cmake
[1.822s] -- Up-to-date: /home/sudhindra/aruco_ws/install/custom_interfaces/share/custom_interfaces/cmake/rosidl_cmake_export_typesupport_targets-extras.cmake
[1.822s] -- Up-to-date: /home/sudhindra/aruco_ws/install/custom_interfaces/share/custom_interfaces/cmake/rosidl_cmake_export_typesupport_libraries-extras.cmake
[1.823s] -- Up-to-date: /home/sudhindra/aruco_ws/install/custom_interfaces/share/custom_interfaces/cmake/custom_interfacesConfig.cmake
[1.823s] -- Up-to-date: /home/sudhindra/aruco_ws/install/custom_interfaces/share/custom_interfaces/cmake/custom_interfacesConfig-version.cmake
[1.824s] -- Up-to-date: /home/sudhindra/aruco_ws/install/custom_interfaces/share/custom_interfaces/package.xml
[1.824s] Invoked command in '/home/sudhindra/aruco_ws/build/custom_interfaces' returned '0': CMAKE_PREFIX_PATH=${CMAKE_PREFIX_PATH}:/home/sudhindra/aruco_ws/install/server:/home/sudhindra/aruco_ws/install/client:/home/sudhindra/practice_ws/install/test_1:/home/sudhindra/ros2_ws/install/my_robot_controller:/home/sudhindra/erc_ws/install/week1_tutorials:/home/sudhindra/erc_ws/install/week0_tutorials:/home/sudhindra/erc_ws/install/task_1:/home/sudhindra/erc_ws/install/sherlock:/home/sudhindra/erc_ws/install/mrs_hudson:/home/sudhindra/erc_ws/install/ep3:/home/sudhindra/erc_ws/install/conversation:/opt/ros/humble /usr/bin/cmake --install /home/sudhindra/aruco_ws/build/custom_interfaces
