running egg_info
writing ../../build/server/server.egg-info/PKG-INFO
writing dependency_links to ../../build/server/server.egg-info/dependency_links.txt
writing entry points to ../../build/server/server.egg-info/entry_points.txt
writing requirements to ../../build/server/server.egg-info/requires.txt
writing top-level names to ../../build/server/server.egg-info/top_level.txt
reading manifest file '../../build/server/server.egg-info/SOURCES.txt'
writing manifest file '../../build/server/server.egg-info/SOURCES.txt'
running build
running build_py
copying server/server_member_function.py -> /home/sudhindra/aruco_ws/build/server/build/lib/server
running install
running install_lib
copying /home/sudhindra/aruco_ws/build/server/build/lib/server/server_member_function.py -> /home/sudhindra/aruco_ws/install/server/lib/python3.10/site-packages/server
byte-compiling /home/sudhindra/aruco_ws/install/server/lib/python3.10/site-packages/server/server_member_function.py to server_member_function.cpython-310.pyc
running install_data
running install_egg_info
removing '/home/sudhindra/aruco_ws/install/server/lib/python3.10/site-packages/server-0.0.0-py3.10.egg-info' (and everything under it)
Copying ../../build/server/server.egg-info to /home/sudhindra/aruco_ws/install/server/lib/python3.10/site-packages/server-0.0.0-py3.10.egg-info
running install_scripts
Installing server_executable script to /home/sudhindra/aruco_ws/install/server/lib/server
writing list of installed files to '/home/sudhindra/aruco_ws/build/server/install.log'
