[3.082s] Invoking command in '/home/sudhindra/aruco_ws/src/client': PYTHONPATH=/home/sudhindra/aruco_ws/build/client/prefix_override:/home/sudhindra/aruco_ws/install/client/lib/python3.10/site-packages:${PYTHONPATH} /usr/bin/python3 setup.py egg_info --egg-base ../../build/client build --build-base /home/sudhindra/aruco_ws/build/client/build install --record /home/sudhindra/aruco_ws/build/client/install.log --single-version-externally-managed
[3.814s] running egg_info
[3.815s] writing ../../build/client/client.egg-info/PKG-INFO
[3.816s] writing dependency_links to ../../build/client/client.egg-info/dependency_links.txt
[3.816s] writing entry points to ../../build/client/client.egg-info/entry_points.txt
[3.816s] writing requirements to ../../build/client/client.egg-info/requires.txt
[3.817s] writing top-level names to ../../build/client/client.egg-info/top_level.txt
[3.820s] reading manifest file '../../build/client/client.egg-info/SOURCES.txt'
[3.822s] writing manifest file '../../build/client/client.egg-info/SOURCES.txt'
[3.822s] running build
[3.822s] running build_py
[3.823s] running install
[3.823s] running install_lib
[3.827s] running install_data
[3.827s] running install_egg_info
[3.835s] removing '/home/sudhindra/aruco_ws/install/client/lib/python3.10/site-packages/client-0.0.0-py3.10.egg-info' (and everything under it)
[3.835s] Copying ../../build/client/client.egg-info to /home/sudhindra/aruco_ws/install/client/lib/python3.10/site-packages/client-0.0.0-py3.10.egg-info
[3.836s] running install_scripts
[3.875s] Installing client_execuatble script to /home/sudhindra/aruco_ws/install/client/lib/client
[3.875s] writing list of installed files to '/home/sudhindra/aruco_ws/build/client/install.log'
[3.936s] Invoked command in '/home/sudhindra/aruco_ws/src/client' returned '0': PYTHONPATH=/home/sudhindra/aruco_ws/build/client/prefix_override:/home/sudhindra/aruco_ws/install/client/lib/python3.10/site-packages:${PYTHONPATH} /usr/bin/python3 setup.py egg_info --egg-base ../../build/client build --build-base /home/sudhindra/aruco_ws/build/client/build install --record /home/sudhindra/aruco_ws/build/client/install.log --single-version-externally-managed
