[4.197s] Invoking command in '/home/sudhindra/aruco_ws/src/client': PYTHONPATH=/home/sudhindra/aruco_ws/build/client/prefix_override:/home/sudhindra/aruco_ws/install/client/lib/python3.10/site-packages:${PYTHONPATH} /usr/bin/python3 setup.py egg_info --egg-base ../../build/client build --build-base /home/sudhindra/aruco_ws/build/client/build install --record /home/sudhindra/aruco_ws/build/client/install.log --single-version-externally-managed
[5.122s] running egg_info
[5.123s] writing ../../build/client/client.egg-info/PKG-INFO
[5.124s] writing dependency_links to ../../build/client/client.egg-info/dependency_links.txt
[5.130s] writing entry points to ../../build/client/client.egg-info/entry_points.txt
[5.130s] writing requirements to ../../build/client/client.egg-info/requires.txt
[5.132s] writing top-level names to ../../build/client/client.egg-info/top_level.txt
[5.132s] reading manifest file '../../build/client/client.egg-info/SOURCES.txt'
[5.133s] writing manifest file '../../build/client/client.egg-info/SOURCES.txt'
[5.133s] running build
[5.133s] running build_py
[5.134s] copying client/client_member_function.py -> /home/sudhindra/aruco_ws/build/client/build/lib/client
[5.134s] running install
[5.134s] running install_lib
[5.138s] copying /home/sudhindra/aruco_ws/build/client/build/lib/client/client_member_function.py -> /home/sudhindra/aruco_ws/install/client/lib/python3.10/site-packages/client
[5.138s] byte-compiling /home/sudhindra/aruco_ws/install/client/lib/python3.10/site-packages/client/client_member_function.py to client_member_function.cpython-310.pyc
[5.140s] running install_data
[5.142s] running install_egg_info
[5.148s] removing '/home/sudhindra/aruco_ws/install/client/lib/python3.10/site-packages/client-0.0.0-py3.10.egg-info' (and everything under it)
[5.152s] Copying ../../build/client/client.egg-info to /home/sudhindra/aruco_ws/install/client/lib/python3.10/site-packages/client-0.0.0-py3.10.egg-info
[5.160s] running install_scripts
[5.229s] Installing client_execuatble script to /home/sudhindra/aruco_ws/install/client/lib/client
[5.229s] writing list of installed files to '/home/sudhindra/aruco_ws/build/client/install.log'
[5.297s] Invoked command in '/home/sudhindra/aruco_ws/src/client' returned '0': PYTHONPATH=/home/sudhindra/aruco_ws/build/client/prefix_override:/home/sudhindra/aruco_ws/install/client/lib/python3.10/site-packages:${PYTHONPATH} /usr/bin/python3 setup.py egg_info --egg-base ../../build/client build --build-base /home/sudhindra/aruco_ws/build/client/build install --record /home/sudhindra/aruco_ws/build/client/install.log --single-version-externally-managed
