[6.600s] Invoking command in '/home/sudhindra/aruco_ws/src/server': PYTHONPATH=/home/sudhindra/aruco_ws/build/server/prefix_override:/home/sudhindra/aruco_ws/install/server/lib/python3.10/site-packages:${PYTHONPATH} /usr/bin/python3 setup.py egg_info --egg-base ../../build/server build --build-base /home/sudhindra/aruco_ws/build/server/build install --record /home/sudhindra/aruco_ws/build/server/install.log --single-version-externally-managed
[7.307s] running egg_info
[7.308s] writing ../../build/server/server.egg-info/PKG-INFO
[7.325s] writing dependency_links to ../../build/server/server.egg-info/dependency_links.txt
[7.325s] writing entry points to ../../build/server/server.egg-info/entry_points.txt
[7.325s] writing requirements to ../../build/server/server.egg-info/requires.txt
[7.325s] writing top-level names to ../../build/server/server.egg-info/top_level.txt
[7.329s] reading manifest file '../../build/server/server.egg-info/SOURCES.txt'
[7.364s] writing manifest file '../../build/server/server.egg-info/SOURCES.txt'
[7.364s] running build
[7.364s] running build_py
[7.365s] running install
[7.366s] running install_lib
[7.383s] running install_data
[7.404s] running install_egg_info
[7.408s] removing '/home/sudhindra/aruco_ws/install/server/lib/python3.10/site-packages/server-0.0.0-py3.10.egg-info' (and everything under it)
[7.409s] Copying ../../build/server/server.egg-info to /home/sudhindra/aruco_ws/install/server/lib/python3.10/site-packages/server-0.0.0-py3.10.egg-info
[7.437s] running install_scripts
[7.484s] Installing server_executable script to /home/sudhindra/aruco_ws/install/server/lib/server
[7.485s] writing list of installed files to '/home/sudhindra/aruco_ws/build/server/install.log'
[7.642s] Invoked command in '/home/sudhindra/aruco_ws/src/server' returned '0': PYTHONPATH=/home/sudhindra/aruco_ws/build/server/prefix_override:/home/sudhindra/aruco_ws/install/server/lib/python3.10/site-packages:${PYTHONPATH} /usr/bin/python3 setup.py egg_info --egg-base ../../build/server build --build-base /home/sudhindra/aruco_ws/build/server/build install --record /home/sudhindra/aruco_ws/build/server/install.log --single-version-externally-managed
