[3.228s] Invoking command in '/home/sudhindra/aruco_ws/src/client': AMENT_PREFIX_PATH=/home/sudhindra/aruco_ws/install/custom_interfaces:${AMENT_PREFIX_PATH} CMAKE_PREFIX_PATH=/home/sudhindra/aruco_ws/install/custom_interfaces:${CMAKE_PREFIX_PATH} LD_LIBRARY_PATH=/home/sudhindra/aruco_ws/install/custom_interfaces/lib:${LD_LIBRARY_PATH} PYTHONPATH=/home/sudhindra/aruco_ws/build/client/prefix_override:/home/sudhindra/aruco_ws/install/client/lib/python3.10/site-packages:/home/sudhindra/aruco_ws/install/custom_interfaces/local/lib/python3.10/dist-packages:${PYTHONPATH} /usr/bin/python3 setup.py egg_info --egg-base ../../build/client build --build-base /home/sudhindra/aruco_ws/build/client/build install --record /home/sudhindra/aruco_ws/build/client/install.log --single-version-externally-managed
[3.767s] running egg_info
[3.768s] writing ../../build/client/client.egg-info/PKG-INFO
[3.769s] writing dependency_links to ../../build/client/client.egg-info/dependency_links.txt
[3.769s] writing entry points to ../../build/client/client.egg-info/entry_points.txt
[3.769s] writing requirements to ../../build/client/client.egg-info/requires.txt
[3.770s] writing top-level names to ../../build/client/client.egg-info/top_level.txt
[3.773s] reading manifest file '../../build/client/client.egg-info/SOURCES.txt'
[3.774s] writing manifest file '../../build/client/client.egg-info/SOURCES.txt'
[3.774s] running build
[3.775s] running build_py
[3.775s] running install
[3.775s] running install_lib
[3.778s] running install_data
[3.778s] running install_egg_info
[3.782s] removing '/home/sudhindra/aruco_ws/install/client/lib/python3.10/site-packages/client-0.0.0-py3.10.egg-info' (and everything under it)
[3.783s] Copying ../../build/client/client.egg-info to /home/sudhindra/aruco_ws/install/client/lib/python3.10/site-packages/client-0.0.0-py3.10.egg-info
[3.784s] running install_scripts
[3.823s] Installing client_execuatble script to /home/sudhindra/aruco_ws/install/client/lib/client
[3.824s] writing list of installed files to '/home/sudhindra/aruco_ws/build/client/install.log'
[3.881s] Invoked command in '/home/sudhindra/aruco_ws/src/client' returned '0': AMENT_PREFIX_PATH=/home/sudhindra/aruco_ws/install/custom_interfaces:${AMENT_PREFIX_PATH} CMAKE_PREFIX_PATH=/home/sudhindra/aruco_ws/install/custom_interfaces:${CMAKE_PREFIX_PATH} LD_LIBRARY_PATH=/home/sudhindra/aruco_ws/install/custom_interfaces/lib:${LD_LIBRARY_PATH} PYTHONPATH=/home/sudhindra/aruco_ws/build/client/prefix_override:/home/sudhindra/aruco_ws/install/client/lib/python3.10/site-packages:/home/sudhindra/aruco_ws/install/custom_interfaces/local/lib/python3.10/dist-packages:${PYTHONPATH} /usr/bin/python3 setup.py egg_info --egg-base ../../build/client build --build-base /home/sudhindra/aruco_ws/build/client/build install --record /home/sudhindra/aruco_ws/build/client/install.log --single-version-externally-managed
