running egg_info
writing ../../build/client/client.egg-info/PKG-INFO
writing dependency_links to ../../build/client/client.egg-info/dependency_links.txt
writing entry points to ../../build/client/client.egg-info/entry_points.txt
writing requirements to ../../build/client/client.egg-info/requires.txt
writing top-level names to ../../build/client/client.egg-info/top_level.txt
reading manifest file '../../build/client/client.egg-info/SOURCES.txt'
writing manifest file '../../build/client/client.egg-info/SOURCES.txt'
running build
running build_py
running install
running install_lib
running install_data
running install_egg_info
removing '/home/sudhindra/aruco_ws/install/client/lib/python3.10/site-packages/client-0.0.0-py3.10.egg-info' (and everything under it)
error removing /home/sudhindra/aruco_ws/install/client/lib/python3.10/site-packages/client-0.0.0-py3.10.egg-info: [Errno 2] No such file or directory: '/home/sudhindra/aruco_ws/install/client/lib/python3.10/site-packages/client-0.0.0-py3.10.egg-info/requires.txt'
error removing /home/sudhindra/aruco_ws/install/client/lib/python3.10/site-packages/client-0.0.0-py3.10.egg-info: [Errno 2] No such file or directory: '/home/sudhindra/aruco_ws/install/client/lib/python3.10/site-packages/client-0.0.0-py3.10.egg-info/zip-safe'
error removing /home/sudhindra/aruco_ws/install/client/lib/python3.10/site-packages/client-0.0.0-py3.10.egg-info: [Errno 2] No such file or directory: '/home/sudhindra/aruco_ws/install/client/lib/python3.10/site-packages/client-0.0.0-py3.10.egg-info/PKG-INFO'
error removing /home/sudhindra/aruco_ws/install/client/lib/python3.10/site-packages/client-0.0.0-py3.10.egg-info: [Errno 2] No such file or directory: '/home/sudhindra/aruco_ws/install/client/lib/python3.10/site-packages/client-0.0.0-py3.10.egg-info/entry_points.txt'
error removing /home/sudhindra/aruco_ws/install/client/lib/python3.10/site-packages/client-0.0.0-py3.10.egg-info: [Errno 2] No such file or directory: '/home/sudhindra/aruco_ws/install/client/lib/python3.10/site-packages/client-0.0.0-py3.10.egg-info/dependency_links.txt'
error removing /home/sudhindra/aruco_ws/install/client/lib/python3.10/site-packages/client-0.0.0-py3.10.egg-info: [Errno 39] Directory not empty: '/home/sudhindra/aruco_ws/install/client/lib/python3.10/site-packages/client-0.0.0-py3.10.egg-info'
Copying ../../build/client/client.egg-info to /home/sudhindra/aruco_ws/install/client/lib/python3.10/site-packages/client-0.0.0-py3.10.egg-info
running install_scripts
Installing client_execuatble script to /home/sudhindra/aruco_ws/install/client/lib/client
writing list of installed files to '/home/sudhindra/aruco_ws/build/client/install.log'
