[6.915s] Invoking command in '/home/sudhindra/aruco_ws/src/client': AMENT_PREFIX_PATH=/home/sudhindra/aruco_ws/install/custom_interfaces:${AMENT_PREFIX_PATH} CMAKE_PREFIX_PATH=/home/sudhindra/aruco_ws/install/custom_interfaces:${CMAKE_PREFIX_PATH} LD_LIBRARY_PATH=/home/sudhindra/aruco_ws/install/custom_interfaces/lib:${LD_LIBRARY_PATH} PYTHONPATH=/home/sudhindra/aruco_ws/build/client/prefix_override:/home/sudhindra/aruco_ws/install/client/lib/python3.10/site-packages:/home/sudhindra/aruco_ws/install/custom_interfaces/local/lib/python3.10/dist-packages:${PYTHONPATH} /usr/bin/python3 setup.py egg_info --egg-base ../../build/client build --build-base /home/sudhindra/aruco_ws/build/client/build install --record /home/sudhindra/aruco_ws/build/client/install.log --single-version-externally-managed
[8.281s] running egg_info
[8.284s] writing ../../build/client/client.egg-info/PKG-INFO
[8.284s] writing dependency_links to ../../build/client/client.egg-info/dependency_links.txt
[8.285s] writing entry points to ../../build/client/client.egg-info/entry_points.txt
[8.285s] writing requirements to ../../build/client/client.egg-info/requires.txt
[8.286s] writing top-level names to ../../build/client/client.egg-info/top_level.txt
[8.290s] reading manifest file '../../build/client/client.egg-info/SOURCES.txt'
[8.330s] writing manifest file '../../build/client/client.egg-info/SOURCES.txt'
[8.330s] running build
[8.330s] running build_py
[8.337s] running install
[8.338s] running install_lib
[8.374s] running install_data
[8.376s] running install_egg_info
[8.383s] removing '/home/sudhindra/aruco_ws/install/client/lib/python3.10/site-packages/client-0.0.0-py3.10.egg-info' (and everything under it)
[8.384s] error removing /home/sudhindra/aruco_ws/install/client/lib/python3.10/site-packages/client-0.0.0-py3.10.egg-info: [Errno 2] No such file or directory: '/home/sudhindra/aruco_ws/install/client/lib/python3.10/site-packages/client-0.0.0-py3.10.egg-info/requires.txt'
[8.384s] error removing /home/sudhindra/aruco_ws/install/client/lib/python3.10/site-packages/client-0.0.0-py3.10.egg-info: [Errno 2] No such file or directory: '/home/sudhindra/aruco_ws/install/client/lib/python3.10/site-packages/client-0.0.0-py3.10.egg-info/zip-safe'
[8.385s] error removing /home/sudhindra/aruco_ws/install/client/lib/python3.10/site-packages/client-0.0.0-py3.10.egg-info: [Errno 2] No such file or directory: '/home/sudhindra/aruco_ws/install/client/lib/python3.10/site-packages/client-0.0.0-py3.10.egg-info/PKG-INFO'
[8.386s] error removing /home/sudhindra/aruco_ws/install/client/lib/python3.10/site-packages/client-0.0.0-py3.10.egg-info: [Errno 2] No such file or directory: '/home/sudhindra/aruco_ws/install/client/lib/python3.10/site-packages/client-0.0.0-py3.10.egg-info/entry_points.txt'
[8.386s] error removing /home/sudhindra/aruco_ws/install/client/lib/python3.10/site-packages/client-0.0.0-py3.10.egg-info: [Errno 2] No such file or directory: '/home/sudhindra/aruco_ws/install/client/lib/python3.10/site-packages/client-0.0.0-py3.10.egg-info/dependency_links.txt'
[8.386s] error removing /home/sudhindra/aruco_ws/install/client/lib/python3.10/site-packages/client-0.0.0-py3.10.egg-info: [Errno 39] Directory not empty: '/home/sudhindra/aruco_ws/install/client/lib/python3.10/site-packages/client-0.0.0-py3.10.egg-info'
[8.387s] Copying ../../build/client/client.egg-info to /home/sudhindra/aruco_ws/install/client/lib/python3.10/site-packages/client-0.0.0-py3.10.egg-info
[8.454s] running install_scripts
[8.537s] Installing client_execuatble script to /home/sudhindra/aruco_ws/install/client/lib/client
[8.548s] writing list of installed files to '/home/sudhindra/aruco_ws/build/client/install.log'
[8.685s] Invoked command in '/home/sudhindra/aruco_ws/src/client' returned '0': AMENT_PREFIX_PATH=/home/sudhindra/aruco_ws/install/custom_interfaces:${AMENT_PREFIX_PATH} CMAKE_PREFIX_PATH=/home/sudhindra/aruco_ws/install/custom_interfaces:${CMAKE_PREFIX_PATH} LD_LIBRARY_PATH=/home/sudhindra/aruco_ws/install/custom_interfaces/lib:${LD_LIBRARY_PATH} PYTHONPATH=/home/sudhindra/aruco_ws/build/client/prefix_override:/home/sudhindra/aruco_ws/install/client/lib/python3.10/site-packages:/home/sudhindra/aruco_ws/install/custom_interfaces/local/lib/python3.10/dist-packages:${PYTHONPATH} /usr/bin/python3 setup.py egg_info --egg-base ../../build/client build --build-base /home/sudhindra/aruco_ws/build/client/build install --record /home/sudhindra/aruco_ws/build/client/install.log --single-version-externally-managed
