[3.881s] Invoking command in '/home/sudhindra/aruco_ws/src/client': PYTHONPATH=/home/sudhindra/aruco_ws/build/client/prefix_override:/home/sudhindra/aruco_ws/install/client/lib/python3.10/site-packages:${PYTHONPATH} /usr/bin/python3 setup.py egg_info --egg-base ../../build/client build --build-base /home/sudhindra/aruco_ws/build/client/build install --record /home/sudhindra/aruco_ws/build/client/install.log --single-version-externally-managed
[7.154s] running egg_info
[7.155s] writing ../../build/client/client.egg-info/PKG-INFO
[7.155s] writing dependency_links to ../../build/client/client.egg-info/dependency_links.txt
[7.156s] writing entry points to ../../build/client/client.egg-info/entry_points.txt
[7.171s] writing requirements to ../../build/client/client.egg-info/requires.txt
[7.171s] writing top-level names to ../../build/client/client.egg-info/top_level.txt
[7.175s] reading manifest file '../../build/client/client.egg-info/SOURCES.txt'
[7.176s] writing manifest file '../../build/client/client.egg-info/SOURCES.txt'
[7.177s] running build
[7.177s] running build_py
[7.177s] running install
[7.178s] running install_lib
[7.180s] running install_data
[7.181s] running install_egg_info
[7.184s] removing '/home/sudhindra/aruco_ws/install/client/lib/python3.10/site-packages/client-0.0.0-py3.10.egg-info' (and everything under it)
[7.185s] Copying ../../build/client/client.egg-info to /home/sudhindra/aruco_ws/install/client/lib/python3.10/site-packages/client-0.0.0-py3.10.egg-info
[7.187s] running install_scripts
[7.223s] Installing client_execuatble script to /home/sudhindra/aruco_ws/install/client/lib/client
[7.224s] writing list of installed files to '/home/sudhindra/aruco_ws/build/client/install.log'
[7.278s] Invoked command in '/home/sudhindra/aruco_ws/src/client' returned '0': PYTHONPATH=/home/sudhindra/aruco_ws/build/client/prefix_override:/home/sudhindra/aruco_ws/install/client/lib/python3.10/site-packages:${PYTHONPATH} /usr/bin/python3 setup.py egg_info --egg-base ../../build/client build --build-base /home/sudhindra/aruco_ws/build/client/build install --record /home/sudhindra/aruco_ws/build/client/install.log --single-version-externally-managed
