[3.128s] Invoking command in '/home/sudhindra/aruco_ws/src/client': PYTHONPATH=/home/sudhindra/aruco_ws/build/client/prefix_override:/home/sudhindra/aruco_ws/install/client/lib/python3.10/site-packages:${PYTHONPATH} /usr/bin/python3 setup.py egg_info --egg-base ../../build/client build --build-base /home/sudhindra/aruco_ws/build/client/build install --record /home/sudhindra/aruco_ws/build/client/install.log --single-version-externally-managed
[3.968s] running egg_info
[3.971s] writing ../../build/client/client.egg-info/PKG-INFO
[3.972s] writing dependency_links to ../../build/client/client.egg-info/dependency_links.txt
[3.973s] writing entry points to ../../build/client/client.egg-info/entry_points.txt
[3.974s] writing requirements to ../../build/client/client.egg-info/requires.txt
[3.975s] writing top-level names to ../../build/client/client.egg-info/top_level.txt
[3.981s] reading manifest file '../../build/client/client.egg-info/SOURCES.txt'
[3.984s] writing manifest file '../../build/client/client.egg-info/SOURCES.txt'
[3.985s] running build
[3.985s] running build_py
[3.987s] running install
[3.988s] running install_lib
[4.005s] running install_data
[4.013s] running install_egg_info
[4.036s] removing '/home/sudhindra/aruco_ws/install/client/lib/python3.10/site-packages/client-0.0.0-py3.10.egg-info' (and everything under it)
[4.036s] Copying ../../build/client/client.egg-info to /home/sudhindra/aruco_ws/install/client/lib/python3.10/site-packages/client-0.0.0-py3.10.egg-info
[4.036s] running install_scripts
[4.130s] Installing client_execuatble script to /home/sudhindra/aruco_ws/install/client/lib/client
[4.131s] writing list of installed files to '/home/sudhindra/aruco_ws/build/client/install.log'
[4.199s] Invoked command in '/home/sudhindra/aruco_ws/src/client' returned '0': PYTHONPATH=/home/sudhindra/aruco_ws/build/client/prefix_override:/home/sudhindra/aruco_ws/install/client/lib/python3.10/site-packages:${PYTHONPATH} /usr/bin/python3 setup.py egg_info --egg-base ../../build/client build --build-base /home/sudhindra/aruco_ws/build/client/build install --record /home/sudhindra/aruco_ws/build/client/install.log --single-version-externally-managed
