[3.131s] Invoking command in '/home/sudhindra/aruco_ws/src/client': PYTHONPATH=/home/sudhindra/aruco_ws/build/client/prefix_override:/home/sudhindra/aruco_ws/install/client/lib/python3.10/site-packages:${PYTHONPATH} /usr/bin/python3 setup.py egg_info --egg-base ../../build/client build --build-base /home/sudhindra/aruco_ws/build/client/build install --record /home/sudhindra/aruco_ws/build/client/install.log --single-version-externally-managed
[3.703s] running egg_info
[3.704s] writing ../../build/client/client.egg-info/PKG-INFO
[3.704s] writing dependency_links to ../../build/client/client.egg-info/dependency_links.txt
[3.705s] writing entry points to ../../build/client/client.egg-info/entry_points.txt
[3.705s] writing requirements to ../../build/client/client.egg-info/requires.txt
[3.706s] writing top-level names to ../../build/client/client.egg-info/top_level.txt
[3.710s] reading manifest file '../../build/client/client.egg-info/SOURCES.txt'
[3.712s] writing manifest file '../../build/client/client.egg-info/SOURCES.txt'
[3.712s] running build
[3.713s] running build_py
[3.713s] copying client/client_member_function.py -> /home/sudhindra/aruco_ws/build/client/build/lib/client
[3.713s] running install
[3.714s] running install_lib
[3.716s] copying /home/sudhindra/aruco_ws/build/client/build/lib/client/client_member_function.py -> /home/sudhindra/aruco_ws/install/client/lib/python3.10/site-packages/client
[3.717s] byte-compiling /home/sudhindra/aruco_ws/install/client/lib/python3.10/site-packages/client/client_member_function.py to client_member_function.cpython-310.pyc
[3.719s] running install_data
[3.722s] running install_egg_info
[3.725s] removing '/home/sudhindra/aruco_ws/install/client/lib/python3.10/site-packages/client-0.0.0-py3.10.egg-info' (and everything under it)
[3.726s] Copying ../../build/client/client.egg-info to /home/sudhindra/aruco_ws/install/client/lib/python3.10/site-packages/client-0.0.0-py3.10.egg-info
[3.728s] running install_scripts
[3.769s] Installing client_execuatble script to /home/sudhindra/aruco_ws/install/client/lib/client
[3.770s] writing list of installed files to '/home/sudhindra/aruco_ws/build/client/install.log'
[3.943s] Invoked command in '/home/sudhindra/aruco_ws/src/client' returned '0': PYTHONPATH=/home/sudhindra/aruco_ws/build/client/prefix_override:/home/sudhindra/aruco_ws/install/client/lib/python3.10/site-packages:${PYTHONPATH} /usr/bin/python3 setup.py egg_info --egg-base ../../build/client build --build-base /home/sudhindra/aruco_ws/build/client/build install --record /home/sudhindra/aruco_ws/build/client/install.log --single-version-externally-managed
