[3.312s] DEBUG:colcon:Command line arguments: ['/usr/bin/colcon', 'build']
[3.313s] DEBUG:colcon:Parsed command line arguments: Namespace(log_base=None, log_level=None, verb_name='build', build_base='build', install_base='install', merge_install=False, symlink_install=False, test_result_base=None, continue_on_error=False, executor='parallel', parallel_workers=4, event_handlers=None, ignore_user_meta=False, metas=['./colcon.meta'], base_paths=['.'], packages_ignore=None, packages_ignore_regex=None, paths=None, packages_up_to=None, packages_up_to_regex=None, packages_above=None, packages_above_and_dependencies=None, packages_above_depth=None, packages_select_by_dep=None, packages_skip_by_dep=None, packages_skip_up_to=None, packages_select_build_failed=False, packages_skip_build_finished=False, packages_select_test_failures=False, packages_skip_test_passed=False, packages_select=None, packages_skip=None, packages_select_regex=None, packages_skip_regex=None, packages_start=None, packages_end=None, allow_overriding=[], cmake_args=None, cmake_target=None, cmake_target_skip_unavailable=False, cmake_clean_cache=False, cmake_clean_first=False, cmake_force_configure=False, ament_cmake_args=None, catkin_cmake_args=None, catkin_skip_building_tests=False, verb_parser=<colcon_defaults.argument_parser.defaults.DefaultArgumentsDecorator object at 0x7dc5b4fc8b50>, verb_extension=<colcon_core.verb.build.BuildVerb object at 0x7dc5b4f6e500>, main=<bound method BuildVerb.main of <colcon_core.verb.build.BuildVerb object at 0x7dc5b4f6e500>>)
[3.485s] Level 1:colcon.colcon_core.package_discovery:discover_packages(colcon_meta) check parameters
[3.485s] Level 1:colcon.colcon_core.package_discovery:discover_packages(recursive) check parameters
[3.485s] Level 1:colcon.colcon_core.package_discovery:discover_packages(ignore) check parameters
[3.485s] Level 1:colcon.colcon_core.package_discovery:discover_packages(path) check parameters
[3.485s] Level 1:colcon.colcon_core.package_discovery:discover_packages(colcon_meta) discover
[3.486s] Level 1:colcon.colcon_core.package_discovery:discover_packages(recursive) discover
[3.486s] INFO:colcon.colcon_core.package_discovery:Crawling recursively for packages in '/home/sudhindra/aruco_ws'
[3.486s] Level 1:colcon.colcon_core.package_identification:_identify(.) by extensions ['ignore', 'ignore_ament_install']
[3.486s] Level 1:colcon.colcon_core.package_identification:_identify(.) by extension 'ignore'
[3.487s] Level 1:colcon.colcon_core.package_identification:_identify(.) by extension 'ignore_ament_install'
[3.487s] Level 1:colcon.colcon_core.package_identification:_identify(.) by extensions ['colcon_pkg']
[3.487s] Level 1:colcon.colcon_core.package_identification:_identify(.) by extension 'colcon_pkg'
[3.487s] Level 1:colcon.colcon_core.package_identification:_identify(.) by extensions ['colcon_meta']
[3.487s] Level 1:colcon.colcon_core.package_identification:_identify(.) by extension 'colcon_meta'
[3.487s] Level 1:colcon.colcon_core.package_identification:_identify(.) by extensions ['ros']
[3.487s] Level 1:colcon.colcon_core.package_identification:_identify(.) by extension 'ros'
[3.521s] Level 1:colcon.colcon_core.package_identification:_identify(.) by extensions ['cmake', 'python']
[3.521s] Level 1:colcon.colcon_core.package_identification:_identify(.) by extension 'cmake'
[3.522s] Level 1:colcon.colcon_core.package_identification:_identify(.) by extension 'python'
[3.522s] Level 1:colcon.colcon_core.package_identification:_identify(.) by extensions ['python_setup_py']
[3.522s] Level 1:colcon.colcon_core.package_identification:_identify(.) by extension 'python_setup_py'
[3.522s] Level 1:colcon.colcon_core.package_identification:_identify(build) by extensions ['ignore', 'ignore_ament_install']
[3.522s] Level 1:colcon.colcon_core.package_identification:_identify(build) by extension 'ignore'
[3.523s] Level 1:colcon.colcon_core.package_identification:_identify(build) ignored
[3.523s] Level 1:colcon.colcon_core.package_identification:_identify(install) by extensions ['ignore', 'ignore_ament_install']
[3.523s] Level 1:colcon.colcon_core.package_identification:_identify(install) by extension 'ignore'
[3.523s] Level 1:colcon.colcon_core.package_identification:_identify(install) ignored
[3.524s] Level 1:colcon.colcon_core.package_identification:_identify(log) by extensions ['ignore', 'ignore_ament_install']
[3.524s] Level 1:colcon.colcon_core.package_identification:_identify(log) by extension 'ignore'
[3.524s] Level 1:colcon.colcon_core.package_identification:_identify(log) ignored
[3.524s] Level 1:colcon.colcon_core.package_identification:_identify(src) by extensions ['ignore', 'ignore_ament_install']
[3.525s] Level 1:colcon.colcon_core.package_identification:_identify(src) by extension 'ignore'
[3.525s] Level 1:colcon.colcon_core.package_identification:_identify(src) by extension 'ignore_ament_install'
[3.525s] Level 1:colcon.colcon_core.package_identification:_identify(src) by extensions ['colcon_pkg']
[3.525s] Level 1:colcon.colcon_core.package_identification:_identify(src) by extension 'colcon_pkg'
[3.525s] Level 1:colcon.colcon_core.package_identification:_identify(src) by extensions ['colcon_meta']
[3.525s] Level 1:colcon.colcon_core.package_identification:_identify(src) by extension 'colcon_meta'
[3.526s] Level 1:colcon.colcon_core.package_identification:_identify(src) by extensions ['ros']
[3.526s] Level 1:colcon.colcon_core.package_identification:_identify(src) by extension 'ros'
[3.526s] Level 1:colcon.colcon_core.package_identification:_identify(src) by extensions ['cmake', 'python']
[3.526s] Level 1:colcon.colcon_core.package_identification:_identify(src) by extension 'cmake'
[3.526s] Level 1:colcon.colcon_core.package_identification:_identify(src) by extension 'python'
[3.526s] Level 1:colcon.colcon_core.package_identification:_identify(src) by extensions ['python_setup_py']
[3.527s] Level 1:colcon.colcon_core.package_identification:_identify(src) by extension 'python_setup_py'
[3.527s] Level 1:colcon.colcon_core.package_identification:_identify(src/client) by extensions ['ignore', 'ignore_ament_install']
[3.527s] Level 1:colcon.colcon_core.package_identification:_identify(src/client) by extension 'ignore'
[3.527s] Level 1:colcon.colcon_core.package_identification:_identify(src/client) by extension 'ignore_ament_install'
[3.528s] Level 1:colcon.colcon_core.package_identification:_identify(src/client) by extensions ['colcon_pkg']
[3.528s] Level 1:colcon.colcon_core.package_identification:_identify(src/client) by extension 'colcon_pkg'
[3.528s] Level 1:colcon.colcon_core.package_identification:_identify(src/client) by extensions ['colcon_meta']
[3.528s] Level 1:colcon.colcon_core.package_identification:_identify(src/client) by extension 'colcon_meta'
[3.528s] Level 1:colcon.colcon_core.package_identification:_identify(src/client) by extensions ['ros']
[3.528s] Level 1:colcon.colcon_core.package_identification:_identify(src/client) by extension 'ros'
[3.537s] DEBUG:colcon.colcon_core.package_identification:Package 'src/client' with type 'ros.ament_python' and name 'client'
[3.537s] Level 1:colcon.colcon_core.package_identification:_identify(src/custom_interfaces) by extensions ['ignore', 'ignore_ament_install']
[3.537s] Level 1:colcon.colcon_core.package_identification:_identify(src/custom_interfaces) by extension 'ignore'
[3.538s] Level 1:colcon.colcon_core.package_identification:_identify(src/custom_interfaces) by extension 'ignore_ament_install'
[3.538s] Level 1:colcon.colcon_core.package_identification:_identify(src/custom_interfaces) by extensions ['colcon_pkg']
[3.538s] Level 1:colcon.colcon_core.package_identification:_identify(src/custom_interfaces) by extension 'colcon_pkg'
[3.538s] Level 1:colcon.colcon_core.package_identification:_identify(src/custom_interfaces) by extensions ['colcon_meta']
[3.538s] Level 1:colcon.colcon_core.package_identification:_identify(src/custom_interfaces) by extension 'colcon_meta'
[3.539s] Level 1:colcon.colcon_core.package_identification:_identify(src/custom_interfaces) by extensions ['ros']
[3.539s] Level 1:colcon.colcon_core.package_identification:_identify(src/custom_interfaces) by extension 'ros'
[3.541s] DEBUG:colcon.colcon_core.package_identification:Package 'src/custom_interfaces' with type 'ros.ament_cmake' and name 'custom_interfaces'
[3.541s] Level 1:colcon.colcon_core.package_identification:_identify(src/server) by extensions ['ignore', 'ignore_ament_install']
[3.541s] Level 1:colcon.colcon_core.package_identification:_identify(src/server) by extension 'ignore'
[3.542s] Level 1:colcon.colcon_core.package_identification:_identify(src/server) by extension 'ignore_ament_install'
[3.542s] Level 1:colcon.colcon_core.package_identification:_identify(src/server) by extensions ['colcon_pkg']
[3.542s] Level 1:colcon.colcon_core.package_identification:_identify(src/server) by extension 'colcon_pkg'
[3.542s] Level 1:colcon.colcon_core.package_identification:_identify(src/server) by extensions ['colcon_meta']
[3.542s] Level 1:colcon.colcon_core.package_identification:_identify(src/server) by extension 'colcon_meta'
[3.542s] Level 1:colcon.colcon_core.package_identification:_identify(src/server) by extensions ['ros']
[3.542s] Level 1:colcon.colcon_core.package_identification:_identify(src/server) by extension 'ros'
[3.544s] DEBUG:colcon.colcon_core.package_identification:Package 'src/server' with type 'ros.ament_python' and name 'server'
[3.544s] Level 1:colcon.colcon_core.package_discovery:discover_packages(recursive) using defaults
[3.544s] Level 1:colcon.colcon_core.package_discovery:discover_packages(ignore) discover
[3.544s] Level 1:colcon.colcon_core.package_discovery:discover_packages(ignore) using defaults
[3.545s] Level 1:colcon.colcon_core.package_discovery:discover_packages(path) discover
[3.545s] Level 1:colcon.colcon_core.package_discovery:discover_packages(path) using defaults
[3.846s] Level 1:colcon.colcon_core.package_discovery:discover_packages(prefix_path) check parameters
[3.846s] Level 1:colcon.colcon_core.package_discovery:discover_packages(prefix_path) discover
[3.915s] DEBUG:colcon.colcon_installed_package_information.package_discovery:Found 8 installed packages in /home/sudhindra/erc_ws/install
[3.953s] DEBUG:colcon.colcon_installed_package_information.package_discovery:Found 2 installed packages in /home/sudhindra/ros2_ws/install
[4.003s] DEBUG:colcon.colcon_installed_package_information.package_discovery:Found 1 installed packages in /home/sudhindra/practice_ws/install
[4.040s] DEBUG:colcon.colcon_installed_package_information.package_discovery:Found 284 installed packages in /opt/ros/humble
[4.042s] Level 1:colcon.colcon_core.package_discovery:discover_packages(prefix_path) using defaults
[4.296s] Level 5:colcon.colcon_core.verb:set package 'custom_interfaces' build argument 'cmake_args' from command line to 'None'
[4.296s] Level 5:colcon.colcon_core.verb:set package 'custom_interfaces' build argument 'cmake_target' from command line to 'None'
[4.296s] Level 5:colcon.colcon_core.verb:set package 'custom_interfaces' build argument 'cmake_target_skip_unavailable' from command line to 'False'
[4.296s] Level 5:colcon.colcon_core.verb:set package 'custom_interfaces' build argument 'cmake_clean_cache' from command line to 'False'
[4.296s] Level 5:colcon.colcon_core.verb:set package 'custom_interfaces' build argument 'cmake_clean_first' from command line to 'False'
[4.296s] Level 5:colcon.colcon_core.verb:set package 'custom_interfaces' build argument 'cmake_force_configure' from command line to 'False'
[4.296s] Level 5:colcon.colcon_core.verb:set package 'custom_interfaces' build argument 'ament_cmake_args' from command line to 'None'
[4.296s] Level 5:colcon.colcon_core.verb:set package 'custom_interfaces' build argument 'catkin_cmake_args' from command line to 'None'
[4.297s] Level 5:colcon.colcon_core.verb:set package 'custom_interfaces' build argument 'catkin_skip_building_tests' from command line to 'False'
[4.297s] DEBUG:colcon.colcon_core.verb:Building package 'custom_interfaces' with the following arguments: {'ament_cmake_args': None, 'build_base': '/home/sudhindra/aruco_ws/build/custom_interfaces', 'catkin_cmake_args': None, 'catkin_skip_building_tests': False, 'cmake_args': None, 'cmake_clean_cache': False, 'cmake_clean_first': False, 'cmake_force_configure': False, 'cmake_target': None, 'cmake_target_skip_unavailable': False, 'install_base': '/home/sudhindra/aruco_ws/install/custom_interfaces', 'merge_install': False, 'path': '/home/sudhindra/aruco_ws/src/custom_interfaces', 'symlink_install': False, 'test_result_base': None}
[4.358s] Level 5:colcon.colcon_core.verb:set package 'client' build argument 'cmake_args' from command line to 'None'
[4.358s] Level 5:colcon.colcon_core.verb:set package 'client' build argument 'cmake_target' from command line to 'None'
[4.358s] Level 5:colcon.colcon_core.verb:set package 'client' build argument 'cmake_target_skip_unavailable' from command line to 'False'
[4.359s] Level 5:colcon.colcon_core.verb:set package 'client' build argument 'cmake_clean_cache' from command line to 'False'
[4.359s] Level 5:colcon.colcon_core.verb:set package 'client' build argument 'cmake_clean_first' from command line to 'False'
[4.359s] Level 5:colcon.colcon_core.verb:set package 'client' build argument 'cmake_force_configure' from command line to 'False'
[4.359s] Level 5:colcon.colcon_core.verb:set package 'client' build argument 'ament_cmake_args' from command line to 'None'
[4.359s] Level 5:colcon.colcon_core.verb:set package 'client' build argument 'catkin_cmake_args' from command line to 'None'
[4.359s] Level 5:colcon.colcon_core.verb:set package 'client' build argument 'catkin_skip_building_tests' from command line to 'False'
[4.359s] DEBUG:colcon.colcon_core.verb:Building package 'client' with the following arguments: {'ament_cmake_args': None, 'build_base': '/home/sudhindra/aruco_ws/build/client', 'catkin_cmake_args': None, 'catkin_skip_building_tests': False, 'cmake_args': None, 'cmake_clean_cache': False, 'cmake_clean_first': False, 'cmake_force_configure': False, 'cmake_target': None, 'cmake_target_skip_unavailable': False, 'install_base': '/home/sudhindra/aruco_ws/install/client', 'merge_install': False, 'path': '/home/sudhindra/aruco_ws/src/client', 'symlink_install': False, 'test_result_base': None}
[4.397s] Level 5:colcon.colcon_core.verb:set package 'server' build argument 'cmake_args' from command line to 'None'
[4.397s] Level 5:colcon.colcon_core.verb:set package 'server' build argument 'cmake_target' from command line to 'None'
[4.397s] Level 5:colcon.colcon_core.verb:set package 'server' build argument 'cmake_target_skip_unavailable' from command line to 'False'
[4.397s] Level 5:colcon.colcon_core.verb:set package 'server' build argument 'cmake_clean_cache' from command line to 'False'
[4.397s] Level 5:colcon.colcon_core.verb:set package 'server' build argument 'cmake_clean_first' from command line to 'False'
[4.397s] Level 5:colcon.colcon_core.verb:set package 'server' build argument 'cmake_force_configure' from command line to 'False'
[4.397s] Level 5:colcon.colcon_core.verb:set package 'server' build argument 'ament_cmake_args' from command line to 'None'
[4.397s] Level 5:colcon.colcon_core.verb:set package 'server' build argument 'catkin_cmake_args' from command line to 'None'
[4.397s] Level 5:colcon.colcon_core.verb:set package 'server' build argument 'catkin_skip_building_tests' from command line to 'False'
[4.398s] DEBUG:colcon.colcon_core.verb:Building package 'server' with the following arguments: {'ament_cmake_args': None, 'build_base': '/home/sudhindra/aruco_ws/build/server', 'catkin_cmake_args': None, 'catkin_skip_building_tests': False, 'cmake_args': None, 'cmake_clean_cache': False, 'cmake_clean_first': False, 'cmake_force_configure': False, 'cmake_target': None, 'cmake_target_skip_unavailable': False, 'install_base': '/home/sudhindra/aruco_ws/install/server', 'merge_install': False, 'path': '/home/sudhindra/aruco_ws/src/server', 'symlink_install': False, 'test_result_base': None}
[4.431s] INFO:colcon.colcon_core.executor:Executing jobs using 'parallel' executor
[4.469s] DEBUG:colcon.colcon_parallel_executor.executor.parallel:run_until_complete
[4.469s] INFO:colcon.colcon_ros.task.ament_cmake.build:Building ROS package in '/home/sudhindra/aruco_ws/src/custom_interfaces' with build type 'ament_cmake'
[4.470s] INFO:colcon.colcon_cmake.task.cmake.build:Building CMake package in '/home/sudhindra/aruco_ws/src/custom_interfaces'
[4.508s] INFO:colcon.colcon_core.plugin_system:Skipping extension 'colcon_core.shell.bat': Not used on non-Windows systems
[4.509s] INFO:colcon.colcon_core.shell:Skip shell extension 'powershell' for command environment: Not usable outside of PowerShell
[4.509s] DEBUG:colcon.colcon_core.shell:Skip shell extension 'dsv' for command environment
[4.701s] DEBUG:colcon.colcon_core.event_handler.log_command:Invoking command in '/home/sudhindra/aruco_ws/build/custom_interfaces': CMAKE_PREFIX_PATH=${CMAKE_PREFIX_PATH}:/home/sudhindra/practice_ws/install/test_1:/home/sudhindra/ros2_ws/install/my_robot_controller:/home/sudhindra/erc_ws/install/week1_tutorials:/home/sudhindra/erc_ws/install/week0_tutorials:/home/sudhindra/erc_ws/install/task_1:/home/sudhindra/erc_ws/install/sherlock:/home/sudhindra/erc_ws/install/mrs_hudson:/home/sudhindra/erc_ws/install/ep3:/home/sudhindra/erc_ws/install/conversation:/opt/ros/humble /usr/bin/cmake --build /home/sudhindra/aruco_ws/build/custom_interfaces -- -j4 -l4
[5.909s] DEBUG:colcon.colcon_core.event_handler.log_command:Invoked command in '/home/sudhindra/aruco_ws/build/custom_interfaces' returned '0': CMAKE_PREFIX_PATH=${CMAKE_PREFIX_PATH}:/home/sudhindra/practice_ws/install/test_1:/home/sudhindra/ros2_ws/install/my_robot_controller:/home/sudhindra/erc_ws/install/week1_tutorials:/home/sudhindra/erc_ws/install/week0_tutorials:/home/sudhindra/erc_ws/install/task_1:/home/sudhindra/erc_ws/install/sherlock:/home/sudhindra/erc_ws/install/mrs_hudson:/home/sudhindra/erc_ws/install/ep3:/home/sudhindra/erc_ws/install/conversation:/opt/ros/humble /usr/bin/cmake --build /home/sudhindra/aruco_ws/build/custom_interfaces -- -j4 -l4
[6.075s] DEBUG:colcon.colcon_core.event_handler.log_command:Invoking command in '/home/sudhindra/aruco_ws/build/custom_interfaces': CMAKE_PREFIX_PATH=${CMAKE_PREFIX_PATH}:/home/sudhindra/practice_ws/install/test_1:/home/sudhindra/ros2_ws/install/my_robot_controller:/home/sudhindra/erc_ws/install/week1_tutorials:/home/sudhindra/erc_ws/install/week0_tutorials:/home/sudhindra/erc_ws/install/task_1:/home/sudhindra/erc_ws/install/sherlock:/home/sudhindra/erc_ws/install/mrs_hudson:/home/sudhindra/erc_ws/install/ep3:/home/sudhindra/erc_ws/install/conversation:/opt/ros/humble /usr/bin/cmake --install /home/sudhindra/aruco_ws/build/custom_interfaces
[6.207s] Level 1:colcon.colcon_core.environment:create_environment_scripts_only(custom_interfaces)
[6.211s] DEBUG:colcon.colcon_core.event_handler.log_command:Invoked command in '/home/sudhindra/aruco_ws/build/custom_interfaces' returned '0': CMAKE_PREFIX_PATH=${CMAKE_PREFIX_PATH}:/home/sudhindra/practice_ws/install/test_1:/home/sudhindra/ros2_ws/install/my_robot_controller:/home/sudhindra/erc_ws/install/week1_tutorials:/home/sudhindra/erc_ws/install/week0_tutorials:/home/sudhindra/erc_ws/install/task_1:/home/sudhindra/erc_ws/install/sherlock:/home/sudhindra/erc_ws/install/mrs_hudson:/home/sudhindra/erc_ws/install/ep3:/home/sudhindra/erc_ws/install/conversation:/opt/ros/humble /usr/bin/cmake --install /home/sudhindra/aruco_ws/build/custom_interfaces
[6.255s] Level 1:colcon.colcon_core.environment:checking '/home/sudhindra/aruco_ws/install/custom_interfaces' for CMake module files
[6.256s] Level 1:colcon.colcon_core.environment:checking '/home/sudhindra/aruco_ws/install/custom_interfaces' for CMake config files
[6.257s] Level 1:colcon.colcon_core.shell:create_environment_hook('custom_interfaces', 'cmake_prefix_path')
[6.291s] INFO:colcon.colcon_core.shell:Creating environment hook '/home/sudhindra/aruco_ws/install/custom_interfaces/share/custom_interfaces/hook/cmake_prefix_path.ps1'
[6.292s] INFO:colcon.colcon_core.shell:Creating environment descriptor '/home/sudhindra/aruco_ws/install/custom_interfaces/share/custom_interfaces/hook/cmake_prefix_path.dsv'
[6.293s] INFO:colcon.colcon_core.shell:Creating environment hook '/home/sudhindra/aruco_ws/install/custom_interfaces/share/custom_interfaces/hook/cmake_prefix_path.sh'
[6.294s] Level 1:colcon.colcon_core.environment:checking '/home/sudhindra/aruco_ws/install/custom_interfaces/lib'
[6.294s] Level 1:colcon.colcon_core.shell:create_environment_hook('custom_interfaces', 'ld_library_path_lib')
[6.330s] INFO:colcon.colcon_core.shell:Creating environment hook '/home/sudhindra/aruco_ws/install/custom_interfaces/share/custom_interfaces/hook/ld_library_path_lib.ps1'
[6.332s] INFO:colcon.colcon_core.shell:Creating environment descriptor '/home/sudhindra/aruco_ws/install/custom_interfaces/share/custom_interfaces/hook/ld_library_path_lib.dsv'
[6.332s] INFO:colcon.colcon_core.shell:Creating environment hook '/home/sudhindra/aruco_ws/install/custom_interfaces/share/custom_interfaces/hook/ld_library_path_lib.sh'
[6.333s] Level 1:colcon.colcon_core.environment:checking '/home/sudhindra/aruco_ws/install/custom_interfaces/bin'
[6.333s] Level 1:colcon.colcon_core.environment:checking '/home/sudhindra/aruco_ws/install/custom_interfaces/lib/pkgconfig/custom_interfaces.pc'
[6.333s] Level 1:colcon.colcon_core.environment:checking '/home/sudhindra/aruco_ws/install/custom_interfaces/lib/python3.10/site-packages'
[6.334s] Level 1:colcon.colcon_core.environment:checking '/home/sudhindra/aruco_ws/install/custom_interfaces/bin'
[6.368s] INFO:colcon.colcon_core.shell:Creating package script '/home/sudhindra/aruco_ws/install/custom_interfaces/share/custom_interfaces/package.ps1'
[6.370s] INFO:colcon.colcon_core.shell:Creating package descriptor '/home/sudhindra/aruco_ws/install/custom_interfaces/share/custom_interfaces/package.dsv'
[6.371s] INFO:colcon.colcon_core.shell:Creating package script '/home/sudhindra/aruco_ws/install/custom_interfaces/share/custom_interfaces/package.sh'
[6.372s] INFO:colcon.colcon_core.shell:Creating package script '/home/sudhindra/aruco_ws/install/custom_interfaces/share/custom_interfaces/package.bash'
[6.373s] INFO:colcon.colcon_core.shell:Creating package script '/home/sudhindra/aruco_ws/install/custom_interfaces/share/custom_interfaces/package.zsh'
[6.375s] Level 1:colcon.colcon_core.environment:create_file_with_runtime_dependencies(/home/sudhindra/aruco_ws/install/custom_interfaces/share/colcon-core/packages/custom_interfaces)
[6.580s] Level 1:colcon.colcon_core.environment:create_environment_scripts_only(custom_interfaces)
[6.643s] Level 1:colcon.colcon_core.environment:checking '/home/sudhindra/aruco_ws/install/custom_interfaces' for CMake module files
[6.645s] Level 1:colcon.colcon_core.environment:checking '/home/sudhindra/aruco_ws/install/custom_interfaces' for CMake config files
[6.646s] Level 1:colcon.colcon_core.shell:create_environment_hook('custom_interfaces', 'cmake_prefix_path')
[6.709s] INFO:colcon.colcon_core.shell:Creating environment hook '/home/sudhindra/aruco_ws/install/custom_interfaces/share/custom_interfaces/hook/cmake_prefix_path.ps1'
[6.710s] INFO:colcon.colcon_core.shell:Creating environment descriptor '/home/sudhindra/aruco_ws/install/custom_interfaces/share/custom_interfaces/hook/cmake_prefix_path.dsv'
[6.711s] INFO:colcon.colcon_core.shell:Creating environment hook '/home/sudhindra/aruco_ws/install/custom_interfaces/share/custom_interfaces/hook/cmake_prefix_path.sh'
[6.713s] Level 1:colcon.colcon_core.environment:checking '/home/sudhindra/aruco_ws/install/custom_interfaces/lib'
[6.713s] Level 1:colcon.colcon_core.shell:create_environment_hook('custom_interfaces', 'ld_library_path_lib')
[6.775s] INFO:colcon.colcon_core.shell:Creating environment hook '/home/sudhindra/aruco_ws/install/custom_interfaces/share/custom_interfaces/hook/ld_library_path_lib.ps1'
[6.776s] INFO:colcon.colcon_core.shell:Creating environment descriptor '/home/sudhindra/aruco_ws/install/custom_interfaces/share/custom_interfaces/hook/ld_library_path_lib.dsv'
[6.777s] INFO:colcon.colcon_core.shell:Creating environment hook '/home/sudhindra/aruco_ws/install/custom_interfaces/share/custom_interfaces/hook/ld_library_path_lib.sh'
[6.778s] Level 1:colcon.colcon_core.environment:checking '/home/sudhindra/aruco_ws/install/custom_interfaces/bin'
[6.778s] Level 1:colcon.colcon_core.environment:checking '/home/sudhindra/aruco_ws/install/custom_interfaces/lib/pkgconfig/custom_interfaces.pc'
[6.778s] Level 1:colcon.colcon_core.environment:checking '/home/sudhindra/aruco_ws/install/custom_interfaces/lib/python3.10/site-packages'
[6.779s] Level 1:colcon.colcon_core.environment:checking '/home/sudhindra/aruco_ws/install/custom_interfaces/bin'
[6.816s] INFO:colcon.colcon_core.shell:Creating package script '/home/sudhindra/aruco_ws/install/custom_interfaces/share/custom_interfaces/package.ps1'
[6.817s] INFO:colcon.colcon_core.shell:Creating package descriptor '/home/sudhindra/aruco_ws/install/custom_interfaces/share/custom_interfaces/package.dsv'
[6.818s] INFO:colcon.colcon_core.shell:Creating package script '/home/sudhindra/aruco_ws/install/custom_interfaces/share/custom_interfaces/package.sh'
[6.819s] INFO:colcon.colcon_core.shell:Creating package script '/home/sudhindra/aruco_ws/install/custom_interfaces/share/custom_interfaces/package.bash'
[6.820s] INFO:colcon.colcon_core.shell:Creating package script '/home/sudhindra/aruco_ws/install/custom_interfaces/share/custom_interfaces/package.zsh'
[6.821s] Level 1:colcon.colcon_core.environment:create_file_with_runtime_dependencies(/home/sudhindra/aruco_ws/install/custom_interfaces/share/colcon-core/packages/custom_interfaces)
[6.821s] INFO:colcon.colcon_ros.task.ament_python.build:Building ROS package in '/home/sudhindra/aruco_ws/src/client' with build type 'ament_python'
[6.822s] Level 1:colcon.colcon_core.shell:create_environment_hook('client', 'ament_prefix_path')
[6.883s] INFO:colcon.colcon_core.shell:Creating environment hook '/home/sudhindra/aruco_ws/install/client/share/client/hook/ament_prefix_path.ps1'
[6.884s] INFO:colcon.colcon_core.shell:Creating environment descriptor '/home/sudhindra/aruco_ws/install/client/share/client/hook/ament_prefix_path.dsv'
[6.885s] INFO:colcon.colcon_core.shell:Creating environment hook '/home/sudhindra/aruco_ws/install/client/share/client/hook/ament_prefix_path.sh'
[6.948s] INFO:colcon.colcon_core.shell:Skip shell extension 'powershell' for command environment: Not usable outside of PowerShell
[6.948s] DEBUG:colcon.colcon_core.shell:Skip shell extension 'dsv' for command environment
[7.265s] INFO:colcon.colcon_ros.task.ament_python.build:Building ROS package in '/home/sudhindra/aruco_ws/src/server' with build type 'ament_python'
[7.266s] Level 1:colcon.colcon_core.shell:create_environment_hook('server', 'ament_prefix_path')
[7.331s] INFO:colcon.colcon_core.shell:Creating environment hook '/home/sudhindra/aruco_ws/install/server/share/server/hook/ament_prefix_path.ps1'
[7.332s] INFO:colcon.colcon_core.shell:Creating environment descriptor '/home/sudhindra/aruco_ws/install/server/share/server/hook/ament_prefix_path.dsv'
[7.333s] INFO:colcon.colcon_core.shell:Creating environment hook '/home/sudhindra/aruco_ws/install/server/share/server/hook/ament_prefix_path.sh'
[7.397s] INFO:colcon.colcon_core.shell:Skip shell extension 'powershell' for command environment: Not usable outside of PowerShell
[7.397s] DEBUG:colcon.colcon_core.shell:Skip shell extension 'dsv' for command environment
[8.340s] INFO:colcon.colcon_core.task.python.build:Building Python package in '/home/sudhindra/aruco_ws/src/client'
[8.375s] INFO:colcon.colcon_core.shell:Skip shell extension 'powershell' for command environment: Not usable outside of PowerShell
[8.375s] DEBUG:colcon.colcon_core.shell:Skip shell extension 'dsv' for command environment
[9.098s] INFO:colcon.colcon_core.task.python.build:Building Python package in '/home/sudhindra/aruco_ws/src/server'
[9.132s] INFO:colcon.colcon_core.shell:Skip shell extension 'powershell' for command environment: Not usable outside of PowerShell
[9.132s] DEBUG:colcon.colcon_core.shell:Skip shell extension 'dsv' for command environment
[10.052s] DEBUG:colcon.colcon_core.event_handler.log_command:Invoking command in '/home/sudhindra/aruco_ws/src/client': AMENT_PREFIX_PATH=/home/sudhindra/aruco_ws/install/custom_interfaces:${AMENT_PREFIX_PATH} CMAKE_PREFIX_PATH=/home/sudhindra/aruco_ws/install/custom_interfaces:${CMAKE_PREFIX_PATH} LD_LIBRARY_PATH=/home/sudhindra/aruco_ws/install/custom_interfaces/lib:${LD_LIBRARY_PATH} PYTHONPATH=/home/sudhindra/aruco_ws/build/client/prefix_override:/home/sudhindra/aruco_ws/install/client/lib/python3.10/site-packages:/home/sudhindra/aruco_ws/install/custom_interfaces/local/lib/python3.10/dist-packages:${PYTHONPATH} /usr/bin/python3 setup.py egg_info --egg-base ../../build/client build --build-base /home/sudhindra/aruco_ws/build/client/build install --record /home/sudhindra/aruco_ws/build/client/install.log --single-version-externally-managed
[10.053s] DEBUG:colcon.colcon_core.event_handler.log_command:Invoking command in '/home/sudhindra/aruco_ws/src/server': AMENT_PREFIX_PATH=/home/sudhindra/aruco_ws/install/custom_interfaces:${AMENT_PREFIX_PATH} CMAKE_PREFIX_PATH=/home/sudhindra/aruco_ws/install/custom_interfaces:${CMAKE_PREFIX_PATH} LD_LIBRARY_PATH=/home/sudhindra/aruco_ws/install/custom_interfaces/lib:${LD_LIBRARY_PATH} PYTHONPATH=/home/sudhindra/aruco_ws/build/server/prefix_override:/home/sudhindra/aruco_ws/install/server/lib/python3.10/site-packages:/home/sudhindra/aruco_ws/install/custom_interfaces/local/lib/python3.10/dist-packages:${PYTHONPATH} /usr/bin/python3 setup.py egg_info --egg-base ../../build/server build --build-base /home/sudhindra/aruco_ws/build/server/build install --record /home/sudhindra/aruco_ws/build/server/install.log --single-version-externally-managed
[10.704s] DEBUG:colcon.colcon_core.event_handler.log_command:Invoked command in '/home/sudhindra/aruco_ws/src/client' returned '0': AMENT_PREFIX_PATH=/home/sudhindra/aruco_ws/install/custom_interfaces:${AMENT_PREFIX_PATH} CMAKE_PREFIX_PATH=/home/sudhindra/aruco_ws/install/custom_interfaces:${CMAKE_PREFIX_PATH} LD_LIBRARY_PATH=/home/sudhindra/aruco_ws/install/custom_interfaces/lib:${LD_LIBRARY_PATH} PYTHONPATH=/home/sudhindra/aruco_ws/build/client/prefix_override:/home/sudhindra/aruco_ws/install/client/lib/python3.10/site-packages:/home/sudhindra/aruco_ws/install/custom_interfaces/local/lib/python3.10/dist-packages:${PYTHONPATH} /usr/bin/python3 setup.py egg_info --egg-base ../../build/client build --build-base /home/sudhindra/aruco_ws/build/client/build install --record /home/sudhindra/aruco_ws/build/client/install.log --single-version-externally-managed
[10.740s] Level 1:colcon.colcon_core.environment:checking '/home/sudhindra/aruco_ws/install/client' for CMake module files
[10.741s] Level 1:colcon.colcon_core.environment:checking '/home/sudhindra/aruco_ws/install/client' for CMake config files
[10.742s] Level 1:colcon.colcon_core.environment:checking '/home/sudhindra/aruco_ws/install/client/lib'
[10.742s] Level 1:colcon.colcon_core.environment:checking '/home/sudhindra/aruco_ws/install/client/bin'
[10.742s] Level 1:colcon.colcon_core.environment:checking '/home/sudhindra/aruco_ws/install/client/lib/pkgconfig/client.pc'
[10.743s] Level 1:colcon.colcon_core.environment:checking '/home/sudhindra/aruco_ws/install/client/lib/python3.10/site-packages'
[10.743s] Level 1:colcon.colcon_core.shell:create_environment_hook('client', 'pythonpath')
[10.775s] INFO:colcon.colcon_core.shell:Creating environment hook '/home/sudhindra/aruco_ws/install/client/share/client/hook/pythonpath.ps1'
[10.776s] INFO:colcon.colcon_core.shell:Creating environment descriptor '/home/sudhindra/aruco_ws/install/client/share/client/hook/pythonpath.dsv'
[10.776s] INFO:colcon.colcon_core.shell:Creating environment hook '/home/sudhindra/aruco_ws/install/client/share/client/hook/pythonpath.sh'
[10.777s] Level 1:colcon.colcon_core.environment:checking '/home/sudhindra/aruco_ws/install/client/bin'
[10.777s] Level 1:colcon.colcon_core.environment:create_environment_scripts_only(client)
[10.810s] INFO:colcon.colcon_core.shell:Creating package script '/home/sudhindra/aruco_ws/install/client/share/client/package.ps1'
[10.811s] INFO:colcon.colcon_core.shell:Creating package descriptor '/home/sudhindra/aruco_ws/install/client/share/client/package.dsv'
[10.812s] INFO:colcon.colcon_core.shell:Creating package script '/home/sudhindra/aruco_ws/install/client/share/client/package.sh'
[10.812s] INFO:colcon.colcon_core.shell:Creating package script '/home/sudhindra/aruco_ws/install/client/share/client/package.bash'
[10.813s] INFO:colcon.colcon_core.shell:Creating package script '/home/sudhindra/aruco_ws/install/client/share/client/package.zsh'
[10.813s] Level 1:colcon.colcon_core.environment:create_file_with_runtime_dependencies(/home/sudhindra/aruco_ws/install/client/share/colcon-core/packages/client)
[10.816s] DEBUG:colcon.colcon_core.event_handler.log_command:Invoked command in '/home/sudhindra/aruco_ws/src/server' returned '0': AMENT_PREFIX_PATH=/home/sudhindra/aruco_ws/install/custom_interfaces:${AMENT_PREFIX_PATH} CMAKE_PREFIX_PATH=/home/sudhindra/aruco_ws/install/custom_interfaces:${CMAKE_PREFIX_PATH} LD_LIBRARY_PATH=/home/sudhindra/aruco_ws/install/custom_interfaces/lib:${LD_LIBRARY_PATH} PYTHONPATH=/home/sudhindra/aruco_ws/build/server/prefix_override:/home/sudhindra/aruco_ws/install/server/lib/python3.10/site-packages:/home/sudhindra/aruco_ws/install/custom_interfaces/local/lib/python3.10/dist-packages:${PYTHONPATH} /usr/bin/python3 setup.py egg_info --egg-base ../../build/server build --build-base /home/sudhindra/aruco_ws/build/server/build install --record /home/sudhindra/aruco_ws/build/server/install.log --single-version-externally-managed
[10.849s] Level 1:colcon.colcon_core.environment:checking '/home/sudhindra/aruco_ws/install/server' for CMake module files
[10.849s] Level 1:colcon.colcon_core.environment:checking '/home/sudhindra/aruco_ws/install/server' for CMake config files
[10.850s] Level 1:colcon.colcon_core.environment:checking '/home/sudhindra/aruco_ws/install/server/lib'
[10.850s] Level 1:colcon.colcon_core.environment:checking '/home/sudhindra/aruco_ws/install/server/bin'
[10.851s] Level 1:colcon.colcon_core.environment:checking '/home/sudhindra/aruco_ws/install/server/lib/pkgconfig/server.pc'
[10.851s] Level 1:colcon.colcon_core.environment:checking '/home/sudhindra/aruco_ws/install/server/lib/python3.10/site-packages'
[10.851s] Level 1:colcon.colcon_core.shell:create_environment_hook('server', 'pythonpath')
[10.899s] INFO:colcon.colcon_core.shell:Creating environment hook '/home/sudhindra/aruco_ws/install/server/share/server/hook/pythonpath.ps1'
[10.900s] INFO:colcon.colcon_core.shell:Creating environment descriptor '/home/sudhindra/aruco_ws/install/server/share/server/hook/pythonpath.dsv'
[10.900s] INFO:colcon.colcon_core.shell:Creating environment hook '/home/sudhindra/aruco_ws/install/server/share/server/hook/pythonpath.sh'
[10.901s] Level 1:colcon.colcon_core.environment:checking '/home/sudhindra/aruco_ws/install/server/bin'
[10.901s] Level 1:colcon.colcon_core.environment:create_environment_scripts_only(server)
[10.935s] INFO:colcon.colcon_core.shell:Creating package script '/home/sudhindra/aruco_ws/install/server/share/server/package.ps1'
[10.936s] INFO:colcon.colcon_core.shell:Creating package descriptor '/home/sudhindra/aruco_ws/install/server/share/server/package.dsv'
[10.937s] INFO:colcon.colcon_core.shell:Creating package script '/home/sudhindra/aruco_ws/install/server/share/server/package.sh'
[10.938s] INFO:colcon.colcon_core.shell:Creating package script '/home/sudhindra/aruco_ws/install/server/share/server/package.bash'
[10.939s] INFO:colcon.colcon_core.shell:Creating package script '/home/sudhindra/aruco_ws/install/server/share/server/package.zsh'
[10.941s] Level 1:colcon.colcon_core.environment:create_file_with_runtime_dependencies(/home/sudhindra/aruco_ws/install/server/share/colcon-core/packages/server)
[10.941s] DEBUG:colcon.colcon_parallel_executor.executor.parallel:closing loop
[10.942s] DEBUG:colcon.colcon_parallel_executor.executor.parallel:loop closed
[10.942s] DEBUG:colcon.colcon_parallel_executor.executor.parallel:run_until_complete finished with '0'
[10.943s] DEBUG:colcon.colcon_core.event_reactor:joining thread
[10.989s] INFO:colcon.colcon_core.plugin_system:Skipping extension 'colcon_notification.desktop_notification.terminal_notifier': Not used on non-Darwin systems
[10.989s] INFO:colcon.colcon_core.plugin_system:Skipping extension 'colcon_notification.desktop_notification.win32': Not used on non-Windows systems
[10.989s] INFO:colcon.colcon_notification.desktop_notification:Sending desktop notification using 'notify2'
[11.000s] DEBUG:colcon.colcon_core.event_reactor:joined thread
[11.033s] INFO:colcon.colcon_core.shell:Creating prefix script '/home/sudhindra/aruco_ws/install/local_setup.ps1'
[11.034s] INFO:colcon.colcon_core.shell:Creating prefix util module '/home/sudhindra/aruco_ws/install/_local_setup_util_ps1.py'
[11.037s] INFO:colcon.colcon_core.shell:Creating prefix chain script '/home/sudhindra/aruco_ws/install/setup.ps1'
[11.072s] INFO:colcon.colcon_core.shell:Creating prefix script '/home/sudhindra/aruco_ws/install/local_setup.sh'
[11.073s] INFO:colcon.colcon_core.shell:Creating prefix util module '/home/sudhindra/aruco_ws/install/_local_setup_util_sh.py'
[11.074s] INFO:colcon.colcon_core.shell:Creating prefix chain script '/home/sudhindra/aruco_ws/install/setup.sh'
[11.111s] INFO:colcon.colcon_core.shell:Creating prefix script '/home/sudhindra/aruco_ws/install/local_setup.bash'
[11.112s] INFO:colcon.colcon_core.shell:Creating prefix chain script '/home/sudhindra/aruco_ws/install/setup.bash'
[11.148s] INFO:colcon.colcon_core.shell:Creating prefix script '/home/sudhindra/aruco_ws/install/local_setup.zsh'
[11.149s] INFO:colcon.colcon_core.shell:Creating prefix chain script '/home/sudhindra/aruco_ws/install/setup.zsh'
