[0.262s] Invoking command in '/home/sudhindra/aruco_ws/build/custom_interfaces': CMAKE_PREFIX_PATH=${CMAKE_PREFIX_PATH}:/home/sudhindra/aruco_ws/install/server:/home/sudhindra/aruco_ws/install/client:/home/sudhindra/practice_ws/install/test_1:/home/sudhindra/ros2_ws/install/my_robot_controller:/home/sudhindra/erc_ws/install/week1_tutorials:/home/sudhindra/erc_ws/install/week0_tutorials:/home/sudhindra/erc_ws/install/task_1:/home/sudhindra/erc_ws/install/sherlock:/home/sudhindra/erc_ws/install/mrs_hudson:/home/sudhindra/erc_ws/install/ep3:/home/sudhindra/erc_ws/install/conversation:/opt/ros/humble /usr/bin/cmake --build /home/sudhindra/aruco_ws/build/custom_interfaces -- -j4 -l4
[0.372s] [  9%] Built target custom_interfaces__rosidl_generator_c
[0.374s] [ 12%] Built target custom_interfaces__cpp
[0.407s] [ 12%] Built target ament_cmake_python_copy_custom_interfaces
[0.440s] [ 22%] Built target custom_interfaces__rosidl_typesupport_fastrtps_c
[0.445s] [ 32%] Built target custom_interfaces__rosidl_typesupport_introspection_c
[0.486s] [ 41%] Built target custom_interfaces__rosidl_typesupport_c
[0.507s] [ 51%] Built target custom_interfaces__rosidl_typesupport_introspection_cpp
[0.519s] [ 61%] Built target custom_interfaces__rosidl_typesupport_cpp
[0.543s] [ 70%] Built target custom_interfaces__rosidl_typesupport_fastrtps_cpp
[0.581s] [ 70%] Built target custom_interfaces
[0.620s] [ 74%] Built target custom_interfaces__py
[0.661s] [ 80%] Built target custom_interfaces__rosidl_generator_py
[0.720s] [ 87%] Built target custom_interfaces__rosidl_typesupport_fastrtps_c__pyext
[0.735s] [ 93%] Built target custom_interfaces__rosidl_typesupport_introspection_c__pyext
[0.743s] [100%] Built target custom_interfaces__rosidl_typesupport_c__pyext
[1.456s] running egg_info
[1.458s] writing custom_interfaces.egg-info/PKG-INFO
[1.458s] writing dependency_links to custom_interfaces.egg-info/dependency_links.txt
[1.459s] writing top-level names to custom_interfaces.egg-info/top_level.txt
[1.466s] reading manifest file 'custom_interfaces.egg-info/SOURCES.txt'
[1.468s] writing manifest file 'custom_interfaces.egg-info/SOURCES.txt'
[1.533s] [100%] Built target ament_cmake_python_build_custom_interfaces_egg
[1.552s] Invoked command in '/home/sudhindra/aruco_ws/build/custom_interfaces' returned '0': CMAKE_PREFIX_PATH=${CMAKE_PREFIX_PATH}:/home/sudhindra/aruco_ws/install/server:/home/sudhindra/aruco_ws/install/client:/home/sudhindra/practice_ws/install/test_1:/home/sudhindra/ros2_ws/install/my_robot_controller:/home/sudhindra/erc_ws/install/week1_tutorials:/home/sudhindra/erc_ws/install/week0_tutorials:/home/sudhindra/erc_ws/install/task_1:/home/sudhindra/erc_ws/install/sherlock:/home/sudhindra/erc_ws/install/mrs_hudson:/home/sudhindra/erc_ws/install/ep3:/home/sudhindra/erc_ws/install/conversation:/opt/ros/humble /usr/bin/cmake --build /home/sudhindra/aruco_ws/build/custom_interfaces -- -j4 -l4
[1.684s] Invoking command in '/home/sudhindra/aruco_ws/build/custom_interfaces': CMAKE_PREFIX_PATH=${CMAKE_PREFIX_PATH}:/home/sudhindra/aruco_ws/install/server:/home/sudhindra/aruco_ws/install/client:/home/sudhindra/practice_ws/install/test_1:/home/sudhindra/ros2_ws/install/my_robot_controller:/home/sudhindra/erc_ws/install/week1_tutorials:/home/sudhindra/erc_ws/install/week0_tutorials:/home/sudhindra/erc_ws/install/task_1:/home/sudhindra/erc_ws/install/sherlock:/home/sudhindra/erc_ws/install/mrs_hudson:/home/sudhindra/erc_ws/install/ep3:/home/sudhindra/erc_ws/install/conversation:/opt/ros/humble /usr/bin/cmake --install /home/sudhindra/aruco_ws/build/custom_interfaces
[1.696s] -- Install configuration: ""
[1.697s] -- Up-to-date: /home/sudhindra/aruco_ws/install/custom_interfaces/share/ament_index/resource_index/rosidl_interfaces/custom_interfaces
[1.697s] -- Up-to-date: /home/sudhindra/aruco_ws/install/custom_interfaces/include/custom_interfaces/custom_interfaces
[1.698s] -- Up-to-date: /home/sudhindra/aruco_ws/install/custom_interfaces/include/custom_interfaces/custom_interfaces/msg
[1.698s] -- Up-to-date: /home/sudhindra/aruco_ws/install/custom_interfaces/include/custom_interfaces/custom_interfaces/msg/rosidl_generator_c__visibility_control.h
[1.698s] -- Up-to-date: /home/sudhindra/aruco_ws/install/custom_interfaces/include/custom_interfaces/custom_interfaces/srv
[1.699s] -- Up-to-date: /home/sudhindra/aruco_ws/install/custom_interfaces/include/custom_interfaces/custom_interfaces/srv/video_frame.h
[1.699s] -- Up-to-date: /home/sudhindra/aruco_ws/install/custom_interfaces/include/custom_interfaces/custom_interfaces/srv/detail
[1.699s] -- Up-to-date: /home/sudhindra/aruco_ws/install/custom_interfaces/include/custom_interfaces/custom_interfaces/srv/detail/video_frame__struct.h
[1.700s] -- Up-to-date: /home/sudhindra/aruco_ws/install/custom_interfaces/include/custom_interfaces/custom_interfaces/srv/detail/video_frame__type_support.h
[1.700s] -- Up-to-date: /home/sudhindra/aruco_ws/install/custom_interfaces/include/custom_interfaces/custom_interfaces/srv/detail/video_frame__functions.c
[1.700s] -- Up-to-date: /home/sudhindra/aruco_ws/install/custom_interfaces/include/custom_interfaces/custom_interfaces/srv/detail/video_frame__functions.h
[1.701s] -- Up-to-date: /home/sudhindra/aruco_ws/install/custom_interfaces/share/custom_interfaces/environment/library_path.sh
[1.701s] -- Up-to-date: /home/sudhindra/aruco_ws/install/custom_interfaces/share/custom_interfaces/environment/library_path.dsv
[1.701s] -- Up-to-date: /home/sudhindra/aruco_ws/install/custom_interfaces/lib/libcustom_interfaces__rosidl_generator_c.so
[1.702s] -- Up-to-date: /home/sudhindra/aruco_ws/install/custom_interfaces/include/custom_interfaces/custom_interfaces
[1.702s] -- Up-to-date: /home/sudhindra/aruco_ws/install/custom_interfaces/include/custom_interfaces/custom_interfaces/msg
[1.702s] -- Up-to-date: /home/sudhindra/aruco_ws/install/custom_interfaces/include/custom_interfaces/custom_interfaces/msg/rosidl_typesupport_fastrtps_c__visibility_control.h
[1.702s] -- Up-to-date: /home/sudhindra/aruco_ws/install/custom_interfaces/include/custom_interfaces/custom_interfaces/srv
[1.703s] -- Up-to-date: /home/sudhindra/aruco_ws/install/custom_interfaces/include/custom_interfaces/custom_interfaces/srv/detail
[1.703s] -- Up-to-date: /home/sudhindra/aruco_ws/install/custom_interfaces/include/custom_interfaces/custom_interfaces/srv/detail/video_frame__rosidl_typesupport_fastrtps_c.h
[1.703s] -- Up-to-date: /home/sudhindra/aruco_ws/install/custom_interfaces/lib/libcustom_interfaces__rosidl_typesupport_fastrtps_c.so
[1.703s] -- Up-to-date: /home/sudhindra/aruco_ws/install/custom_interfaces/include/custom_interfaces/custom_interfaces
[1.704s] -- Up-to-date: /home/sudhindra/aruco_ws/install/custom_interfaces/include/custom_interfaces/custom_interfaces/srv
[1.704s] -- Up-to-date: /home/sudhindra/aruco_ws/install/custom_interfaces/include/custom_interfaces/custom_interfaces/srv/video_frame.hpp
[1.705s] -- Up-to-date: /home/sudhindra/aruco_ws/install/custom_interfaces/include/custom_interfaces/custom_interfaces/srv/detail
[1.705s] -- Up-to-date: /home/sudhindra/aruco_ws/install/custom_interfaces/include/custom_interfaces/custom_interfaces/srv/detail/video_frame__traits.hpp
[1.705s] -- Up-to-date: /home/sudhindra/aruco_ws/install/custom_interfaces/include/custom_interfaces/custom_interfaces/srv/detail/video_frame__builder.hpp
[1.705s] -- Up-to-date: /home/sudhindra/aruco_ws/install/custom_interfaces/include/custom_interfaces/custom_interfaces/srv/detail/video_frame__struct.hpp
[1.705s] -- Up-to-date: /home/sudhindra/aruco_ws/install/custom_interfaces/include/custom_interfaces/custom_interfaces
[1.706s] -- Up-to-date: /home/sudhindra/aruco_ws/install/custom_interfaces/include/custom_interfaces/custom_interfaces/msg
[1.706s] -- Up-to-date: /home/sudhindra/aruco_ws/install/custom_interfaces/include/custom_interfaces/custom_interfaces/msg/rosidl_typesupport_fastrtps_cpp__visibility_control.h
[1.706s] -- Up-to-date: /home/sudhindra/aruco_ws/install/custom_interfaces/include/custom_interfaces/custom_interfaces/srv
[1.706s] -- Up-to-date: /home/sudhindra/aruco_ws/install/custom_interfaces/include/custom_interfaces/custom_interfaces/srv/detail
[1.706s] -- Up-to-date: /home/sudhindra/aruco_ws/install/custom_interfaces/include/custom_interfaces/custom_interfaces/srv/detail/video_frame__rosidl_typesupport_fastrtps_cpp.hpp
[1.707s] -- Up-to-date: /home/sudhindra/aruco_ws/install/custom_interfaces/include/custom_interfaces/custom_interfaces/srv/detail/dds_fastrtps
[1.707s] -- Up-to-date: /home/sudhindra/aruco_ws/install/custom_interfaces/lib/libcustom_interfaces__rosidl_typesupport_fastrtps_cpp.so
[1.707s] -- Up-to-date: /home/sudhindra/aruco_ws/install/custom_interfaces/include/custom_interfaces/custom_interfaces
[1.707s] -- Up-to-date: /home/sudhindra/aruco_ws/install/custom_interfaces/include/custom_interfaces/custom_interfaces/msg
[1.708s] -- Up-to-date: /home/sudhindra/aruco_ws/install/custom_interfaces/include/custom_interfaces/custom_interfaces/msg/rosidl_typesupport_introspection_c__visibility_control.h
[1.708s] -- Up-to-date: /home/sudhindra/aruco_ws/install/custom_interfaces/include/custom_interfaces/custom_interfaces/srv
[1.708s] -- Up-to-date: /home/sudhindra/aruco_ws/install/custom_interfaces/include/custom_interfaces/custom_interfaces/srv/detail
[1.708s] -- Up-to-date: /home/sudhindra/aruco_ws/install/custom_interfaces/include/custom_interfaces/custom_interfaces/srv/detail/video_frame__rosidl_typesupport_introspection_c.h
[1.709s] -- Up-to-date: /home/sudhindra/aruco_ws/install/custom_interfaces/include/custom_interfaces/custom_interfaces/srv/detail/video_frame__type_support.c
[1.709s] -- Up-to-date: /home/sudhindra/aruco_ws/install/custom_interfaces/lib/libcustom_interfaces__rosidl_typesupport_introspection_c.so
[1.709s] -- Up-to-date: /home/sudhindra/aruco_ws/install/custom_interfaces/lib/libcustom_interfaces__rosidl_typesupport_c.so
[1.709s] -- Up-to-date: /home/sudhindra/aruco_ws/install/custom_interfaces/include/custom_interfaces/custom_interfaces
[1.709s] -- Up-to-date: /home/sudhindra/aruco_ws/install/custom_interfaces/include/custom_interfaces/custom_interfaces/srv
[1.710s] -- Up-to-date: /home/sudhindra/aruco_ws/install/custom_interfaces/include/custom_interfaces/custom_interfaces/srv/detail
[1.710s] -- Up-to-date: /home/sudhindra/aruco_ws/install/custom_interfaces/include/custom_interfaces/custom_interfaces/srv/detail/video_frame__rosidl_typesupport_introspection_cpp.hpp
[1.710s] -- Up-to-date: /home/sudhindra/aruco_ws/install/custom_interfaces/include/custom_interfaces/custom_interfaces/srv/detail/video_frame__type_support.cpp
[1.710s] -- Up-to-date: /home/sudhindra/aruco_ws/install/custom_interfaces/lib/libcustom_interfaces__rosidl_typesupport_introspection_cpp.so
[1.711s] -- Up-to-date: /home/sudhindra/aruco_ws/install/custom_interfaces/lib/libcustom_interfaces__rosidl_typesupport_cpp.so
[1.711s] -- Up-to-date: /home/sudhindra/aruco_ws/install/custom_interfaces/share/custom_interfaces/environment/pythonpath.sh
[1.711s] -- Up-to-date: /home/sudhindra/aruco_ws/install/custom_interfaces/share/custom_interfaces/environment/pythonpath.dsv
[1.712s] -- Up-to-date: /home/sudhindra/aruco_ws/install/custom_interfaces/local/lib/python3.10/dist-packages/custom_interfaces-0.0.0-py3.10.egg-info
[1.712s] -- Installing: /home/sudhindra/aruco_ws/install/custom_interfaces/local/lib/python3.10/dist-packages/custom_interfaces-0.0.0-py3.10.egg-info/top_level.txt
[1.712s] -- Installing: /home/sudhindra/aruco_ws/install/custom_interfaces/local/lib/python3.10/dist-packages/custom_interfaces-0.0.0-py3.10.egg-info/SOURCES.txt
[1.712s] -- Installing: /home/sudhindra/aruco_ws/install/custom_interfaces/local/lib/python3.10/dist-packages/custom_interfaces-0.0.0-py3.10.egg-info/PKG-INFO
[1.713s] -- Installing: /home/sudhindra/aruco_ws/install/custom_interfaces/local/lib/python3.10/dist-packages/custom_interfaces-0.0.0-py3.10.egg-info/dependency_links.txt
[1.713s] -- Up-to-date: /home/sudhindra/aruco_ws/install/custom_interfaces/local/lib/python3.10/dist-packages/custom_interfaces
[1.713s] -- Up-to-date: /home/sudhindra/aruco_ws/install/custom_interfaces/local/lib/python3.10/dist-packages/custom_interfaces/_custom_interfaces_s.ep.rosidl_typesupport_introspection_c.c
[1.713s] -- Up-to-date: /home/sudhindra/aruco_ws/install/custom_interfaces/local/lib/python3.10/dist-packages/custom_interfaces/srv
[1.714s] -- Up-to-date: /home/sudhindra/aruco_ws/install/custom_interfaces/local/lib/python3.10/dist-packages/custom_interfaces/srv/_video_frame.py
[1.714s] -- Up-to-date: /home/sudhindra/aruco_ws/install/custom_interfaces/local/lib/python3.10/dist-packages/custom_interfaces/srv/_video_frame_s.c
[1.714s] -- Up-to-date: /home/sudhindra/aruco_ws/install/custom_interfaces/local/lib/python3.10/dist-packages/custom_interfaces/srv/__init__.py
[1.714s] -- Up-to-date: /home/sudhindra/aruco_ws/install/custom_interfaces/local/lib/python3.10/dist-packages/custom_interfaces/custom_interfaces_s__rosidl_typesupport_fastrtps_c.cpython-310-x86_64-linux-gnu.so
[1.715s] -- Up-to-date: /home/sudhindra/aruco_ws/install/custom_interfaces/local/lib/python3.10/dist-packages/custom_interfaces/_custom_interfaces_s.ep.rosidl_typesupport_fastrtps_c.c
[1.715s] -- Up-to-date: /home/sudhindra/aruco_ws/install/custom_interfaces/local/lib/python3.10/dist-packages/custom_interfaces/libcustom_interfaces__rosidl_generator_py.so
[1.715s] -- Up-to-date: /home/sudhindra/aruco_ws/install/custom_interfaces/local/lib/python3.10/dist-packages/custom_interfaces/custom_interfaces_s__rosidl_typesupport_c.cpython-310-x86_64-linux-gnu.so
[1.715s] -- Up-to-date: /home/sudhindra/aruco_ws/install/custom_interfaces/local/lib/python3.10/dist-packages/custom_interfaces/_custom_interfaces_s.ep.rosidl_typesupport_c.c
[1.716s] -- Up-to-date: /home/sudhindra/aruco_ws/install/custom_interfaces/local/lib/python3.10/dist-packages/custom_interfaces/__init__.py
[1.716s] -- Up-to-date: /home/sudhindra/aruco_ws/install/custom_interfaces/local/lib/python3.10/dist-packages/custom_interfaces/custom_interfaces_s__rosidl_typesupport_introspection_c.cpython-310-x86_64-linux-gnu.so
[1.785s] Listing '/home/sudhindra/aruco_ws/install/custom_interfaces/local/lib/python3.10/dist-packages/custom_interfaces'...
[1.785s] Listing '/home/sudhindra/aruco_ws/install/custom_interfaces/local/lib/python3.10/dist-packages/custom_interfaces/srv'...
[1.793s] -- Up-to-date: /home/sudhindra/aruco_ws/install/custom_interfaces/local/lib/python3.10/dist-packages/custom_interfaces/custom_interfaces_s__rosidl_typesupport_fastrtps_c.cpython-310-x86_64-linux-gnu.so
[1.796s] -- Up-to-date: /home/sudhindra/aruco_ws/install/custom_interfaces/local/lib/python3.10/dist-packages/custom_interfaces/custom_interfaces_s__rosidl_typesupport_introspection_c.cpython-310-x86_64-linux-gnu.so
[1.796s] -- Up-to-date: /home/sudhindra/aruco_ws/install/custom_interfaces/local/lib/python3.10/dist-packages/custom_interfaces/custom_interfaces_s__rosidl_typesupport_c.cpython-310-x86_64-linux-gnu.so
[1.797s] -- Up-to-date: /home/sudhindra/aruco_ws/install/custom_interfaces/lib/libcustom_interfaces__rosidl_generator_py.so
[1.797s] -- Up-to-date: /home/sudhindra/aruco_ws/install/custom_interfaces/share/custom_interfaces/srv/VideoFrame.idl
[1.797s] -- Up-to-date: /home/sudhindra/aruco_ws/install/custom_interfaces/share/custom_interfaces/srv/VideoFrame.srv
[1.797s] -- Up-to-date: /home/sudhindra/aruco_ws/install/custom_interfaces/share/custom_interfaces/srv/VideoFrame_Request.msg
[1.797s] -- Up-to-date: /home/sudhindra/aruco_ws/install/custom_interfaces/share/custom_interfaces/srv/VideoFrame_Response.msg
[1.798s] -- Up-to-date: /home/sudhindra/aruco_ws/install/custom_interfaces/share/ament_index/resource_index/package_run_dependencies/custom_interfaces
[1.798s] -- Up-to-date: /home/sudhindra/aruco_ws/install/custom_interfaces/share/ament_index/resource_index/parent_prefix_path/custom_interfaces
[1.798s] -- Up-to-date: /home/sudhindra/aruco_ws/install/custom_interfaces/share/custom_interfaces/environment/ament_prefix_path.sh
[1.799s] -- Up-to-date: /home/sudhindra/aruco_ws/install/custom_interfaces/share/custom_interfaces/environment/ament_prefix_path.dsv
[1.799s] -- Up-to-date: /home/sudhindra/aruco_ws/install/custom_interfaces/share/custom_interfaces/environment/path.sh
[1.799s] -- Up-to-date: /home/sudhindra/aruco_ws/install/custom_interfaces/share/custom_interfaces/environment/path.dsv
[1.799s] -- Up-to-date: /home/sudhindra/aruco_ws/install/custom_interfaces/share/custom_interfaces/local_setup.bash
[1.800s] -- Up-to-date: /home/sudhindra/aruco_ws/install/custom_interfaces/share/custom_interfaces/local_setup.sh
[1.800s] -- Up-to-date: /home/sudhindra/aruco_ws/install/custom_interfaces/share/custom_interfaces/local_setup.zsh
[1.800s] -- Up-to-date: /home/sudhindra/aruco_ws/install/custom_interfaces/share/custom_interfaces/local_setup.dsv
[1.800s] -- Installing: /home/sudhindra/aruco_ws/install/custom_interfaces/share/custom_interfaces/package.dsv
[1.801s] -- Up-to-date: /home/sudhindra/aruco_ws/install/custom_interfaces/share/ament_index/resource_index/packages/custom_interfaces
[1.801s] -- Up-to-date: /home/sudhindra/aruco_ws/install/custom_interfaces/share/custom_interfaces/cmake/export_custom_interfaces__rosidl_generator_cExport.cmake
[1.801s] -- Up-to-date: /home/sudhindra/aruco_ws/install/custom_interfaces/share/custom_interfaces/cmake/export_custom_interfaces__rosidl_generator_cExport-noconfig.cmake
[1.802s] -- Up-to-date: /home/sudhindra/aruco_ws/install/custom_interfaces/share/custom_interfaces/cmake/export_custom_interfaces__rosidl_typesupport_fastrtps_cExport.cmake
[1.802s] -- Up-to-date: /home/sudhindra/aruco_ws/install/custom_interfaces/share/custom_interfaces/cmake/export_custom_interfaces__rosidl_typesupport_fastrtps_cExport-noconfig.cmake
[1.803s] -- Up-to-date: /home/sudhindra/aruco_ws/install/custom_interfaces/share/custom_interfaces/cmake/export_custom_interfaces__rosidl_generator_cppExport.cmake
[1.803s] -- Up-to-date: /home/sudhindra/aruco_ws/install/custom_interfaces/share/custom_interfaces/cmake/export_custom_interfaces__rosidl_typesupport_fastrtps_cppExport.cmake
[1.803s] -- Up-to-date: /home/sudhindra/aruco_ws/install/custom_interfaces/share/custom_interfaces/cmake/export_custom_interfaces__rosidl_typesupport_fastrtps_cppExport-noconfig.cmake
[1.804s] -- Up-to-date: /home/sudhindra/aruco_ws/install/custom_interfaces/share/custom_interfaces/cmake/custom_interfaces__rosidl_typesupport_introspection_cExport.cmake
[1.804s] -- Up-to-date: /home/sudhindra/aruco_ws/install/custom_interfaces/share/custom_interfaces/cmake/custom_interfaces__rosidl_typesupport_introspection_cExport-noconfig.cmake
[1.804s] -- Up-to-date: /home/sudhindra/aruco_ws/install/custom_interfaces/share/custom_interfaces/cmake/custom_interfaces__rosidl_typesupport_cExport.cmake
[1.816s] -- Up-to-date: /home/sudhindra/aruco_ws/install/custom_interfaces/share/custom_interfaces/cmake/custom_interfaces__rosidl_typesupport_cExport-noconfig.cmake
[1.816s] -- Up-to-date: /home/sudhindra/aruco_ws/install/custom_interfaces/share/custom_interfaces/cmake/custom_interfaces__rosidl_typesupport_introspection_cppExport.cmake
[1.816s] -- Up-to-date: /home/sudhindra/aruco_ws/install/custom_interfaces/share/custom_interfaces/cmake/custom_interfaces__rosidl_typesupport_introspection_cppExport-noconfig.cmake
[1.816s] -- Up-to-date: /home/sudhindra/aruco_ws/install/custom_interfaces/share/custom_interfaces/cmake/custom_interfaces__rosidl_typesupport_cppExport.cmake
[1.817s] -- Up-to-date: /home/sudhindra/aruco_ws/install/custom_interfaces/share/custom_interfaces/cmake/custom_interfaces__rosidl_typesupport_cppExport-noconfig.cmake
[1.817s] -- Up-to-date: /home/sudhindra/aruco_ws/install/custom_interfaces/share/custom_interfaces/cmake/export_custom_interfaces__rosidl_generator_pyExport.cmake
[1.817s] -- Up-to-date: /home/sudhindra/aruco_ws/install/custom_interfaces/share/custom_interfaces/cmake/export_custom_interfaces__rosidl_generator_pyExport-noconfig.cmake
[1.817s] -- Up-to-date: /home/sudhindra/aruco_ws/install/custom_interfaces/share/custom_interfaces/cmake/rosidl_cmake-extras.cmake
[1.818s] -- Up-to-date: /home/sudhindra/aruco_ws/install/custom_interfaces/share/custom_interfaces/cmake/ament_cmake_export_dependencies-extras.cmake
[1.818s] -- Up-to-date: /home/sudhindra/aruco_ws/install/custom_interfaces/share/custom_interfaces/cmake/ament_cmake_export_include_directories-extras.cmake
[1.818s] -- Up-to-date: /home/sudhindra/aruco_ws/install/custom_interfaces/share/custom_interfaces/cmake/ament_cmake_export_libraries-extras.cmake
[1.818s] -- Up-to-date: /home/sudhindra/aruco_ws/install/custom_interfaces/share/custom_interfaces/cmake/ament_cmake_export_targets-extras.cmake
[1.819s] -- Up-to-date: /home/sudhindra/aruco_ws/install/custom_interfaces/share/custom_interfaces/cmake/rosidl_cmake_export_typesupport_targets-extras.cmake
[1.819s] -- Up-to-date: /home/sudhindra/aruco_ws/install/custom_interfaces/share/custom_interfaces/cmake/rosidl_cmake_export_typesupport_libraries-extras.cmake
[1.819s] -- Up-to-date: /home/sudhindra/aruco_ws/install/custom_interfaces/share/custom_interfaces/cmake/custom_interfacesConfig.cmake
[1.819s] -- Up-to-date: /home/sudhindra/aruco_ws/install/custom_interfaces/share/custom_interfaces/cmake/custom_interfacesConfig-version.cmake
[1.820s] -- Up-to-date: /home/sudhindra/aruco_ws/install/custom_interfaces/share/custom_interfaces/package.xml
[1.824s] Invoked command in '/home/sudhindra/aruco_ws/build/custom_interfaces' returned '0': CMAKE_PREFIX_PATH=${CMAKE_PREFIX_PATH}:/home/sudhindra/aruco_ws/install/server:/home/sudhindra/aruco_ws/install/client:/home/sudhindra/practice_ws/install/test_1:/home/sudhindra/ros2_ws/install/my_robot_controller:/home/sudhindra/erc_ws/install/week1_tutorials:/home/sudhindra/erc_ws/install/week0_tutorials:/home/sudhindra/erc_ws/install/task_1:/home/sudhindra/erc_ws/install/sherlock:/home/sudhindra/erc_ws/install/mrs_hudson:/home/sudhindra/erc_ws/install/ep3:/home/sudhindra/erc_ws/install/conversation:/opt/ros/humble /usr/bin/cmake --install /home/sudhindra/aruco_ws/build/custom_interfaces
