[3.721s] Invoking command in '/home/sudhindra/aruco_ws/src/client': PYTHONPATH=/home/sudhindra/aruco_ws/build/client/prefix_override:/home/sudhindra/aruco_ws/install/client/lib/python3.10/site-packages:${PYTHONPATH} /usr/bin/python3 setup.py egg_info --egg-base ../../build/client build --build-base /home/sudhindra/aruco_ws/build/client/build install --record /home/sudhindra/aruco_ws/build/client/install.log --single-version-externally-managed
[4.505s] running egg_info
[4.506s] writing ../../build/client/client.egg-info/PKG-INFO
[4.507s] writing dependency_links to ../../build/client/client.egg-info/dependency_links.txt
[4.507s] writing entry points to ../../build/client/client.egg-info/entry_points.txt
[4.508s] writing requirements to ../../build/client/client.egg-info/requires.txt
[4.508s] writing top-level names to ../../build/client/client.egg-info/top_level.txt
[4.513s] reading manifest file '../../build/client/client.egg-info/SOURCES.txt'
[4.516s] writing manifest file '../../build/client/client.egg-info/SOURCES.txt'
[4.516s] running build
[4.517s] running build_py
[4.517s] running install
[4.518s] running install_lib
[4.522s] running install_data
[4.524s] running install_egg_info
[4.537s] removing '/home/sudhindra/aruco_ws/install/client/lib/python3.10/site-packages/client-0.0.0-py3.10.egg-info' (and everything under it)
[4.537s] Copying ../../build/client/client.egg-info to /home/sudhindra/aruco_ws/install/client/lib/python3.10/site-packages/client-0.0.0-py3.10.egg-info
[4.537s] running install_scripts
[4.597s] Installing client_execuatble script to /home/sudhindra/aruco_ws/install/client/lib/client
[4.598s] writing list of installed files to '/home/sudhindra/aruco_ws/build/client/install.log'
[4.674s] Invoked command in '/home/sudhindra/aruco_ws/src/client' returned '0': PYTHONPATH=/home/sudhindra/aruco_ws/build/client/prefix_override:/home/sudhindra/aruco_ws/install/client/lib/python3.10/site-packages:${PYTHONPATH} /usr/bin/python3 setup.py egg_info --egg-base ../../build/client build --build-base /home/sudhindra/aruco_ws/build/client/build install --record /home/sudhindra/aruco_ws/build/client/install.log --single-version-externally-managed
