[2.213s] DEBUG:colcon:Command line arguments: ['/usr/bin/colcon', 'build']
[2.213s] DEBUG:colcon:Parsed command line arguments: Namespace(log_base=None, log_level=None, verb_name='build', build_base='build', install_base='install', merge_install=False, symlink_install=False, test_result_base=None, continue_on_error=False, executor='parallel', parallel_workers=4, event_handlers=None, ignore_user_meta=False, metas=['./colcon.meta'], base_paths=['.'], packages_ignore=None, packages_ignore_regex=None, paths=None, packages_up_to=None, packages_up_to_regex=None, packages_above=None, packages_above_and_dependencies=None, packages_above_depth=None, packages_select_by_dep=None, packages_skip_by_dep=None, packages_skip_up_to=None, packages_select_build_failed=False, packages_skip_build_finished=False, packages_select_test_failures=False, packages_skip_test_passed=False, packages_select=None, packages_skip=None, packages_select_regex=None, packages_skip_regex=None, packages_start=None, packages_end=None, allow_overriding=[], cmake_args=None, cmake_target=None, cmake_target_skip_unavailable=False, cmake_clean_cache=False, cmake_clean_first=False, cmake_force_configure=False, ament_cmake_args=None, catkin_cmake_args=None, catkin_skip_building_tests=False, verb_parser=<colcon_defaults.argument_parser.defaults.DefaultArgumentsDecorator object at 0x75a346cc60e0>, verb_extension=<colcon_core.verb.build.BuildVerb object at 0x75a346c67910>, main=<bound method BuildVerb.main of <colcon_core.verb.build.BuildVerb object at 0x75a346c67910>>)
[2.311s] Level 1:colcon.colcon_core.package_discovery:discover_packages(colcon_meta) check parameters
[2.311s] Level 1:colcon.colcon_core.package_discovery:discover_packages(recursive) check parameters
[2.311s] Level 1:colcon.colcon_core.package_discovery:discover_packages(ignore) check parameters
[2.311s] Level 1:colcon.colcon_core.package_discovery:discover_packages(path) check parameters
[2.311s] Level 1:colcon.colcon_core.package_discovery:discover_packages(colcon_meta) discover
[2.311s] Level 1:colcon.colcon_core.package_discovery:discover_packages(recursive) discover
[2.311s] INFO:colcon.colcon_core.package_discovery:Crawling recursively for packages in '/home/sudhindra/aruco_ws'
[2.311s] Level 1:colcon.colcon_core.package_identification:_identify(.) by extensions ['ignore', 'ignore_ament_install']
[2.312s] Level 1:colcon.colcon_core.package_identification:_identify(.) by extension 'ignore'
[2.312s] Level 1:colcon.colcon_core.package_identification:_identify(.) by extension 'ignore_ament_install'
[2.312s] Level 1:colcon.colcon_core.package_identification:_identify(.) by extensions ['colcon_pkg']
[2.312s] Level 1:colcon.colcon_core.package_identification:_identify(.) by extension 'colcon_pkg'
[2.312s] Level 1:colcon.colcon_core.package_identification:_identify(.) by extensions ['colcon_meta']
[2.312s] Level 1:colcon.colcon_core.package_identification:_identify(.) by extension 'colcon_meta'
[2.312s] Level 1:colcon.colcon_core.package_identification:_identify(.) by extensions ['ros']
[2.312s] Level 1:colcon.colcon_core.package_identification:_identify(.) by extension 'ros'
[2.332s] Level 1:colcon.colcon_core.package_identification:_identify(.) by extensions ['cmake', 'python']
[2.332s] Level 1:colcon.colcon_core.package_identification:_identify(.) by extension 'cmake'
[2.332s] Level 1:colcon.colcon_core.package_identification:_identify(.) by extension 'python'
[2.332s] Level 1:colcon.colcon_core.package_identification:_identify(.) by extensions ['python_setup_py']
[2.332s] Level 1:colcon.colcon_core.package_identification:_identify(.) by extension 'python_setup_py'
[2.333s] Level 1:colcon.colcon_core.package_identification:_identify(build) by extensions ['ignore', 'ignore_ament_install']
[2.333s] Level 1:colcon.colcon_core.package_identification:_identify(build) by extension 'ignore'
[2.333s] Level 1:colcon.colcon_core.package_identification:_identify(build) ignored
[2.333s] Level 1:colcon.colcon_core.package_identification:_identify(install) by extensions ['ignore', 'ignore_ament_install']
[2.333s] Level 1:colcon.colcon_core.package_identification:_identify(install) by extension 'ignore'
[2.333s] Level 1:colcon.colcon_core.package_identification:_identify(install) ignored
[2.334s] Level 1:colcon.colcon_core.package_identification:_identify(log) by extensions ['ignore', 'ignore_ament_install']
[2.334s] Level 1:colcon.colcon_core.package_identification:_identify(log) by extension 'ignore'
[2.334s] Level 1:colcon.colcon_core.package_identification:_identify(log) ignored
[2.334s] Level 1:colcon.colcon_core.package_identification:_identify(src) by extensions ['ignore', 'ignore_ament_install']
[2.334s] Level 1:colcon.colcon_core.package_identification:_identify(src) by extension 'ignore'
[2.334s] Level 1:colcon.colcon_core.package_identification:_identify(src) by extension 'ignore_ament_install'
[2.335s] Level 1:colcon.colcon_core.package_identification:_identify(src) by extensions ['colcon_pkg']
[2.335s] Level 1:colcon.colcon_core.package_identification:_identify(src) by extension 'colcon_pkg'
[2.335s] Level 1:colcon.colcon_core.package_identification:_identify(src) by extensions ['colcon_meta']
[2.335s] Level 1:colcon.colcon_core.package_identification:_identify(src) by extension 'colcon_meta'
[2.335s] Level 1:colcon.colcon_core.package_identification:_identify(src) by extensions ['ros']
[2.335s] Level 1:colcon.colcon_core.package_identification:_identify(src) by extension 'ros'
[2.335s] Level 1:colcon.colcon_core.package_identification:_identify(src) by extensions ['cmake', 'python']
[2.335s] Level 1:colcon.colcon_core.package_identification:_identify(src) by extension 'cmake'
[2.335s] Level 1:colcon.colcon_core.package_identification:_identify(src) by extension 'python'
[2.335s] Level 1:colcon.colcon_core.package_identification:_identify(src) by extensions ['python_setup_py']
[2.335s] Level 1:colcon.colcon_core.package_identification:_identify(src) by extension 'python_setup_py'
[2.336s] Level 1:colcon.colcon_core.package_identification:_identify(src/client) by extensions ['ignore', 'ignore_ament_install']
[2.336s] Level 1:colcon.colcon_core.package_identification:_identify(src/client) by extension 'ignore'
[2.336s] Level 1:colcon.colcon_core.package_identification:_identify(src/client) by extension 'ignore_ament_install'
[2.336s] Level 1:colcon.colcon_core.package_identification:_identify(src/client) by extensions ['colcon_pkg']
[2.336s] Level 1:colcon.colcon_core.package_identification:_identify(src/client) by extension 'colcon_pkg'
[2.336s] Level 1:colcon.colcon_core.package_identification:_identify(src/client) by extensions ['colcon_meta']
[2.336s] Level 1:colcon.colcon_core.package_identification:_identify(src/client) by extension 'colcon_meta'
[2.336s] Level 1:colcon.colcon_core.package_identification:_identify(src/client) by extensions ['ros']
[2.336s] Level 1:colcon.colcon_core.package_identification:_identify(src/client) by extension 'ros'
[2.341s] DEBUG:colcon.colcon_core.package_identification:Package 'src/client' with type 'ros.ament_python' and name 'client'
[2.342s] Level 1:colcon.colcon_core.package_identification:_identify(src/custom_interfaces) by extensions ['ignore', 'ignore_ament_install']
[2.342s] Level 1:colcon.colcon_core.package_identification:_identify(src/custom_interfaces) by extension 'ignore'
[2.342s] Level 1:colcon.colcon_core.package_identification:_identify(src/custom_interfaces) by extension 'ignore_ament_install'
[2.342s] Level 1:colcon.colcon_core.package_identification:_identify(src/custom_interfaces) by extensions ['colcon_pkg']
[2.342s] Level 1:colcon.colcon_core.package_identification:_identify(src/custom_interfaces) by extension 'colcon_pkg'
[2.342s] Level 1:colcon.colcon_core.package_identification:_identify(src/custom_interfaces) by extensions ['colcon_meta']
[2.342s] Level 1:colcon.colcon_core.package_identification:_identify(src/custom_interfaces) by extension 'colcon_meta'
[2.342s] Level 1:colcon.colcon_core.package_identification:_identify(src/custom_interfaces) by extensions ['ros']
[2.343s] Level 1:colcon.colcon_core.package_identification:_identify(src/custom_interfaces) by extension 'ros'
[2.344s] DEBUG:colcon.colcon_core.package_identification:Package 'src/custom_interfaces' with type 'ros.ament_cmake' and name 'custom_interfaces'
[2.344s] Level 1:colcon.colcon_core.package_identification:_identify(src/server) by extensions ['ignore', 'ignore_ament_install']
[2.344s] Level 1:colcon.colcon_core.package_identification:_identify(src/server) by extension 'ignore'
[2.344s] Level 1:colcon.colcon_core.package_identification:_identify(src/server) by extension 'ignore_ament_install'
[2.344s] Level 1:colcon.colcon_core.package_identification:_identify(src/server) by extensions ['colcon_pkg']
[2.344s] Level 1:colcon.colcon_core.package_identification:_identify(src/server) by extension 'colcon_pkg'
[2.345s] Level 1:colcon.colcon_core.package_identification:_identify(src/server) by extensions ['colcon_meta']
[2.345s] Level 1:colcon.colcon_core.package_identification:_identify(src/server) by extension 'colcon_meta'
[2.345s] Level 1:colcon.colcon_core.package_identification:_identify(src/server) by extensions ['ros']
[2.345s] Level 1:colcon.colcon_core.package_identification:_identify(src/server) by extension 'ros'
[2.346s] DEBUG:colcon.colcon_core.package_identification:Package 'src/server' with type 'ros.ament_python' and name 'server'
[2.346s] Level 1:colcon.colcon_core.package_discovery:discover_packages(recursive) using defaults
[2.346s] Level 1:colcon.colcon_core.package_discovery:discover_packages(ignore) discover
[2.346s] Level 1:colcon.colcon_core.package_discovery:discover_packages(ignore) using defaults
[2.346s] Level 1:colcon.colcon_core.package_discovery:discover_packages(path) discover
[2.346s] Level 1:colcon.colcon_core.package_discovery:discover_packages(path) using defaults
[2.543s] Level 1:colcon.colcon_core.package_discovery:discover_packages(prefix_path) check parameters
[2.543s] Level 1:colcon.colcon_core.package_discovery:discover_packages(prefix_path) discover
[2.611s] DEBUG:colcon.colcon_installed_package_information.package_discovery:Found 3 installed packages in /home/sudhindra/aruco_ws/install
[2.644s] DEBUG:colcon.colcon_installed_package_information.package_discovery:Found 8 installed packages in /home/sudhindra/erc_ws/install
[2.691s] DEBUG:colcon.colcon_installed_package_information.package_discovery:Found 2 installed packages in /home/sudhindra/ros2_ws/install
[2.723s] DEBUG:colcon.colcon_installed_package_information.package_discovery:Found 1 installed packages in /home/sudhindra/practice_ws/install
[2.757s] DEBUG:colcon.colcon_installed_package_information.package_discovery:Found 284 installed packages in /opt/ros/humble
[2.759s] Level 1:colcon.colcon_core.package_discovery:discover_packages(prefix_path) using defaults
[2.950s] Level 5:colcon.colcon_core.verb:set package 'custom_interfaces' build argument 'cmake_args' from command line to 'None'
[2.950s] Level 5:colcon.colcon_core.verb:set package 'custom_interfaces' build argument 'cmake_target' from command line to 'None'
[2.950s] Level 5:colcon.colcon_core.verb:set package 'custom_interfaces' build argument 'cmake_target_skip_unavailable' from command line to 'False'
[2.950s] Level 5:colcon.colcon_core.verb:set package 'custom_interfaces' build argument 'cmake_clean_cache' from command line to 'False'
[2.951s] Level 5:colcon.colcon_core.verb:set package 'custom_interfaces' build argument 'cmake_clean_first' from command line to 'False'
[2.951s] Level 5:colcon.colcon_core.verb:set package 'custom_interfaces' build argument 'cmake_force_configure' from command line to 'False'
[2.951s] Level 5:colcon.colcon_core.verb:set package 'custom_interfaces' build argument 'ament_cmake_args' from command line to 'None'
[2.951s] Level 5:colcon.colcon_core.verb:set package 'custom_interfaces' build argument 'catkin_cmake_args' from command line to 'None'
[2.951s] Level 5:colcon.colcon_core.verb:set package 'custom_interfaces' build argument 'catkin_skip_building_tests' from command line to 'False'
[2.951s] DEBUG:colcon.colcon_core.verb:Building package 'custom_interfaces' with the following arguments: {'ament_cmake_args': None, 'build_base': '/home/sudhindra/aruco_ws/build/custom_interfaces', 'catkin_cmake_args': None, 'catkin_skip_building_tests': False, 'cmake_args': None, 'cmake_clean_cache': False, 'cmake_clean_first': False, 'cmake_force_configure': False, 'cmake_target': None, 'cmake_target_skip_unavailable': False, 'install_base': '/home/sudhindra/aruco_ws/install/custom_interfaces', 'merge_install': False, 'path': '/home/sudhindra/aruco_ws/src/custom_interfaces', 'symlink_install': False, 'test_result_base': None}
[2.983s] Level 5:colcon.colcon_core.verb:set package 'client' build argument 'cmake_args' from command line to 'None'
[2.984s] Level 5:colcon.colcon_core.verb:set package 'client' build argument 'cmake_target' from command line to 'None'
[2.984s] Level 5:colcon.colcon_core.verb:set package 'client' build argument 'cmake_target_skip_unavailable' from command line to 'False'
[2.984s] Level 5:colcon.colcon_core.verb:set package 'client' build argument 'cmake_clean_cache' from command line to 'False'
[2.984s] Level 5:colcon.colcon_core.verb:set package 'client' build argument 'cmake_clean_first' from command line to 'False'
[2.984s] Level 5:colcon.colcon_core.verb:set package 'client' build argument 'cmake_force_configure' from command line to 'False'
[2.984s] Level 5:colcon.colcon_core.verb:set package 'client' build argument 'ament_cmake_args' from command line to 'None'
[2.984s] Level 5:colcon.colcon_core.verb:set package 'client' build argument 'catkin_cmake_args' from command line to 'None'
[2.984s] Level 5:colcon.colcon_core.verb:set package 'client' build argument 'catkin_skip_building_tests' from command line to 'False'
[2.984s] DEBUG:colcon.colcon_core.verb:Building package 'client' with the following arguments: {'ament_cmake_args': None, 'build_base': '/home/sudhindra/aruco_ws/build/client', 'catkin_cmake_args': None, 'catkin_skip_building_tests': False, 'cmake_args': None, 'cmake_clean_cache': False, 'cmake_clean_first': False, 'cmake_force_configure': False, 'cmake_target': None, 'cmake_target_skip_unavailable': False, 'install_base': '/home/sudhindra/aruco_ws/install/client', 'merge_install': False, 'path': '/home/sudhindra/aruco_ws/src/client', 'symlink_install': False, 'test_result_base': None}
[3.017s] Level 5:colcon.colcon_core.verb:set package 'server' build argument 'cmake_args' from command line to 'None'
[3.017s] Level 5:colcon.colcon_core.verb:set package 'server' build argument 'cmake_target' from command line to 'None'
[3.017s] Level 5:colcon.colcon_core.verb:set package 'server' build argument 'cmake_target_skip_unavailable' from command line to 'False'
[3.017s] Level 5:colcon.colcon_core.verb:set package 'server' build argument 'cmake_clean_cache' from command line to 'False'
[3.017s] Level 5:colcon.colcon_core.verb:set package 'server' build argument 'cmake_clean_first' from command line to 'False'
[3.017s] Level 5:colcon.colcon_core.verb:set package 'server' build argument 'cmake_force_configure' from command line to 'False'
[3.017s] Level 5:colcon.colcon_core.verb:set package 'server' build argument 'ament_cmake_args' from command line to 'None'
[3.017s] Level 5:colcon.colcon_core.verb:set package 'server' build argument 'catkin_cmake_args' from command line to 'None'
[3.017s] Level 5:colcon.colcon_core.verb:set package 'server' build argument 'catkin_skip_building_tests' from command line to 'False'
[3.017s] DEBUG:colcon.colcon_core.verb:Building package 'server' with the following arguments: {'ament_cmake_args': None, 'build_base': '/home/sudhindra/aruco_ws/build/server', 'catkin_cmake_args': None, 'catkin_skip_building_tests': False, 'cmake_args': None, 'cmake_clean_cache': False, 'cmake_clean_first': False, 'cmake_force_configure': False, 'cmake_target': None, 'cmake_target_skip_unavailable': False, 'install_base': '/home/sudhindra/aruco_ws/install/server', 'merge_install': False, 'path': '/home/sudhindra/aruco_ws/src/server', 'symlink_install': False, 'test_result_base': None}
[3.049s] INFO:colcon.colcon_core.executor:Executing jobs using 'parallel' executor
[3.082s] DEBUG:colcon.colcon_parallel_executor.executor.parallel:run_until_complete
[3.083s] INFO:colcon.colcon_ros.task.ament_cmake.build:Building ROS package in '/home/sudhindra/aruco_ws/src/custom_interfaces' with build type 'ament_cmake'
[3.083s] INFO:colcon.colcon_cmake.task.cmake.build:Building CMake package in '/home/sudhindra/aruco_ws/src/custom_interfaces'
[3.121s] INFO:colcon.colcon_core.plugin_system:Skipping extension 'colcon_core.shell.bat': Not used on non-Windows systems
[3.121s] INFO:colcon.colcon_core.shell:Skip shell extension 'powershell' for command environment: Not usable outside of PowerShell
[3.121s] DEBUG:colcon.colcon_core.shell:Skip shell extension 'dsv' for command environment
[3.335s] DEBUG:colcon.colcon_core.event_handler.log_command:Invoking command in '/home/sudhindra/aruco_ws/build/custom_interfaces': CMAKE_PREFIX_PATH=${CMAKE_PREFIX_PATH}:/home/sudhindra/aruco_ws/install/server:/home/sudhindra/aruco_ws/install/client:/home/sudhindra/practice_ws/install/test_1:/home/sudhindra/ros2_ws/install/my_robot_controller:/home/sudhindra/erc_ws/install/week1_tutorials:/home/sudhindra/erc_ws/install/week0_tutorials:/home/sudhindra/erc_ws/install/task_1:/home/sudhindra/erc_ws/install/sherlock:/home/sudhindra/erc_ws/install/mrs_hudson:/home/sudhindra/erc_ws/install/ep3:/home/sudhindra/erc_ws/install/conversation:/opt/ros/humble /usr/bin/cmake --build /home/sudhindra/aruco_ws/build/custom_interfaces -- -j4 -l4
[4.157s] DEBUG:colcon.colcon_core.event_handler.log_command:Invoked command in '/home/sudhindra/aruco_ws/build/custom_interfaces' returned '0': CMAKE_PREFIX_PATH=${CMAKE_PREFIX_PATH}:/home/sudhindra/aruco_ws/install/server:/home/sudhindra/aruco_ws/install/client:/home/sudhindra/practice_ws/install/test_1:/home/sudhindra/ros2_ws/install/my_robot_controller:/home/sudhindra/erc_ws/install/week1_tutorials:/home/sudhindra/erc_ws/install/week0_tutorials:/home/sudhindra/erc_ws/install/task_1:/home/sudhindra/erc_ws/install/sherlock:/home/sudhindra/erc_ws/install/mrs_hudson:/home/sudhindra/erc_ws/install/ep3:/home/sudhindra/erc_ws/install/conversation:/opt/ros/humble /usr/bin/cmake --build /home/sudhindra/aruco_ws/build/custom_interfaces -- -j4 -l4
[4.275s] DEBUG:colcon.colcon_core.event_handler.log_command:Invoking command in '/home/sudhindra/aruco_ws/build/custom_interfaces': CMAKE_PREFIX_PATH=${CMAKE_PREFIX_PATH}:/home/sudhindra/aruco_ws/install/server:/home/sudhindra/aruco_ws/install/client:/home/sudhindra/practice_ws/install/test_1:/home/sudhindra/ros2_ws/install/my_robot_controller:/home/sudhindra/erc_ws/install/week1_tutorials:/home/sudhindra/erc_ws/install/week0_tutorials:/home/sudhindra/erc_ws/install/task_1:/home/sudhindra/erc_ws/install/sherlock:/home/sudhindra/erc_ws/install/mrs_hudson:/home/sudhindra/erc_ws/install/ep3:/home/sudhindra/erc_ws/install/conversation:/opt/ros/humble /usr/bin/cmake --install /home/sudhindra/aruco_ws/build/custom_interfaces
[4.394s] Level 1:colcon.colcon_core.environment:create_environment_scripts_only(custom_interfaces)
[4.399s] DEBUG:colcon.colcon_core.event_handler.log_command:Invoked command in '/home/sudhindra/aruco_ws/build/custom_interfaces' returned '0': CMAKE_PREFIX_PATH=${CMAKE_PREFIX_PATH}:/home/sudhindra/aruco_ws/install/server:/home/sudhindra/aruco_ws/install/client:/home/sudhindra/practice_ws/install/test_1:/home/sudhindra/ros2_ws/install/my_robot_controller:/home/sudhindra/erc_ws/install/week1_tutorials:/home/sudhindra/erc_ws/install/week0_tutorials:/home/sudhindra/erc_ws/install/task_1:/home/sudhindra/erc_ws/install/sherlock:/home/sudhindra/erc_ws/install/mrs_hudson:/home/sudhindra/erc_ws/install/ep3:/home/sudhindra/erc_ws/install/conversation:/opt/ros/humble /usr/bin/cmake --install /home/sudhindra/aruco_ws/build/custom_interfaces
[4.437s] Level 1:colcon.colcon_core.environment:checking '/home/sudhindra/aruco_ws/install/custom_interfaces' for CMake module files
[4.438s] Level 1:colcon.colcon_core.environment:checking '/home/sudhindra/aruco_ws/install/custom_interfaces' for CMake config files
[4.439s] Level 1:colcon.colcon_core.shell:create_environment_hook('custom_interfaces', 'cmake_prefix_path')
[4.474s] INFO:colcon.colcon_core.shell:Creating environment hook '/home/sudhindra/aruco_ws/install/custom_interfaces/share/custom_interfaces/hook/cmake_prefix_path.ps1'
[4.475s] INFO:colcon.colcon_core.shell:Creating environment descriptor '/home/sudhindra/aruco_ws/install/custom_interfaces/share/custom_interfaces/hook/cmake_prefix_path.dsv'
[4.476s] INFO:colcon.colcon_core.shell:Creating environment hook '/home/sudhindra/aruco_ws/install/custom_interfaces/share/custom_interfaces/hook/cmake_prefix_path.sh'
[4.477s] Level 1:colcon.colcon_core.environment:checking '/home/sudhindra/aruco_ws/install/custom_interfaces/lib'
[4.478s] Level 1:colcon.colcon_core.shell:create_environment_hook('custom_interfaces', 'ld_library_path_lib')
[4.512s] INFO:colcon.colcon_core.shell:Creating environment hook '/home/sudhindra/aruco_ws/install/custom_interfaces/share/custom_interfaces/hook/ld_library_path_lib.ps1'
[4.513s] INFO:colcon.colcon_core.shell:Creating environment descriptor '/home/sudhindra/aruco_ws/install/custom_interfaces/share/custom_interfaces/hook/ld_library_path_lib.dsv'
[4.514s] INFO:colcon.colcon_core.shell:Creating environment hook '/home/sudhindra/aruco_ws/install/custom_interfaces/share/custom_interfaces/hook/ld_library_path_lib.sh'
[4.515s] Level 1:colcon.colcon_core.environment:checking '/home/sudhindra/aruco_ws/install/custom_interfaces/bin'
[4.515s] Level 1:colcon.colcon_core.environment:checking '/home/sudhindra/aruco_ws/install/custom_interfaces/lib/pkgconfig/custom_interfaces.pc'
[4.515s] Level 1:colcon.colcon_core.environment:checking '/home/sudhindra/aruco_ws/install/custom_interfaces/lib/python3.10/site-packages'
[4.516s] Level 1:colcon.colcon_core.environment:checking '/home/sudhindra/aruco_ws/install/custom_interfaces/bin'
[4.548s] INFO:colcon.colcon_core.shell:Creating package script '/home/sudhindra/aruco_ws/install/custom_interfaces/share/custom_interfaces/package.ps1'
[4.550s] INFO:colcon.colcon_core.shell:Creating package descriptor '/home/sudhindra/aruco_ws/install/custom_interfaces/share/custom_interfaces/package.dsv'
[4.551s] INFO:colcon.colcon_core.shell:Creating package script '/home/sudhindra/aruco_ws/install/custom_interfaces/share/custom_interfaces/package.sh'
[4.552s] INFO:colcon.colcon_core.shell:Creating package script '/home/sudhindra/aruco_ws/install/custom_interfaces/share/custom_interfaces/package.bash'
[4.553s] INFO:colcon.colcon_core.shell:Creating package script '/home/sudhindra/aruco_ws/install/custom_interfaces/share/custom_interfaces/package.zsh'
[4.554s] Level 1:colcon.colcon_core.environment:create_file_with_runtime_dependencies(/home/sudhindra/aruco_ws/install/custom_interfaces/share/colcon-core/packages/custom_interfaces)
[4.689s] Level 1:colcon.colcon_core.environment:create_environment_scripts_only(custom_interfaces)
[4.723s] Level 1:colcon.colcon_core.environment:checking '/home/sudhindra/aruco_ws/install/custom_interfaces' for CMake module files
[4.724s] Level 1:colcon.colcon_core.environment:checking '/home/sudhindra/aruco_ws/install/custom_interfaces' for CMake config files
[4.725s] Level 1:colcon.colcon_core.shell:create_environment_hook('custom_interfaces', 'cmake_prefix_path')
[4.757s] INFO:colcon.colcon_core.shell:Creating environment hook '/home/sudhindra/aruco_ws/install/custom_interfaces/share/custom_interfaces/hook/cmake_prefix_path.ps1'
[4.757s] INFO:colcon.colcon_core.shell:Creating environment descriptor '/home/sudhindra/aruco_ws/install/custom_interfaces/share/custom_interfaces/hook/cmake_prefix_path.dsv'
[4.758s] INFO:colcon.colcon_core.shell:Creating environment hook '/home/sudhindra/aruco_ws/install/custom_interfaces/share/custom_interfaces/hook/cmake_prefix_path.sh'
[4.759s] Level 1:colcon.colcon_core.environment:checking '/home/sudhindra/aruco_ws/install/custom_interfaces/lib'
[4.759s] Level 1:colcon.colcon_core.shell:create_environment_hook('custom_interfaces', 'ld_library_path_lib')
[4.798s] INFO:colcon.colcon_core.shell:Creating environment hook '/home/sudhindra/aruco_ws/install/custom_interfaces/share/custom_interfaces/hook/ld_library_path_lib.ps1'
[4.799s] INFO:colcon.colcon_core.shell:Creating environment descriptor '/home/sudhindra/aruco_ws/install/custom_interfaces/share/custom_interfaces/hook/ld_library_path_lib.dsv'
[4.799s] INFO:colcon.colcon_core.shell:Creating environment hook '/home/sudhindra/aruco_ws/install/custom_interfaces/share/custom_interfaces/hook/ld_library_path_lib.sh'
[4.800s] Level 1:colcon.colcon_core.environment:checking '/home/sudhindra/aruco_ws/install/custom_interfaces/bin'
[4.800s] Level 1:colcon.colcon_core.environment:checking '/home/sudhindra/aruco_ws/install/custom_interfaces/lib/pkgconfig/custom_interfaces.pc'
[4.800s] Level 1:colcon.colcon_core.environment:checking '/home/sudhindra/aruco_ws/install/custom_interfaces/lib/python3.10/site-packages'
[4.801s] Level 1:colcon.colcon_core.environment:checking '/home/sudhindra/aruco_ws/install/custom_interfaces/bin'
[4.835s] INFO:colcon.colcon_core.shell:Creating package script '/home/sudhindra/aruco_ws/install/custom_interfaces/share/custom_interfaces/package.ps1'
[4.836s] INFO:colcon.colcon_core.shell:Creating package descriptor '/home/sudhindra/aruco_ws/install/custom_interfaces/share/custom_interfaces/package.dsv'
[4.837s] INFO:colcon.colcon_core.shell:Creating package script '/home/sudhindra/aruco_ws/install/custom_interfaces/share/custom_interfaces/package.sh'
[4.838s] INFO:colcon.colcon_core.shell:Creating package script '/home/sudhindra/aruco_ws/install/custom_interfaces/share/custom_interfaces/package.bash'
[4.839s] INFO:colcon.colcon_core.shell:Creating package script '/home/sudhindra/aruco_ws/install/custom_interfaces/share/custom_interfaces/package.zsh'
[4.839s] Level 1:colcon.colcon_core.environment:create_file_with_runtime_dependencies(/home/sudhindra/aruco_ws/install/custom_interfaces/share/colcon-core/packages/custom_interfaces)
[4.840s] INFO:colcon.colcon_ros.task.ament_python.build:Building ROS package in '/home/sudhindra/aruco_ws/src/client' with build type 'ament_python'
[4.840s] Level 1:colcon.colcon_core.shell:create_environment_hook('client', 'ament_prefix_path')
[4.879s] INFO:colcon.colcon_core.shell:Creating environment hook '/home/sudhindra/aruco_ws/install/client/share/client/hook/ament_prefix_path.ps1'
[4.880s] INFO:colcon.colcon_core.shell:Creating environment descriptor '/home/sudhindra/aruco_ws/install/client/share/client/hook/ament_prefix_path.dsv'
[4.880s] INFO:colcon.colcon_core.shell:Creating environment hook '/home/sudhindra/aruco_ws/install/client/share/client/hook/ament_prefix_path.sh'
[4.917s] INFO:colcon.colcon_core.shell:Skip shell extension 'powershell' for command environment: Not usable outside of PowerShell
[4.917s] DEBUG:colcon.colcon_core.shell:Skip shell extension 'dsv' for command environment
[5.122s] INFO:colcon.colcon_ros.task.ament_python.build:Building ROS package in '/home/sudhindra/aruco_ws/src/server' with build type 'ament_python'
[5.122s] Level 1:colcon.colcon_core.shell:create_environment_hook('server', 'ament_prefix_path')
[5.157s] INFO:colcon.colcon_core.shell:Creating environment hook '/home/sudhindra/aruco_ws/install/server/share/server/hook/ament_prefix_path.ps1'
[5.158s] INFO:colcon.colcon_core.shell:Creating environment descriptor '/home/sudhindra/aruco_ws/install/server/share/server/hook/ament_prefix_path.dsv'
[5.159s] INFO:colcon.colcon_core.shell:Creating environment hook '/home/sudhindra/aruco_ws/install/server/share/server/hook/ament_prefix_path.sh'
[5.192s] INFO:colcon.colcon_core.shell:Skip shell extension 'powershell' for command environment: Not usable outside of PowerShell
[5.192s] DEBUG:colcon.colcon_core.shell:Skip shell extension 'dsv' for command environment
[5.956s] INFO:colcon.colcon_core.task.python.build:Building Python package in '/home/sudhindra/aruco_ws/src/client'
[5.988s] INFO:colcon.colcon_core.shell:Skip shell extension 'powershell' for command environment: Not usable outside of PowerShell
[5.988s] DEBUG:colcon.colcon_core.shell:Skip shell extension 'dsv' for command environment
[6.751s] INFO:colcon.colcon_core.task.python.build:Building Python package in '/home/sudhindra/aruco_ws/src/server'
[6.783s] INFO:colcon.colcon_core.shell:Skip shell extension 'powershell' for command environment: Not usable outside of PowerShell
[6.783s] DEBUG:colcon.colcon_core.shell:Skip shell extension 'dsv' for command environment
[7.810s] DEBUG:colcon.colcon_core.event_handler.log_command:Invoking command in '/home/sudhindra/aruco_ws/src/client': PYTHONPATH=/home/sudhindra/aruco_ws/build/client/prefix_override:/home/sudhindra/aruco_ws/install/client/lib/python3.10/site-packages:${PYTHONPATH} /usr/bin/python3 setup.py egg_info --egg-base ../../build/client build --build-base /home/sudhindra/aruco_ws/build/client/build install --record /home/sudhindra/aruco_ws/build/client/install.log --single-version-externally-managed
[7.824s] DEBUG:colcon.colcon_core.event_handler.log_command:Invoking command in '/home/sudhindra/aruco_ws/src/server': PYTHONPATH=/home/sudhindra/aruco_ws/build/server/prefix_override:/home/sudhindra/aruco_ws/install/server/lib/python3.10/site-packages:${PYTHONPATH} /usr/bin/python3 setup.py egg_info --egg-base ../../build/server build --build-base /home/sudhindra/aruco_ws/build/server/build install --record /home/sudhindra/aruco_ws/build/server/install.log --single-version-externally-managed
[8.488s] DEBUG:colcon.colcon_core.event_handler.log_command:Invoked command in '/home/sudhindra/aruco_ws/src/client' returned '0': PYTHONPATH=/home/sudhindra/aruco_ws/build/client/prefix_override:/home/sudhindra/aruco_ws/install/client/lib/python3.10/site-packages:${PYTHONPATH} /usr/bin/python3 setup.py egg_info --egg-base ../../build/client build --build-base /home/sudhindra/aruco_ws/build/client/build install --record /home/sudhindra/aruco_ws/build/client/install.log --single-version-externally-managed
[8.524s] Level 1:colcon.colcon_core.environment:checking '/home/sudhindra/aruco_ws/install/client' for CMake module files
[8.525s] Level 1:colcon.colcon_core.environment:checking '/home/sudhindra/aruco_ws/install/client' for CMake config files
[8.526s] Level 1:colcon.colcon_core.environment:checking '/home/sudhindra/aruco_ws/install/client/lib'
[8.526s] Level 1:colcon.colcon_core.environment:checking '/home/sudhindra/aruco_ws/install/client/bin'
[8.526s] Level 1:colcon.colcon_core.environment:checking '/home/sudhindra/aruco_ws/install/client/lib/pkgconfig/client.pc'
[8.527s] Level 1:colcon.colcon_core.environment:checking '/home/sudhindra/aruco_ws/install/client/lib/python3.10/site-packages'
[8.527s] Level 1:colcon.colcon_core.shell:create_environment_hook('client', 'pythonpath')
[8.560s] INFO:colcon.colcon_core.shell:Creating environment hook '/home/sudhindra/aruco_ws/install/client/share/client/hook/pythonpath.ps1'
[8.561s] INFO:colcon.colcon_core.shell:Creating environment descriptor '/home/sudhindra/aruco_ws/install/client/share/client/hook/pythonpath.dsv'
[8.562s] INFO:colcon.colcon_core.shell:Creating environment hook '/home/sudhindra/aruco_ws/install/client/share/client/hook/pythonpath.sh'
[8.563s] Level 1:colcon.colcon_core.environment:checking '/home/sudhindra/aruco_ws/install/client/bin'
[8.563s] Level 1:colcon.colcon_core.environment:create_environment_scripts_only(client)
[8.595s] INFO:colcon.colcon_core.shell:Creating package script '/home/sudhindra/aruco_ws/install/client/share/client/package.ps1'
[8.596s] INFO:colcon.colcon_core.shell:Creating package descriptor '/home/sudhindra/aruco_ws/install/client/share/client/package.dsv'
[8.597s] INFO:colcon.colcon_core.shell:Creating package script '/home/sudhindra/aruco_ws/install/client/share/client/package.sh'
[8.597s] INFO:colcon.colcon_core.shell:Creating package script '/home/sudhindra/aruco_ws/install/client/share/client/package.bash'
[8.598s] INFO:colcon.colcon_core.shell:Creating package script '/home/sudhindra/aruco_ws/install/client/share/client/package.zsh'
[8.599s] Level 1:colcon.colcon_core.environment:create_file_with_runtime_dependencies(/home/sudhindra/aruco_ws/install/client/share/colcon-core/packages/client)
[8.601s] DEBUG:colcon.colcon_core.event_handler.log_command:Invoked command in '/home/sudhindra/aruco_ws/src/server' returned '0': PYTHONPATH=/home/sudhindra/aruco_ws/build/server/prefix_override:/home/sudhindra/aruco_ws/install/server/lib/python3.10/site-packages:${PYTHONPATH} /usr/bin/python3 setup.py egg_info --egg-base ../../build/server build --build-base /home/sudhindra/aruco_ws/build/server/build install --record /home/sudhindra/aruco_ws/build/server/install.log --single-version-externally-managed
[8.638s] Level 1:colcon.colcon_core.environment:checking '/home/sudhindra/aruco_ws/install/server' for CMake module files
[8.638s] Level 1:colcon.colcon_core.environment:checking '/home/sudhindra/aruco_ws/install/server' for CMake config files
[8.639s] Level 1:colcon.colcon_core.environment:checking '/home/sudhindra/aruco_ws/install/server/lib'
[8.639s] Level 1:colcon.colcon_core.environment:checking '/home/sudhindra/aruco_ws/install/server/bin'
[8.640s] Level 1:colcon.colcon_core.environment:checking '/home/sudhindra/aruco_ws/install/server/lib/pkgconfig/server.pc'
[8.640s] Level 1:colcon.colcon_core.environment:checking '/home/sudhindra/aruco_ws/install/server/lib/python3.10/site-packages'
[8.640s] Level 1:colcon.colcon_core.shell:create_environment_hook('server', 'pythonpath')
[8.675s] INFO:colcon.colcon_core.shell:Creating environment hook '/home/sudhindra/aruco_ws/install/server/share/server/hook/pythonpath.ps1'
[8.675s] INFO:colcon.colcon_core.shell:Creating environment descriptor '/home/sudhindra/aruco_ws/install/server/share/server/hook/pythonpath.dsv'
[8.676s] INFO:colcon.colcon_core.shell:Creating environment hook '/home/sudhindra/aruco_ws/install/server/share/server/hook/pythonpath.sh'
[8.677s] Level 1:colcon.colcon_core.environment:checking '/home/sudhindra/aruco_ws/install/server/bin'
[8.677s] Level 1:colcon.colcon_core.environment:create_environment_scripts_only(server)
[8.710s] INFO:colcon.colcon_core.shell:Creating package script '/home/sudhindra/aruco_ws/install/server/share/server/package.ps1'
[8.711s] INFO:colcon.colcon_core.shell:Creating package descriptor '/home/sudhindra/aruco_ws/install/server/share/server/package.dsv'
[8.711s] INFO:colcon.colcon_core.shell:Creating package script '/home/sudhindra/aruco_ws/install/server/share/server/package.sh'
[8.712s] INFO:colcon.colcon_core.shell:Creating package script '/home/sudhindra/aruco_ws/install/server/share/server/package.bash'
[8.713s] INFO:colcon.colcon_core.shell:Creating package script '/home/sudhindra/aruco_ws/install/server/share/server/package.zsh'
[8.713s] Level 1:colcon.colcon_core.environment:create_file_with_runtime_dependencies(/home/sudhindra/aruco_ws/install/server/share/colcon-core/packages/server)
[8.714s] DEBUG:colcon.colcon_parallel_executor.executor.parallel:closing loop
[8.714s] DEBUG:colcon.colcon_parallel_executor.executor.parallel:loop closed
[8.714s] DEBUG:colcon.colcon_parallel_executor.executor.parallel:run_until_complete finished with '0'
[8.714s] DEBUG:colcon.colcon_core.event_reactor:joining thread
[8.759s] INFO:colcon.colcon_core.plugin_system:Skipping extension 'colcon_notification.desktop_notification.terminal_notifier': Not used on non-Darwin systems
[8.759s] INFO:colcon.colcon_core.plugin_system:Skipping extension 'colcon_notification.desktop_notification.win32': Not used on non-Windows systems
[8.760s] INFO:colcon.colcon_notification.desktop_notification:Sending desktop notification using 'notify2'
[8.783s] DEBUG:colcon.colcon_core.event_reactor:joined thread
[8.824s] INFO:colcon.colcon_core.shell:Creating prefix script '/home/sudhindra/aruco_ws/install/local_setup.ps1'
[8.825s] INFO:colcon.colcon_core.shell:Creating prefix util module '/home/sudhindra/aruco_ws/install/_local_setup_util_ps1.py'
[8.828s] INFO:colcon.colcon_core.shell:Creating prefix chain script '/home/sudhindra/aruco_ws/install/setup.ps1'
[8.869s] INFO:colcon.colcon_core.shell:Creating prefix script '/home/sudhindra/aruco_ws/install/local_setup.sh'
[8.870s] INFO:colcon.colcon_core.shell:Creating prefix util module '/home/sudhindra/aruco_ws/install/_local_setup_util_sh.py'
[8.871s] INFO:colcon.colcon_core.shell:Creating prefix chain script '/home/sudhindra/aruco_ws/install/setup.sh'
[8.910s] INFO:colcon.colcon_core.shell:Creating prefix script '/home/sudhindra/aruco_ws/install/local_setup.bash'
[8.912s] INFO:colcon.colcon_core.shell:Creating prefix chain script '/home/sudhindra/aruco_ws/install/setup.bash'
[8.949s] INFO:colcon.colcon_core.shell:Creating prefix script '/home/sudhindra/aruco_ws/install/local_setup.zsh'
[8.949s] INFO:colcon.colcon_core.shell:Creating prefix chain script '/home/sudhindra/aruco_ws/install/setup.zsh'
