[2.523s] Invoking command in '/home/sudhindra/aruco_ws/src/server': AMENT_PREFIX_PATH=/home/sudhindra/aruco_ws/install/custom_interfaces:${AMENT_PREFIX_PATH} CMAKE_PREFIX_PATH=/home/sudhindra/aruco_ws/install/custom_interfaces:${CMAKE_PREFIX_PATH} LD_LIBRARY_PATH=/home/sudhindra/aruco_ws/install/custom_interfaces/lib:${LD_LIBRARY_PATH} PYTHONPATH=/home/sudhindra/aruco_ws/build/server/prefix_override:/home/sudhindra/aruco_ws/install/server/lib/python3.10/site-packages:/home/sudhindra/aruco_ws/install/custom_interfaces/local/lib/python3.10/dist-packages:${PYTHONPATH} /usr/bin/python3 setup.py egg_info --egg-base ../../build/server build --build-base /home/sudhindra/aruco_ws/build/server/build install --record /home/sudhindra/aruco_ws/build/server/install.log --single-version-externally-managed
[3.062s] running egg_info
[3.064s] writing ../../build/server/server.egg-info/PKG-INFO
[3.064s] writing dependency_links to ../../build/server/server.egg-info/dependency_links.txt
[3.065s] writing entry points to ../../build/server/server.egg-info/entry_points.txt
[3.065s] writing requirements to ../../build/server/server.egg-info/requires.txt
[3.066s] writing top-level names to ../../build/server/server.egg-info/top_level.txt
[3.069s] reading manifest file '../../build/server/server.egg-info/SOURCES.txt'
[3.071s] writing manifest file '../../build/server/server.egg-info/SOURCES.txt'
[3.071s] running build
[3.072s] running build_py
[3.072s] running install
[3.073s] running install_lib
[3.075s] running install_data
[3.076s] running install_egg_info
[3.080s] removing '/home/sudhindra/aruco_ws/install/server/lib/python3.10/site-packages/server-0.0.0-py3.10.egg-info' (and everything under it)
[3.081s] Copying ../../build/server/server.egg-info to /home/sudhindra/aruco_ws/install/server/lib/python3.10/site-packages/server-0.0.0-py3.10.egg-info
[3.082s] running install_scripts
[3.122s] Installing server_executable script to /home/sudhindra/aruco_ws/install/server/lib/server
[3.123s] writing list of installed files to '/home/sudhindra/aruco_ws/build/server/install.log'
[3.289s] Invoked command in '/home/sudhindra/aruco_ws/src/server' returned '0': AMENT_PREFIX_PATH=/home/sudhindra/aruco_ws/install/custom_interfaces:${AMENT_PREFIX_PATH} CMAKE_PREFIX_PATH=/home/sudhindra/aruco_ws/install/custom_interfaces:${CMAKE_PREFIX_PATH} LD_LIBRARY_PATH=/home/sudhindra/aruco_ws/install/custom_interfaces/lib:${LD_LIBRARY_PATH} PYTHONPATH=/home/sudhindra/aruco_ws/build/server/prefix_override:/home/sudhindra/aruco_ws/install/server/lib/python3.10/site-packages:/home/sudhindra/aruco_ws/install/custom_interfaces/local/lib/python3.10/dist-packages:${PYTHONPATH} /usr/bin/python3 setup.py egg_info --egg-base ../../build/server build --build-base /home/sudhindra/aruco_ws/build/server/build install --record /home/sudhindra/aruco_ws/build/server/install.log --single-version-externally-managed
