[2.830s] Invoking command in '/home/sudhindra/aruco_ws/src/server': PYTHONPATH=/home/sudhindra/aruco_ws/build/server/prefix_override:/home/sudhindra/aruco_ws/install/server/lib/python3.10/site-packages:${PYTHONPATH} /usr/bin/python3 setup.py egg_info --egg-base ../../build/server build --build-base /home/sudhindra/aruco_ws/build/server/build install --record /home/sudhindra/aruco_ws/build/server/install.log --single-version-externally-managed
[3.386s] running egg_info
[3.387s] writing ../../build/server/server.egg-info/PKG-INFO
[3.388s] writing dependency_links to ../../build/server/server.egg-info/dependency_links.txt
[3.388s] writing entry points to ../../build/server/server.egg-info/entry_points.txt
[3.389s] writing requirements to ../../build/server/server.egg-info/requires.txt
[3.389s] writing top-level names to ../../build/server/server.egg-info/top_level.txt
[3.392s] reading manifest file '../../build/server/server.egg-info/SOURCES.txt'
[3.395s] writing manifest file '../../build/server/server.egg-info/SOURCES.txt'
[3.395s] running build
[3.396s] running build_py
[3.396s] copying server/server_member_function.py -> /home/sudhindra/aruco_ws/build/server/build/lib/server
[3.455s] running install
[3.456s] running install_lib
[3.471s] copying /home/sudhindra/aruco_ws/build/server/build/lib/server/server_member_function.py -> /home/sudhindra/aruco_ws/install/server/lib/python3.10/site-packages/server
[3.472s] byte-compiling /home/sudhindra/aruco_ws/install/server/lib/python3.10/site-packages/server/server_member_function.py to server_member_function.cpython-310.pyc
[3.474s] running install_data
[3.475s] running install_egg_info
[3.480s] removing '/home/sudhindra/aruco_ws/install/server/lib/python3.10/site-packages/server-0.0.0-py3.10.egg-info' (and everything under it)
[3.481s] Copying ../../build/server/server.egg-info to /home/sudhindra/aruco_ws/install/server/lib/python3.10/site-packages/server-0.0.0-py3.10.egg-info
[3.483s] running install_scripts
[3.544s] Installing server_executable script to /home/sudhindra/aruco_ws/install/server/lib/server
[3.545s] writing list of installed files to '/home/sudhindra/aruco_ws/build/server/install.log'
[3.616s] Invoked command in '/home/sudhindra/aruco_ws/src/server' returned '0': PYTHONPATH=/home/sudhindra/aruco_ws/build/server/prefix_override:/home/sudhindra/aruco_ws/install/server/lib/python3.10/site-packages:${PYTHONPATH} /usr/bin/python3 setup.py egg_info --egg-base ../../build/server build --build-base /home/sudhindra/aruco_ws/build/server/build install --record /home/sudhindra/aruco_ws/build/server/install.log --single-version-externally-managed
