[0.377s] Invoking command in '/home/sudhindra/aruco_ws/build/custom_interfaces': CMAKE_PREFIX_PATH=${CMAKE_PREFIX_PATH}:/home/sudhindra/MRT_ws/install/server:/home/sudhindra/MRT_ws/install/client:/home/sudhindra/practice_ws/install/test_1:/home/sudhindra/ros2_ws/install/my_robot_controller:/home/sudhindra/erc_ws/install/week1_tutorials:/home/sudhindra/erc_ws/install/week0_tutorials:/home/sudhindra/erc_ws/install/task_1:/home/sudhindra/erc_ws/install/sherlock:/home/sudhindra/erc_ws/install/mrs_hudson:/home/sudhindra/erc_ws/install/ep3:/home/sudhindra/erc_ws/install/conversation:/opt/ros/humble /usr/bin/cmake /home/sudhindra/aruco_ws/src/custom_interfaces -DCMAKE_INSTALL_PREFIX=/home/sudhindra/aruco_ws/install/custom_interfaces
[1.723s] -- The C compiler identification is GNU 11.4.0
[2.179s] -- The CXX compiler identification is GNU 11.4.0
[2.341s] -- Detecting C compiler ABI info
[2.643s] -- Detecting C compiler ABI info - done
[2.657s] -- Check for working C compiler: /usr/bin/cc - skipped
[2.657s] -- Detecting C compile features
[2.688s] -- Detecting C compile features - done
[2.710s] -- Detecting CXX compiler ABI info
[2.922s] -- Detecting CXX compiler ABI info - done
[2.936s] -- Check for working CXX compiler: /usr/bin/c++ - skipped
[2.937s] -- Detecting CXX compile features
[2.938s] -- Detecting CXX compile features - done
[3.031s] -- Found ament_cmake: 1.3.6 (/opt/ros/humble/share/ament_cmake/cmake)
[3.555s] -- Found Python3: /usr/bin/python3.10 (found version "3.10.12") found components: Interpreter 
[4.018s] -- Found sensor_msgs: 4.2.3 (/opt/ros/humble/share/sensor_msgs/cmake)
[4.349s] -- Found rosidl_generator_c: 3.1.5 (/opt/ros/humble/share/rosidl_generator_c/cmake)
[4.405s] -- Found rosidl_adapter: 3.1.5 (/opt/ros/humble/share/rosidl_adapter/cmake)
[4.503s] -- Found rosidl_generator_cpp: 3.1.5 (/opt/ros/humble/share/rosidl_generator_cpp/cmake)
[4.659s] -- Using all available rosidl_typesupport_c: rosidl_typesupport_fastrtps_c;rosidl_typesupport_introspection_c
[4.791s] -- Using all available rosidl_typesupport_cpp: rosidl_typesupport_fastrtps_cpp;rosidl_typesupport_introspection_cpp
[5.325s] -- Found rosidl_default_generators: 1.2.0 (/opt/ros/humble/share/rosidl_default_generators/cmake)
[6.233s] -- Found ament_cmake_ros: 0.10.0 (/opt/ros/humble/share/ament_cmake_ros/cmake)
[7.272s] -- Using all available rosidl_typesupport_c: rosidl_typesupport_fastrtps_c;rosidl_typesupport_introspection_c
[7.670s] -- Using all available rosidl_typesupport_cpp: rosidl_typesupport_fastrtps_cpp;rosidl_typesupport_introspection_cpp
[7.747s] -- Found PythonInterp: /usr/bin/python3 (found suitable version "3.10.12", minimum required is "3.6") 
[7.760s] -- Found python_cmake_module: 0.10.0 (/opt/ros/humble/share/python_cmake_module/cmake)
[7.934s] -- Found PythonLibs: /usr/lib/x86_64-linux-gnu/libpython3.10.so (found suitable version "3.10.12", minimum required is "3.5") 
[7.934s] -- Using PYTHON_EXECUTABLE: /usr/bin/python3
[7.934s] -- Using PYTHON_INCLUDE_DIRS: /usr/include/python3.10
[7.935s] -- Using PYTHON_LIBRARIES: /usr/lib/x86_64-linux-gnu/libpython3.10.so
[7.980s] -- Found PythonExtra: .so  
[8.217s] -- Found ament_lint_auto: 0.12.9 (/opt/ros/humble/share/ament_lint_auto/cmake)
[8.569s] -- Added test 'lint_cmake' to check CMake code style
[8.572s] -- Added test 'xmllint' to check XML markup files
[8.601s] -- Configuring done
[8.751s] -- Generating done
[8.755s] -- Build files have been written to: /home/sudhindra/aruco_ws/build/custom_interfaces
[8.771s] Invoked command in '/home/sudhindra/aruco_ws/build/custom_interfaces' returned '0': CMAKE_PREFIX_PATH=${CMAKE_PREFIX_PATH}:/home/sudhindra/MRT_ws/install/server:/home/sudhindra/MRT_ws/install/client:/home/sudhindra/practice_ws/install/test_1:/home/sudhindra/ros2_ws/install/my_robot_controller:/home/sudhindra/erc_ws/install/week1_tutorials:/home/sudhindra/erc_ws/install/week0_tutorials:/home/sudhindra/erc_ws/install/task_1:/home/sudhindra/erc_ws/install/sherlock:/home/sudhindra/erc_ws/install/mrs_hudson:/home/sudhindra/erc_ws/install/ep3:/home/sudhindra/erc_ws/install/conversation:/opt/ros/humble /usr/bin/cmake /home/sudhindra/aruco_ws/src/custom_interfaces -DCMAKE_INSTALL_PREFIX=/home/sudhindra/aruco_ws/install/custom_interfaces
[8.776s] Invoking command in '/home/sudhindra/aruco_ws/build/custom_interfaces': CMAKE_PREFIX_PATH=${CMAKE_PREFIX_PATH}:/home/sudhindra/MRT_ws/install/server:/home/sudhindra/MRT_ws/install/client:/home/sudhindra/practice_ws/install/test_1:/home/sudhindra/ros2_ws/install/my_robot_controller:/home/sudhindra/erc_ws/install/week1_tutorials:/home/sudhindra/erc_ws/install/week0_tutorials:/home/sudhindra/erc_ws/install/task_1:/home/sudhindra/erc_ws/install/sherlock:/home/sudhindra/erc_ws/install/mrs_hudson:/home/sudhindra/erc_ws/install/ep3:/home/sudhindra/erc_ws/install/conversation:/opt/ros/humble /usr/bin/cmake --build /home/sudhindra/aruco_ws/build/custom_interfaces -- -j4 -l4
[8.849s] [  3%] [34m[1mGenerating C code for ROS interfaces[0m
[8.878s] [  6%] [34m[1mGenerating C++ code for ROS interfaces[0m
[8.886s] [  6%] Built target ament_cmake_python_copy_custom_interfaces
[9.753s] [  6%] Built target custom_interfaces__cpp
[9.781s] [  9%] [34m[1mGenerating C++ type support dispatch for ROS interfaces[0m
[9.781s] [ 12%] [34m[1mGenerating C++ type support for eProsima Fast-RTPS[0m
[9.799s] running egg_info
[9.801s] creating custom_interfaces.egg-info
[9.802s] writing custom_interfaces.egg-info/PKG-INFO
[9.803s] writing dependency_links to custom_interfaces.egg-info/dependency_links.txt
[9.803s] writing top-level names to custom_interfaces.egg-info/top_level.txt
[9.804s] writing manifest file 'custom_interfaces.egg-info/SOURCES.txt'
[9.852s] reading manifest file 'custom_interfaces.egg-info/SOURCES.txt'
[9.853s] writing manifest file 'custom_interfaces.egg-info/SOURCES.txt'
[9.931s] [ 12%] Built target ament_cmake_python_build_custom_interfaces_egg
[9.974s] [ 16%] [34m[1mGenerating C++ introspection for ROS interfaces[0m
[10.206s] [ 19%] [32mBuilding C object CMakeFiles/custom_interfaces__rosidl_generator_c.dir/rosidl_generator_c/custom_interfaces/srv/detail/video_frame__functions.c.o[0m
[10.751s] [ 22%] [32mBuilding CXX object CMakeFiles/custom_interfaces__rosidl_typesupport_cpp.dir/rosidl_typesupport_cpp/custom_interfaces/srv/video_frame__type_support.cpp.o[0m
[10.770s] [ 25%] [32mBuilding CXX object CMakeFiles/custom_interfaces__rosidl_typesupport_fastrtps_cpp.dir/rosidl_typesupport_fastrtps_cpp/custom_interfaces/srv/detail/dds_fastrtps/video_frame__type_support.cpp.o[0m
[10.861s] [ 29%] [32mBuilding CXX object CMakeFiles/custom_interfaces__rosidl_typesupport_introspection_cpp.dir/rosidl_typesupport_introspection_cpp/custom_interfaces/srv/detail/video_frame__type_support.cpp.o[0m
[10.866s] [ 32%] [32m[1mLinking C shared library libcustom_interfaces__rosidl_generator_c.so[0m
[11.514s] [ 32%] Built target custom_interfaces__rosidl_generator_c
[11.534s] [ 35%] [34m[1mGenerating C type support for eProsima Fast-RTPS[0m
[12.158s] [ 38%] [32mBuilding CXX object CMakeFiles/custom_interfaces__rosidl_typesupport_fastrtps_c.dir/rosidl_typesupport_fastrtps_c/custom_interfaces/srv/detail/video_frame__type_support_c.cpp.o[0m
[14.715s] [ 41%] [32m[1mLinking CXX shared library libcustom_interfaces__rosidl_typesupport_cpp.so[0m
[15.206s] [ 45%] [32m[1mLinking CXX shared library libcustom_interfaces__rosidl_typesupport_introspection_cpp.so[0m
[15.291s] [ 45%] Built target custom_interfaces__rosidl_typesupport_cpp
[15.309s] [ 48%] [34m[1mGenerating C introspection for ROS interfaces[0m
[15.731s] [ 48%] Built target custom_interfaces__rosidl_typesupport_introspection_cpp
[15.761s] [ 51%] [34m[1mGenerating C type support dispatch for ROS interfaces[0m
[16.412s] [ 54%] [32m[1mLinking CXX shared library libcustom_interfaces__rosidl_typesupport_fastrtps_c.so[0m
[16.471s] [ 58%] [32mBuilding C object CMakeFiles/custom_interfaces__rosidl_typesupport_introspection_c.dir/rosidl_typesupport_introspection_c/custom_interfaces/srv/detail/video_frame__type_support.c.o[0m
[16.611s] [ 61%] [32m[1mLinking CXX shared library libcustom_interfaces__rosidl_typesupport_fastrtps_cpp.so[0m
[16.675s] [ 64%] [32mBuilding CXX object CMakeFiles/custom_interfaces__rosidl_typesupport_c.dir/rosidl_typesupport_c/custom_interfaces/srv/video_frame__type_support.cpp.o[0m
[16.807s] [ 67%] [32m[1mLinking CXX shared library libcustom_interfaces__rosidl_typesupport_c.so[0m
[16.836s] [ 70%] [32m[1mLinking C shared library libcustom_interfaces__rosidl_typesupport_introspection_c.so[0m
[17.037s] [ 70%] Built target custom_interfaces__rosidl_typesupport_fastrtps_c
[17.050s] [ 70%] Built target custom_interfaces__rosidl_typesupport_fastrtps_cpp
[17.058s] [ 70%] Built target custom_interfaces__rosidl_typesupport_introspection_c
[17.088s] [ 70%] Built target custom_interfaces__rosidl_typesupport_c
[17.123s] [ 70%] Built target custom_interfaces
[17.160s] [ 74%] [34m[1mGenerating Python code for ROS interfaces[0m
[17.912s] [ 74%] Built target custom_interfaces__py
[17.948s] [ 77%] [32mBuilding C object CMakeFiles/custom_interfaces__rosidl_generator_py.dir/rosidl_generator_py/custom_interfaces/srv/_video_frame_s.c.o[0m
[18.605s] [ 80%] [32m[1mLinking C shared library rosidl_generator_py/custom_interfaces/libcustom_interfaces__rosidl_generator_py.so[0m
[18.750s] [ 80%] Built target custom_interfaces__rosidl_generator_py
[18.788s] [ 83%] [32mBuilding C object CMakeFiles/custom_interfaces__rosidl_typesupport_introspection_c__pyext.dir/rosidl_generator_py/custom_interfaces/_custom_interfaces_s.ep.rosidl_typesupport_introspection_c.c.o[0m
[18.801s] [ 90%] [32mBuilding C object CMakeFiles/custom_interfaces__rosidl_typesupport_fastrtps_c__pyext.dir/rosidl_generator_py/custom_interfaces/_custom_interfaces_s.ep.rosidl_typesupport_fastrtps_c.c.o[0m
[18.801s] [ 90%] [32mBuilding C object CMakeFiles/custom_interfaces__rosidl_typesupport_c__pyext.dir/rosidl_generator_py/custom_interfaces/_custom_interfaces_s.ep.rosidl_typesupport_c.c.o[0m
[19.030s] [ 93%] [32m[1mLinking C shared library rosidl_generator_py/custom_interfaces/custom_interfaces_s__rosidl_typesupport_fastrtps_c.cpython-310-x86_64-linux-gnu.so[0m
[19.113s] [ 96%] [32m[1mLinking C shared library rosidl_generator_py/custom_interfaces/custom_interfaces_s__rosidl_typesupport_introspection_c.cpython-310-x86_64-linux-gnu.so[0m
[19.120s] [100%] [32m[1mLinking C shared library rosidl_generator_py/custom_interfaces/custom_interfaces_s__rosidl_typesupport_c.cpython-310-x86_64-linux-gnu.so[0m
[19.134s] [100%] Built target custom_interfaces__rosidl_typesupport_fastrtps_c__pyext
[19.203s] [100%] Built target custom_interfaces__rosidl_typesupport_introspection_c__pyext
[19.207s] [100%] Built target custom_interfaces__rosidl_typesupport_c__pyext
[19.227s] Invoked command in '/home/sudhindra/aruco_ws/build/custom_interfaces' returned '0': CMAKE_PREFIX_PATH=${CMAKE_PREFIX_PATH}:/home/sudhindra/MRT_ws/install/server:/home/sudhindra/MRT_ws/install/client:/home/sudhindra/practice_ws/install/test_1:/home/sudhindra/ros2_ws/install/my_robot_controller:/home/sudhindra/erc_ws/install/week1_tutorials:/home/sudhindra/erc_ws/install/week0_tutorials:/home/sudhindra/erc_ws/install/task_1:/home/sudhindra/erc_ws/install/sherlock:/home/sudhindra/erc_ws/install/mrs_hudson:/home/sudhindra/erc_ws/install/ep3:/home/sudhindra/erc_ws/install/conversation:/opt/ros/humble /usr/bin/cmake --build /home/sudhindra/aruco_ws/build/custom_interfaces -- -j4 -l4
[19.351s] Invoking command in '/home/sudhindra/aruco_ws/build/custom_interfaces': CMAKE_PREFIX_PATH=${CMAKE_PREFIX_PATH}:/home/sudhindra/MRT_ws/install/server:/home/sudhindra/MRT_ws/install/client:/home/sudhindra/practice_ws/install/test_1:/home/sudhindra/ros2_ws/install/my_robot_controller:/home/sudhindra/erc_ws/install/week1_tutorials:/home/sudhindra/erc_ws/install/week0_tutorials:/home/sudhindra/erc_ws/install/task_1:/home/sudhindra/erc_ws/install/sherlock:/home/sudhindra/erc_ws/install/mrs_hudson:/home/sudhindra/erc_ws/install/ep3:/home/sudhindra/erc_ws/install/conversation:/opt/ros/humble /usr/bin/cmake --install /home/sudhindra/aruco_ws/build/custom_interfaces
[19.364s] -- Install configuration: ""
[19.364s] -- Installing: /home/sudhindra/aruco_ws/install/custom_interfaces/share/ament_index/resource_index/rosidl_interfaces/custom_interfaces
[19.364s] -- Installing: /home/sudhindra/aruco_ws/install/custom_interfaces/include/custom_interfaces/custom_interfaces
[19.365s] -- Installing: /home/sudhindra/aruco_ws/install/custom_interfaces/include/custom_interfaces/custom_interfaces/msg
[19.365s] -- Installing: /home/sudhindra/aruco_ws/install/custom_interfaces/include/custom_interfaces/custom_interfaces/msg/rosidl_generator_c__visibility_control.h
[19.365s] -- Installing: /home/sudhindra/aruco_ws/install/custom_interfaces/include/custom_interfaces/custom_interfaces/srv
[19.365s] -- Installing: /home/sudhindra/aruco_ws/install/custom_interfaces/include/custom_interfaces/custom_interfaces/srv/video_frame.h
[19.365s] -- Installing: /home/sudhindra/aruco_ws/install/custom_interfaces/include/custom_interfaces/custom_interfaces/srv/detail
[19.366s] -- Installing: /home/sudhindra/aruco_ws/install/custom_interfaces/include/custom_interfaces/custom_interfaces/srv/detail/video_frame__struct.h
[19.366s] -- Installing: /home/sudhindra/aruco_ws/install/custom_interfaces/include/custom_interfaces/custom_interfaces/srv/detail/video_frame__type_support.h
[19.366s] -- Installing: /home/sudhindra/aruco_ws/install/custom_interfaces/include/custom_interfaces/custom_interfaces/srv/detail/video_frame__functions.c
[19.366s] -- Installing: /home/sudhindra/aruco_ws/install/custom_interfaces/include/custom_interfaces/custom_interfaces/srv/detail/video_frame__functions.h
[19.367s] -- Installing: /home/sudhindra/aruco_ws/install/custom_interfaces/share/custom_interfaces/environment/library_path.sh
[19.367s] -- Installing: /home/sudhindra/aruco_ws/install/custom_interfaces/share/custom_interfaces/environment/library_path.dsv
[19.367s] -- Installing: /home/sudhindra/aruco_ws/install/custom_interfaces/lib/libcustom_interfaces__rosidl_generator_c.so
[19.368s] -- Set runtime path of "/home/sudhindra/aruco_ws/install/custom_interfaces/lib/libcustom_interfaces__rosidl_generator_c.so" to ""
[19.368s] -- Up-to-date: /home/sudhindra/aruco_ws/install/custom_interfaces/include/custom_interfaces/custom_interfaces
[19.368s] -- Up-to-date: /home/sudhindra/aruco_ws/install/custom_interfaces/include/custom_interfaces/custom_interfaces/msg
[19.368s] -- Installing: /home/sudhindra/aruco_ws/install/custom_interfaces/include/custom_interfaces/custom_interfaces/msg/rosidl_typesupport_fastrtps_c__visibility_control.h
[19.369s] -- Up-to-date: /home/sudhindra/aruco_ws/install/custom_interfaces/include/custom_interfaces/custom_interfaces/srv
[19.369s] -- Up-to-date: /home/sudhindra/aruco_ws/install/custom_interfaces/include/custom_interfaces/custom_interfaces/srv/detail
[19.369s] -- Installing: /home/sudhindra/aruco_ws/install/custom_interfaces/include/custom_interfaces/custom_interfaces/srv/detail/video_frame__rosidl_typesupport_fastrtps_c.h
[19.369s] -- Installing: /home/sudhindra/aruco_ws/install/custom_interfaces/lib/libcustom_interfaces__rosidl_typesupport_fastrtps_c.so
[19.370s] -- Set runtime path of "/home/sudhindra/aruco_ws/install/custom_interfaces/lib/libcustom_interfaces__rosidl_typesupport_fastrtps_c.so" to ""
[19.370s] -- Up-to-date: /home/sudhindra/aruco_ws/install/custom_interfaces/include/custom_interfaces/custom_interfaces
[19.370s] -- Up-to-date: /home/sudhindra/aruco_ws/install/custom_interfaces/include/custom_interfaces/custom_interfaces/srv
[19.370s] -- Installing: /home/sudhindra/aruco_ws/install/custom_interfaces/include/custom_interfaces/custom_interfaces/srv/video_frame.hpp
[19.370s] -- Up-to-date: /home/sudhindra/aruco_ws/install/custom_interfaces/include/custom_interfaces/custom_interfaces/srv/detail
[19.371s] -- Installing: /home/sudhindra/aruco_ws/install/custom_interfaces/include/custom_interfaces/custom_interfaces/srv/detail/video_frame__traits.hpp
[19.371s] -- Installing: /home/sudhindra/aruco_ws/install/custom_interfaces/include/custom_interfaces/custom_interfaces/srv/detail/video_frame__builder.hpp
[19.371s] -- Installing: /home/sudhindra/aruco_ws/install/custom_interfaces/include/custom_interfaces/custom_interfaces/srv/detail/video_frame__struct.hpp
[19.371s] -- Up-to-date: /home/sudhindra/aruco_ws/install/custom_interfaces/include/custom_interfaces/custom_interfaces
[19.371s] -- Up-to-date: /home/sudhindra/aruco_ws/install/custom_interfaces/include/custom_interfaces/custom_interfaces/msg
[19.372s] -- Installing: /home/sudhindra/aruco_ws/install/custom_interfaces/include/custom_interfaces/custom_interfaces/msg/rosidl_typesupport_fastrtps_cpp__visibility_control.h
[19.372s] -- Up-to-date: /home/sudhindra/aruco_ws/install/custom_interfaces/include/custom_interfaces/custom_interfaces/srv
[19.372s] -- Up-to-date: /home/sudhindra/aruco_ws/install/custom_interfaces/include/custom_interfaces/custom_interfaces/srv/detail
[19.372s] -- Installing: /home/sudhindra/aruco_ws/install/custom_interfaces/include/custom_interfaces/custom_interfaces/srv/detail/video_frame__rosidl_typesupport_fastrtps_cpp.hpp
[19.372s] -- Installing: /home/sudhindra/aruco_ws/install/custom_interfaces/include/custom_interfaces/custom_interfaces/srv/detail/dds_fastrtps
[19.373s] -- Installing: /home/sudhindra/aruco_ws/install/custom_interfaces/lib/libcustom_interfaces__rosidl_typesupport_fastrtps_cpp.so
[19.373s] -- Set runtime path of "/home/sudhindra/aruco_ws/install/custom_interfaces/lib/libcustom_interfaces__rosidl_typesupport_fastrtps_cpp.so" to ""
[19.373s] -- Up-to-date: /home/sudhindra/aruco_ws/install/custom_interfaces/include/custom_interfaces/custom_interfaces
[19.374s] -- Up-to-date: /home/sudhindra/aruco_ws/install/custom_interfaces/include/custom_interfaces/custom_interfaces/msg
[19.374s] -- Installing: /home/sudhindra/aruco_ws/install/custom_interfaces/include/custom_interfaces/custom_interfaces/msg/rosidl_typesupport_introspection_c__visibility_control.h
[19.374s] -- Up-to-date: /home/sudhindra/aruco_ws/install/custom_interfaces/include/custom_interfaces/custom_interfaces/srv
[19.374s] -- Up-to-date: /home/sudhindra/aruco_ws/install/custom_interfaces/include/custom_interfaces/custom_interfaces/srv/detail
[19.374s] -- Installing: /home/sudhindra/aruco_ws/install/custom_interfaces/include/custom_interfaces/custom_interfaces/srv/detail/video_frame__rosidl_typesupport_introspection_c.h
[19.374s] -- Installing: /home/sudhindra/aruco_ws/install/custom_interfaces/include/custom_interfaces/custom_interfaces/srv/detail/video_frame__type_support.c
[19.375s] -- Installing: /home/sudhindra/aruco_ws/install/custom_interfaces/lib/libcustom_interfaces__rosidl_typesupport_introspection_c.so
[19.375s] -- Set runtime path of "/home/sudhindra/aruco_ws/install/custom_interfaces/lib/libcustom_interfaces__rosidl_typesupport_introspection_c.so" to ""
[19.375s] -- Installing: /home/sudhindra/aruco_ws/install/custom_interfaces/lib/libcustom_interfaces__rosidl_typesupport_c.so
[19.376s] -- Set runtime path of "/home/sudhindra/aruco_ws/install/custom_interfaces/lib/libcustom_interfaces__rosidl_typesupport_c.so" to ""
[19.376s] -- Up-to-date: /home/sudhindra/aruco_ws/install/custom_interfaces/include/custom_interfaces/custom_interfaces
[19.376s] -- Up-to-date: /home/sudhindra/aruco_ws/install/custom_interfaces/include/custom_interfaces/custom_interfaces/srv
[19.376s] -- Up-to-date: /home/sudhindra/aruco_ws/install/custom_interfaces/include/custom_interfaces/custom_interfaces/srv/detail
[19.377s] -- Installing: /home/sudhindra/aruco_ws/install/custom_interfaces/include/custom_interfaces/custom_interfaces/srv/detail/video_frame__rosidl_typesupport_introspection_cpp.hpp
[19.377s] -- Installing: /home/sudhindra/aruco_ws/install/custom_interfaces/include/custom_interfaces/custom_interfaces/srv/detail/video_frame__type_support.cpp
[19.377s] -- Installing: /home/sudhindra/aruco_ws/install/custom_interfaces/lib/libcustom_interfaces__rosidl_typesupport_introspection_cpp.so
[19.378s] -- Set runtime path of "/home/sudhindra/aruco_ws/install/custom_interfaces/lib/libcustom_interfaces__rosidl_typesupport_introspection_cpp.so" to ""
[19.378s] -- Installing: /home/sudhindra/aruco_ws/install/custom_interfaces/lib/libcustom_interfaces__rosidl_typesupport_cpp.so
[19.379s] -- Set runtime path of "/home/sudhindra/aruco_ws/install/custom_interfaces/lib/libcustom_interfaces__rosidl_typesupport_cpp.so" to ""
[19.379s] -- Installing: /home/sudhindra/aruco_ws/install/custom_interfaces/share/custom_interfaces/environment/pythonpath.sh
[19.379s] -- Installing: /home/sudhindra/aruco_ws/install/custom_interfaces/share/custom_interfaces/environment/pythonpath.dsv
[19.379s] -- Installing: /home/sudhindra/aruco_ws/install/custom_interfaces/local/lib/python3.10/dist-packages/custom_interfaces-0.0.0-py3.10.egg-info
[19.380s] -- Installing: /home/sudhindra/aruco_ws/install/custom_interfaces/local/lib/python3.10/dist-packages/custom_interfaces-0.0.0-py3.10.egg-info/top_level.txt
[19.380s] -- Installing: /home/sudhindra/aruco_ws/install/custom_interfaces/local/lib/python3.10/dist-packages/custom_interfaces-0.0.0-py3.10.egg-info/SOURCES.txt
[19.380s] -- Installing: /home/sudhindra/aruco_ws/install/custom_interfaces/local/lib/python3.10/dist-packages/custom_interfaces-0.0.0-py3.10.egg-info/PKG-INFO
[19.380s] -- Installing: /home/sudhindra/aruco_ws/install/custom_interfaces/local/lib/python3.10/dist-packages/custom_interfaces-0.0.0-py3.10.egg-info/dependency_links.txt
[19.380s] -- Installing: /home/sudhindra/aruco_ws/install/custom_interfaces/local/lib/python3.10/dist-packages/custom_interfaces
[19.381s] -- Installing: /home/sudhindra/aruco_ws/install/custom_interfaces/local/lib/python3.10/dist-packages/custom_interfaces/_custom_interfaces_s.ep.rosidl_typesupport_introspection_c.c
[19.381s] -- Installing: /home/sudhindra/aruco_ws/install/custom_interfaces/local/lib/python3.10/dist-packages/custom_interfaces/srv
[19.381s] -- Installing: /home/sudhindra/aruco_ws/install/custom_interfaces/local/lib/python3.10/dist-packages/custom_interfaces/srv/_video_frame.py
[19.381s] -- Installing: /home/sudhindra/aruco_ws/install/custom_interfaces/local/lib/python3.10/dist-packages/custom_interfaces/srv/_video_frame_s.c
[19.382s] -- Installing: /home/sudhindra/aruco_ws/install/custom_interfaces/local/lib/python3.10/dist-packages/custom_interfaces/srv/__init__.py
[19.382s] -- Installing: /home/sudhindra/aruco_ws/install/custom_interfaces/local/lib/python3.10/dist-packages/custom_interfaces/custom_interfaces_s__rosidl_typesupport_fastrtps_c.cpython-310-x86_64-linux-gnu.so
[19.382s] -- Installing: /home/sudhindra/aruco_ws/install/custom_interfaces/local/lib/python3.10/dist-packages/custom_interfaces/_custom_interfaces_s.ep.rosidl_typesupport_fastrtps_c.c
[19.382s] -- Installing: /home/sudhindra/aruco_ws/install/custom_interfaces/local/lib/python3.10/dist-packages/custom_interfaces/libcustom_interfaces__rosidl_generator_py.so
[19.383s] -- Installing: /home/sudhindra/aruco_ws/install/custom_interfaces/local/lib/python3.10/dist-packages/custom_interfaces/custom_interfaces_s__rosidl_typesupport_c.cpython-310-x86_64-linux-gnu.so
[19.383s] -- Installing: /home/sudhindra/aruco_ws/install/custom_interfaces/local/lib/python3.10/dist-packages/custom_interfaces/_custom_interfaces_s.ep.rosidl_typesupport_c.c
[19.383s] -- Installing: /home/sudhindra/aruco_ws/install/custom_interfaces/local/lib/python3.10/dist-packages/custom_interfaces/__init__.py
[19.383s] -- Installing: /home/sudhindra/aruco_ws/install/custom_interfaces/local/lib/python3.10/dist-packages/custom_interfaces/custom_interfaces_s__rosidl_typesupport_introspection_c.cpython-310-x86_64-linux-gnu.so
[19.490s] Listing '/home/sudhindra/aruco_ws/install/custom_interfaces/local/lib/python3.10/dist-packages/custom_interfaces'...
[19.491s] Compiling '/home/sudhindra/aruco_ws/install/custom_interfaces/local/lib/python3.10/dist-packages/custom_interfaces/__init__.py'...
[19.491s] Listing '/home/sudhindra/aruco_ws/install/custom_interfaces/local/lib/python3.10/dist-packages/custom_interfaces/srv'...
[19.491s] Compiling '/home/sudhindra/aruco_ws/install/custom_interfaces/local/lib/python3.10/dist-packages/custom_interfaces/srv/__init__.py'...
[19.491s] Compiling '/home/sudhindra/aruco_ws/install/custom_interfaces/local/lib/python3.10/dist-packages/custom_interfaces/srv/_video_frame.py'...
[19.499s] -- Installing: /home/sudhindra/aruco_ws/install/custom_interfaces/local/lib/python3.10/dist-packages/custom_interfaces/custom_interfaces_s__rosidl_typesupport_fastrtps_c.cpython-310-x86_64-linux-gnu.so
[19.500s] -- Set runtime path of "/home/sudhindra/aruco_ws/install/custom_interfaces/local/lib/python3.10/dist-packages/custom_interfaces/custom_interfaces_s__rosidl_typesupport_fastrtps_c.cpython-310-x86_64-linux-gnu.so" to ""
[19.500s] -- Installing: /home/sudhindra/aruco_ws/install/custom_interfaces/local/lib/python3.10/dist-packages/custom_interfaces/custom_interfaces_s__rosidl_typesupport_introspection_c.cpython-310-x86_64-linux-gnu.so
[19.501s] -- Set runtime path of "/home/sudhindra/aruco_ws/install/custom_interfaces/local/lib/python3.10/dist-packages/custom_interfaces/custom_interfaces_s__rosidl_typesupport_introspection_c.cpython-310-x86_64-linux-gnu.so" to ""
[19.501s] -- Installing: /home/sudhindra/aruco_ws/install/custom_interfaces/local/lib/python3.10/dist-packages/custom_interfaces/custom_interfaces_s__rosidl_typesupport_c.cpython-310-x86_64-linux-gnu.so
[19.502s] -- Set runtime path of "/home/sudhindra/aruco_ws/install/custom_interfaces/local/lib/python3.10/dist-packages/custom_interfaces/custom_interfaces_s__rosidl_typesupport_c.cpython-310-x86_64-linux-gnu.so" to ""
[19.502s] -- Installing: /home/sudhindra/aruco_ws/install/custom_interfaces/lib/libcustom_interfaces__rosidl_generator_py.so
[19.503s] -- Set runtime path of "/home/sudhindra/aruco_ws/install/custom_interfaces/lib/libcustom_interfaces__rosidl_generator_py.so" to ""
[19.503s] -- Installing: /home/sudhindra/aruco_ws/install/custom_interfaces/share/custom_interfaces/srv/VideoFrame.idl
[19.503s] -- Installing: /home/sudhindra/aruco_ws/install/custom_interfaces/share/custom_interfaces/srv/VideoFrame.srv
[19.504s] -- Installing: /home/sudhindra/aruco_ws/install/custom_interfaces/share/custom_interfaces/srv/VideoFrame_Request.msg
[19.504s] -- Installing: /home/sudhindra/aruco_ws/install/custom_interfaces/share/custom_interfaces/srv/VideoFrame_Response.msg
[19.504s] -- Installing: /home/sudhindra/aruco_ws/install/custom_interfaces/share/ament_index/resource_index/package_run_dependencies/custom_interfaces
[19.504s] -- Installing: /home/sudhindra/aruco_ws/install/custom_interfaces/share/ament_index/resource_index/parent_prefix_path/custom_interfaces
[19.505s] -- Installing: /home/sudhindra/aruco_ws/install/custom_interfaces/share/custom_interfaces/environment/ament_prefix_path.sh
[19.505s] -- Installing: /home/sudhindra/aruco_ws/install/custom_interfaces/share/custom_interfaces/environment/ament_prefix_path.dsv
[19.505s] -- Installing: /home/sudhindra/aruco_ws/install/custom_interfaces/share/custom_interfaces/environment/path.sh
[19.505s] -- Installing: /home/sudhindra/aruco_ws/install/custom_interfaces/share/custom_interfaces/environment/path.dsv
[19.506s] -- Installing: /home/sudhindra/aruco_ws/install/custom_interfaces/share/custom_interfaces/local_setup.bash
[19.506s] -- Installing: /home/sudhindra/aruco_ws/install/custom_interfaces/share/custom_interfaces/local_setup.sh
[19.506s] -- Installing: /home/sudhindra/aruco_ws/install/custom_interfaces/share/custom_interfaces/local_setup.zsh
[19.506s] -- Installing: /home/sudhindra/aruco_ws/install/custom_interfaces/share/custom_interfaces/local_setup.dsv
[19.507s] -- Installing: /home/sudhindra/aruco_ws/install/custom_interfaces/share/custom_interfaces/package.dsv
[19.507s] -- Installing: /home/sudhindra/aruco_ws/install/custom_interfaces/share/ament_index/resource_index/packages/custom_interfaces
[19.507s] -- Installing: /home/sudhindra/aruco_ws/install/custom_interfaces/share/custom_interfaces/cmake/export_custom_interfaces__rosidl_generator_cExport.cmake
[19.507s] -- Installing: /home/sudhindra/aruco_ws/install/custom_interfaces/share/custom_interfaces/cmake/export_custom_interfaces__rosidl_generator_cExport-noconfig.cmake
[19.508s] -- Installing: /home/sudhindra/aruco_ws/install/custom_interfaces/share/custom_interfaces/cmake/export_custom_interfaces__rosidl_typesupport_fastrtps_cExport.cmake
[19.508s] -- Installing: /home/sudhindra/aruco_ws/install/custom_interfaces/share/custom_interfaces/cmake/export_custom_interfaces__rosidl_typesupport_fastrtps_cExport-noconfig.cmake
[19.508s] -- Installing: /home/sudhindra/aruco_ws/install/custom_interfaces/share/custom_interfaces/cmake/export_custom_interfaces__rosidl_generator_cppExport.cmake
[19.509s] -- Installing: /home/sudhindra/aruco_ws/install/custom_interfaces/share/custom_interfaces/cmake/export_custom_interfaces__rosidl_typesupport_fastrtps_cppExport.cmake
[19.509s] -- Installing: /home/sudhindra/aruco_ws/install/custom_interfaces/share/custom_interfaces/cmake/export_custom_interfaces__rosidl_typesupport_fastrtps_cppExport-noconfig.cmake
[19.509s] -- Installing: /home/sudhindra/aruco_ws/install/custom_interfaces/share/custom_interfaces/cmake/custom_interfaces__rosidl_typesupport_introspection_cExport.cmake
[19.509s] -- Installing: /home/sudhindra/aruco_ws/install/custom_interfaces/share/custom_interfaces/cmake/custom_interfaces__rosidl_typesupport_introspection_cExport-noconfig.cmake
[19.510s] -- Installing: /home/sudhindra/aruco_ws/install/custom_interfaces/share/custom_interfaces/cmake/custom_interfaces__rosidl_typesupport_cExport.cmake
[19.510s] -- Installing: /home/sudhindra/aruco_ws/install/custom_interfaces/share/custom_interfaces/cmake/custom_interfaces__rosidl_typesupport_cExport-noconfig.cmake
[19.510s] -- Installing: /home/sudhindra/aruco_ws/install/custom_interfaces/share/custom_interfaces/cmake/custom_interfaces__rosidl_typesupport_introspection_cppExport.cmake
[19.510s] -- Installing: /home/sudhindra/aruco_ws/install/custom_interfaces/share/custom_interfaces/cmake/custom_interfaces__rosidl_typesupport_introspection_cppExport-noconfig.cmake
[19.511s] -- Installing: /home/sudhindra/aruco_ws/install/custom_interfaces/share/custom_interfaces/cmake/custom_interfaces__rosidl_typesupport_cppExport.cmake
[19.511s] -- Installing: /home/sudhindra/aruco_ws/install/custom_interfaces/share/custom_interfaces/cmake/custom_interfaces__rosidl_typesupport_cppExport-noconfig.cmake
[19.511s] -- Installing: /home/sudhindra/aruco_ws/install/custom_interfaces/share/custom_interfaces/cmake/export_custom_interfaces__rosidl_generator_pyExport.cmake
[19.511s] -- Installing: /home/sudhindra/aruco_ws/install/custom_interfaces/share/custom_interfaces/cmake/export_custom_interfaces__rosidl_generator_pyExport-noconfig.cmake
[19.511s] -- Installing: /home/sudhindra/aruco_ws/install/custom_interfaces/share/custom_interfaces/cmake/rosidl_cmake-extras.cmake
[19.512s] -- Installing: /home/sudhindra/aruco_ws/install/custom_interfaces/share/custom_interfaces/cmake/ament_cmake_export_dependencies-extras.cmake
[19.512s] -- Installing: /home/sudhindra/aruco_ws/install/custom_interfaces/share/custom_interfaces/cmake/ament_cmake_export_include_directories-extras.cmake
[19.512s] -- Installing: /home/sudhindra/aruco_ws/install/custom_interfaces/share/custom_interfaces/cmake/ament_cmake_export_libraries-extras.cmake
[19.512s] -- Installing: /home/sudhindra/aruco_ws/install/custom_interfaces/share/custom_interfaces/cmake/ament_cmake_export_targets-extras.cmake
[19.513s] -- Installing: /home/sudhindra/aruco_ws/install/custom_interfaces/share/custom_interfaces/cmake/rosidl_cmake_export_typesupport_targets-extras.cmake
[19.513s] -- Installing: /home/sudhindra/aruco_ws/install/custom_interfaces/share/custom_interfaces/cmake/rosidl_cmake_export_typesupport_libraries-extras.cmake
[19.513s] -- Installing: /home/sudhindra/aruco_ws/install/custom_interfaces/share/custom_interfaces/cmake/custom_interfacesConfig.cmake
[19.513s] -- Installing: /home/sudhindra/aruco_ws/install/custom_interfaces/share/custom_interfaces/cmake/custom_interfacesConfig-version.cmake
[19.513s] -- Installing: /home/sudhindra/aruco_ws/install/custom_interfaces/share/custom_interfaces/package.xml
[19.517s] Invoked command in '/home/sudhindra/aruco_ws/build/custom_interfaces' returned '0': CMAKE_PREFIX_PATH=${CMAKE_PREFIX_PATH}:/home/sudhindra/MRT_ws/install/server:/home/sudhindra/MRT_ws/install/client:/home/sudhindra/practice_ws/install/test_1:/home/sudhindra/ros2_ws/install/my_robot_controller:/home/sudhindra/erc_ws/install/week1_tutorials:/home/sudhindra/erc_ws/install/week0_tutorials:/home/sudhindra/erc_ws/install/task_1:/home/sudhindra/erc_ws/install/sherlock:/home/sudhindra/erc_ws/install/mrs_hudson:/home/sudhindra/erc_ws/install/ep3:/home/sudhindra/erc_ws/install/conversation:/opt/ros/humble /usr/bin/cmake --install /home/sudhindra/aruco_ws/build/custom_interfaces
