[0.528s] Invoking command in '/home/sudhindra/aruco_ws/build/custom_interfaces': CMAKE_PREFIX_PATH=${CMAKE_PREFIX_PATH}:/home/sudhindra/aruco_ws/install/server:/home/sudhindra/aruco_ws/install/client:/home/sudhindra/practice_ws/install/test_1:/home/sudhindra/ros2_ws/install/my_robot_controller:/home/sudhindra/erc_ws/install/week1_tutorials:/home/sudhindra/erc_ws/install/week0_tutorials:/home/sudhindra/erc_ws/install/task_1:/home/sudhindra/erc_ws/install/sherlock:/home/sudhindra/erc_ws/install/mrs_hudson:/home/sudhindra/erc_ws/install/ep3:/home/sudhindra/erc_ws/install/conversation:/opt/ros/humble /usr/bin/cmake --build /home/sudhindra/aruco_ws/build/custom_interfaces -- -j4 -l4
[0.678s] [  9%] Built target custom_interfaces__rosidl_generator_c
[0.752s] [  9%] Built target ament_cmake_python_copy_custom_interfaces
[0.754s] [ 12%] Built target custom_interfaces__cpp
[0.771s] [ 22%] Built target custom_interfaces__rosidl_typesupport_introspection_c
[0.779s] [ 32%] Built target custom_interfaces__rosidl_typesupport_fastrtps_c
[0.871s] [ 41%] Built target custom_interfaces__rosidl_typesupport_c
[0.884s] [ 51%] Built target custom_interfaces__rosidl_typesupport_cpp
[0.915s] [ 61%] Built target custom_interfaces__rosidl_typesupport_fastrtps_cpp
[0.931s] [ 70%] Built target custom_interfaces__rosidl_typesupport_introspection_cpp
[0.979s] [ 70%] Built target custom_interfaces
[1.022s] [ 74%] Built target custom_interfaces__py
[1.065s] [ 80%] Built target custom_interfaces__rosidl_generator_py
[1.155s] [ 87%] Built target custom_interfaces__rosidl_typesupport_fastrtps_c__pyext
[1.157s] [ 93%] Built target custom_interfaces__rosidl_typesupport_c__pyext
[1.174s] [100%] Built target custom_interfaces__rosidl_typesupport_introspection_c__pyext
[1.737s] running egg_info
[1.739s] writing custom_interfaces.egg-info/PKG-INFO
[1.739s] writing dependency_links to custom_interfaces.egg-info/dependency_links.txt
[1.740s] writing top-level names to custom_interfaces.egg-info/top_level.txt
[1.746s] reading manifest file 'custom_interfaces.egg-info/SOURCES.txt'
[1.748s] writing manifest file 'custom_interfaces.egg-info/SOURCES.txt'
[1.811s] [100%] Built target ament_cmake_python_build_custom_interfaces_egg
[1.833s] Invoked command in '/home/sudhindra/aruco_ws/build/custom_interfaces' returned '0': CMAKE_PREFIX_PATH=${CMAKE_PREFIX_PATH}:/home/sudhindra/aruco_ws/install/server:/home/sudhindra/aruco_ws/install/client:/home/sudhindra/practice_ws/install/test_1:/home/sudhindra/ros2_ws/install/my_robot_controller:/home/sudhindra/erc_ws/install/week1_tutorials:/home/sudhindra/erc_ws/install/week0_tutorials:/home/sudhindra/erc_ws/install/task_1:/home/sudhindra/erc_ws/install/sherlock:/home/sudhindra/erc_ws/install/mrs_hudson:/home/sudhindra/erc_ws/install/ep3:/home/sudhindra/erc_ws/install/conversation:/opt/ros/humble /usr/bin/cmake --build /home/sudhindra/aruco_ws/build/custom_interfaces -- -j4 -l4
[1.963s] Invoking command in '/home/sudhindra/aruco_ws/build/custom_interfaces': CMAKE_PREFIX_PATH=${CMAKE_PREFIX_PATH}:/home/sudhindra/aruco_ws/install/server:/home/sudhindra/aruco_ws/install/client:/home/sudhindra/practice_ws/install/test_1:/home/sudhindra/ros2_ws/install/my_robot_controller:/home/sudhindra/erc_ws/install/week1_tutorials:/home/sudhindra/erc_ws/install/week0_tutorials:/home/sudhindra/erc_ws/install/task_1:/home/sudhindra/erc_ws/install/sherlock:/home/sudhindra/erc_ws/install/mrs_hudson:/home/sudhindra/erc_ws/install/ep3:/home/sudhindra/erc_ws/install/conversation:/opt/ros/humble /usr/bin/cmake --install /home/sudhindra/aruco_ws/build/custom_interfaces
[1.977s] -- Install configuration: ""
[1.978s] -- Up-to-date: /home/sudhindra/aruco_ws/install/custom_interfaces/share/ament_index/resource_index/rosidl_interfaces/custom_interfaces
[1.978s] -- Up-to-date: /home/sudhindra/aruco_ws/install/custom_interfaces/include/custom_interfaces/custom_interfaces
[1.978s] -- Up-to-date: /home/sudhindra/aruco_ws/install/custom_interfaces/include/custom_interfaces/custom_interfaces/msg
[1.978s] -- Up-to-date: /home/sudhindra/aruco_ws/install/custom_interfaces/include/custom_interfaces/custom_interfaces/msg/rosidl_generator_c__visibility_control.h
[1.978s] -- Up-to-date: /home/sudhindra/aruco_ws/install/custom_interfaces/include/custom_interfaces/custom_interfaces/srv
[1.979s] -- Up-to-date: /home/sudhindra/aruco_ws/install/custom_interfaces/include/custom_interfaces/custom_interfaces/srv/video_frame.h
[1.979s] -- Up-to-date: /home/sudhindra/aruco_ws/install/custom_interfaces/include/custom_interfaces/custom_interfaces/srv/detail
[1.979s] -- Up-to-date: /home/sudhindra/aruco_ws/install/custom_interfaces/include/custom_interfaces/custom_interfaces/srv/detail/video_frame__struct.h
[1.979s] -- Up-to-date: /home/sudhindra/aruco_ws/install/custom_interfaces/include/custom_interfaces/custom_interfaces/srv/detail/video_frame__type_support.h
[1.979s] -- Up-to-date: /home/sudhindra/aruco_ws/install/custom_interfaces/include/custom_interfaces/custom_interfaces/srv/detail/video_frame__functions.c
[1.979s] -- Up-to-date: /home/sudhindra/aruco_ws/install/custom_interfaces/include/custom_interfaces/custom_interfaces/srv/detail/video_frame__functions.h
[1.980s] -- Up-to-date: /home/sudhindra/aruco_ws/install/custom_interfaces/share/custom_interfaces/environment/library_path.sh
[1.980s] -- Up-to-date: /home/sudhindra/aruco_ws/install/custom_interfaces/share/custom_interfaces/environment/library_path.dsv
[1.980s] -- Up-to-date: /home/sudhindra/aruco_ws/install/custom_interfaces/lib/libcustom_interfaces__rosidl_generator_c.so
[1.980s] -- Up-to-date: /home/sudhindra/aruco_ws/install/custom_interfaces/include/custom_interfaces/custom_interfaces
[1.980s] -- Up-to-date: /home/sudhindra/aruco_ws/install/custom_interfaces/include/custom_interfaces/custom_interfaces/msg
[1.981s] -- Up-to-date: /home/sudhindra/aruco_ws/install/custom_interfaces/include/custom_interfaces/custom_interfaces/msg/rosidl_typesupport_fastrtps_c__visibility_control.h
[1.981s] -- Up-to-date: /home/sudhindra/aruco_ws/install/custom_interfaces/include/custom_interfaces/custom_interfaces/srv
[1.981s] -- Up-to-date: /home/sudhindra/aruco_ws/install/custom_interfaces/include/custom_interfaces/custom_interfaces/srv/detail
[1.981s] -- Up-to-date: /home/sudhindra/aruco_ws/install/custom_interfaces/include/custom_interfaces/custom_interfaces/srv/detail/video_frame__rosidl_typesupport_fastrtps_c.h
[1.981s] -- Up-to-date: /home/sudhindra/aruco_ws/install/custom_interfaces/lib/libcustom_interfaces__rosidl_typesupport_fastrtps_c.so
[1.981s] -- Up-to-date: /home/sudhindra/aruco_ws/install/custom_interfaces/include/custom_interfaces/custom_interfaces
[1.982s] -- Up-to-date: /home/sudhindra/aruco_ws/install/custom_interfaces/include/custom_interfaces/custom_interfaces/srv
[1.982s] -- Up-to-date: /home/sudhindra/aruco_ws/install/custom_interfaces/include/custom_interfaces/custom_interfaces/srv/video_frame.hpp
[1.982s] -- Up-to-date: /home/sudhindra/aruco_ws/install/custom_interfaces/include/custom_interfaces/custom_interfaces/srv/detail
[1.982s] -- Up-to-date: /home/sudhindra/aruco_ws/install/custom_interfaces/include/custom_interfaces/custom_interfaces/srv/detail/video_frame__traits.hpp
[1.982s] -- Up-to-date: /home/sudhindra/aruco_ws/install/custom_interfaces/include/custom_interfaces/custom_interfaces/srv/detail/video_frame__builder.hpp
[1.982s] -- Up-to-date: /home/sudhindra/aruco_ws/install/custom_interfaces/include/custom_interfaces/custom_interfaces/srv/detail/video_frame__struct.hpp
[1.983s] -- Up-to-date: /home/sudhindra/aruco_ws/install/custom_interfaces/include/custom_interfaces/custom_interfaces
[1.983s] -- Up-to-date: /home/sudhindra/aruco_ws/install/custom_interfaces/include/custom_interfaces/custom_interfaces/msg
[1.983s] -- Up-to-date: /home/sudhindra/aruco_ws/install/custom_interfaces/include/custom_interfaces/custom_interfaces/msg/rosidl_typesupport_fastrtps_cpp__visibility_control.h
[1.983s] -- Up-to-date: /home/sudhindra/aruco_ws/install/custom_interfaces/include/custom_interfaces/custom_interfaces/srv
[1.983s] -- Up-to-date: /home/sudhindra/aruco_ws/install/custom_interfaces/include/custom_interfaces/custom_interfaces/srv/detail
[1.983s] -- Up-to-date: /home/sudhindra/aruco_ws/install/custom_interfaces/include/custom_interfaces/custom_interfaces/srv/detail/video_frame__rosidl_typesupport_fastrtps_cpp.hpp
[1.983s] -- Up-to-date: /home/sudhindra/aruco_ws/install/custom_interfaces/include/custom_interfaces/custom_interfaces/srv/detail/dds_fastrtps
[1.984s] -- Up-to-date: /home/sudhindra/aruco_ws/install/custom_interfaces/lib/libcustom_interfaces__rosidl_typesupport_fastrtps_cpp.so
[1.984s] -- Up-to-date: /home/sudhindra/aruco_ws/install/custom_interfaces/include/custom_interfaces/custom_interfaces
[1.984s] -- Up-to-date: /home/sudhindra/aruco_ws/install/custom_interfaces/include/custom_interfaces/custom_interfaces/msg
[1.984s] -- Up-to-date: /home/sudhindra/aruco_ws/install/custom_interfaces/include/custom_interfaces/custom_interfaces/msg/rosidl_typesupport_introspection_c__visibility_control.h
[1.984s] -- Up-to-date: /home/sudhindra/aruco_ws/install/custom_interfaces/include/custom_interfaces/custom_interfaces/srv
[1.984s] -- Up-to-date: /home/sudhindra/aruco_ws/install/custom_interfaces/include/custom_interfaces/custom_interfaces/srv/detail
[1.985s] -- Up-to-date: /home/sudhindra/aruco_ws/install/custom_interfaces/include/custom_interfaces/custom_interfaces/srv/detail/video_frame__rosidl_typesupport_introspection_c.h
[1.985s] -- Up-to-date: /home/sudhindra/aruco_ws/install/custom_interfaces/include/custom_interfaces/custom_interfaces/srv/detail/video_frame__type_support.c
[1.985s] -- Up-to-date: /home/sudhindra/aruco_ws/install/custom_interfaces/lib/libcustom_interfaces__rosidl_typesupport_introspection_c.so
[1.985s] -- Up-to-date: /home/sudhindra/aruco_ws/install/custom_interfaces/lib/libcustom_interfaces__rosidl_typesupport_c.so
[1.985s] -- Up-to-date: /home/sudhindra/aruco_ws/install/custom_interfaces/include/custom_interfaces/custom_interfaces
[1.986s] -- Up-to-date: /home/sudhindra/aruco_ws/install/custom_interfaces/include/custom_interfaces/custom_interfaces/srv
[1.986s] -- Up-to-date: /home/sudhindra/aruco_ws/install/custom_interfaces/include/custom_interfaces/custom_interfaces/srv/detail
[1.986s] -- Up-to-date: /home/sudhindra/aruco_ws/install/custom_interfaces/include/custom_interfaces/custom_interfaces/srv/detail/video_frame__rosidl_typesupport_introspection_cpp.hpp
[1.986s] -- Up-to-date: /home/sudhindra/aruco_ws/install/custom_interfaces/include/custom_interfaces/custom_interfaces/srv/detail/video_frame__type_support.cpp
[1.986s] -- Up-to-date: /home/sudhindra/aruco_ws/install/custom_interfaces/lib/libcustom_interfaces__rosidl_typesupport_introspection_cpp.so
[1.986s] -- Up-to-date: /home/sudhindra/aruco_ws/install/custom_interfaces/lib/libcustom_interfaces__rosidl_typesupport_cpp.so
[1.986s] -- Up-to-date: /home/sudhindra/aruco_ws/install/custom_interfaces/share/custom_interfaces/environment/pythonpath.sh
[1.986s] -- Up-to-date: /home/sudhindra/aruco_ws/install/custom_interfaces/share/custom_interfaces/environment/pythonpath.dsv
[1.987s] -- Up-to-date: /home/sudhindra/aruco_ws/install/custom_interfaces/local/lib/python3.10/dist-packages/custom_interfaces-0.0.0-py3.10.egg-info
[1.987s] -- Installing: /home/sudhindra/aruco_ws/install/custom_interfaces/local/lib/python3.10/dist-packages/custom_interfaces-0.0.0-py3.10.egg-info/top_level.txt
[1.987s] -- Installing: /home/sudhindra/aruco_ws/install/custom_interfaces/local/lib/python3.10/dist-packages/custom_interfaces-0.0.0-py3.10.egg-info/SOURCES.txt
[1.987s] -- Installing: /home/sudhindra/aruco_ws/install/custom_interfaces/local/lib/python3.10/dist-packages/custom_interfaces-0.0.0-py3.10.egg-info/PKG-INFO
[1.987s] -- Installing: /home/sudhindra/aruco_ws/install/custom_interfaces/local/lib/python3.10/dist-packages/custom_interfaces-0.0.0-py3.10.egg-info/dependency_links.txt
[1.987s] -- Up-to-date: /home/sudhindra/aruco_ws/install/custom_interfaces/local/lib/python3.10/dist-packages/custom_interfaces
[1.987s] -- Up-to-date: /home/sudhindra/aruco_ws/install/custom_interfaces/local/lib/python3.10/dist-packages/custom_interfaces/_custom_interfaces_s.ep.rosidl_typesupport_introspection_c.c
[1.987s] -- Up-to-date: /home/sudhindra/aruco_ws/install/custom_interfaces/local/lib/python3.10/dist-packages/custom_interfaces/srv
[1.988s] -- Up-to-date: /home/sudhindra/aruco_ws/install/custom_interfaces/local/lib/python3.10/dist-packages/custom_interfaces/srv/_video_frame.py
[1.988s] -- Up-to-date: /home/sudhindra/aruco_ws/install/custom_interfaces/local/lib/python3.10/dist-packages/custom_interfaces/srv/_video_frame_s.c
[1.988s] -- Up-to-date: /home/sudhindra/aruco_ws/install/custom_interfaces/local/lib/python3.10/dist-packages/custom_interfaces/srv/__init__.py
[1.988s] -- Up-to-date: /home/sudhindra/aruco_ws/install/custom_interfaces/local/lib/python3.10/dist-packages/custom_interfaces/custom_interfaces_s__rosidl_typesupport_fastrtps_c.cpython-310-x86_64-linux-gnu.so
[1.988s] -- Up-to-date: /home/sudhindra/aruco_ws/install/custom_interfaces/local/lib/python3.10/dist-packages/custom_interfaces/_custom_interfaces_s.ep.rosidl_typesupport_fastrtps_c.c
[1.988s] -- Up-to-date: /home/sudhindra/aruco_ws/install/custom_interfaces/local/lib/python3.10/dist-packages/custom_interfaces/libcustom_interfaces__rosidl_generator_py.so
[1.988s] -- Up-to-date: /home/sudhindra/aruco_ws/install/custom_interfaces/local/lib/python3.10/dist-packages/custom_interfaces/custom_interfaces_s__rosidl_typesupport_c.cpython-310-x86_64-linux-gnu.so
[1.988s] -- Up-to-date: /home/sudhindra/aruco_ws/install/custom_interfaces/local/lib/python3.10/dist-packages/custom_interfaces/_custom_interfaces_s.ep.rosidl_typesupport_c.c
[1.988s] -- Up-to-date: /home/sudhindra/aruco_ws/install/custom_interfaces/local/lib/python3.10/dist-packages/custom_interfaces/__init__.py
[1.989s] -- Up-to-date: /home/sudhindra/aruco_ws/install/custom_interfaces/local/lib/python3.10/dist-packages/custom_interfaces/custom_interfaces_s__rosidl_typesupport_introspection_c.cpython-310-x86_64-linux-gnu.so
[2.053s] Listing '/home/sudhindra/aruco_ws/install/custom_interfaces/local/lib/python3.10/dist-packages/custom_interfaces'...
[2.054s] Listing '/home/sudhindra/aruco_ws/install/custom_interfaces/local/lib/python3.10/dist-packages/custom_interfaces/srv'...
[2.061s] -- Up-to-date: /home/sudhindra/aruco_ws/install/custom_interfaces/local/lib/python3.10/dist-packages/custom_interfaces/custom_interfaces_s__rosidl_typesupport_fastrtps_c.cpython-310-x86_64-linux-gnu.so
[2.062s] -- Up-to-date: /home/sudhindra/aruco_ws/install/custom_interfaces/local/lib/python3.10/dist-packages/custom_interfaces/custom_interfaces_s__rosidl_typesupport_introspection_c.cpython-310-x86_64-linux-gnu.so
[2.063s] -- Up-to-date: /home/sudhindra/aruco_ws/install/custom_interfaces/local/lib/python3.10/dist-packages/custom_interfaces/custom_interfaces_s__rosidl_typesupport_c.cpython-310-x86_64-linux-gnu.so
[2.063s] -- Up-to-date: /home/sudhindra/aruco_ws/install/custom_interfaces/lib/libcustom_interfaces__rosidl_generator_py.so
[2.064s] -- Up-to-date: /home/sudhindra/aruco_ws/install/custom_interfaces/share/custom_interfaces/srv/VideoFrame.idl
[2.064s] -- Up-to-date: /home/sudhindra/aruco_ws/install/custom_interfaces/share/custom_interfaces/srv/VideoFrame.srv
[2.065s] -- Up-to-date: /home/sudhindra/aruco_ws/install/custom_interfaces/share/custom_interfaces/srv/VideoFrame_Request.msg
[2.065s] -- Up-to-date: /home/sudhindra/aruco_ws/install/custom_interfaces/share/custom_interfaces/srv/VideoFrame_Response.msg
[2.065s] -- Up-to-date: /home/sudhindra/aruco_ws/install/custom_interfaces/share/ament_index/resource_index/package_run_dependencies/custom_interfaces
[2.066s] -- Up-to-date: /home/sudhindra/aruco_ws/install/custom_interfaces/share/ament_index/resource_index/parent_prefix_path/custom_interfaces
[2.066s] -- Up-to-date: /home/sudhindra/aruco_ws/install/custom_interfaces/share/custom_interfaces/environment/ament_prefix_path.sh
[2.066s] -- Up-to-date: /home/sudhindra/aruco_ws/install/custom_interfaces/share/custom_interfaces/environment/ament_prefix_path.dsv
[2.066s] -- Up-to-date: /home/sudhindra/aruco_ws/install/custom_interfaces/share/custom_interfaces/environment/path.sh
[2.067s] -- Up-to-date: /home/sudhindra/aruco_ws/install/custom_interfaces/share/custom_interfaces/environment/path.dsv
[2.067s] -- Up-to-date: /home/sudhindra/aruco_ws/install/custom_interfaces/share/custom_interfaces/local_setup.bash
[2.067s] -- Up-to-date: /home/sudhindra/aruco_ws/install/custom_interfaces/share/custom_interfaces/local_setup.sh
[2.068s] -- Up-to-date: /home/sudhindra/aruco_ws/install/custom_interfaces/share/custom_interfaces/local_setup.zsh
[2.068s] -- Up-to-date: /home/sudhindra/aruco_ws/install/custom_interfaces/share/custom_interfaces/local_setup.dsv
[2.068s] -- Installing: /home/sudhindra/aruco_ws/install/custom_interfaces/share/custom_interfaces/package.dsv
[2.069s] -- Up-to-date: /home/sudhindra/aruco_ws/install/custom_interfaces/share/ament_index/resource_index/packages/custom_interfaces
[2.069s] -- Up-to-date: /home/sudhindra/aruco_ws/install/custom_interfaces/share/custom_interfaces/cmake/export_custom_interfaces__rosidl_generator_cExport.cmake
[2.069s] -- Up-to-date: /home/sudhindra/aruco_ws/install/custom_interfaces/share/custom_interfaces/cmake/export_custom_interfaces__rosidl_generator_cExport-noconfig.cmake
[2.069s] -- Up-to-date: /home/sudhindra/aruco_ws/install/custom_interfaces/share/custom_interfaces/cmake/export_custom_interfaces__rosidl_typesupport_fastrtps_cExport.cmake
[2.070s] -- Up-to-date: /home/sudhindra/aruco_ws/install/custom_interfaces/share/custom_interfaces/cmake/export_custom_interfaces__rosidl_typesupport_fastrtps_cExport-noconfig.cmake
[2.070s] -- Up-to-date: /home/sudhindra/aruco_ws/install/custom_interfaces/share/custom_interfaces/cmake/export_custom_interfaces__rosidl_generator_cppExport.cmake
[2.070s] -- Up-to-date: /home/sudhindra/aruco_ws/install/custom_interfaces/share/custom_interfaces/cmake/export_custom_interfaces__rosidl_typesupport_fastrtps_cppExport.cmake
[2.071s] -- Up-to-date: /home/sudhindra/aruco_ws/install/custom_interfaces/share/custom_interfaces/cmake/export_custom_interfaces__rosidl_typesupport_fastrtps_cppExport-noconfig.cmake
[2.071s] -- Up-to-date: /home/sudhindra/aruco_ws/install/custom_interfaces/share/custom_interfaces/cmake/custom_interfaces__rosidl_typesupport_introspection_cExport.cmake
[2.071s] -- Up-to-date: /home/sudhindra/aruco_ws/install/custom_interfaces/share/custom_interfaces/cmake/custom_interfaces__rosidl_typesupport_introspection_cExport-noconfig.cmake
[2.071s] -- Up-to-date: /home/sudhindra/aruco_ws/install/custom_interfaces/share/custom_interfaces/cmake/custom_interfaces__rosidl_typesupport_cExport.cmake
[2.072s] -- Up-to-date: /home/sudhindra/aruco_ws/install/custom_interfaces/share/custom_interfaces/cmake/custom_interfaces__rosidl_typesupport_cExport-noconfig.cmake
[2.072s] -- Up-to-date: /home/sudhindra/aruco_ws/install/custom_interfaces/share/custom_interfaces/cmake/custom_interfaces__rosidl_typesupport_introspection_cppExport.cmake
[2.072s] -- Up-to-date: /home/sudhindra/aruco_ws/install/custom_interfaces/share/custom_interfaces/cmake/custom_interfaces__rosidl_typesupport_introspection_cppExport-noconfig.cmake
[2.072s] -- Up-to-date: /home/sudhindra/aruco_ws/install/custom_interfaces/share/custom_interfaces/cmake/custom_interfaces__rosidl_typesupport_cppExport.cmake
[2.072s] -- Up-to-date: /home/sudhindra/aruco_ws/install/custom_interfaces/share/custom_interfaces/cmake/custom_interfaces__rosidl_typesupport_cppExport-noconfig.cmake
[2.073s] -- Up-to-date: /home/sudhindra/aruco_ws/install/custom_interfaces/share/custom_interfaces/cmake/export_custom_interfaces__rosidl_generator_pyExport.cmake
[2.073s] -- Up-to-date: /home/sudhindra/aruco_ws/install/custom_interfaces/share/custom_interfaces/cmake/export_custom_interfaces__rosidl_generator_pyExport-noconfig.cmake
[2.073s] -- Up-to-date: /home/sudhindra/aruco_ws/install/custom_interfaces/share/custom_interfaces/cmake/rosidl_cmake-extras.cmake
[2.073s] -- Up-to-date: /home/sudhindra/aruco_ws/install/custom_interfaces/share/custom_interfaces/cmake/ament_cmake_export_dependencies-extras.cmake
[2.073s] -- Up-to-date: /home/sudhindra/aruco_ws/install/custom_interfaces/share/custom_interfaces/cmake/ament_cmake_export_include_directories-extras.cmake
[2.074s] -- Up-to-date: /home/sudhindra/aruco_ws/install/custom_interfaces/share/custom_interfaces/cmake/ament_cmake_export_libraries-extras.cmake
[2.074s] -- Up-to-date: /home/sudhindra/aruco_ws/install/custom_interfaces/share/custom_interfaces/cmake/ament_cmake_export_targets-extras.cmake
[2.074s] -- Up-to-date: /home/sudhindra/aruco_ws/install/custom_interfaces/share/custom_interfaces/cmake/rosidl_cmake_export_typesupport_targets-extras.cmake
[2.074s] -- Up-to-date: /home/sudhindra/aruco_ws/install/custom_interfaces/share/custom_interfaces/cmake/rosidl_cmake_export_typesupport_libraries-extras.cmake
[2.075s] -- Up-to-date: /home/sudhindra/aruco_ws/install/custom_interfaces/share/custom_interfaces/cmake/custom_interfacesConfig.cmake
[2.075s] -- Up-to-date: /home/sudhindra/aruco_ws/install/custom_interfaces/share/custom_interfaces/cmake/custom_interfacesConfig-version.cmake
[2.076s] -- Up-to-date: /home/sudhindra/aruco_ws/install/custom_interfaces/share/custom_interfaces/package.xml
[2.076s] Invoked command in '/home/sudhindra/aruco_ws/build/custom_interfaces' returned '0': CMAKE_PREFIX_PATH=${CMAKE_PREFIX_PATH}:/home/sudhindra/aruco_ws/install/server:/home/sudhindra/aruco_ws/install/client:/home/sudhindra/practice_ws/install/test_1:/home/sudhindra/ros2_ws/install/my_robot_controller:/home/sudhindra/erc_ws/install/week1_tutorials:/home/sudhindra/erc_ws/install/week0_tutorials:/home/sudhindra/erc_ws/install/task_1:/home/sudhindra/erc_ws/install/sherlock:/home/sudhindra/erc_ws/install/mrs_hudson:/home/sudhindra/erc_ws/install/ep3:/home/sudhindra/erc_ws/install/conversation:/opt/ros/humble /usr/bin/cmake --install /home/sudhindra/aruco_ws/build/custom_interfaces
