[3.688s] Invoking command in '/home/sudhindra/aruco_ws/src/server': PYTHONPATH=/home/sudhindra/aruco_ws/build/server/prefix_override:/home/sudhindra/aruco_ws/install/server/lib/python3.10/site-packages:${PYTHONPATH} /usr/bin/python3 setup.py egg_info --egg-base ../../build/server build --build-base /home/sudhindra/aruco_ws/build/server/build install --record /home/sudhindra/aruco_ws/build/server/install.log --single-version-externally-managed
[4.433s] running egg_info
[4.434s] writing ../../build/server/server.egg-info/PKG-INFO
[4.438s] writing dependency_links to ../../build/server/server.egg-info/dependency_links.txt
[4.439s] writing entry points to ../../build/server/server.egg-info/entry_points.txt
[4.439s] writing requirements to ../../build/server/server.egg-info/requires.txt
[4.439s] writing top-level names to ../../build/server/server.egg-info/top_level.txt
[4.442s] reading manifest file '../../build/server/server.egg-info/SOURCES.txt'
[4.445s] writing manifest file '../../build/server/server.egg-info/SOURCES.txt'
[4.445s] running build
[4.445s] running build_py
[4.446s] running install
[4.446s] running install_lib
[4.452s] running install_data
[4.452s] running install_egg_info
[4.457s] removing '/home/sudhindra/aruco_ws/install/server/lib/python3.10/site-packages/server-0.0.0-py3.10.egg-info' (and everything under it)
[4.457s] Copying ../../build/server/server.egg-info to /home/sudhindra/aruco_ws/install/server/lib/python3.10/site-packages/server-0.0.0-py3.10.egg-info
[4.463s] running install_scripts
[4.526s] Installing server_executable script to /home/sudhindra/aruco_ws/install/server/lib/server
[4.527s] writing list of installed files to '/home/sudhindra/aruco_ws/build/server/install.log'
[4.624s] Invoked command in '/home/sudhindra/aruco_ws/src/server' returned '0': PYTHONPATH=/home/sudhindra/aruco_ws/build/server/prefix_override:/home/sudhindra/aruco_ws/install/server/lib/python3.10/site-packages:${PYTHONPATH} /usr/bin/python3 setup.py egg_info --egg-base ../../build/server build --build-base /home/sudhindra/aruco_ws/build/server/build install --record /home/sudhindra/aruco_ws/build/server/install.log --single-version-externally-managed
