[3.169s] Invoking command in '/home/sudhindra/aruco_ws/src/client': PYTHONPATH=/home/sudhindra/aruco_ws/build/client/prefix_override:/home/sudhindra/aruco_ws/install/client/lib/python3.10/site-packages:${PYTHONPATH} /usr/bin/python3 setup.py egg_info --egg-base ../../build/client build --build-base /home/sudhindra/aruco_ws/build/client/build install --record /home/sudhindra/aruco_ws/build/client/install.log --single-version-externally-managed
[3.916s] running egg_info
[3.917s] writing ../../build/client/client.egg-info/PKG-INFO
[3.918s] writing dependency_links to ../../build/client/client.egg-info/dependency_links.txt
[3.918s] writing entry points to ../../build/client/client.egg-info/entry_points.txt
[3.919s] writing requirements to ../../build/client/client.egg-info/requires.txt
[3.919s] writing top-level names to ../../build/client/client.egg-info/top_level.txt
[3.922s] reading manifest file '../../build/client/client.egg-info/SOURCES.txt'
[3.923s] writing manifest file '../../build/client/client.egg-info/SOURCES.txt'
[3.924s] running build
[3.924s] running build_py
[3.925s] running install
[3.925s] running install_lib
[3.929s] running install_data
[3.930s] running install_egg_info
[3.934s] removing '/home/sudhindra/aruco_ws/install/client/lib/python3.10/site-packages/client-0.0.0-py3.10.egg-info' (and everything under it)
[3.935s] Copying ../../build/client/client.egg-info to /home/sudhindra/aruco_ws/install/client/lib/python3.10/site-packages/client-0.0.0-py3.10.egg-info
[3.936s] running install_scripts
[3.976s] Installing client_execuatble script to /home/sudhindra/aruco_ws/install/client/lib/client
[3.977s] writing list of installed files to '/home/sudhindra/aruco_ws/build/client/install.log'
[4.034s] Invoked command in '/home/sudhindra/aruco_ws/src/client' returned '0': PYTHONPATH=/home/sudhindra/aruco_ws/build/client/prefix_override:/home/sudhindra/aruco_ws/install/client/lib/python3.10/site-packages:${PYTHONPATH} /usr/bin/python3 setup.py egg_info --egg-base ../../build/client build --build-base /home/sudhindra/aruco_ws/build/client/build install --record /home/sudhindra/aruco_ws/build/client/install.log --single-version-externally-managed
