[0.813s] Invoking command in '/home/sudhindra/aruco_ws/build/custom_interfaces': CMAKE_PREFIX_PATH=${CMAKE_PREFIX_PATH}:/home/sudhindra/practice_ws/install/test_1:/home/sudhindra/ros2_ws/install/my_robot_controller:/home/sudhindra/erc_ws/install/week1_tutorials:/home/sudhindra/erc_ws/install/week0_tutorials:/home/sudhindra/erc_ws/install/task_1:/home/sudhindra/erc_ws/install/sherlock:/home/sudhindra/erc_ws/install/mrs_hudson:/home/sudhindra/erc_ws/install/ep3:/home/sudhindra/erc_ws/install/conversation:/opt/ros/humble /usr/bin/cmake --build /home/sudhindra/aruco_ws/build/custom_interfaces -- -j4 -l4
[4.653s] [  3%] Built target custom_interfaces__cpp
[5.222s] [  3%] Built target ament_cmake_python_copy_custom_interfaces
[6.191s] [ 12%] Built target custom_interfaces__rosidl_typesupport_fastrtps_cpp
[6.564s] [ 22%] Built target custom_interfaces__rosidl_typesupport_introspection_cpp
[7.644s] running egg_info
[7.645s] writing custom_interfaces.egg-info/PKG-INFO
[7.646s] writing dependency_links to custom_interfaces.egg-info/dependency_links.txt
[7.646s] writing top-level names to custom_interfaces.egg-info/top_level.txt
[7.680s] reading manifest file 'custom_interfaces.egg-info/SOURCES.txt'
[7.685s] writing manifest file 'custom_interfaces.egg-info/SOURCES.txt'
[7.744s] [ 22%] Built target ament_cmake_python_build_custom_interfaces_egg
[8.189s] [ 32%] Built target custom_interfaces__rosidl_typesupport_cpp
[8.433s] [ 41%] Built target custom_interfaces__rosidl_generator_c
[8.698s] [ 51%] Built target custom_interfaces__rosidl_typesupport_fastrtps_c
[8.871s] [ 61%] Built target custom_interfaces__rosidl_typesupport_c
[9.033s] [ 70%] Built target custom_interfaces__rosidl_typesupport_introspection_c
[9.190s] [ 70%] Built target custom_interfaces
[9.386s] [ 74%] Built target custom_interfaces__py
[9.634s] [ 80%] Built target custom_interfaces__rosidl_generator_py
[9.773s] [ 87%] Built target custom_interfaces__rosidl_typesupport_fastrtps_c__pyext
[9.947s] [ 93%] Built target custom_interfaces__rosidl_typesupport_c__pyext
[10.229s] [100%] Built target custom_interfaces__rosidl_typesupport_introspection_c__pyext
[10.250s] Invoked command in '/home/sudhindra/aruco_ws/build/custom_interfaces' returned '0': CMAKE_PREFIX_PATH=${CMAKE_PREFIX_PATH}:/home/sudhindra/practice_ws/install/test_1:/home/sudhindra/ros2_ws/install/my_robot_controller:/home/sudhindra/erc_ws/install/week1_tutorials:/home/sudhindra/erc_ws/install/week0_tutorials:/home/sudhindra/erc_ws/install/task_1:/home/sudhindra/erc_ws/install/sherlock:/home/sudhindra/erc_ws/install/mrs_hudson:/home/sudhindra/erc_ws/install/ep3:/home/sudhindra/erc_ws/install/conversation:/opt/ros/humble /usr/bin/cmake --build /home/sudhindra/aruco_ws/build/custom_interfaces -- -j4 -l4
[10.383s] Invoking command in '/home/sudhindra/aruco_ws/build/custom_interfaces': CMAKE_PREFIX_PATH=${CMAKE_PREFIX_PATH}:/home/sudhindra/practice_ws/install/test_1:/home/sudhindra/ros2_ws/install/my_robot_controller:/home/sudhindra/erc_ws/install/week1_tutorials:/home/sudhindra/erc_ws/install/week0_tutorials:/home/sudhindra/erc_ws/install/task_1:/home/sudhindra/erc_ws/install/sherlock:/home/sudhindra/erc_ws/install/mrs_hudson:/home/sudhindra/erc_ws/install/ep3:/home/sudhindra/erc_ws/install/conversation:/opt/ros/humble /usr/bin/cmake --install /home/sudhindra/aruco_ws/build/custom_interfaces
[10.431s] -- Install configuration: ""
[10.453s] -- Up-to-date: /home/sudhindra/aruco_ws/install/custom_interfaces/share/ament_index/resource_index/rosidl_interfaces/custom_interfaces
[10.453s] -- Up-to-date: /home/sudhindra/aruco_ws/install/custom_interfaces/include/custom_interfaces/custom_interfaces
[10.454s] -- Up-to-date: /home/sudhindra/aruco_ws/install/custom_interfaces/include/custom_interfaces/custom_interfaces/msg
[10.454s] -- Up-to-date: /home/sudhindra/aruco_ws/install/custom_interfaces/include/custom_interfaces/custom_interfaces/msg/rosidl_generator_c__visibility_control.h
[10.455s] -- Up-to-date: /home/sudhindra/aruco_ws/install/custom_interfaces/include/custom_interfaces/custom_interfaces/srv
[10.455s] -- Up-to-date: /home/sudhindra/aruco_ws/install/custom_interfaces/include/custom_interfaces/custom_interfaces/srv/video_frame.h
[10.455s] -- Up-to-date: /home/sudhindra/aruco_ws/install/custom_interfaces/include/custom_interfaces/custom_interfaces/srv/detail
[10.455s] -- Up-to-date: /home/sudhindra/aruco_ws/install/custom_interfaces/include/custom_interfaces/custom_interfaces/srv/detail/video_frame__struct.h
[10.455s] -- Up-to-date: /home/sudhindra/aruco_ws/install/custom_interfaces/include/custom_interfaces/custom_interfaces/srv/detail/video_frame__type_support.h
[10.456s] -- Up-to-date: /home/sudhindra/aruco_ws/install/custom_interfaces/include/custom_interfaces/custom_interfaces/srv/detail/video_frame__functions.c
[10.456s] -- Up-to-date: /home/sudhindra/aruco_ws/install/custom_interfaces/include/custom_interfaces/custom_interfaces/srv/detail/video_frame__functions.h
[10.456s] -- Up-to-date: /home/sudhindra/aruco_ws/install/custom_interfaces/share/custom_interfaces/environment/library_path.sh
[10.456s] -- Up-to-date: /home/sudhindra/aruco_ws/install/custom_interfaces/share/custom_interfaces/environment/library_path.dsv
[10.516s] -- Up-to-date: /home/sudhindra/aruco_ws/install/custom_interfaces/lib/libcustom_interfaces__rosidl_generator_c.so
[10.517s] -- Up-to-date: /home/sudhindra/aruco_ws/install/custom_interfaces/include/custom_interfaces/custom_interfaces
[10.517s] -- Up-to-date: /home/sudhindra/aruco_ws/install/custom_interfaces/include/custom_interfaces/custom_interfaces/msg
[10.517s] -- Up-to-date: /home/sudhindra/aruco_ws/install/custom_interfaces/include/custom_interfaces/custom_interfaces/msg/rosidl_typesupport_fastrtps_c__visibility_control.h
[10.518s] -- Up-to-date: /home/sudhindra/aruco_ws/install/custom_interfaces/include/custom_interfaces/custom_interfaces/srv
[10.518s] -- Up-to-date: /home/sudhindra/aruco_ws/install/custom_interfaces/include/custom_interfaces/custom_interfaces/srv/detail
[10.518s] -- Up-to-date: /home/sudhindra/aruco_ws/install/custom_interfaces/include/custom_interfaces/custom_interfaces/srv/detail/video_frame__rosidl_typesupport_fastrtps_c.h
[10.519s] -- Up-to-date: /home/sudhindra/aruco_ws/install/custom_interfaces/lib/libcustom_interfaces__rosidl_typesupport_fastrtps_c.so
[10.519s] -- Up-to-date: /home/sudhindra/aruco_ws/install/custom_interfaces/include/custom_interfaces/custom_interfaces
[10.520s] -- Up-to-date: /home/sudhindra/aruco_ws/install/custom_interfaces/include/custom_interfaces/custom_interfaces/srv
[10.520s] -- Up-to-date: /home/sudhindra/aruco_ws/install/custom_interfaces/include/custom_interfaces/custom_interfaces/srv/video_frame.hpp
[10.520s] -- Up-to-date: /home/sudhindra/aruco_ws/install/custom_interfaces/include/custom_interfaces/custom_interfaces/srv/detail
[10.520s] -- Up-to-date: /home/sudhindra/aruco_ws/install/custom_interfaces/include/custom_interfaces/custom_interfaces/srv/detail/video_frame__traits.hpp
[10.521s] -- Up-to-date: /home/sudhindra/aruco_ws/install/custom_interfaces/include/custom_interfaces/custom_interfaces/srv/detail/video_frame__builder.hpp
[10.521s] -- Up-to-date: /home/sudhindra/aruco_ws/install/custom_interfaces/include/custom_interfaces/custom_interfaces/srv/detail/video_frame__struct.hpp
[10.522s] -- Up-to-date: /home/sudhindra/aruco_ws/install/custom_interfaces/include/custom_interfaces/custom_interfaces
[10.522s] -- Up-to-date: /home/sudhindra/aruco_ws/install/custom_interfaces/include/custom_interfaces/custom_interfaces/msg
[10.522s] -- Up-to-date: /home/sudhindra/aruco_ws/install/custom_interfaces/include/custom_interfaces/custom_interfaces/msg/rosidl_typesupport_fastrtps_cpp__visibility_control.h
[10.522s] -- Up-to-date: /home/sudhindra/aruco_ws/install/custom_interfaces/include/custom_interfaces/custom_interfaces/srv
[10.523s] -- Up-to-date: /home/sudhindra/aruco_ws/install/custom_interfaces/include/custom_interfaces/custom_interfaces/srv/detail
[10.523s] -- Up-to-date: /home/sudhindra/aruco_ws/install/custom_interfaces/include/custom_interfaces/custom_interfaces/srv/detail/video_frame__rosidl_typesupport_fastrtps_cpp.hpp
[10.523s] -- Up-to-date: /home/sudhindra/aruco_ws/install/custom_interfaces/include/custom_interfaces/custom_interfaces/srv/detail/dds_fastrtps
[10.523s] -- Up-to-date: /home/sudhindra/aruco_ws/install/custom_interfaces/lib/libcustom_interfaces__rosidl_typesupport_fastrtps_cpp.so
[10.524s] -- Up-to-date: /home/sudhindra/aruco_ws/install/custom_interfaces/include/custom_interfaces/custom_interfaces
[10.524s] -- Up-to-date: /home/sudhindra/aruco_ws/install/custom_interfaces/include/custom_interfaces/custom_interfaces/msg
[10.524s] -- Up-to-date: /home/sudhindra/aruco_ws/install/custom_interfaces/include/custom_interfaces/custom_interfaces/msg/rosidl_typesupport_introspection_c__visibility_control.h
[10.524s] -- Up-to-date: /home/sudhindra/aruco_ws/install/custom_interfaces/include/custom_interfaces/custom_interfaces/srv
[10.525s] -- Up-to-date: /home/sudhindra/aruco_ws/install/custom_interfaces/include/custom_interfaces/custom_interfaces/srv/detail
[10.525s] -- Up-to-date: /home/sudhindra/aruco_ws/install/custom_interfaces/include/custom_interfaces/custom_interfaces/srv/detail/video_frame__rosidl_typesupport_introspection_c.h
[10.525s] -- Up-to-date: /home/sudhindra/aruco_ws/install/custom_interfaces/include/custom_interfaces/custom_interfaces/srv/detail/video_frame__type_support.c
[10.551s] -- Up-to-date: /home/sudhindra/aruco_ws/install/custom_interfaces/lib/libcustom_interfaces__rosidl_typesupport_introspection_c.so
[10.552s] -- Up-to-date: /home/sudhindra/aruco_ws/install/custom_interfaces/lib/libcustom_interfaces__rosidl_typesupport_c.so
[10.553s] -- Up-to-date: /home/sudhindra/aruco_ws/install/custom_interfaces/include/custom_interfaces/custom_interfaces
[10.554s] -- Up-to-date: /home/sudhindra/aruco_ws/install/custom_interfaces/include/custom_interfaces/custom_interfaces/srv
[10.554s] -- Up-to-date: /home/sudhindra/aruco_ws/install/custom_interfaces/include/custom_interfaces/custom_interfaces/srv/detail
[10.554s] -- Up-to-date: /home/sudhindra/aruco_ws/install/custom_interfaces/include/custom_interfaces/custom_interfaces/srv/detail/video_frame__rosidl_typesupport_introspection_cpp.hpp
[10.555s] -- Up-to-date: /home/sudhindra/aruco_ws/install/custom_interfaces/include/custom_interfaces/custom_interfaces/srv/detail/video_frame__type_support.cpp
[10.556s] -- Up-to-date: /home/sudhindra/aruco_ws/install/custom_interfaces/lib/libcustom_interfaces__rosidl_typesupport_introspection_cpp.so
[10.556s] -- Up-to-date: /home/sudhindra/aruco_ws/install/custom_interfaces/lib/libcustom_interfaces__rosidl_typesupport_cpp.so
[10.556s] -- Up-to-date: /home/sudhindra/aruco_ws/install/custom_interfaces/share/custom_interfaces/environment/pythonpath.sh
[10.556s] -- Up-to-date: /home/sudhindra/aruco_ws/install/custom_interfaces/share/custom_interfaces/environment/pythonpath.dsv
[10.557s] -- Up-to-date: /home/sudhindra/aruco_ws/install/custom_interfaces/local/lib/python3.10/dist-packages/custom_interfaces-0.0.0-py3.10.egg-info
[10.557s] -- Installing: /home/sudhindra/aruco_ws/install/custom_interfaces/local/lib/python3.10/dist-packages/custom_interfaces-0.0.0-py3.10.egg-info/top_level.txt
[10.558s] -- Installing: /home/sudhindra/aruco_ws/install/custom_interfaces/local/lib/python3.10/dist-packages/custom_interfaces-0.0.0-py3.10.egg-info/SOURCES.txt
[10.558s] -- Installing: /home/sudhindra/aruco_ws/install/custom_interfaces/local/lib/python3.10/dist-packages/custom_interfaces-0.0.0-py3.10.egg-info/PKG-INFO
[10.558s] -- Installing: /home/sudhindra/aruco_ws/install/custom_interfaces/local/lib/python3.10/dist-packages/custom_interfaces-0.0.0-py3.10.egg-info/dependency_links.txt
[10.559s] -- Up-to-date: /home/sudhindra/aruco_ws/install/custom_interfaces/local/lib/python3.10/dist-packages/custom_interfaces
[10.560s] -- Up-to-date: /home/sudhindra/aruco_ws/install/custom_interfaces/local/lib/python3.10/dist-packages/custom_interfaces/_custom_interfaces_s.ep.rosidl_typesupport_introspection_c.c
[10.560s] -- Up-to-date: /home/sudhindra/aruco_ws/install/custom_interfaces/local/lib/python3.10/dist-packages/custom_interfaces/srv
[10.560s] -- Up-to-date: /home/sudhindra/aruco_ws/install/custom_interfaces/local/lib/python3.10/dist-packages/custom_interfaces/srv/_video_frame.py
[10.561s] -- Up-to-date: /home/sudhindra/aruco_ws/install/custom_interfaces/local/lib/python3.10/dist-packages/custom_interfaces/srv/_video_frame_s.c
[10.561s] -- Up-to-date: /home/sudhindra/aruco_ws/install/custom_interfaces/local/lib/python3.10/dist-packages/custom_interfaces/srv/__init__.py
[10.561s] -- Up-to-date: /home/sudhindra/aruco_ws/install/custom_interfaces/local/lib/python3.10/dist-packages/custom_interfaces/custom_interfaces_s__rosidl_typesupport_fastrtps_c.cpython-310-x86_64-linux-gnu.so
[10.561s] -- Up-to-date: /home/sudhindra/aruco_ws/install/custom_interfaces/local/lib/python3.10/dist-packages/custom_interfaces/_custom_interfaces_s.ep.rosidl_typesupport_fastrtps_c.c
[10.561s] -- Up-to-date: /home/sudhindra/aruco_ws/install/custom_interfaces/local/lib/python3.10/dist-packages/custom_interfaces/libcustom_interfaces__rosidl_generator_py.so
[10.562s] -- Up-to-date: /home/sudhindra/aruco_ws/install/custom_interfaces/local/lib/python3.10/dist-packages/custom_interfaces/custom_interfaces_s__rosidl_typesupport_c.cpython-310-x86_64-linux-gnu.so
[10.562s] -- Up-to-date: /home/sudhindra/aruco_ws/install/custom_interfaces/local/lib/python3.10/dist-packages/custom_interfaces/_custom_interfaces_s.ep.rosidl_typesupport_c.c
[10.562s] -- Up-to-date: /home/sudhindra/aruco_ws/install/custom_interfaces/local/lib/python3.10/dist-packages/custom_interfaces/__init__.py
[10.562s] -- Up-to-date: /home/sudhindra/aruco_ws/install/custom_interfaces/local/lib/python3.10/dist-packages/custom_interfaces/custom_interfaces_s__rosidl_typesupport_introspection_c.cpython-310-x86_64-linux-gnu.so
[10.634s] Listing '/home/sudhindra/aruco_ws/install/custom_interfaces/local/lib/python3.10/dist-packages/custom_interfaces'...
[10.634s] Listing '/home/sudhindra/aruco_ws/install/custom_interfaces/local/lib/python3.10/dist-packages/custom_interfaces/srv'...
[10.647s] -- Up-to-date: /home/sudhindra/aruco_ws/install/custom_interfaces/local/lib/python3.10/dist-packages/custom_interfaces/custom_interfaces_s__rosidl_typesupport_fastrtps_c.cpython-310-x86_64-linux-gnu.so
[10.648s] -- Up-to-date: /home/sudhindra/aruco_ws/install/custom_interfaces/local/lib/python3.10/dist-packages/custom_interfaces/custom_interfaces_s__rosidl_typesupport_introspection_c.cpython-310-x86_64-linux-gnu.so
[10.649s] -- Up-to-date: /home/sudhindra/aruco_ws/install/custom_interfaces/local/lib/python3.10/dist-packages/custom_interfaces/custom_interfaces_s__rosidl_typesupport_c.cpython-310-x86_64-linux-gnu.so
[10.649s] -- Up-to-date: /home/sudhindra/aruco_ws/install/custom_interfaces/lib/libcustom_interfaces__rosidl_generator_py.so
[10.650s] -- Up-to-date: /home/sudhindra/aruco_ws/install/custom_interfaces/share/custom_interfaces/srv/VideoFrame.idl
[10.651s] -- Up-to-date: /home/sudhindra/aruco_ws/install/custom_interfaces/share/custom_interfaces/srv/VideoFrame.srv
[10.651s] -- Up-to-date: /home/sudhindra/aruco_ws/install/custom_interfaces/share/custom_interfaces/srv/VideoFrame_Request.msg
[10.652s] -- Up-to-date: /home/sudhindra/aruco_ws/install/custom_interfaces/share/custom_interfaces/srv/VideoFrame_Response.msg
[10.652s] -- Up-to-date: /home/sudhindra/aruco_ws/install/custom_interfaces/share/ament_index/resource_index/package_run_dependencies/custom_interfaces
[10.652s] -- Up-to-date: /home/sudhindra/aruco_ws/install/custom_interfaces/share/ament_index/resource_index/parent_prefix_path/custom_interfaces
[10.652s] -- Up-to-date: /home/sudhindra/aruco_ws/install/custom_interfaces/share/custom_interfaces/environment/ament_prefix_path.sh
[10.652s] -- Up-to-date: /home/sudhindra/aruco_ws/install/custom_interfaces/share/custom_interfaces/environment/ament_prefix_path.dsv
[10.652s] -- Up-to-date: /home/sudhindra/aruco_ws/install/custom_interfaces/share/custom_interfaces/environment/path.sh
[10.653s] -- Up-to-date: /home/sudhindra/aruco_ws/install/custom_interfaces/share/custom_interfaces/environment/path.dsv
[10.653s] -- Up-to-date: /home/sudhindra/aruco_ws/install/custom_interfaces/share/custom_interfaces/local_setup.bash
[10.653s] -- Up-to-date: /home/sudhindra/aruco_ws/install/custom_interfaces/share/custom_interfaces/local_setup.sh
[10.653s] -- Up-to-date: /home/sudhindra/aruco_ws/install/custom_interfaces/share/custom_interfaces/local_setup.zsh
[10.653s] -- Up-to-date: /home/sudhindra/aruco_ws/install/custom_interfaces/share/custom_interfaces/local_setup.dsv
[10.653s] -- Installing: /home/sudhindra/aruco_ws/install/custom_interfaces/share/custom_interfaces/package.dsv
[10.692s] -- Up-to-date: /home/sudhindra/aruco_ws/install/custom_interfaces/share/ament_index/resource_index/packages/custom_interfaces
[10.714s] -- Up-to-date: /home/sudhindra/aruco_ws/install/custom_interfaces/share/custom_interfaces/cmake/export_custom_interfaces__rosidl_generator_cExport.cmake
[10.715s] -- Up-to-date: /home/sudhindra/aruco_ws/install/custom_interfaces/share/custom_interfaces/cmake/export_custom_interfaces__rosidl_generator_cExport-noconfig.cmake
[10.748s] -- Up-to-date: /home/sudhindra/aruco_ws/install/custom_interfaces/share/custom_interfaces/cmake/export_custom_interfaces__rosidl_typesupport_fastrtps_cExport.cmake
[10.748s] -- Up-to-date: /home/sudhindra/aruco_ws/install/custom_interfaces/share/custom_interfaces/cmake/export_custom_interfaces__rosidl_typesupport_fastrtps_cExport-noconfig.cmake
[10.749s] -- Up-to-date: /home/sudhindra/aruco_ws/install/custom_interfaces/share/custom_interfaces/cmake/export_custom_interfaces__rosidl_generator_cppExport.cmake
[10.769s] -- Up-to-date: /home/sudhindra/aruco_ws/install/custom_interfaces/share/custom_interfaces/cmake/export_custom_interfaces__rosidl_typesupport_fastrtps_cppExport.cmake
[10.769s] -- Up-to-date: /home/sudhindra/aruco_ws/install/custom_interfaces/share/custom_interfaces/cmake/export_custom_interfaces__rosidl_typesupport_fastrtps_cppExport-noconfig.cmake
[10.770s] -- Up-to-date: /home/sudhindra/aruco_ws/install/custom_interfaces/share/custom_interfaces/cmake/custom_interfaces__rosidl_typesupport_introspection_cExport.cmake
[10.770s] -- Up-to-date: /home/sudhindra/aruco_ws/install/custom_interfaces/share/custom_interfaces/cmake/custom_interfaces__rosidl_typesupport_introspection_cExport-noconfig.cmake
[10.814s] -- Up-to-date: /home/sudhindra/aruco_ws/install/custom_interfaces/share/custom_interfaces/cmake/custom_interfaces__rosidl_typesupport_cExport.cmake
[10.814s] -- Up-to-date: /home/sudhindra/aruco_ws/install/custom_interfaces/share/custom_interfaces/cmake/custom_interfaces__rosidl_typesupport_cExport-noconfig.cmake
[10.814s] -- Up-to-date: /home/sudhindra/aruco_ws/install/custom_interfaces/share/custom_interfaces/cmake/custom_interfaces__rosidl_typesupport_introspection_cppExport.cmake
[10.815s] -- Up-to-date: /home/sudhindra/aruco_ws/install/custom_interfaces/share/custom_interfaces/cmake/custom_interfaces__rosidl_typesupport_introspection_cppExport-noconfig.cmake
[10.859s] -- Up-to-date: /home/sudhindra/aruco_ws/install/custom_interfaces/share/custom_interfaces/cmake/custom_interfaces__rosidl_typesupport_cppExport.cmake
[10.859s] -- Up-to-date: /home/sudhindra/aruco_ws/install/custom_interfaces/share/custom_interfaces/cmake/custom_interfaces__rosidl_typesupport_cppExport-noconfig.cmake
[10.903s] -- Up-to-date: /home/sudhindra/aruco_ws/install/custom_interfaces/share/custom_interfaces/cmake/export_custom_interfaces__rosidl_generator_pyExport.cmake
[10.903s] -- Up-to-date: /home/sudhindra/aruco_ws/install/custom_interfaces/share/custom_interfaces/cmake/export_custom_interfaces__rosidl_generator_pyExport-noconfig.cmake
[10.904s] -- Up-to-date: /home/sudhindra/aruco_ws/install/custom_interfaces/share/custom_interfaces/cmake/rosidl_cmake-extras.cmake
[10.904s] -- Up-to-date: /home/sudhindra/aruco_ws/install/custom_interfaces/share/custom_interfaces/cmake/ament_cmake_export_dependencies-extras.cmake
[10.904s] -- Up-to-date: /home/sudhindra/aruco_ws/install/custom_interfaces/share/custom_interfaces/cmake/ament_cmake_export_include_directories-extras.cmake
[10.905s] -- Up-to-date: /home/sudhindra/aruco_ws/install/custom_interfaces/share/custom_interfaces/cmake/ament_cmake_export_libraries-extras.cmake
[10.905s] -- Up-to-date: /home/sudhindra/aruco_ws/install/custom_interfaces/share/custom_interfaces/cmake/ament_cmake_export_targets-extras.cmake
[10.905s] -- Up-to-date: /home/sudhindra/aruco_ws/install/custom_interfaces/share/custom_interfaces/cmake/rosidl_cmake_export_typesupport_targets-extras.cmake
[10.905s] -- Up-to-date: /home/sudhindra/aruco_ws/install/custom_interfaces/share/custom_interfaces/cmake/rosidl_cmake_export_typesupport_libraries-extras.cmake
[10.905s] -- Up-to-date: /home/sudhindra/aruco_ws/install/custom_interfaces/share/custom_interfaces/cmake/custom_interfacesConfig.cmake
[10.905s] -- Up-to-date: /home/sudhindra/aruco_ws/install/custom_interfaces/share/custom_interfaces/cmake/custom_interfacesConfig-version.cmake
[10.905s] -- Up-to-date: /home/sudhindra/aruco_ws/install/custom_interfaces/share/custom_interfaces/package.xml
[10.951s] Invoked command in '/home/sudhindra/aruco_ws/build/custom_interfaces' returned '0': CMAKE_PREFIX_PATH=${CMAKE_PREFIX_PATH}:/home/sudhindra/practice_ws/install/test_1:/home/sudhindra/ros2_ws/install/my_robot_controller:/home/sudhindra/erc_ws/install/week1_tutorials:/home/sudhindra/erc_ws/install/week0_tutorials:/home/sudhindra/erc_ws/install/task_1:/home/sudhindra/erc_ws/install/sherlock:/home/sudhindra/erc_ws/install/mrs_hudson:/home/sudhindra/erc_ws/install/ep3:/home/sudhindra/erc_ws/install/conversation:/opt/ros/humble /usr/bin/cmake --install /home/sudhindra/aruco_ws/build/custom_interfaces
