[2.934s] Invoking command in '/home/sudhindra/aruco_ws/src/client': PYTHONPATH=/home/sudhindra/aruco_ws/build/client/prefix_override:/home/sudhindra/aruco_ws/install/client/lib/python3.10/site-packages:${PYTHONPATH} /usr/bin/python3 setup.py egg_info --egg-base ../../build/client build --build-base /home/sudhindra/aruco_ws/build/client/build install --record /home/sudhindra/aruco_ws/build/client/install.log --single-version-externally-managed
[3.476s] running egg_info
[3.477s] writing ../../build/client/client.egg-info/PKG-INFO
[3.478s] writing dependency_links to ../../build/client/client.egg-info/dependency_links.txt
[3.478s] writing entry points to ../../build/client/client.egg-info/entry_points.txt
[3.479s] writing requirements to ../../build/client/client.egg-info/requires.txt
[3.479s] writing top-level names to ../../build/client/client.egg-info/top_level.txt
[3.482s] reading manifest file '../../build/client/client.egg-info/SOURCES.txt'
[3.484s] writing manifest file '../../build/client/client.egg-info/SOURCES.txt'
[3.484s] running build
[3.484s] running build_py
[3.485s] running install
[3.485s] running install_lib
[3.488s] running install_data
[3.489s] running install_egg_info
[3.495s] removing '/home/sudhindra/aruco_ws/install/client/lib/python3.10/site-packages/client-0.0.0-py3.10.egg-info' (and everything under it)
[3.496s] Copying ../../build/client/client.egg-info to /home/sudhindra/aruco_ws/install/client/lib/python3.10/site-packages/client-0.0.0-py3.10.egg-info
[3.496s] running install_scripts
[3.534s] Installing client_execuatble script to /home/sudhindra/aruco_ws/install/client/lib/client
[3.535s] writing list of installed files to '/home/sudhindra/aruco_ws/build/client/install.log'
[3.597s] Invoked command in '/home/sudhindra/aruco_ws/src/client' returned '0': PYTHONPATH=/home/sudhindra/aruco_ws/build/client/prefix_override:/home/sudhindra/aruco_ws/install/client/lib/python3.10/site-packages:${PYTHONPATH} /usr/bin/python3 setup.py egg_info --egg-base ../../build/client build --build-base /home/sudhindra/aruco_ws/build/client/build install --record /home/sudhindra/aruco_ws/build/client/install.log --single-version-externally-managed
