[2.272s] DEBUG:colcon:Command line arguments: ['/usr/bin/colcon', 'build']
[2.272s] DEBUG:colcon:Parsed command line arguments: Namespace(log_base=None, log_level=None, verb_name='build', build_base='build', install_base='install', merge_install=False, symlink_install=False, test_result_base=None, continue_on_error=False, executor='parallel', parallel_workers=4, event_handlers=None, ignore_user_meta=False, metas=['./colcon.meta'], base_paths=['.'], packages_ignore=None, packages_ignore_regex=None, paths=None, packages_up_to=None, packages_up_to_regex=None, packages_above=None, packages_above_and_dependencies=None, packages_above_depth=None, packages_select_by_dep=None, packages_skip_by_dep=None, packages_skip_up_to=None, packages_select_build_failed=False, packages_skip_build_finished=False, packages_select_test_failures=False, packages_skip_test_passed=False, packages_select=None, packages_skip=None, packages_select_regex=None, packages_skip_regex=None, packages_start=None, packages_end=None, allow_overriding=[], cmake_args=None, cmake_target=None, cmake_target_skip_unavailable=False, cmake_clean_cache=False, cmake_clean_first=False, cmake_force_configure=False, ament_cmake_args=None, catkin_cmake_args=None, catkin_skip_building_tests=False, verb_parser=<colcon_defaults.argument_parser.defaults.DefaultArgumentsDecorator object at 0x7afd71cb8e80>, verb_extension=<colcon_core.verb.build.BuildVerb object at 0x7afd71c58580>, main=<bound method BuildVerb.main of <colcon_core.verb.build.BuildVerb object at 0x7afd71c58580>>)
[2.374s] Level 1:colcon.colcon_core.package_discovery:discover_packages(colcon_meta) check parameters
[2.374s] Level 1:colcon.colcon_core.package_discovery:discover_packages(recursive) check parameters
[2.374s] Level 1:colcon.colcon_core.package_discovery:discover_packages(ignore) check parameters
[2.374s] Level 1:colcon.colcon_core.package_discovery:discover_packages(path) check parameters
[2.374s] Level 1:colcon.colcon_core.package_discovery:discover_packages(colcon_meta) discover
[2.374s] Level 1:colcon.colcon_core.package_discovery:discover_packages(recursive) discover
[2.374s] INFO:colcon.colcon_core.package_discovery:Crawling recursively for packages in '/home/sudhindra/aruco_ws'
[2.375s] Level 1:colcon.colcon_core.package_identification:_identify(.) by extensions ['ignore', 'ignore_ament_install']
[2.375s] Level 1:colcon.colcon_core.package_identification:_identify(.) by extension 'ignore'
[2.375s] Level 1:colcon.colcon_core.package_identification:_identify(.) by extension 'ignore_ament_install'
[2.375s] Level 1:colcon.colcon_core.package_identification:_identify(.) by extensions ['colcon_pkg']
[2.375s] Level 1:colcon.colcon_core.package_identification:_identify(.) by extension 'colcon_pkg'
[2.375s] Level 1:colcon.colcon_core.package_identification:_identify(.) by extensions ['colcon_meta']
[2.375s] Level 1:colcon.colcon_core.package_identification:_identify(.) by extension 'colcon_meta'
[2.375s] Level 1:colcon.colcon_core.package_identification:_identify(.) by extensions ['ros']
[2.375s] Level 1:colcon.colcon_core.package_identification:_identify(.) by extension 'ros'
[2.395s] Level 1:colcon.colcon_core.package_identification:_identify(.) by extensions ['cmake', 'python']
[2.395s] Level 1:colcon.colcon_core.package_identification:_identify(.) by extension 'cmake'
[2.395s] Level 1:colcon.colcon_core.package_identification:_identify(.) by extension 'python'
[2.396s] Level 1:colcon.colcon_core.package_identification:_identify(.) by extensions ['python_setup_py']
[2.396s] Level 1:colcon.colcon_core.package_identification:_identify(.) by extension 'python_setup_py'
[2.396s] Level 1:colcon.colcon_core.package_identification:_identify(build) by extensions ['ignore', 'ignore_ament_install']
[2.396s] Level 1:colcon.colcon_core.package_identification:_identify(build) by extension 'ignore'
[2.396s] Level 1:colcon.colcon_core.package_identification:_identify(build) ignored
[2.396s] Level 1:colcon.colcon_core.package_identification:_identify(install) by extensions ['ignore', 'ignore_ament_install']
[2.396s] Level 1:colcon.colcon_core.package_identification:_identify(install) by extension 'ignore'
[2.397s] Level 1:colcon.colcon_core.package_identification:_identify(install) ignored
[2.397s] Level 1:colcon.colcon_core.package_identification:_identify(log) by extensions ['ignore', 'ignore_ament_install']
[2.397s] Level 1:colcon.colcon_core.package_identification:_identify(log) by extension 'ignore'
[2.397s] Level 1:colcon.colcon_core.package_identification:_identify(log) ignored
[2.397s] Level 1:colcon.colcon_core.package_identification:_identify(src) by extensions ['ignore', 'ignore_ament_install']
[2.397s] Level 1:colcon.colcon_core.package_identification:_identify(src) by extension 'ignore'
[2.397s] Level 1:colcon.colcon_core.package_identification:_identify(src) by extension 'ignore_ament_install'
[2.398s] Level 1:colcon.colcon_core.package_identification:_identify(src) by extensions ['colcon_pkg']
[2.398s] Level 1:colcon.colcon_core.package_identification:_identify(src) by extension 'colcon_pkg'
[2.398s] Level 1:colcon.colcon_core.package_identification:_identify(src) by extensions ['colcon_meta']
[2.398s] Level 1:colcon.colcon_core.package_identification:_identify(src) by extension 'colcon_meta'
[2.398s] Level 1:colcon.colcon_core.package_identification:_identify(src) by extensions ['ros']
[2.398s] Level 1:colcon.colcon_core.package_identification:_identify(src) by extension 'ros'
[2.398s] Level 1:colcon.colcon_core.package_identification:_identify(src) by extensions ['cmake', 'python']
[2.398s] Level 1:colcon.colcon_core.package_identification:_identify(src) by extension 'cmake'
[2.398s] Level 1:colcon.colcon_core.package_identification:_identify(src) by extension 'python'
[2.398s] Level 1:colcon.colcon_core.package_identification:_identify(src) by extensions ['python_setup_py']
[2.398s] Level 1:colcon.colcon_core.package_identification:_identify(src) by extension 'python_setup_py'
[2.399s] Level 1:colcon.colcon_core.package_identification:_identify(src/client) by extensions ['ignore', 'ignore_ament_install']
[2.399s] Level 1:colcon.colcon_core.package_identification:_identify(src/client) by extension 'ignore'
[2.399s] Level 1:colcon.colcon_core.package_identification:_identify(src/client) by extension 'ignore_ament_install'
[2.399s] Level 1:colcon.colcon_core.package_identification:_identify(src/client) by extensions ['colcon_pkg']
[2.399s] Level 1:colcon.colcon_core.package_identification:_identify(src/client) by extension 'colcon_pkg'
[2.399s] Level 1:colcon.colcon_core.package_identification:_identify(src/client) by extensions ['colcon_meta']
[2.399s] Level 1:colcon.colcon_core.package_identification:_identify(src/client) by extension 'colcon_meta'
[2.399s] Level 1:colcon.colcon_core.package_identification:_identify(src/client) by extensions ['ros']
[2.399s] Level 1:colcon.colcon_core.package_identification:_identify(src/client) by extension 'ros'
[2.405s] DEBUG:colcon.colcon_core.package_identification:Package 'src/client' with type 'ros.ament_python' and name 'client'
[2.405s] Level 1:colcon.colcon_core.package_identification:_identify(src/custom_interfaces) by extensions ['ignore', 'ignore_ament_install']
[2.405s] Level 1:colcon.colcon_core.package_identification:_identify(src/custom_interfaces) by extension 'ignore'
[2.405s] Level 1:colcon.colcon_core.package_identification:_identify(src/custom_interfaces) by extension 'ignore_ament_install'
[2.405s] Level 1:colcon.colcon_core.package_identification:_identify(src/custom_interfaces) by extensions ['colcon_pkg']
[2.405s] Level 1:colcon.colcon_core.package_identification:_identify(src/custom_interfaces) by extension 'colcon_pkg'
[2.405s] Level 1:colcon.colcon_core.package_identification:_identify(src/custom_interfaces) by extensions ['colcon_meta']
[2.406s] Level 1:colcon.colcon_core.package_identification:_identify(src/custom_interfaces) by extension 'colcon_meta'
[2.406s] Level 1:colcon.colcon_core.package_identification:_identify(src/custom_interfaces) by extensions ['ros']
[2.406s] Level 1:colcon.colcon_core.package_identification:_identify(src/custom_interfaces) by extension 'ros'
[2.407s] DEBUG:colcon.colcon_core.package_identification:Package 'src/custom_interfaces' with type 'ros.ament_cmake' and name 'custom_interfaces'
[2.407s] Level 1:colcon.colcon_core.package_identification:_identify(src/server) by extensions ['ignore', 'ignore_ament_install']
[2.407s] Level 1:colcon.colcon_core.package_identification:_identify(src/server) by extension 'ignore'
[2.407s] Level 1:colcon.colcon_core.package_identification:_identify(src/server) by extension 'ignore_ament_install'
[2.407s] Level 1:colcon.colcon_core.package_identification:_identify(src/server) by extensions ['colcon_pkg']
[2.408s] Level 1:colcon.colcon_core.package_identification:_identify(src/server) by extension 'colcon_pkg'
[2.408s] Level 1:colcon.colcon_core.package_identification:_identify(src/server) by extensions ['colcon_meta']
[2.408s] Level 1:colcon.colcon_core.package_identification:_identify(src/server) by extension 'colcon_meta'
[2.408s] Level 1:colcon.colcon_core.package_identification:_identify(src/server) by extensions ['ros']
[2.408s] Level 1:colcon.colcon_core.package_identification:_identify(src/server) by extension 'ros'
[2.409s] DEBUG:colcon.colcon_core.package_identification:Package 'src/server' with type 'ros.ament_python' and name 'server'
[2.409s] Level 1:colcon.colcon_core.package_discovery:discover_packages(recursive) using defaults
[2.409s] Level 1:colcon.colcon_core.package_discovery:discover_packages(ignore) discover
[2.409s] Level 1:colcon.colcon_core.package_discovery:discover_packages(ignore) using defaults
[2.409s] Level 1:colcon.colcon_core.package_discovery:discover_packages(path) discover
[2.409s] Level 1:colcon.colcon_core.package_discovery:discover_packages(path) using defaults
[2.646s] Level 1:colcon.colcon_core.package_discovery:discover_packages(prefix_path) check parameters
[2.646s] Level 1:colcon.colcon_core.package_discovery:discover_packages(prefix_path) discover
[2.721s] DEBUG:colcon.colcon_installed_package_information.package_discovery:Found 3 installed packages in /home/sudhindra/aruco_ws/install
[2.757s] DEBUG:colcon.colcon_installed_package_information.package_discovery:Found 8 installed packages in /home/sudhindra/erc_ws/install
[2.810s] DEBUG:colcon.colcon_installed_package_information.package_discovery:Found 2 installed packages in /home/sudhindra/ros2_ws/install
[2.846s] DEBUG:colcon.colcon_installed_package_information.package_discovery:Found 1 installed packages in /home/sudhindra/practice_ws/install
[2.884s] DEBUG:colcon.colcon_installed_package_information.package_discovery:Found 284 installed packages in /opt/ros/humble
[2.887s] Level 1:colcon.colcon_core.package_discovery:discover_packages(prefix_path) using defaults
[3.081s] Level 5:colcon.colcon_core.verb:set package 'custom_interfaces' build argument 'cmake_args' from command line to 'None'
[3.081s] Level 5:colcon.colcon_core.verb:set package 'custom_interfaces' build argument 'cmake_target' from command line to 'None'
[3.081s] Level 5:colcon.colcon_core.verb:set package 'custom_interfaces' build argument 'cmake_target_skip_unavailable' from command line to 'False'
[3.081s] Level 5:colcon.colcon_core.verb:set package 'custom_interfaces' build argument 'cmake_clean_cache' from command line to 'False'
[3.081s] Level 5:colcon.colcon_core.verb:set package 'custom_interfaces' build argument 'cmake_clean_first' from command line to 'False'
[3.081s] Level 5:colcon.colcon_core.verb:set package 'custom_interfaces' build argument 'cmake_force_configure' from command line to 'False'
[3.081s] Level 5:colcon.colcon_core.verb:set package 'custom_interfaces' build argument 'ament_cmake_args' from command line to 'None'
[3.082s] Level 5:colcon.colcon_core.verb:set package 'custom_interfaces' build argument 'catkin_cmake_args' from command line to 'None'
[3.082s] Level 5:colcon.colcon_core.verb:set package 'custom_interfaces' build argument 'catkin_skip_building_tests' from command line to 'False'
[3.082s] DEBUG:colcon.colcon_core.verb:Building package 'custom_interfaces' with the following arguments: {'ament_cmake_args': None, 'build_base': '/home/sudhindra/aruco_ws/build/custom_interfaces', 'catkin_cmake_args': None, 'catkin_skip_building_tests': False, 'cmake_args': None, 'cmake_clean_cache': False, 'cmake_clean_first': False, 'cmake_force_configure': False, 'cmake_target': None, 'cmake_target_skip_unavailable': False, 'install_base': '/home/sudhindra/aruco_ws/install/custom_interfaces', 'merge_install': False, 'path': '/home/sudhindra/aruco_ws/src/custom_interfaces', 'symlink_install': False, 'test_result_base': None}
[3.115s] Level 5:colcon.colcon_core.verb:set package 'client' build argument 'cmake_args' from command line to 'None'
[3.115s] Level 5:colcon.colcon_core.verb:set package 'client' build argument 'cmake_target' from command line to 'None'
[3.115s] Level 5:colcon.colcon_core.verb:set package 'client' build argument 'cmake_target_skip_unavailable' from command line to 'False'
[3.115s] Level 5:colcon.colcon_core.verb:set package 'client' build argument 'cmake_clean_cache' from command line to 'False'
[3.115s] Level 5:colcon.colcon_core.verb:set package 'client' build argument 'cmake_clean_first' from command line to 'False'
[3.115s] Level 5:colcon.colcon_core.verb:set package 'client' build argument 'cmake_force_configure' from command line to 'False'
[3.115s] Level 5:colcon.colcon_core.verb:set package 'client' build argument 'ament_cmake_args' from command line to 'None'
[3.116s] Level 5:colcon.colcon_core.verb:set package 'client' build argument 'catkin_cmake_args' from command line to 'None'
[3.116s] Level 5:colcon.colcon_core.verb:set package 'client' build argument 'catkin_skip_building_tests' from command line to 'False'
[3.116s] DEBUG:colcon.colcon_core.verb:Building package 'client' with the following arguments: {'ament_cmake_args': None, 'build_base': '/home/sudhindra/aruco_ws/build/client', 'catkin_cmake_args': None, 'catkin_skip_building_tests': False, 'cmake_args': None, 'cmake_clean_cache': False, 'cmake_clean_first': False, 'cmake_force_configure': False, 'cmake_target': None, 'cmake_target_skip_unavailable': False, 'install_base': '/home/sudhindra/aruco_ws/install/client', 'merge_install': False, 'path': '/home/sudhindra/aruco_ws/src/client', 'symlink_install': False, 'test_result_base': None}
[3.148s] Level 5:colcon.colcon_core.verb:set package 'server' build argument 'cmake_args' from command line to 'None'
[3.149s] Level 5:colcon.colcon_core.verb:set package 'server' build argument 'cmake_target' from command line to 'None'
[3.149s] Level 5:colcon.colcon_core.verb:set package 'server' build argument 'cmake_target_skip_unavailable' from command line to 'False'
[3.149s] Level 5:colcon.colcon_core.verb:set package 'server' build argument 'cmake_clean_cache' from command line to 'False'
[3.149s] Level 5:colcon.colcon_core.verb:set package 'server' build argument 'cmake_clean_first' from command line to 'False'
[3.149s] Level 5:colcon.colcon_core.verb:set package 'server' build argument 'cmake_force_configure' from command line to 'False'
[3.149s] Level 5:colcon.colcon_core.verb:set package 'server' build argument 'ament_cmake_args' from command line to 'None'
[3.149s] Level 5:colcon.colcon_core.verb:set package 'server' build argument 'catkin_cmake_args' from command line to 'None'
[3.149s] Level 5:colcon.colcon_core.verb:set package 'server' build argument 'catkin_skip_building_tests' from command line to 'False'
[3.149s] DEBUG:colcon.colcon_core.verb:Building package 'server' with the following arguments: {'ament_cmake_args': None, 'build_base': '/home/sudhindra/aruco_ws/build/server', 'catkin_cmake_args': None, 'catkin_skip_building_tests': False, 'cmake_args': None, 'cmake_clean_cache': False, 'cmake_clean_first': False, 'cmake_force_configure': False, 'cmake_target': None, 'cmake_target_skip_unavailable': False, 'install_base': '/home/sudhindra/aruco_ws/install/server', 'merge_install': False, 'path': '/home/sudhindra/aruco_ws/src/server', 'symlink_install': False, 'test_result_base': None}
[3.181s] INFO:colcon.colcon_core.executor:Executing jobs using 'parallel' executor
[3.214s] DEBUG:colcon.colcon_parallel_executor.executor.parallel:run_until_complete
[3.215s] INFO:colcon.colcon_ros.task.ament_cmake.build:Building ROS package in '/home/sudhindra/aruco_ws/src/custom_interfaces' with build type 'ament_cmake'
[3.215s] INFO:colcon.colcon_cmake.task.cmake.build:Building CMake package in '/home/sudhindra/aruco_ws/src/custom_interfaces'
[3.255s] INFO:colcon.colcon_core.plugin_system:Skipping extension 'colcon_core.shell.bat': Not used on non-Windows systems
[3.255s] INFO:colcon.colcon_core.shell:Skip shell extension 'powershell' for command environment: Not usable outside of PowerShell
[3.255s] DEBUG:colcon.colcon_core.shell:Skip shell extension 'dsv' for command environment
[3.476s] DEBUG:colcon.colcon_core.event_handler.log_command:Invoking command in '/home/sudhindra/aruco_ws/build/custom_interfaces': CMAKE_PREFIX_PATH=${CMAKE_PREFIX_PATH}:/home/sudhindra/aruco_ws/install/server:/home/sudhindra/aruco_ws/install/client:/home/sudhindra/practice_ws/install/test_1:/home/sudhindra/ros2_ws/install/my_robot_controller:/home/sudhindra/erc_ws/install/week1_tutorials:/home/sudhindra/erc_ws/install/week0_tutorials:/home/sudhindra/erc_ws/install/task_1:/home/sudhindra/erc_ws/install/sherlock:/home/sudhindra/erc_ws/install/mrs_hudson:/home/sudhindra/erc_ws/install/ep3:/home/sudhindra/erc_ws/install/conversation:/opt/ros/humble /usr/bin/cmake --build /home/sudhindra/aruco_ws/build/custom_interfaces -- -j4 -l4
[4.311s] DEBUG:colcon.colcon_core.event_handler.log_command:Invoked command in '/home/sudhindra/aruco_ws/build/custom_interfaces' returned '0': CMAKE_PREFIX_PATH=${CMAKE_PREFIX_PATH}:/home/sudhindra/aruco_ws/install/server:/home/sudhindra/aruco_ws/install/client:/home/sudhindra/practice_ws/install/test_1:/home/sudhindra/ros2_ws/install/my_robot_controller:/home/sudhindra/erc_ws/install/week1_tutorials:/home/sudhindra/erc_ws/install/week0_tutorials:/home/sudhindra/erc_ws/install/task_1:/home/sudhindra/erc_ws/install/sherlock:/home/sudhindra/erc_ws/install/mrs_hudson:/home/sudhindra/erc_ws/install/ep3:/home/sudhindra/erc_ws/install/conversation:/opt/ros/humble /usr/bin/cmake --build /home/sudhindra/aruco_ws/build/custom_interfaces -- -j4 -l4
[4.426s] DEBUG:colcon.colcon_core.event_handler.log_command:Invoking command in '/home/sudhindra/aruco_ws/build/custom_interfaces': CMAKE_PREFIX_PATH=${CMAKE_PREFIX_PATH}:/home/sudhindra/aruco_ws/install/server:/home/sudhindra/aruco_ws/install/client:/home/sudhindra/practice_ws/install/test_1:/home/sudhindra/ros2_ws/install/my_robot_controller:/home/sudhindra/erc_ws/install/week1_tutorials:/home/sudhindra/erc_ws/install/week0_tutorials:/home/sudhindra/erc_ws/install/task_1:/home/sudhindra/erc_ws/install/sherlock:/home/sudhindra/erc_ws/install/mrs_hudson:/home/sudhindra/erc_ws/install/ep3:/home/sudhindra/erc_ws/install/conversation:/opt/ros/humble /usr/bin/cmake --install /home/sudhindra/aruco_ws/build/custom_interfaces
[4.535s] Level 1:colcon.colcon_core.environment:create_environment_scripts_only(custom_interfaces)
[4.536s] DEBUG:colcon.colcon_core.event_handler.log_command:Invoked command in '/home/sudhindra/aruco_ws/build/custom_interfaces' returned '0': CMAKE_PREFIX_PATH=${CMAKE_PREFIX_PATH}:/home/sudhindra/aruco_ws/install/server:/home/sudhindra/aruco_ws/install/client:/home/sudhindra/practice_ws/install/test_1:/home/sudhindra/ros2_ws/install/my_robot_controller:/home/sudhindra/erc_ws/install/week1_tutorials:/home/sudhindra/erc_ws/install/week0_tutorials:/home/sudhindra/erc_ws/install/task_1:/home/sudhindra/erc_ws/install/sherlock:/home/sudhindra/erc_ws/install/mrs_hudson:/home/sudhindra/erc_ws/install/ep3:/home/sudhindra/erc_ws/install/conversation:/opt/ros/humble /usr/bin/cmake --install /home/sudhindra/aruco_ws/build/custom_interfaces
[4.573s] Level 1:colcon.colcon_core.environment:checking '/home/sudhindra/aruco_ws/install/custom_interfaces' for CMake module files
[4.574s] Level 1:colcon.colcon_core.environment:checking '/home/sudhindra/aruco_ws/install/custom_interfaces' for CMake config files
[4.574s] Level 1:colcon.colcon_core.shell:create_environment_hook('custom_interfaces', 'cmake_prefix_path')
[4.606s] INFO:colcon.colcon_core.shell:Creating environment hook '/home/sudhindra/aruco_ws/install/custom_interfaces/share/custom_interfaces/hook/cmake_prefix_path.ps1'
[4.607s] INFO:colcon.colcon_core.shell:Creating environment descriptor '/home/sudhindra/aruco_ws/install/custom_interfaces/share/custom_interfaces/hook/cmake_prefix_path.dsv'
[4.608s] INFO:colcon.colcon_core.shell:Creating environment hook '/home/sudhindra/aruco_ws/install/custom_interfaces/share/custom_interfaces/hook/cmake_prefix_path.sh'
[4.609s] Level 1:colcon.colcon_core.environment:checking '/home/sudhindra/aruco_ws/install/custom_interfaces/lib'
[4.609s] Level 1:colcon.colcon_core.shell:create_environment_hook('custom_interfaces', 'ld_library_path_lib')
[4.642s] INFO:colcon.colcon_core.shell:Creating environment hook '/home/sudhindra/aruco_ws/install/custom_interfaces/share/custom_interfaces/hook/ld_library_path_lib.ps1'
[4.643s] INFO:colcon.colcon_core.shell:Creating environment descriptor '/home/sudhindra/aruco_ws/install/custom_interfaces/share/custom_interfaces/hook/ld_library_path_lib.dsv'
[4.643s] INFO:colcon.colcon_core.shell:Creating environment hook '/home/sudhindra/aruco_ws/install/custom_interfaces/share/custom_interfaces/hook/ld_library_path_lib.sh'
[4.644s] Level 1:colcon.colcon_core.environment:checking '/home/sudhindra/aruco_ws/install/custom_interfaces/bin'
[4.645s] Level 1:colcon.colcon_core.environment:checking '/home/sudhindra/aruco_ws/install/custom_interfaces/lib/pkgconfig/custom_interfaces.pc'
[4.646s] Level 1:colcon.colcon_core.environment:checking '/home/sudhindra/aruco_ws/install/custom_interfaces/lib/python3.10/site-packages'
[4.646s] Level 1:colcon.colcon_core.environment:checking '/home/sudhindra/aruco_ws/install/custom_interfaces/bin'
[4.679s] INFO:colcon.colcon_core.shell:Creating package script '/home/sudhindra/aruco_ws/install/custom_interfaces/share/custom_interfaces/package.ps1'
[4.680s] INFO:colcon.colcon_core.shell:Creating package descriptor '/home/sudhindra/aruco_ws/install/custom_interfaces/share/custom_interfaces/package.dsv'
[4.682s] INFO:colcon.colcon_core.shell:Creating package script '/home/sudhindra/aruco_ws/install/custom_interfaces/share/custom_interfaces/package.sh'
[4.684s] INFO:colcon.colcon_core.shell:Creating package script '/home/sudhindra/aruco_ws/install/custom_interfaces/share/custom_interfaces/package.bash'
[4.686s] INFO:colcon.colcon_core.shell:Creating package script '/home/sudhindra/aruco_ws/install/custom_interfaces/share/custom_interfaces/package.zsh'
[4.687s] Level 1:colcon.colcon_core.environment:create_file_with_runtime_dependencies(/home/sudhindra/aruco_ws/install/custom_interfaces/share/colcon-core/packages/custom_interfaces)
[4.816s] Level 1:colcon.colcon_core.environment:create_environment_scripts_only(custom_interfaces)
[4.850s] Level 1:colcon.colcon_core.environment:checking '/home/sudhindra/aruco_ws/install/custom_interfaces' for CMake module files
[4.852s] Level 1:colcon.colcon_core.environment:checking '/home/sudhindra/aruco_ws/install/custom_interfaces' for CMake config files
[4.852s] Level 1:colcon.colcon_core.shell:create_environment_hook('custom_interfaces', 'cmake_prefix_path')
[4.884s] INFO:colcon.colcon_core.shell:Creating environment hook '/home/sudhindra/aruco_ws/install/custom_interfaces/share/custom_interfaces/hook/cmake_prefix_path.ps1'
[4.885s] INFO:colcon.colcon_core.shell:Creating environment descriptor '/home/sudhindra/aruco_ws/install/custom_interfaces/share/custom_interfaces/hook/cmake_prefix_path.dsv'
[4.885s] INFO:colcon.colcon_core.shell:Creating environment hook '/home/sudhindra/aruco_ws/install/custom_interfaces/share/custom_interfaces/hook/cmake_prefix_path.sh'
[4.887s] Level 1:colcon.colcon_core.environment:checking '/home/sudhindra/aruco_ws/install/custom_interfaces/lib'
[4.887s] Level 1:colcon.colcon_core.shell:create_environment_hook('custom_interfaces', 'ld_library_path_lib')
[4.919s] INFO:colcon.colcon_core.shell:Creating environment hook '/home/sudhindra/aruco_ws/install/custom_interfaces/share/custom_interfaces/hook/ld_library_path_lib.ps1'
[4.920s] INFO:colcon.colcon_core.shell:Creating environment descriptor '/home/sudhindra/aruco_ws/install/custom_interfaces/share/custom_interfaces/hook/ld_library_path_lib.dsv'
[4.921s] INFO:colcon.colcon_core.shell:Creating environment hook '/home/sudhindra/aruco_ws/install/custom_interfaces/share/custom_interfaces/hook/ld_library_path_lib.sh'
[4.922s] Level 1:colcon.colcon_core.environment:checking '/home/sudhindra/aruco_ws/install/custom_interfaces/bin'
[4.922s] Level 1:colcon.colcon_core.environment:checking '/home/sudhindra/aruco_ws/install/custom_interfaces/lib/pkgconfig/custom_interfaces.pc'
[4.922s] Level 1:colcon.colcon_core.environment:checking '/home/sudhindra/aruco_ws/install/custom_interfaces/lib/python3.10/site-packages'
[4.923s] Level 1:colcon.colcon_core.environment:checking '/home/sudhindra/aruco_ws/install/custom_interfaces/bin'
[4.955s] INFO:colcon.colcon_core.shell:Creating package script '/home/sudhindra/aruco_ws/install/custom_interfaces/share/custom_interfaces/package.ps1'
[4.956s] INFO:colcon.colcon_core.shell:Creating package descriptor '/home/sudhindra/aruco_ws/install/custom_interfaces/share/custom_interfaces/package.dsv'
[4.957s] INFO:colcon.colcon_core.shell:Creating package script '/home/sudhindra/aruco_ws/install/custom_interfaces/share/custom_interfaces/package.sh'
[4.958s] INFO:colcon.colcon_core.shell:Creating package script '/home/sudhindra/aruco_ws/install/custom_interfaces/share/custom_interfaces/package.bash'
[4.959s] INFO:colcon.colcon_core.shell:Creating package script '/home/sudhindra/aruco_ws/install/custom_interfaces/share/custom_interfaces/package.zsh'
[4.959s] Level 1:colcon.colcon_core.environment:create_file_with_runtime_dependencies(/home/sudhindra/aruco_ws/install/custom_interfaces/share/colcon-core/packages/custom_interfaces)
[4.960s] INFO:colcon.colcon_ros.task.ament_python.build:Building ROS package in '/home/sudhindra/aruco_ws/src/client' with build type 'ament_python'
[4.960s] Level 1:colcon.colcon_core.shell:create_environment_hook('client', 'ament_prefix_path')
[4.996s] INFO:colcon.colcon_core.shell:Creating environment hook '/home/sudhindra/aruco_ws/install/client/share/client/hook/ament_prefix_path.ps1'
[4.997s] INFO:colcon.colcon_core.shell:Creating environment descriptor '/home/sudhindra/aruco_ws/install/client/share/client/hook/ament_prefix_path.dsv'
[4.998s] INFO:colcon.colcon_core.shell:Creating environment hook '/home/sudhindra/aruco_ws/install/client/share/client/hook/ament_prefix_path.sh'
[5.035s] INFO:colcon.colcon_core.shell:Skip shell extension 'powershell' for command environment: Not usable outside of PowerShell
[5.035s] DEBUG:colcon.colcon_core.shell:Skip shell extension 'dsv' for command environment
[5.247s] INFO:colcon.colcon_ros.task.ament_python.build:Building ROS package in '/home/sudhindra/aruco_ws/src/server' with build type 'ament_python'
[5.248s] Level 1:colcon.colcon_core.shell:create_environment_hook('server', 'ament_prefix_path')
[5.287s] INFO:colcon.colcon_core.shell:Creating environment hook '/home/sudhindra/aruco_ws/install/server/share/server/hook/ament_prefix_path.ps1'
[5.287s] INFO:colcon.colcon_core.shell:Creating environment descriptor '/home/sudhindra/aruco_ws/install/server/share/server/hook/ament_prefix_path.dsv'
[5.288s] INFO:colcon.colcon_core.shell:Creating environment hook '/home/sudhindra/aruco_ws/install/server/share/server/hook/ament_prefix_path.sh'
[5.331s] INFO:colcon.colcon_core.shell:Skip shell extension 'powershell' for command environment: Not usable outside of PowerShell
[5.331s] DEBUG:colcon.colcon_core.shell:Skip shell extension 'dsv' for command environment
[6.163s] INFO:colcon.colcon_core.task.python.build:Building Python package in '/home/sudhindra/aruco_ws/src/client'
[6.200s] INFO:colcon.colcon_core.shell:Skip shell extension 'powershell' for command environment: Not usable outside of PowerShell
[6.200s] DEBUG:colcon.colcon_core.shell:Skip shell extension 'dsv' for command environment
[7.074s] INFO:colcon.colcon_core.task.python.build:Building Python package in '/home/sudhindra/aruco_ws/src/server'
[7.107s] INFO:colcon.colcon_core.shell:Skip shell extension 'powershell' for command environment: Not usable outside of PowerShell
[7.107s] DEBUG:colcon.colcon_core.shell:Skip shell extension 'dsv' for command environment
[8.093s] DEBUG:colcon.colcon_core.event_handler.log_command:Invoking command in '/home/sudhindra/aruco_ws/src/client': PYTHONPATH=/home/sudhindra/aruco_ws/build/client/prefix_override:/home/sudhindra/aruco_ws/install/client/lib/python3.10/site-packages:${PYTHONPATH} /usr/bin/python3 setup.py egg_info --egg-base ../../build/client build --build-base /home/sudhindra/aruco_ws/build/client/build install --record /home/sudhindra/aruco_ws/build/client/install.log --single-version-externally-managed
[8.103s] DEBUG:colcon.colcon_core.event_handler.log_command:Invoking command in '/home/sudhindra/aruco_ws/src/server': PYTHONPATH=/home/sudhindra/aruco_ws/build/server/prefix_override:/home/sudhindra/aruco_ws/install/server/lib/python3.10/site-packages:${PYTHONPATH} /usr/bin/python3 setup.py egg_info --egg-base ../../build/server build --build-base /home/sudhindra/aruco_ws/build/server/build install --record /home/sudhindra/aruco_ws/build/server/install.log --single-version-externally-managed
[8.767s] DEBUG:colcon.colcon_core.event_handler.log_command:Invoked command in '/home/sudhindra/aruco_ws/src/client' returned '0': PYTHONPATH=/home/sudhindra/aruco_ws/build/client/prefix_override:/home/sudhindra/aruco_ws/install/client/lib/python3.10/site-packages:${PYTHONPATH} /usr/bin/python3 setup.py egg_info --egg-base ../../build/client build --build-base /home/sudhindra/aruco_ws/build/client/build install --record /home/sudhindra/aruco_ws/build/client/install.log --single-version-externally-managed
[8.802s] Level 1:colcon.colcon_core.environment:checking '/home/sudhindra/aruco_ws/install/client' for CMake module files
[8.803s] Level 1:colcon.colcon_core.environment:checking '/home/sudhindra/aruco_ws/install/client' for CMake config files
[8.804s] Level 1:colcon.colcon_core.environment:checking '/home/sudhindra/aruco_ws/install/client/lib'
[8.804s] Level 1:colcon.colcon_core.environment:checking '/home/sudhindra/aruco_ws/install/client/bin'
[8.804s] Level 1:colcon.colcon_core.environment:checking '/home/sudhindra/aruco_ws/install/client/lib/pkgconfig/client.pc'
[8.804s] Level 1:colcon.colcon_core.environment:checking '/home/sudhindra/aruco_ws/install/client/lib/python3.10/site-packages'
[8.804s] Level 1:colcon.colcon_core.shell:create_environment_hook('client', 'pythonpath')
[8.837s] INFO:colcon.colcon_core.shell:Creating environment hook '/home/sudhindra/aruco_ws/install/client/share/client/hook/pythonpath.ps1'
[8.838s] INFO:colcon.colcon_core.shell:Creating environment descriptor '/home/sudhindra/aruco_ws/install/client/share/client/hook/pythonpath.dsv'
[8.838s] INFO:colcon.colcon_core.shell:Creating environment hook '/home/sudhindra/aruco_ws/install/client/share/client/hook/pythonpath.sh'
[8.839s] Level 1:colcon.colcon_core.environment:checking '/home/sudhindra/aruco_ws/install/client/bin'
[8.839s] Level 1:colcon.colcon_core.environment:create_environment_scripts_only(client)
[8.873s] INFO:colcon.colcon_core.shell:Creating package script '/home/sudhindra/aruco_ws/install/client/share/client/package.ps1'
[8.874s] INFO:colcon.colcon_core.shell:Creating package descriptor '/home/sudhindra/aruco_ws/install/client/share/client/package.dsv'
[8.875s] INFO:colcon.colcon_core.shell:Creating package script '/home/sudhindra/aruco_ws/install/client/share/client/package.sh'
[8.875s] INFO:colcon.colcon_core.shell:Creating package script '/home/sudhindra/aruco_ws/install/client/share/client/package.bash'
[8.876s] INFO:colcon.colcon_core.shell:Creating package script '/home/sudhindra/aruco_ws/install/client/share/client/package.zsh'
[8.876s] Level 1:colcon.colcon_core.environment:create_file_with_runtime_dependencies(/home/sudhindra/aruco_ws/install/client/share/colcon-core/packages/client)
[8.879s] DEBUG:colcon.colcon_core.event_handler.log_command:Invoked command in '/home/sudhindra/aruco_ws/src/server' returned '0': PYTHONPATH=/home/sudhindra/aruco_ws/build/server/prefix_override:/home/sudhindra/aruco_ws/install/server/lib/python3.10/site-packages:${PYTHONPATH} /usr/bin/python3 setup.py egg_info --egg-base ../../build/server build --build-base /home/sudhindra/aruco_ws/build/server/build install --record /home/sudhindra/aruco_ws/build/server/install.log --single-version-externally-managed
[8.913s] Level 1:colcon.colcon_core.environment:checking '/home/sudhindra/aruco_ws/install/server' for CMake module files
[8.914s] Level 1:colcon.colcon_core.environment:checking '/home/sudhindra/aruco_ws/install/server' for CMake config files
[8.915s] Level 1:colcon.colcon_core.environment:checking '/home/sudhindra/aruco_ws/install/server/lib'
[8.915s] Level 1:colcon.colcon_core.environment:checking '/home/sudhindra/aruco_ws/install/server/bin'
[8.915s] Level 1:colcon.colcon_core.environment:checking '/home/sudhindra/aruco_ws/install/server/lib/pkgconfig/server.pc'
[8.916s] Level 1:colcon.colcon_core.environment:checking '/home/sudhindra/aruco_ws/install/server/lib/python3.10/site-packages'
[8.916s] Level 1:colcon.colcon_core.shell:create_environment_hook('server', 'pythonpath')
[8.949s] INFO:colcon.colcon_core.shell:Creating environment hook '/home/sudhindra/aruco_ws/install/server/share/server/hook/pythonpath.ps1'
[8.950s] INFO:colcon.colcon_core.shell:Creating environment descriptor '/home/sudhindra/aruco_ws/install/server/share/server/hook/pythonpath.dsv'
[8.951s] INFO:colcon.colcon_core.shell:Creating environment hook '/home/sudhindra/aruco_ws/install/server/share/server/hook/pythonpath.sh'
[8.952s] Level 1:colcon.colcon_core.environment:checking '/home/sudhindra/aruco_ws/install/server/bin'
[8.953s] Level 1:colcon.colcon_core.environment:create_environment_scripts_only(server)
[8.987s] INFO:colcon.colcon_core.shell:Creating package script '/home/sudhindra/aruco_ws/install/server/share/server/package.ps1'
[8.988s] INFO:colcon.colcon_core.shell:Creating package descriptor '/home/sudhindra/aruco_ws/install/server/share/server/package.dsv'
[8.989s] INFO:colcon.colcon_core.shell:Creating package script '/home/sudhindra/aruco_ws/install/server/share/server/package.sh'
[8.990s] INFO:colcon.colcon_core.shell:Creating package script '/home/sudhindra/aruco_ws/install/server/share/server/package.bash'
[8.990s] INFO:colcon.colcon_core.shell:Creating package script '/home/sudhindra/aruco_ws/install/server/share/server/package.zsh'
[8.991s] Level 1:colcon.colcon_core.environment:create_file_with_runtime_dependencies(/home/sudhindra/aruco_ws/install/server/share/colcon-core/packages/server)
[8.991s] DEBUG:colcon.colcon_parallel_executor.executor.parallel:closing loop
[8.992s] DEBUG:colcon.colcon_parallel_executor.executor.parallel:loop closed
[8.992s] DEBUG:colcon.colcon_parallel_executor.executor.parallel:run_until_complete finished with '0'
[8.992s] DEBUG:colcon.colcon_core.event_reactor:joining thread
[9.036s] INFO:colcon.colcon_core.plugin_system:Skipping extension 'colcon_notification.desktop_notification.terminal_notifier': Not used on non-Darwin systems
[9.036s] INFO:colcon.colcon_core.plugin_system:Skipping extension 'colcon_notification.desktop_notification.win32': Not used on non-Windows systems
[9.036s] INFO:colcon.colcon_notification.desktop_notification:Sending desktop notification using 'notify2'
[9.056s] DEBUG:colcon.colcon_core.event_reactor:joined thread
[9.093s] INFO:colcon.colcon_core.shell:Creating prefix script '/home/sudhindra/aruco_ws/install/local_setup.ps1'
[9.094s] INFO:colcon.colcon_core.shell:Creating prefix util module '/home/sudhindra/aruco_ws/install/_local_setup_util_ps1.py'
[9.096s] INFO:colcon.colcon_core.shell:Creating prefix chain script '/home/sudhindra/aruco_ws/install/setup.ps1'
[9.133s] INFO:colcon.colcon_core.shell:Creating prefix script '/home/sudhindra/aruco_ws/install/local_setup.sh'
[9.134s] INFO:colcon.colcon_core.shell:Creating prefix util module '/home/sudhindra/aruco_ws/install/_local_setup_util_sh.py'
[9.135s] INFO:colcon.colcon_core.shell:Creating prefix chain script '/home/sudhindra/aruco_ws/install/setup.sh'
[9.172s] INFO:colcon.colcon_core.shell:Creating prefix script '/home/sudhindra/aruco_ws/install/local_setup.bash'
[9.173s] INFO:colcon.colcon_core.shell:Creating prefix chain script '/home/sudhindra/aruco_ws/install/setup.bash'
[9.208s] INFO:colcon.colcon_core.shell:Creating prefix script '/home/sudhindra/aruco_ws/install/local_setup.zsh'
[9.209s] INFO:colcon.colcon_core.shell:Creating prefix chain script '/home/sudhindra/aruco_ws/install/setup.zsh'
