[3.124s] Invoking command in '/home/sudhindra/aruco_ws/src/client': PYTHONPATH=/home/sudhindra/aruco_ws/build/client/prefix_override:/home/sudhindra/aruco_ws/install/client/lib/python3.10/site-packages:${PYTHONPATH} /usr/bin/python3 setup.py egg_info --egg-base ../../build/client build --build-base /home/sudhindra/aruco_ws/build/client/build install --record /home/sudhindra/aruco_ws/build/client/install.log --single-version-externally-managed
[3.679s] running egg_info
[3.683s] writing ../../build/client/client.egg-info/PKG-INFO
[3.683s] writing dependency_links to ../../build/client/client.egg-info/dependency_links.txt
[3.683s] writing entry points to ../../build/client/client.egg-info/entry_points.txt
[3.684s] writing requirements to ../../build/client/client.egg-info/requires.txt
[3.684s] writing top-level names to ../../build/client/client.egg-info/top_level.txt
[3.687s] reading manifest file '../../build/client/client.egg-info/SOURCES.txt'
[3.689s] writing manifest file '../../build/client/client.egg-info/SOURCES.txt'
[3.689s] running build
[3.689s] running build_py
[3.690s] copying client/client_member_function.py -> /home/sudhindra/aruco_ws/build/client/build/lib/client
[3.690s] running install
[3.691s] running install_lib
[3.693s] copying /home/sudhindra/aruco_ws/build/client/build/lib/client/client_member_function.py -> /home/sudhindra/aruco_ws/install/client/lib/python3.10/site-packages/client
[3.695s] byte-compiling /home/sudhindra/aruco_ws/install/client/lib/python3.10/site-packages/client/client_member_function.py to client_member_function.cpython-310.pyc
[3.696s] running install_data
[3.697s] running install_egg_info
[3.701s] removing '/home/sudhindra/aruco_ws/install/client/lib/python3.10/site-packages/client-0.0.0-py3.10.egg-info' (and everything under it)
[3.701s] Copying ../../build/client/client.egg-info to /home/sudhindra/aruco_ws/install/client/lib/python3.10/site-packages/client-0.0.0-py3.10.egg-info
[3.703s] running install_scripts
[3.744s] Installing client_execuatble script to /home/sudhindra/aruco_ws/install/client/lib/client
[3.745s] writing list of installed files to '/home/sudhindra/aruco_ws/build/client/install.log'
[3.911s] Invoked command in '/home/sudhindra/aruco_ws/src/client' returned '0': PYTHONPATH=/home/sudhindra/aruco_ws/build/client/prefix_override:/home/sudhindra/aruco_ws/install/client/lib/python3.10/site-packages:${PYTHONPATH} /usr/bin/python3 setup.py egg_info --egg-base ../../build/client build --build-base /home/sudhindra/aruco_ws/build/client/build install --record /home/sudhindra/aruco_ws/build/client/install.log --single-version-externally-managed
