[4.030s] Invoking command in '/home/sudhindra/aruco_ws/src/client': PYTHONPATH=/home/sudhindra/aruco_ws/build/client/prefix_override:/home/sudhindra/aruco_ws/install/client/lib/python3.10/site-packages:${PYTHONPATH} /usr/bin/python3 setup.py egg_info --egg-base ../../build/client build --build-base /home/sudhindra/aruco_ws/build/client/build install --record /home/sudhindra/aruco_ws/build/client/install.log --single-version-externally-managed
[4.599s] running egg_info
[4.600s] writing ../../build/client/client.egg-info/PKG-INFO
[4.608s] writing dependency_links to ../../build/client/client.egg-info/dependency_links.txt
[4.608s] writing entry points to ../../build/client/client.egg-info/entry_points.txt
[4.608s] writing requirements to ../../build/client/client.egg-info/requires.txt
[4.609s] writing top-level names to ../../build/client/client.egg-info/top_level.txt
[4.612s] reading manifest file '../../build/client/client.egg-info/SOURCES.txt'
[4.658s] writing manifest file '../../build/client/client.egg-info/SOURCES.txt'
[4.658s] running build
[4.658s] running build_py
[4.659s] copying client/client_member_function.py -> /home/sudhindra/aruco_ws/build/client/build/lib/client
[4.659s] running install
[4.660s] running install_lib
[4.661s] copying /home/sudhindra/aruco_ws/build/client/build/lib/client/client_member_function.py -> /home/sudhindra/aruco_ws/install/client/lib/python3.10/site-packages/client
[4.663s] byte-compiling /home/sudhindra/aruco_ws/install/client/lib/python3.10/site-packages/client/client_member_function.py to client_member_function.cpython-310.pyc
[4.664s] running install_data
[4.665s] running install_egg_info
[4.669s] removing '/home/sudhindra/aruco_ws/install/client/lib/python3.10/site-packages/client-0.0.0-py3.10.egg-info' (and everything under it)
[4.669s] Copying ../../build/client/client.egg-info to /home/sudhindra/aruco_ws/install/client/lib/python3.10/site-packages/client-0.0.0-py3.10.egg-info
[4.671s] running install_scripts
[4.714s] Installing client_execuatble script to /home/sudhindra/aruco_ws/install/client/lib/client
[4.717s] writing list of installed files to '/home/sudhindra/aruco_ws/build/client/install.log'
[4.892s] Invoked command in '/home/sudhindra/aruco_ws/src/client' returned '0': PYTHONPATH=/home/sudhindra/aruco_ws/build/client/prefix_override:/home/sudhindra/aruco_ws/install/client/lib/python3.10/site-packages:${PYTHONPATH} /usr/bin/python3 setup.py egg_info --egg-base ../../build/client build --build-base /home/sudhindra/aruco_ws/build/client/build install --record /home/sudhindra/aruco_ws/build/client/install.log --single-version-externally-managed
