[3.969s] Invoking command in '/home/sudhindra/aruco_ws/src/client': PYTHONPATH=/home/sudhindra/aruco_ws/build/client/prefix_override:/home/sudhindra/aruco_ws/install/client/lib/python3.10/site-packages:${PYTHONPATH} /usr/bin/python3 setup.py egg_info --egg-base ../../build/client build --build-base /home/sudhindra/aruco_ws/build/client/build install --record /home/sudhindra/aruco_ws/build/client/install.log --single-version-externally-managed
[4.925s] running egg_info
[4.927s] writing ../../build/client/client.egg-info/PKG-INFO
[4.928s] writing dependency_links to ../../build/client/client.egg-info/dependency_links.txt
[4.928s] writing entry points to ../../build/client/client.egg-info/entry_points.txt
[4.929s] writing requirements to ../../build/client/client.egg-info/requires.txt
[4.929s] writing top-level names to ../../build/client/client.egg-info/top_level.txt
[4.934s] reading manifest file '../../build/client/client.egg-info/SOURCES.txt'
[4.936s] writing manifest file '../../build/client/client.egg-info/SOURCES.txt'
[4.937s] running build
[4.937s] running build_py
[4.938s] copying client/client_member_function.py -> /home/sudhindra/aruco_ws/build/client/build/lib/client
[4.938s] running install
[4.938s] running install_lib
[4.940s] copying /home/sudhindra/aruco_ws/build/client/build/lib/client/client_member_function.py -> /home/sudhindra/aruco_ws/install/client/lib/python3.10/site-packages/client
[4.943s] byte-compiling /home/sudhindra/aruco_ws/install/client/lib/python3.10/site-packages/client/client_member_function.py to client_member_function.cpython-310.pyc
[4.947s] running install_data
[4.948s] running install_egg_info
[4.951s] removing '/home/sudhindra/aruco_ws/install/client/lib/python3.10/site-packages/client-0.0.0-py3.10.egg-info' (and everything under it)
[4.952s] Copying ../../build/client/client.egg-info to /home/sudhindra/aruco_ws/install/client/lib/python3.10/site-packages/client-0.0.0-py3.10.egg-info
[4.962s] running install_scripts
[5.019s] Installing client_execuatble script to /home/sudhindra/aruco_ws/install/client/lib/client
[5.020s] writing list of installed files to '/home/sudhindra/aruco_ws/build/client/install.log'
[5.088s] Invoked command in '/home/sudhindra/aruco_ws/src/client' returned '0': PYTHONPATH=/home/sudhindra/aruco_ws/build/client/prefix_override:/home/sudhindra/aruco_ws/install/client/lib/python3.10/site-packages:${PYTHONPATH} /usr/bin/python3 setup.py egg_info --egg-base ../../build/client build --build-base /home/sudhindra/aruco_ws/build/client/build install --record /home/sudhindra/aruco_ws/build/client/install.log --single-version-externally-managed
