[3.925s] Invoking command in '/home/sudhindra/aruco_ws/src/server': PYTHONPATH=/home/sudhindra/aruco_ws/build/server/prefix_override:/home/sudhindra/aruco_ws/install/server/lib/python3.10/site-packages:${PYTHONPATH} /usr/bin/python3 setup.py egg_info --egg-base ../../build/server build --build-base /home/sudhindra/aruco_ws/build/server/build install --record /home/sudhindra/aruco_ws/build/server/install.log --single-version-externally-managed
[4.914s] running egg_info
[4.916s] writing ../../build/server/server.egg-info/PKG-INFO
[4.917s] writing dependency_links to ../../build/server/server.egg-info/dependency_links.txt
[4.917s] writing entry points to ../../build/server/server.egg-info/entry_points.txt
[4.918s] writing requirements to ../../build/server/server.egg-info/requires.txt
[4.918s] writing top-level names to ../../build/server/server.egg-info/top_level.txt
[4.924s] reading manifest file '../../build/server/server.egg-info/SOURCES.txt'
[4.927s] writing manifest file '../../build/server/server.egg-info/SOURCES.txt'
[4.928s] running build
[4.928s] running build_py
[4.929s] running install
[4.930s] running install_lib
[4.934s] running install_data
[4.936s] running install_egg_info
[4.942s] removing '/home/sudhindra/aruco_ws/install/server/lib/python3.10/site-packages/server-0.0.0-py3.10.egg-info' (and everything under it)
[4.942s] Copying ../../build/server/server.egg-info to /home/sudhindra/aruco_ws/install/server/lib/python3.10/site-packages/server-0.0.0-py3.10.egg-info
[4.945s] running install_scripts
[5.001s] Installing server_executable script to /home/sudhindra/aruco_ws/install/server/lib/server
[5.002s] writing list of installed files to '/home/sudhindra/aruco_ws/build/server/install.log'
[5.151s] Invoked command in '/home/sudhindra/aruco_ws/src/server' returned '0': PYTHONPATH=/home/sudhindra/aruco_ws/build/server/prefix_override:/home/sudhindra/aruco_ws/install/server/lib/python3.10/site-packages:${PYTHONPATH} /usr/bin/python3 setup.py egg_info --egg-base ../../build/server build --build-base /home/sudhindra/aruco_ws/build/server/build install --record /home/sudhindra/aruco_ws/build/server/install.log --single-version-externally-managed
