[3.257s] Invoking command in '/home/sudhindra/aruco_ws/src/client': PYTHONPATH=/home/sudhindra/aruco_ws/build/client/prefix_override:/home/sudhindra/aruco_ws/install/client/lib/python3.10/site-packages:${PYTHONPATH} /usr/bin/python3 setup.py egg_info --egg-base ../../build/client build --build-base /home/sudhindra/aruco_ws/build/client/build install --record /home/sudhindra/aruco_ws/build/client/install.log --single-version-externally-managed
[3.833s] running egg_info
[3.834s] writing ../../build/client/client.egg-info/PKG-INFO
[3.834s] writing dependency_links to ../../build/client/client.egg-info/dependency_links.txt
[3.835s] writing entry points to ../../build/client/client.egg-info/entry_points.txt
[3.835s] writing requirements to ../../build/client/client.egg-info/requires.txt
[3.836s] writing top-level names to ../../build/client/client.egg-info/top_level.txt
[3.839s] reading manifest file '../../build/client/client.egg-info/SOURCES.txt'
[3.841s] writing manifest file '../../build/client/client.egg-info/SOURCES.txt'
[3.841s] running build
[3.841s] running build_py
[3.842s] copying client/client_member_function.py -> /home/sudhindra/aruco_ws/build/client/build/lib/client
[3.842s] running install
[3.843s] running install_lib
[3.845s] copying /home/sudhindra/aruco_ws/build/client/build/lib/client/client_member_function.py -> /home/sudhindra/aruco_ws/install/client/lib/python3.10/site-packages/client
[3.847s] byte-compiling /home/sudhindra/aruco_ws/install/client/lib/python3.10/site-packages/client/client_member_function.py to client_member_function.cpython-310.pyc
[3.848s] running install_data
[3.850s] running install_egg_info
[3.854s] removing '/home/sudhindra/aruco_ws/install/client/lib/python3.10/site-packages/client-0.0.0-py3.10.egg-info' (and everything under it)
[3.854s] Copying ../../build/client/client.egg-info to /home/sudhindra/aruco_ws/install/client/lib/python3.10/site-packages/client-0.0.0-py3.10.egg-info
[3.856s] running install_scripts
[3.900s] Installing client_execuatble script to /home/sudhindra/aruco_ws/install/client/lib/client
[3.900s] writing list of installed files to '/home/sudhindra/aruco_ws/build/client/install.log'
[4.041s] Invoked command in '/home/sudhindra/aruco_ws/src/client' returned '0': PYTHONPATH=/home/sudhindra/aruco_ws/build/client/prefix_override:/home/sudhindra/aruco_ws/install/client/lib/python3.10/site-packages:${PYTHONPATH} /usr/bin/python3 setup.py egg_info --egg-base ../../build/client build --build-base /home/sudhindra/aruco_ws/build/client/build install --record /home/sudhindra/aruco_ws/build/client/install.log --single-version-externally-managed
