[34.311s] Invoking command in '/home/sudhindra/aruco_ws/src/client': PYTHONPATH=/home/sudhindra/aruco_ws/build/client/prefix_override:/home/sudhindra/aruco_ws/install/client/lib/python3.10/site-packages:${PYTHONPATH} /usr/bin/python3 setup.py egg_info --egg-base ../../build/client build --build-base /home/sudhindra/aruco_ws/build/client/build install --record /home/sudhindra/aruco_ws/build/client/install.log --single-version-externally-managed
[34.926s] running egg_info
[34.927s] writing ../../build/client/client.egg-info/PKG-INFO
[34.951s] writing dependency_links to ../../build/client/client.egg-info/dependency_links.txt
[34.951s] writing entry points to ../../build/client/client.egg-info/entry_points.txt
[34.952s] writing requirements to ../../build/client/client.egg-info/requires.txt
[34.952s] writing top-level names to ../../build/client/client.egg-info/top_level.txt
[34.954s] reading manifest file '../../build/client/client.egg-info/SOURCES.txt'
[34.989s] writing manifest file '../../build/client/client.egg-info/SOURCES.txt'
[34.989s] running build
[34.989s] running build_py
[35.036s] copying client/client_member_function.py -> /home/sudhindra/aruco_ws/build/client/build/lib/client
[35.059s] running install
[35.060s] running install_lib
[35.061s] copying /home/sudhindra/aruco_ws/build/client/build/lib/client/client_member_function.py -> /home/sudhindra/aruco_ws/install/client/lib/python3.10/site-packages/client
[35.094s] byte-compiling /home/sudhindra/aruco_ws/install/client/lib/python3.10/site-packages/client/client_member_function.py to client_member_function.cpython-310.pyc
[35.095s] running install_data
[35.104s] running install_egg_info
[35.108s] removing '/home/sudhindra/aruco_ws/install/client/lib/python3.10/site-packages/client-0.0.0-py3.10.egg-info' (and everything under it)
[35.139s] Copying ../../build/client/client.egg-info to /home/sudhindra/aruco_ws/install/client/lib/python3.10/site-packages/client-0.0.0-py3.10.egg-info
[35.153s] running install_scripts
[35.253s] Installing client_execuatble script to /home/sudhindra/aruco_ws/install/client/lib/client
[35.326s] writing list of installed files to '/home/sudhindra/aruco_ws/build/client/install.log'
[35.419s] Invoked command in '/home/sudhindra/aruco_ws/src/client' returned '0': PYTHONPATH=/home/sudhindra/aruco_ws/build/client/prefix_override:/home/sudhindra/aruco_ws/install/client/lib/python3.10/site-packages:${PYTHONPATH} /usr/bin/python3 setup.py egg_info --egg-base ../../build/client build --build-base /home/sudhindra/aruco_ws/build/client/build install --record /home/sudhindra/aruco_ws/build/client/install.log --single-version-externally-managed
