[3.104s] Invoking command in '/home/sudhindra/aruco_ws/src/client': PYTHONPATH=/home/sudhindra/aruco_ws/build/client/prefix_override:/home/sudhindra/aruco_ws/install/client/lib/python3.10/site-packages:${PYTHONPATH} /usr/bin/python3 setup.py egg_info --egg-base ../../build/client build --build-base /home/sudhindra/aruco_ws/build/client/build install --record /home/sudhindra/aruco_ws/build/client/install.log --single-version-externally-managed
[3.658s] running egg_info
[3.659s] writing ../../build/client/client.egg-info/PKG-INFO
[3.660s] writing dependency_links to ../../build/client/client.egg-info/dependency_links.txt
[3.660s] writing entry points to ../../build/client/client.egg-info/entry_points.txt
[3.660s] writing requirements to ../../build/client/client.egg-info/requires.txt
[3.661s] writing top-level names to ../../build/client/client.egg-info/top_level.txt
[3.665s] reading manifest file '../../build/client/client.egg-info/SOURCES.txt'
[3.666s] writing manifest file '../../build/client/client.egg-info/SOURCES.txt'
[3.667s] running build
[3.667s] running build_py
[3.667s] running install
[3.668s] running install_lib
[3.671s] running install_data
[3.673s] running install_egg_info
[3.677s] removing '/home/sudhindra/aruco_ws/install/client/lib/python3.10/site-packages/client-0.0.0-py3.10.egg-info' (and everything under it)
[3.677s] Copying ../../build/client/client.egg-info to /home/sudhindra/aruco_ws/install/client/lib/python3.10/site-packages/client-0.0.0-py3.10.egg-info
[3.679s] running install_scripts
[3.720s] Installing client_execuatble script to /home/sudhindra/aruco_ws/install/client/lib/client
[3.721s] writing list of installed files to '/home/sudhindra/aruco_ws/build/client/install.log'
[3.782s] Invoked command in '/home/sudhindra/aruco_ws/src/client' returned '0': PYTHONPATH=/home/sudhindra/aruco_ws/build/client/prefix_override:/home/sudhindra/aruco_ws/install/client/lib/python3.10/site-packages:${PYTHONPATH} /usr/bin/python3 setup.py egg_info --egg-base ../../build/client build --build-base /home/sudhindra/aruco_ws/build/client/build install --record /home/sudhindra/aruco_ws/build/client/install.log --single-version-externally-managed
