running egg_info
writing ../../build/client/client.egg-info/PKG-INFO
writing dependency_links to ../../build/client/client.egg-info/dependency_links.txt
writing entry points to ../../build/client/client.egg-info/entry_points.txt
writing requirements to ../../build/client/client.egg-info/requires.txt
writing top-level names to ../../build/client/client.egg-info/top_level.txt
reading manifest file '../../build/client/client.egg-info/SOURCES.txt'
writing manifest file '../../build/client/client.egg-info/SOURCES.txt'
running build
running build_py
running install
running install_lib
copying /home/sudhindra/aruco_ws/build/client/build/lib/client/client_member_function.py -> /home/sudhindra/aruco_ws/install/client/lib/python3.10/site-packages/client
byte-compiling /home/sudhindra/aruco_ws/install/client/lib/python3.10/site-packages/client/client_member_function.py to client_member_function.cpython-310.pyc
running install_data
running install_egg_info
removing '/home/sudhindra/aruco_ws/install/client/lib/python3.10/site-packages/client-0.0.0-py3.10.egg-info' (and everything under it)
Copying ../../build/client/client.egg-info to /home/sudhindra/aruco_ws/install/client/lib/python3.10/site-packages/client-0.0.0-py3.10.egg-info
running install_scripts
Installing client_execuatble script to /home/sudhindra/aruco_ws/install/client/lib/client
writing list of installed files to '/home/sudhindra/aruco_ws/build/client/install.log'
