[3.394s] Invoking command in '/home/sudhindra/aruco_ws/src/server': PYTHONPATH=/home/sudhindra/aruco_ws/build/server/prefix_override:/home/sudhindra/aruco_ws/install/server/lib/python3.10/site-packages:${PYTHONPATH} /usr/bin/python3 setup.py egg_info --egg-base ../../build/server build --build-base /home/sudhindra/aruco_ws/build/server/build install --record /home/sudhindra/aruco_ws/build/server/install.log --single-version-externally-managed
[3.937s] running egg_info
[3.938s] writing ../../build/server/server.egg-info/PKG-INFO
[3.990s] writing dependency_links to ../../build/server/server.egg-info/dependency_links.txt
[3.990s] writing entry points to ../../build/server/server.egg-info/entry_points.txt
[3.990s] writing requirements to ../../build/server/server.egg-info/requires.txt
[3.991s] writing top-level names to ../../build/server/server.egg-info/top_level.txt
[3.993s] reading manifest file '../../build/server/server.egg-info/SOURCES.txt'
[4.007s] writing manifest file '../../build/server/server.egg-info/SOURCES.txt'
[4.007s] running build
[4.007s] running build_py
[4.009s] running install
[4.009s] running install_lib
[4.013s] running install_data
[4.021s] running install_egg_info
[4.027s] removing '/home/sudhindra/aruco_ws/install/server/lib/python3.10/site-packages/server-0.0.0-py3.10.egg-info' (and everything under it)
[4.027s] Copying ../../build/server/server.egg-info to /home/sudhindra/aruco_ws/install/server/lib/python3.10/site-packages/server-0.0.0-py3.10.egg-info
[4.037s] running install_scripts
[4.095s] Installing server_executable script to /home/sudhindra/aruco_ws/install/server/lib/server
[4.096s] writing list of installed files to '/home/sudhindra/aruco_ws/build/server/install.log'
[4.184s] Invoked command in '/home/sudhindra/aruco_ws/src/server' returned '0': PYTHONPATH=/home/sudhindra/aruco_ws/build/server/prefix_override:/home/sudhindra/aruco_ws/install/server/lib/python3.10/site-packages:${PYTHONPATH} /usr/bin/python3 setup.py egg_info --egg-base ../../build/server build --build-base /home/sudhindra/aruco_ws/build/server/build install --record /home/sudhindra/aruco_ws/build/server/install.log --single-version-externally-managed
