[2.615s] DEBUG:colcon:Command line arguments: ['/usr/bin/colcon', 'build']
[2.615s] DEBUG:colcon:Parsed command line arguments: Namespace(log_base=None, log_level=None, verb_name='build', build_base='build', install_base='install', merge_install=False, symlink_install=False, test_result_base=None, continue_on_error=False, executor='parallel', parallel_workers=4, event_handlers=None, ignore_user_meta=False, metas=['./colcon.meta'], base_paths=['.'], packages_ignore=None, packages_ignore_regex=None, paths=None, packages_up_to=None, packages_up_to_regex=None, packages_above=None, packages_above_and_dependencies=None, packages_above_depth=None, packages_select_by_dep=None, packages_skip_by_dep=None, packages_skip_up_to=None, packages_select_build_failed=False, packages_skip_build_finished=False, packages_select_test_failures=False, packages_skip_test_passed=False, packages_select=None, packages_skip=None, packages_select_regex=None, packages_skip_regex=None, packages_start=None, packages_end=None, allow_overriding=[], cmake_args=None, cmake_target=None, cmake_target_skip_unavailable=False, cmake_clean_cache=False, cmake_clean_first=False, cmake_force_configure=False, ament_cmake_args=None, catkin_cmake_args=None, catkin_skip_building_tests=False, verb_parser=<colcon_defaults.argument_parser.defaults.DefaultArgumentsDecorator object at 0x75223959db40>, verb_extension=<colcon_core.verb.build.BuildVerb object at 0x752239543850>, main=<bound method BuildVerb.main of <colcon_core.verb.build.BuildVerb object at 0x752239543850>>)
[2.737s] Level 1:colcon.colcon_core.package_discovery:discover_packages(colcon_meta) check parameters
[2.737s] Level 1:colcon.colcon_core.package_discovery:discover_packages(recursive) check parameters
[2.737s] Level 1:colcon.colcon_core.package_discovery:discover_packages(ignore) check parameters
[2.737s] Level 1:colcon.colcon_core.package_discovery:discover_packages(path) check parameters
[2.737s] Level 1:colcon.colcon_core.package_discovery:discover_packages(colcon_meta) discover
[2.737s] Level 1:colcon.colcon_core.package_discovery:discover_packages(recursive) discover
[2.738s] INFO:colcon.colcon_core.package_discovery:Crawling recursively for packages in '/home/sudhindra/aruco_ws'
[2.738s] Level 1:colcon.colcon_core.package_identification:_identify(.) by extensions ['ignore', 'ignore_ament_install']
[2.738s] Level 1:colcon.colcon_core.package_identification:_identify(.) by extension 'ignore'
[2.738s] Level 1:colcon.colcon_core.package_identification:_identify(.) by extension 'ignore_ament_install'
[2.739s] Level 1:colcon.colcon_core.package_identification:_identify(.) by extensions ['colcon_pkg']
[2.739s] Level 1:colcon.colcon_core.package_identification:_identify(.) by extension 'colcon_pkg'
[2.739s] Level 1:colcon.colcon_core.package_identification:_identify(.) by extensions ['colcon_meta']
[2.739s] Level 1:colcon.colcon_core.package_identification:_identify(.) by extension 'colcon_meta'
[2.739s] Level 1:colcon.colcon_core.package_identification:_identify(.) by extensions ['ros']
[2.739s] Level 1:colcon.colcon_core.package_identification:_identify(.) by extension 'ros'
[2.774s] Level 1:colcon.colcon_core.package_identification:_identify(.) by extensions ['cmake', 'python']
[2.774s] Level 1:colcon.colcon_core.package_identification:_identify(.) by extension 'cmake'
[2.774s] Level 1:colcon.colcon_core.package_identification:_identify(.) by extension 'python'
[2.774s] Level 1:colcon.colcon_core.package_identification:_identify(.) by extensions ['python_setup_py']
[2.774s] Level 1:colcon.colcon_core.package_identification:_identify(.) by extension 'python_setup_py'
[2.775s] Level 1:colcon.colcon_core.package_identification:_identify(build) by extensions ['ignore', 'ignore_ament_install']
[2.775s] Level 1:colcon.colcon_core.package_identification:_identify(build) by extension 'ignore'
[2.775s] Level 1:colcon.colcon_core.package_identification:_identify(build) ignored
[2.776s] Level 1:colcon.colcon_core.package_identification:_identify(install) by extensions ['ignore', 'ignore_ament_install']
[2.776s] Level 1:colcon.colcon_core.package_identification:_identify(install) by extension 'ignore'
[2.776s] Level 1:colcon.colcon_core.package_identification:_identify(install) ignored
[2.777s] Level 1:colcon.colcon_core.package_identification:_identify(log) by extensions ['ignore', 'ignore_ament_install']
[2.777s] Level 1:colcon.colcon_core.package_identification:_identify(log) by extension 'ignore'
[2.777s] Level 1:colcon.colcon_core.package_identification:_identify(log) ignored
[2.777s] Level 1:colcon.colcon_core.package_identification:_identify(src) by extensions ['ignore', 'ignore_ament_install']
[2.778s] Level 1:colcon.colcon_core.package_identification:_identify(src) by extension 'ignore'
[2.778s] Level 1:colcon.colcon_core.package_identification:_identify(src) by extension 'ignore_ament_install'
[2.778s] Level 1:colcon.colcon_core.package_identification:_identify(src) by extensions ['colcon_pkg']
[2.778s] Level 1:colcon.colcon_core.package_identification:_identify(src) by extension 'colcon_pkg'
[2.778s] Level 1:colcon.colcon_core.package_identification:_identify(src) by extensions ['colcon_meta']
[2.778s] Level 1:colcon.colcon_core.package_identification:_identify(src) by extension 'colcon_meta'
[2.778s] Level 1:colcon.colcon_core.package_identification:_identify(src) by extensions ['ros']
[2.779s] Level 1:colcon.colcon_core.package_identification:_identify(src) by extension 'ros'
[2.779s] Level 1:colcon.colcon_core.package_identification:_identify(src) by extensions ['cmake', 'python']
[2.779s] Level 1:colcon.colcon_core.package_identification:_identify(src) by extension 'cmake'
[2.779s] Level 1:colcon.colcon_core.package_identification:_identify(src) by extension 'python'
[2.779s] Level 1:colcon.colcon_core.package_identification:_identify(src) by extensions ['python_setup_py']
[2.779s] Level 1:colcon.colcon_core.package_identification:_identify(src) by extension 'python_setup_py'
[2.780s] Level 1:colcon.colcon_core.package_identification:_identify(src/client) by extensions ['ignore', 'ignore_ament_install']
[2.780s] Level 1:colcon.colcon_core.package_identification:_identify(src/client) by extension 'ignore'
[2.780s] Level 1:colcon.colcon_core.package_identification:_identify(src/client) by extension 'ignore_ament_install'
[2.780s] Level 1:colcon.colcon_core.package_identification:_identify(src/client) by extensions ['colcon_pkg']
[2.780s] Level 1:colcon.colcon_core.package_identification:_identify(src/client) by extension 'colcon_pkg'
[2.781s] Level 1:colcon.colcon_core.package_identification:_identify(src/client) by extensions ['colcon_meta']
[2.781s] Level 1:colcon.colcon_core.package_identification:_identify(src/client) by extension 'colcon_meta'
[2.781s] Level 1:colcon.colcon_core.package_identification:_identify(src/client) by extensions ['ros']
[2.781s] Level 1:colcon.colcon_core.package_identification:_identify(src/client) by extension 'ros'
[2.790s] DEBUG:colcon.colcon_core.package_identification:Package 'src/client' with type 'ros.ament_python' and name 'client'
[2.790s] Level 1:colcon.colcon_core.package_identification:_identify(src/custom_interfaces) by extensions ['ignore', 'ignore_ament_install']
[2.790s] Level 1:colcon.colcon_core.package_identification:_identify(src/custom_interfaces) by extension 'ignore'
[2.790s] Level 1:colcon.colcon_core.package_identification:_identify(src/custom_interfaces) by extension 'ignore_ament_install'
[2.791s] Level 1:colcon.colcon_core.package_identification:_identify(src/custom_interfaces) by extensions ['colcon_pkg']
[2.791s] Level 1:colcon.colcon_core.package_identification:_identify(src/custom_interfaces) by extension 'colcon_pkg'
[2.791s] Level 1:colcon.colcon_core.package_identification:_identify(src/custom_interfaces) by extensions ['colcon_meta']
[2.791s] Level 1:colcon.colcon_core.package_identification:_identify(src/custom_interfaces) by extension 'colcon_meta'
[2.791s] Level 1:colcon.colcon_core.package_identification:_identify(src/custom_interfaces) by extensions ['ros']
[2.791s] Level 1:colcon.colcon_core.package_identification:_identify(src/custom_interfaces) by extension 'ros'
[2.793s] DEBUG:colcon.colcon_core.package_identification:Package 'src/custom_interfaces' with type 'ros.ament_cmake' and name 'custom_interfaces'
[2.794s] Level 1:colcon.colcon_core.package_identification:_identify(src/server) by extensions ['ignore', 'ignore_ament_install']
[2.794s] Level 1:colcon.colcon_core.package_identification:_identify(src/server) by extension 'ignore'
[2.794s] Level 1:colcon.colcon_core.package_identification:_identify(src/server) by extension 'ignore_ament_install'
[2.794s] Level 1:colcon.colcon_core.package_identification:_identify(src/server) by extensions ['colcon_pkg']
[2.794s] Level 1:colcon.colcon_core.package_identification:_identify(src/server) by extension 'colcon_pkg'
[2.795s] Level 1:colcon.colcon_core.package_identification:_identify(src/server) by extensions ['colcon_meta']
[2.795s] Level 1:colcon.colcon_core.package_identification:_identify(src/server) by extension 'colcon_meta'
[2.795s] Level 1:colcon.colcon_core.package_identification:_identify(src/server) by extensions ['ros']
[2.795s] Level 1:colcon.colcon_core.package_identification:_identify(src/server) by extension 'ros'
[2.797s] DEBUG:colcon.colcon_core.package_identification:Package 'src/server' with type 'ros.ament_python' and name 'server'
[2.797s] Level 1:colcon.colcon_core.package_discovery:discover_packages(recursive) using defaults
[2.797s] Level 1:colcon.colcon_core.package_discovery:discover_packages(ignore) discover
[2.797s] Level 1:colcon.colcon_core.package_discovery:discover_packages(ignore) using defaults
[2.797s] Level 1:colcon.colcon_core.package_discovery:discover_packages(path) discover
[2.797s] Level 1:colcon.colcon_core.package_discovery:discover_packages(path) using defaults
[3.070s] Level 1:colcon.colcon_core.package_discovery:discover_packages(prefix_path) check parameters
[3.070s] Level 1:colcon.colcon_core.package_discovery:discover_packages(prefix_path) discover
[3.194s] DEBUG:colcon.colcon_installed_package_information.package_discovery:Found 3 installed packages in /home/sudhindra/aruco_ws/install
[3.255s] DEBUG:colcon.colcon_installed_package_information.package_discovery:Found 8 installed packages in /home/sudhindra/erc_ws/install
[3.336s] DEBUG:colcon.colcon_installed_package_information.package_discovery:Found 2 installed packages in /home/sudhindra/ros2_ws/install
[3.396s] DEBUG:colcon.colcon_installed_package_information.package_discovery:Found 1 installed packages in /home/sudhindra/practice_ws/install
[3.457s] DEBUG:colcon.colcon_installed_package_information.package_discovery:Found 284 installed packages in /opt/ros/humble
[3.459s] Level 1:colcon.colcon_core.package_discovery:discover_packages(prefix_path) using defaults
[3.665s] Level 5:colcon.colcon_core.verb:set package 'custom_interfaces' build argument 'cmake_args' from command line to 'None'
[3.665s] Level 5:colcon.colcon_core.verb:set package 'custom_interfaces' build argument 'cmake_target' from command line to 'None'
[3.665s] Level 5:colcon.colcon_core.verb:set package 'custom_interfaces' build argument 'cmake_target_skip_unavailable' from command line to 'False'
[3.665s] Level 5:colcon.colcon_core.verb:set package 'custom_interfaces' build argument 'cmake_clean_cache' from command line to 'False'
[3.665s] Level 5:colcon.colcon_core.verb:set package 'custom_interfaces' build argument 'cmake_clean_first' from command line to 'False'
[3.665s] Level 5:colcon.colcon_core.verb:set package 'custom_interfaces' build argument 'cmake_force_configure' from command line to 'False'
[3.665s] Level 5:colcon.colcon_core.verb:set package 'custom_interfaces' build argument 'ament_cmake_args' from command line to 'None'
[3.665s] Level 5:colcon.colcon_core.verb:set package 'custom_interfaces' build argument 'catkin_cmake_args' from command line to 'None'
[3.665s] Level 5:colcon.colcon_core.verb:set package 'custom_interfaces' build argument 'catkin_skip_building_tests' from command line to 'False'
[3.666s] DEBUG:colcon.colcon_core.verb:Building package 'custom_interfaces' with the following arguments: {'ament_cmake_args': None, 'build_base': '/home/sudhindra/aruco_ws/build/custom_interfaces', 'catkin_cmake_args': None, 'catkin_skip_building_tests': False, 'cmake_args': None, 'cmake_clean_cache': False, 'cmake_clean_first': False, 'cmake_force_configure': False, 'cmake_target': None, 'cmake_target_skip_unavailable': False, 'install_base': '/home/sudhindra/aruco_ws/install/custom_interfaces', 'merge_install': False, 'path': '/home/sudhindra/aruco_ws/src/custom_interfaces', 'symlink_install': False, 'test_result_base': None}
[3.698s] Level 5:colcon.colcon_core.verb:set package 'client' build argument 'cmake_args' from command line to 'None'
[3.698s] Level 5:colcon.colcon_core.verb:set package 'client' build argument 'cmake_target' from command line to 'None'
[3.698s] Level 5:colcon.colcon_core.verb:set package 'client' build argument 'cmake_target_skip_unavailable' from command line to 'False'
[3.698s] Level 5:colcon.colcon_core.verb:set package 'client' build argument 'cmake_clean_cache' from command line to 'False'
[3.698s] Level 5:colcon.colcon_core.verb:set package 'client' build argument 'cmake_clean_first' from command line to 'False'
[3.698s] Level 5:colcon.colcon_core.verb:set package 'client' build argument 'cmake_force_configure' from command line to 'False'
[3.699s] Level 5:colcon.colcon_core.verb:set package 'client' build argument 'ament_cmake_args' from command line to 'None'
[3.699s] Level 5:colcon.colcon_core.verb:set package 'client' build argument 'catkin_cmake_args' from command line to 'None'
[3.699s] Level 5:colcon.colcon_core.verb:set package 'client' build argument 'catkin_skip_building_tests' from command line to 'False'
[3.699s] DEBUG:colcon.colcon_core.verb:Building package 'client' with the following arguments: {'ament_cmake_args': None, 'build_base': '/home/sudhindra/aruco_ws/build/client', 'catkin_cmake_args': None, 'catkin_skip_building_tests': False, 'cmake_args': None, 'cmake_clean_cache': False, 'cmake_clean_first': False, 'cmake_force_configure': False, 'cmake_target': None, 'cmake_target_skip_unavailable': False, 'install_base': '/home/sudhindra/aruco_ws/install/client', 'merge_install': False, 'path': '/home/sudhindra/aruco_ws/src/client', 'symlink_install': False, 'test_result_base': None}
[3.736s] Level 5:colcon.colcon_core.verb:set package 'server' build argument 'cmake_args' from command line to 'None'
[3.737s] Level 5:colcon.colcon_core.verb:set package 'server' build argument 'cmake_target' from command line to 'None'
[3.737s] Level 5:colcon.colcon_core.verb:set package 'server' build argument 'cmake_target_skip_unavailable' from command line to 'False'
[3.737s] Level 5:colcon.colcon_core.verb:set package 'server' build argument 'cmake_clean_cache' from command line to 'False'
[3.737s] Level 5:colcon.colcon_core.verb:set package 'server' build argument 'cmake_clean_first' from command line to 'False'
[3.737s] Level 5:colcon.colcon_core.verb:set package 'server' build argument 'cmake_force_configure' from command line to 'False'
[3.737s] Level 5:colcon.colcon_core.verb:set package 'server' build argument 'ament_cmake_args' from command line to 'None'
[3.737s] Level 5:colcon.colcon_core.verb:set package 'server' build argument 'catkin_cmake_args' from command line to 'None'
[3.737s] Level 5:colcon.colcon_core.verb:set package 'server' build argument 'catkin_skip_building_tests' from command line to 'False'
[3.737s] DEBUG:colcon.colcon_core.verb:Building package 'server' with the following arguments: {'ament_cmake_args': None, 'build_base': '/home/sudhindra/aruco_ws/build/server', 'catkin_cmake_args': None, 'catkin_skip_building_tests': False, 'cmake_args': None, 'cmake_clean_cache': False, 'cmake_clean_first': False, 'cmake_force_configure': False, 'cmake_target': None, 'cmake_target_skip_unavailable': False, 'install_base': '/home/sudhindra/aruco_ws/install/server', 'merge_install': False, 'path': '/home/sudhindra/aruco_ws/src/server', 'symlink_install': False, 'test_result_base': None}
[3.770s] INFO:colcon.colcon_core.executor:Executing jobs using 'parallel' executor
[3.803s] DEBUG:colcon.colcon_parallel_executor.executor.parallel:run_until_complete
[3.803s] INFO:colcon.colcon_ros.task.ament_cmake.build:Building ROS package in '/home/sudhindra/aruco_ws/src/custom_interfaces' with build type 'ament_cmake'
[3.804s] INFO:colcon.colcon_cmake.task.cmake.build:Building CMake package in '/home/sudhindra/aruco_ws/src/custom_interfaces'
[3.843s] INFO:colcon.colcon_core.plugin_system:Skipping extension 'colcon_core.shell.bat': Not used on non-Windows systems
[3.844s] INFO:colcon.colcon_core.shell:Skip shell extension 'powershell' for command environment: Not usable outside of PowerShell
[3.844s] DEBUG:colcon.colcon_core.shell:Skip shell extension 'dsv' for command environment
[4.089s] DEBUG:colcon.colcon_core.event_handler.log_command:Invoking command in '/home/sudhindra/aruco_ws/build/custom_interfaces': CMAKE_PREFIX_PATH=${CMAKE_PREFIX_PATH}:/home/sudhindra/aruco_ws/install/server:/home/sudhindra/aruco_ws/install/client:/home/sudhindra/practice_ws/install/test_1:/home/sudhindra/ros2_ws/install/my_robot_controller:/home/sudhindra/erc_ws/install/week1_tutorials:/home/sudhindra/erc_ws/install/week0_tutorials:/home/sudhindra/erc_ws/install/task_1:/home/sudhindra/erc_ws/install/sherlock:/home/sudhindra/erc_ws/install/mrs_hudson:/home/sudhindra/erc_ws/install/ep3:/home/sudhindra/erc_ws/install/conversation:/opt/ros/humble /usr/bin/cmake --build /home/sudhindra/aruco_ws/build/custom_interfaces -- -j4 -l4
[5.081s] DEBUG:colcon.colcon_core.event_handler.log_command:Invoked command in '/home/sudhindra/aruco_ws/build/custom_interfaces' returned '0': CMAKE_PREFIX_PATH=${CMAKE_PREFIX_PATH}:/home/sudhindra/aruco_ws/install/server:/home/sudhindra/aruco_ws/install/client:/home/sudhindra/practice_ws/install/test_1:/home/sudhindra/ros2_ws/install/my_robot_controller:/home/sudhindra/erc_ws/install/week1_tutorials:/home/sudhindra/erc_ws/install/week0_tutorials:/home/sudhindra/erc_ws/install/task_1:/home/sudhindra/erc_ws/install/sherlock:/home/sudhindra/erc_ws/install/mrs_hudson:/home/sudhindra/erc_ws/install/ep3:/home/sudhindra/erc_ws/install/conversation:/opt/ros/humble /usr/bin/cmake --build /home/sudhindra/aruco_ws/build/custom_interfaces -- -j4 -l4
[5.205s] DEBUG:colcon.colcon_core.event_handler.log_command:Invoking command in '/home/sudhindra/aruco_ws/build/custom_interfaces': CMAKE_PREFIX_PATH=${CMAKE_PREFIX_PATH}:/home/sudhindra/aruco_ws/install/server:/home/sudhindra/aruco_ws/install/client:/home/sudhindra/practice_ws/install/test_1:/home/sudhindra/ros2_ws/install/my_robot_controller:/home/sudhindra/erc_ws/install/week1_tutorials:/home/sudhindra/erc_ws/install/week0_tutorials:/home/sudhindra/erc_ws/install/task_1:/home/sudhindra/erc_ws/install/sherlock:/home/sudhindra/erc_ws/install/mrs_hudson:/home/sudhindra/erc_ws/install/ep3:/home/sudhindra/erc_ws/install/conversation:/opt/ros/humble /usr/bin/cmake --install /home/sudhindra/aruco_ws/build/custom_interfaces
[5.348s] Level 1:colcon.colcon_core.environment:create_environment_scripts_only(custom_interfaces)
[5.354s] DEBUG:colcon.colcon_core.event_handler.log_command:Invoked command in '/home/sudhindra/aruco_ws/build/custom_interfaces' returned '0': CMAKE_PREFIX_PATH=${CMAKE_PREFIX_PATH}:/home/sudhindra/aruco_ws/install/server:/home/sudhindra/aruco_ws/install/client:/home/sudhindra/practice_ws/install/test_1:/home/sudhindra/ros2_ws/install/my_robot_controller:/home/sudhindra/erc_ws/install/week1_tutorials:/home/sudhindra/erc_ws/install/week0_tutorials:/home/sudhindra/erc_ws/install/task_1:/home/sudhindra/erc_ws/install/sherlock:/home/sudhindra/erc_ws/install/mrs_hudson:/home/sudhindra/erc_ws/install/ep3:/home/sudhindra/erc_ws/install/conversation:/opt/ros/humble /usr/bin/cmake --install /home/sudhindra/aruco_ws/build/custom_interfaces
[5.392s] Level 1:colcon.colcon_core.environment:checking '/home/sudhindra/aruco_ws/install/custom_interfaces' for CMake module files
[5.393s] Level 1:colcon.colcon_core.environment:checking '/home/sudhindra/aruco_ws/install/custom_interfaces' for CMake config files
[5.394s] Level 1:colcon.colcon_core.shell:create_environment_hook('custom_interfaces', 'cmake_prefix_path')
[5.455s] INFO:colcon.colcon_core.shell:Creating environment hook '/home/sudhindra/aruco_ws/install/custom_interfaces/share/custom_interfaces/hook/cmake_prefix_path.ps1'
[5.456s] INFO:colcon.colcon_core.shell:Creating environment descriptor '/home/sudhindra/aruco_ws/install/custom_interfaces/share/custom_interfaces/hook/cmake_prefix_path.dsv'
[5.458s] INFO:colcon.colcon_core.shell:Creating environment hook '/home/sudhindra/aruco_ws/install/custom_interfaces/share/custom_interfaces/hook/cmake_prefix_path.sh'
[5.463s] Level 1:colcon.colcon_core.environment:checking '/home/sudhindra/aruco_ws/install/custom_interfaces/lib'
[5.463s] Level 1:colcon.colcon_core.shell:create_environment_hook('custom_interfaces', 'ld_library_path_lib')
[5.525s] INFO:colcon.colcon_core.shell:Creating environment hook '/home/sudhindra/aruco_ws/install/custom_interfaces/share/custom_interfaces/hook/ld_library_path_lib.ps1'
[5.526s] INFO:colcon.colcon_core.shell:Creating environment descriptor '/home/sudhindra/aruco_ws/install/custom_interfaces/share/custom_interfaces/hook/ld_library_path_lib.dsv'
[5.527s] INFO:colcon.colcon_core.shell:Creating environment hook '/home/sudhindra/aruco_ws/install/custom_interfaces/share/custom_interfaces/hook/ld_library_path_lib.sh'
[5.528s] Level 1:colcon.colcon_core.environment:checking '/home/sudhindra/aruco_ws/install/custom_interfaces/bin'
[5.528s] Level 1:colcon.colcon_core.environment:checking '/home/sudhindra/aruco_ws/install/custom_interfaces/lib/pkgconfig/custom_interfaces.pc'
[5.529s] Level 1:colcon.colcon_core.environment:checking '/home/sudhindra/aruco_ws/install/custom_interfaces/lib/python3.10/site-packages'
[5.530s] Level 1:colcon.colcon_core.environment:checking '/home/sudhindra/aruco_ws/install/custom_interfaces/bin'
[5.591s] INFO:colcon.colcon_core.shell:Creating package script '/home/sudhindra/aruco_ws/install/custom_interfaces/share/custom_interfaces/package.ps1'
[5.594s] INFO:colcon.colcon_core.shell:Creating package descriptor '/home/sudhindra/aruco_ws/install/custom_interfaces/share/custom_interfaces/package.dsv'
[5.596s] INFO:colcon.colcon_core.shell:Creating package script '/home/sudhindra/aruco_ws/install/custom_interfaces/share/custom_interfaces/package.sh'
[5.598s] INFO:colcon.colcon_core.shell:Creating package script '/home/sudhindra/aruco_ws/install/custom_interfaces/share/custom_interfaces/package.bash'
[5.601s] INFO:colcon.colcon_core.shell:Creating package script '/home/sudhindra/aruco_ws/install/custom_interfaces/share/custom_interfaces/package.zsh'
[5.603s] Level 1:colcon.colcon_core.environment:create_file_with_runtime_dependencies(/home/sudhindra/aruco_ws/install/custom_interfaces/share/colcon-core/packages/custom_interfaces)
[5.846s] Level 1:colcon.colcon_core.environment:create_environment_scripts_only(custom_interfaces)
[5.908s] Level 1:colcon.colcon_core.environment:checking '/home/sudhindra/aruco_ws/install/custom_interfaces' for CMake module files
[5.910s] Level 1:colcon.colcon_core.environment:checking '/home/sudhindra/aruco_ws/install/custom_interfaces' for CMake config files
[5.910s] Level 1:colcon.colcon_core.shell:create_environment_hook('custom_interfaces', 'cmake_prefix_path')
[5.973s] INFO:colcon.colcon_core.shell:Creating environment hook '/home/sudhindra/aruco_ws/install/custom_interfaces/share/custom_interfaces/hook/cmake_prefix_path.ps1'
[5.974s] INFO:colcon.colcon_core.shell:Creating environment descriptor '/home/sudhindra/aruco_ws/install/custom_interfaces/share/custom_interfaces/hook/cmake_prefix_path.dsv'
[5.975s] INFO:colcon.colcon_core.shell:Creating environment hook '/home/sudhindra/aruco_ws/install/custom_interfaces/share/custom_interfaces/hook/cmake_prefix_path.sh'
[5.977s] Level 1:colcon.colcon_core.environment:checking '/home/sudhindra/aruco_ws/install/custom_interfaces/lib'
[5.977s] Level 1:colcon.colcon_core.shell:create_environment_hook('custom_interfaces', 'ld_library_path_lib')
[6.041s] INFO:colcon.colcon_core.shell:Creating environment hook '/home/sudhindra/aruco_ws/install/custom_interfaces/share/custom_interfaces/hook/ld_library_path_lib.ps1'
[6.042s] INFO:colcon.colcon_core.shell:Creating environment descriptor '/home/sudhindra/aruco_ws/install/custom_interfaces/share/custom_interfaces/hook/ld_library_path_lib.dsv'
[6.043s] INFO:colcon.colcon_core.shell:Creating environment hook '/home/sudhindra/aruco_ws/install/custom_interfaces/share/custom_interfaces/hook/ld_library_path_lib.sh'
[6.045s] Level 1:colcon.colcon_core.environment:checking '/home/sudhindra/aruco_ws/install/custom_interfaces/bin'
[6.045s] Level 1:colcon.colcon_core.environment:checking '/home/sudhindra/aruco_ws/install/custom_interfaces/lib/pkgconfig/custom_interfaces.pc'
[6.046s] Level 1:colcon.colcon_core.environment:checking '/home/sudhindra/aruco_ws/install/custom_interfaces/lib/python3.10/site-packages'
[6.046s] Level 1:colcon.colcon_core.environment:checking '/home/sudhindra/aruco_ws/install/custom_interfaces/bin'
[6.111s] INFO:colcon.colcon_core.shell:Creating package script '/home/sudhindra/aruco_ws/install/custom_interfaces/share/custom_interfaces/package.ps1'
[6.113s] INFO:colcon.colcon_core.shell:Creating package descriptor '/home/sudhindra/aruco_ws/install/custom_interfaces/share/custom_interfaces/package.dsv'
[6.115s] INFO:colcon.colcon_core.shell:Creating package script '/home/sudhindra/aruco_ws/install/custom_interfaces/share/custom_interfaces/package.sh'
[6.116s] INFO:colcon.colcon_core.shell:Creating package script '/home/sudhindra/aruco_ws/install/custom_interfaces/share/custom_interfaces/package.bash'
[6.118s] INFO:colcon.colcon_core.shell:Creating package script '/home/sudhindra/aruco_ws/install/custom_interfaces/share/custom_interfaces/package.zsh'
[6.120s] Level 1:colcon.colcon_core.environment:create_file_with_runtime_dependencies(/home/sudhindra/aruco_ws/install/custom_interfaces/share/colcon-core/packages/custom_interfaces)
[6.121s] INFO:colcon.colcon_ros.task.ament_python.build:Building ROS package in '/home/sudhindra/aruco_ws/src/client' with build type 'ament_python'
[6.121s] Level 1:colcon.colcon_core.shell:create_environment_hook('client', 'ament_prefix_path')
[6.188s] INFO:colcon.colcon_core.shell:Creating environment hook '/home/sudhindra/aruco_ws/install/client/share/client/hook/ament_prefix_path.ps1'
[6.189s] INFO:colcon.colcon_core.shell:Creating environment descriptor '/home/sudhindra/aruco_ws/install/client/share/client/hook/ament_prefix_path.dsv'
[6.190s] INFO:colcon.colcon_core.shell:Creating environment hook '/home/sudhindra/aruco_ws/install/client/share/client/hook/ament_prefix_path.sh'
[6.255s] INFO:colcon.colcon_core.shell:Skip shell extension 'powershell' for command environment: Not usable outside of PowerShell
[6.255s] DEBUG:colcon.colcon_core.shell:Skip shell extension 'dsv' for command environment
[6.642s] INFO:colcon.colcon_ros.task.ament_python.build:Building ROS package in '/home/sudhindra/aruco_ws/src/server' with build type 'ament_python'
[6.643s] Level 1:colcon.colcon_core.shell:create_environment_hook('server', 'ament_prefix_path')
[6.709s] INFO:colcon.colcon_core.shell:Creating environment hook '/home/sudhindra/aruco_ws/install/server/share/server/hook/ament_prefix_path.ps1'
[6.710s] INFO:colcon.colcon_core.shell:Creating environment descriptor '/home/sudhindra/aruco_ws/install/server/share/server/hook/ament_prefix_path.dsv'
[6.711s] INFO:colcon.colcon_core.shell:Creating environment hook '/home/sudhindra/aruco_ws/install/server/share/server/hook/ament_prefix_path.sh'
[6.769s] INFO:colcon.colcon_core.shell:Skip shell extension 'powershell' for command environment: Not usable outside of PowerShell
[6.769s] DEBUG:colcon.colcon_core.shell:Skip shell extension 'dsv' for command environment
[7.881s] INFO:colcon.colcon_core.task.python.build:Building Python package in '/home/sudhindra/aruco_ws/src/client'
[7.920s] INFO:colcon.colcon_core.shell:Skip shell extension 'powershell' for command environment: Not usable outside of PowerShell
[7.920s] DEBUG:colcon.colcon_core.shell:Skip shell extension 'dsv' for command environment
[8.715s] INFO:colcon.colcon_core.task.python.build:Building Python package in '/home/sudhindra/aruco_ws/src/server'
[8.748s] INFO:colcon.colcon_core.shell:Skip shell extension 'powershell' for command environment: Not usable outside of PowerShell
[8.749s] DEBUG:colcon.colcon_core.shell:Skip shell extension 'dsv' for command environment
[9.813s] DEBUG:colcon.colcon_core.event_handler.log_command:Invoking command in '/home/sudhindra/aruco_ws/src/client': PYTHONPATH=/home/sudhindra/aruco_ws/build/client/prefix_override:/home/sudhindra/aruco_ws/install/client/lib/python3.10/site-packages:${PYTHONPATH} /usr/bin/python3 setup.py egg_info --egg-base ../../build/client build --build-base /home/sudhindra/aruco_ws/build/client/build install --record /home/sudhindra/aruco_ws/build/client/install.log --single-version-externally-managed
[9.824s] DEBUG:colcon.colcon_core.event_handler.log_command:Invoking command in '/home/sudhindra/aruco_ws/src/server': PYTHONPATH=/home/sudhindra/aruco_ws/build/server/prefix_override:/home/sudhindra/aruco_ws/install/server/lib/python3.10/site-packages:${PYTHONPATH} /usr/bin/python3 setup.py egg_info --egg-base ../../build/server build --build-base /home/sudhindra/aruco_ws/build/server/build install --record /home/sudhindra/aruco_ws/build/server/install.log --single-version-externally-managed
[10.474s] DEBUG:colcon.colcon_core.event_handler.log_command:Invoked command in '/home/sudhindra/aruco_ws/src/client' returned '0': PYTHONPATH=/home/sudhindra/aruco_ws/build/client/prefix_override:/home/sudhindra/aruco_ws/install/client/lib/python3.10/site-packages:${PYTHONPATH} /usr/bin/python3 setup.py egg_info --egg-base ../../build/client build --build-base /home/sudhindra/aruco_ws/build/client/build install --record /home/sudhindra/aruco_ws/build/client/install.log --single-version-externally-managed
[10.508s] Level 1:colcon.colcon_core.environment:checking '/home/sudhindra/aruco_ws/install/client' for CMake module files
[10.509s] Level 1:colcon.colcon_core.environment:checking '/home/sudhindra/aruco_ws/install/client' for CMake config files
[10.510s] Level 1:colcon.colcon_core.environment:checking '/home/sudhindra/aruco_ws/install/client/lib'
[10.510s] Level 1:colcon.colcon_core.environment:checking '/home/sudhindra/aruco_ws/install/client/bin'
[10.510s] Level 1:colcon.colcon_core.environment:checking '/home/sudhindra/aruco_ws/install/client/lib/pkgconfig/client.pc'
[10.510s] Level 1:colcon.colcon_core.environment:checking '/home/sudhindra/aruco_ws/install/client/lib/python3.10/site-packages'
[10.511s] Level 1:colcon.colcon_core.shell:create_environment_hook('client', 'pythonpath')
[10.557s] INFO:colcon.colcon_core.shell:Creating environment hook '/home/sudhindra/aruco_ws/install/client/share/client/hook/pythonpath.ps1'
[10.558s] INFO:colcon.colcon_core.shell:Creating environment descriptor '/home/sudhindra/aruco_ws/install/client/share/client/hook/pythonpath.dsv'
[10.559s] INFO:colcon.colcon_core.shell:Creating environment hook '/home/sudhindra/aruco_ws/install/client/share/client/hook/pythonpath.sh'
[10.560s] Level 1:colcon.colcon_core.environment:checking '/home/sudhindra/aruco_ws/install/client/bin'
[10.560s] Level 1:colcon.colcon_core.environment:create_environment_scripts_only(client)
[10.593s] INFO:colcon.colcon_core.shell:Creating package script '/home/sudhindra/aruco_ws/install/client/share/client/package.ps1'
[10.594s] INFO:colcon.colcon_core.shell:Creating package descriptor '/home/sudhindra/aruco_ws/install/client/share/client/package.dsv'
[10.595s] INFO:colcon.colcon_core.shell:Creating package script '/home/sudhindra/aruco_ws/install/client/share/client/package.sh'
[10.595s] INFO:colcon.colcon_core.shell:Creating package script '/home/sudhindra/aruco_ws/install/client/share/client/package.bash'
[10.596s] INFO:colcon.colcon_core.shell:Creating package script '/home/sudhindra/aruco_ws/install/client/share/client/package.zsh'
[10.597s] Level 1:colcon.colcon_core.environment:create_file_with_runtime_dependencies(/home/sudhindra/aruco_ws/install/client/share/colcon-core/packages/client)
[10.613s] DEBUG:colcon.colcon_core.event_handler.log_command:Invoked command in '/home/sudhindra/aruco_ws/src/server' returned '0': PYTHONPATH=/home/sudhindra/aruco_ws/build/server/prefix_override:/home/sudhindra/aruco_ws/install/server/lib/python3.10/site-packages:${PYTHONPATH} /usr/bin/python3 setup.py egg_info --egg-base ../../build/server build --build-base /home/sudhindra/aruco_ws/build/server/build install --record /home/sudhindra/aruco_ws/build/server/install.log --single-version-externally-managed
[10.647s] Level 1:colcon.colcon_core.environment:checking '/home/sudhindra/aruco_ws/install/server' for CMake module files
[10.648s] Level 1:colcon.colcon_core.environment:checking '/home/sudhindra/aruco_ws/install/server' for CMake config files
[10.649s] Level 1:colcon.colcon_core.environment:checking '/home/sudhindra/aruco_ws/install/server/lib'
[10.649s] Level 1:colcon.colcon_core.environment:checking '/home/sudhindra/aruco_ws/install/server/bin'
[10.649s] Level 1:colcon.colcon_core.environment:checking '/home/sudhindra/aruco_ws/install/server/lib/pkgconfig/server.pc'
[10.649s] Level 1:colcon.colcon_core.environment:checking '/home/sudhindra/aruco_ws/install/server/lib/python3.10/site-packages'
[10.649s] Level 1:colcon.colcon_core.shell:create_environment_hook('server', 'pythonpath')
[10.682s] INFO:colcon.colcon_core.shell:Creating environment hook '/home/sudhindra/aruco_ws/install/server/share/server/hook/pythonpath.ps1'
[10.683s] INFO:colcon.colcon_core.shell:Creating environment descriptor '/home/sudhindra/aruco_ws/install/server/share/server/hook/pythonpath.dsv'
[10.683s] INFO:colcon.colcon_core.shell:Creating environment hook '/home/sudhindra/aruco_ws/install/server/share/server/hook/pythonpath.sh'
[10.684s] Level 1:colcon.colcon_core.environment:checking '/home/sudhindra/aruco_ws/install/server/bin'
[10.685s] Level 1:colcon.colcon_core.environment:create_environment_scripts_only(server)
[10.717s] INFO:colcon.colcon_core.shell:Creating package script '/home/sudhindra/aruco_ws/install/server/share/server/package.ps1'
[10.718s] INFO:colcon.colcon_core.shell:Creating package descriptor '/home/sudhindra/aruco_ws/install/server/share/server/package.dsv'
[10.719s] INFO:colcon.colcon_core.shell:Creating package script '/home/sudhindra/aruco_ws/install/server/share/server/package.sh'
[10.720s] INFO:colcon.colcon_core.shell:Creating package script '/home/sudhindra/aruco_ws/install/server/share/server/package.bash'
[10.721s] INFO:colcon.colcon_core.shell:Creating package script '/home/sudhindra/aruco_ws/install/server/share/server/package.zsh'
[10.721s] Level 1:colcon.colcon_core.environment:create_file_with_runtime_dependencies(/home/sudhindra/aruco_ws/install/server/share/colcon-core/packages/server)
[10.722s] DEBUG:colcon.colcon_parallel_executor.executor.parallel:closing loop
[10.723s] DEBUG:colcon.colcon_parallel_executor.executor.parallel:loop closed
[10.723s] DEBUG:colcon.colcon_parallel_executor.executor.parallel:run_until_complete finished with '0'
[10.723s] DEBUG:colcon.colcon_core.event_reactor:joining thread
[10.767s] INFO:colcon.colcon_core.plugin_system:Skipping extension 'colcon_notification.desktop_notification.terminal_notifier': Not used on non-Darwin systems
[10.767s] INFO:colcon.colcon_core.plugin_system:Skipping extension 'colcon_notification.desktop_notification.win32': Not used on non-Windows systems
[10.767s] INFO:colcon.colcon_notification.desktop_notification:Sending desktop notification using 'notify2'
[10.780s] DEBUG:colcon.colcon_core.event_reactor:joined thread
[10.821s] INFO:colcon.colcon_core.shell:Creating prefix script '/home/sudhindra/aruco_ws/install/local_setup.ps1'
[10.822s] INFO:colcon.colcon_core.shell:Creating prefix util module '/home/sudhindra/aruco_ws/install/_local_setup_util_ps1.py'
[10.825s] INFO:colcon.colcon_core.shell:Creating prefix chain script '/home/sudhindra/aruco_ws/install/setup.ps1'
[10.859s] INFO:colcon.colcon_core.shell:Creating prefix script '/home/sudhindra/aruco_ws/install/local_setup.sh'
[10.860s] INFO:colcon.colcon_core.shell:Creating prefix util module '/home/sudhindra/aruco_ws/install/_local_setup_util_sh.py'
[10.860s] INFO:colcon.colcon_core.shell:Creating prefix chain script '/home/sudhindra/aruco_ws/install/setup.sh'
[10.895s] INFO:colcon.colcon_core.shell:Creating prefix script '/home/sudhindra/aruco_ws/install/local_setup.bash'
[10.896s] INFO:colcon.colcon_core.shell:Creating prefix chain script '/home/sudhindra/aruco_ws/install/setup.bash'
[10.929s] INFO:colcon.colcon_core.shell:Creating prefix script '/home/sudhindra/aruco_ws/install/local_setup.zsh'
[10.930s] INFO:colcon.colcon_core.shell:Creating prefix chain script '/home/sudhindra/aruco_ws/install/setup.zsh'
