[3.454s] Invoking command in '/home/sudhindra/aruco_ws/src/client': PYTHONPATH=/home/sudhindra/aruco_ws/build/client/prefix_override:/home/sudhindra/aruco_ws/install/client/lib/python3.10/site-packages:${PYTHONPATH} /usr/bin/python3 setup.py egg_info --egg-base ../../build/client build --build-base /home/sudhindra/aruco_ws/build/client/build install --record /home/sudhindra/aruco_ws/build/client/install.log --single-version-externally-managed
[4.183s] running egg_info
[4.183s] writing ../../build/client/client.egg-info/PKG-INFO
[4.184s] writing dependency_links to ../../build/client/client.egg-info/dependency_links.txt
[4.185s] writing entry points to ../../build/client/client.egg-info/entry_points.txt
[4.185s] writing requirements to ../../build/client/client.egg-info/requires.txt
[4.186s] writing top-level names to ../../build/client/client.egg-info/top_level.txt
[4.193s] reading manifest file '../../build/client/client.egg-info/SOURCES.txt'
[4.195s] writing manifest file '../../build/client/client.egg-info/SOURCES.txt'
[4.195s] running build
[4.196s] running build_py
[4.196s] copying client/client_member_function.py -> /home/sudhindra/aruco_ws/build/client/build/lib/client
[4.197s] running install
[4.198s] running install_lib
[4.200s] copying /home/sudhindra/aruco_ws/build/client/build/lib/client/client_member_function.py -> /home/sudhindra/aruco_ws/install/client/lib/python3.10/site-packages/client
[4.203s] byte-compiling /home/sudhindra/aruco_ws/install/client/lib/python3.10/site-packages/client/client_member_function.py to client_member_function.cpython-310.pyc
[4.205s] running install_data
[4.207s] running install_egg_info
[4.213s] removing '/home/sudhindra/aruco_ws/install/client/lib/python3.10/site-packages/client-0.0.0-py3.10.egg-info' (and everything under it)
[4.215s] Copying ../../build/client/client.egg-info to /home/sudhindra/aruco_ws/install/client/lib/python3.10/site-packages/client-0.0.0-py3.10.egg-info
[4.219s] running install_scripts
[4.273s] Installing client_execuatble script to /home/sudhindra/aruco_ws/install/client/lib/client
[4.275s] writing list of installed files to '/home/sudhindra/aruco_ws/build/client/install.log'
[4.347s] Invoked command in '/home/sudhindra/aruco_ws/src/client' returned '0': PYTHONPATH=/home/sudhindra/aruco_ws/build/client/prefix_override:/home/sudhindra/aruco_ws/install/client/lib/python3.10/site-packages:${PYTHONPATH} /usr/bin/python3 setup.py egg_info --egg-base ../../build/client build --build-base /home/sudhindra/aruco_ws/build/client/build install --record /home/sudhindra/aruco_ws/build/client/install.log --single-version-externally-managed
