[4.041s] Invoking command in '/home/sudhindra/aruco_ws/src/server': PYTHONPATH=/home/sudhindra/aruco_ws/build/server/prefix_override:/home/sudhindra/aruco_ws/install/server/lib/python3.10/site-packages:${PYTHONPATH} /usr/bin/python3 setup.py egg_info --egg-base ../../build/server build --build-base /home/sudhindra/aruco_ws/build/server/build install --record /home/sudhindra/aruco_ws/build/server/install.log --single-version-externally-managed
[4.949s] running egg_info
[4.951s] writing ../../build/server/server.egg-info/PKG-INFO
[4.952s] writing dependency_links to ../../build/server/server.egg-info/dependency_links.txt
[4.952s] writing entry points to ../../build/server/server.egg-info/entry_points.txt
[4.952s] writing requirements to ../../build/server/server.egg-info/requires.txt
[4.953s] writing top-level names to ../../build/server/server.egg-info/top_level.txt
[4.958s] reading manifest file '../../build/server/server.egg-info/SOURCES.txt'
[4.961s] writing manifest file '../../build/server/server.egg-info/SOURCES.txt'
[4.961s] running build
[4.962s] running build_py
[4.962s] running install
[4.963s] running install_lib
[4.971s] running install_data
[4.972s] running install_egg_info
[4.974s] removing '/home/sudhindra/aruco_ws/install/server/lib/python3.10/site-packages/server-0.0.0-py3.10.egg-info' (and everything under it)
[4.975s] Copying ../../build/server/server.egg-info to /home/sudhindra/aruco_ws/install/server/lib/python3.10/site-packages/server-0.0.0-py3.10.egg-info
[4.977s] running install_scripts
[5.042s] Installing server_executable script to /home/sudhindra/aruco_ws/install/server/lib/server
[5.042s] writing list of installed files to '/home/sudhindra/aruco_ws/build/server/install.log'
[5.160s] Invoked command in '/home/sudhindra/aruco_ws/src/server' returned '0': PYTHONPATH=/home/sudhindra/aruco_ws/build/server/prefix_override:/home/sudhindra/aruco_ws/install/server/lib/python3.10/site-packages:${PYTHONPATH} /usr/bin/python3 setup.py egg_info --egg-base ../../build/server build --build-base /home/sudhindra/aruco_ws/build/server/build install --record /home/sudhindra/aruco_ws/build/server/install.log --single-version-externally-managed
